Round 1: [1022.2222222222222, 2562.962962962962, 0.0]
Round 2: [1022.2222222222222, 2562.962962962962, 0.0]
Round 3: [1022.2222222222222, 2562.962962962962, 0.0]
Round 4: [1042.636734028649, 2560.4266810127215, -0.24970868095773935]
Round 5: [1102.5926471248497, 2545.136026683939, -0.24970868095773935]
Round 6: [1162.5485602210504, 2529.845372355156, -0.24970868095773935]
Round 7: [1242.4897776826285, 2509.457833250143, -0.24970868095773935]
Round 8: [1322.4309951442067, 2489.0702941451295, -0.24970868095773935]
Round 9: [1422.357516971185, 2463.58587026384, -0.24970868095773935]
Round 10: [1522.2840387981635, 2438.101446382551, -0.24970868095773935]
Round 11: [1642.195864990542, 2407.5201377249855, -0.24970868095773935]
Round 12: [1762.1076911829207, 2376.93882906742, -0.24970868095773935]
Round 13: [1902.0048217406995, 2341.260635633624, -0.24970868095773935]
Round 14: [2041.9019522984784, 2305.582442199828, -0.24970868095773935]
Round 15: [2181.7990828562356, 2269.904248766032, -0.24970868095773935]
Round 16: [2281.7256046832367, 2244.419824884743, -0.24970868095773935]
Round 17: [2403.860392013695, 2225.797288679028, -0.050923221184448614]
Round 18: [2526.2744765948837, 2208.7872005715317, -0.2269797348713472]
Round 19: [2666.9463308456698, 2176.2976630765015, -0.2269797348713472]
Round 20: [2807.618185096456, 2143.8081255814714, -0.2269797348713472]
Round 21: [2948.290039347242, 2111.318588086441, -0.2269797348713472]
Round 22: [3088.961893598028, 2078.829050591411, -0.2269797348713472]
Round 23: [3229.633747848814, 2046.3395130963795, -0.2269797348713472]
Round 24: [3370.3056020996, 2013.8499756013266, -0.2269797348713472]
Round 25: [3510.977456350386, 1981.3604381062737, -0.2269797348713472]
Round 26: [3651.649310601172, 1948.8709006112208, -0.2269797348713472]
Round 27: [3792.321164851958, 1916.381363116168, -0.2269797348713472]
Round 28: [3932.9930191027443, 1883.891825621115, -0.2269797348713472]
Round 29: [4073.6648733535303, 1851.402288126062, -0.2269797348713472]
Round 30: [4101.799244203689, 1844.9043806270515, -0.2269797348713472]
