S{d[5,11],p[0.0,0.0,0.0],RECT,Cr{[0,0,0][1,0,1][2,0,2][3,0,3][4,0,4][5,1,0][6,1,1][7,1,2][8,1,3][9,1,4][10,2,0][11,2,1][12,2,2][13,2,3][14,2,4][15,3,0][16,3,1][17,3,2][18,3,3][19,3,4]},O{[1,0][2,0][3,
RG{Ch{p[1500.0,300.0,0.0],CIRC,false}Ch{p[300.0,1500.0,0.0],CIRC,false}Ch{p[0.0,0.0,0.0],CIRC,false}}[S{p[500.0,0.0,0.0],RECT,40.0}]
NO=p[1500.0,300.0,0.0]A=11.309932474020215
( OAR_LEFT OAR_RIGHT OAR_LEFT OAR_RIGHT OAR_LEFT OAR_RIGHT OAR_LEFT OAR_RIGHT OAR_LEFT OAR_RIGHT OAR_LEFT OAR_RIGHT OAR_LEFT OAR_RIGHT OAR_LEFT OAR_RIGHT OAR_LEFT OAR_RIGHT TURN)
The entity OAR at {x=9, y=0} has no more sailors nearby
The entity OAR at {x=9, y=4} has no more sailors nearby
The entity RUDDER at {x=10, y=4} has no more sailors nearby
There is no more oar with free sailor on the left side of the ship
There is no more oar with free sailor on the right side of the ship
As{ M[15,5,0] M[19,5,0] M[10,5,0] M[14,5,0] M[5,5,0] M[9,5,0] M[0,5,0] M[4,5,0] M[1,4,-1] M[3,4,1] M[2,1,-2] M[6,1,-1] M[7,2,-2] M[8,4,-1] M[11,-1,3] M[12,0,2] M[13,1,1] M[16,4,-1] M[16,1,4] M[16,2,0]
S{d[5,11],p[145.73023618405648,14.284908482770852,11.0],RECT,Cr{[0,5,0][1,4,0][2,1,0][3,4,4][4,5,4][5,6,0][6,2,0][7,3,0][8,5,2][9,6,4][10,7,0][11,1,4][12,2,4][13,3,4][14,7,4][15,8,0][16,10,4][17,3,2][
RG{Ch{p[1500.0,300.0,0.0],CIRC,false}Ch{p[300.0,1500.0,0.0],CIRC,false}Ch{p[0.0,0.0,0.0],CIRC,false}}[S{p[500.0,0.0,0.0],RECT,40.0}, S{p[900.0,900.0,-30.0],RECT,80.0}]
NO=p[1500.0,300.0,0.0]A=0.6032601345715587
( OAR_LEFT OAR_RIGHT OAR_LEFT OAR_RIGHT OAR_LEFT OAR_RIGHT OAR_LEFT OAR_RIGHT OAR_LEFT OAR_RIGHT OAR_LEFT OAR_RIGHT OAR_LEFT OAR_RIGHT OAR_LEFT OAR_RIGHT OAR_LEFT OAR_RIGHT TURN)
As{ M[4,5,0] M[3,5,0] M[0,4,0] M[1,4,0] M[2,0,0] M[6,-1,4] M[5,-2,0] M[7,2,0] M[8,1,-2] M[9,1,-4] M[10,-5,0] M[12,1,-4] M[11,1,0] M[13,0,0] M[14,-3,0] M[15,0,4] M[17,2,0] M[16,-5,0] M[18,3,1] M[19,-1,
S{d[5,11],p[335.3544552812859,47.48672048105843,11.0],RECT,Cr{[0,9,0][1,8,0][2,1,0][3,9,4][4,10,4][5,4,0][6,1,4][7,5,0][8,6,0][9,7,0][10,2,0][11,2,4][12,3,0][13,3,4][14,4,4][15,8,4][16,5,4][17,5,2][18
RG{Ch{p[1500.0,300.0,0.0],CIRC,false}Ch{p[300.0,1500.0,0.0],CIRC,false}Ch{p[0.0,0.0,0.0],CIRC,false}}[S{p[500.0,0.0,0.0],RECT,40.0}, S{p[900.0,900.0,-30.0],RECT,80.0}]
NO=p[1500.0,300.0,0.0]A=0.32007841811801546
( OAR_LEFT OAR_RIGHT OAR_LEFT OAR_RIGHT OAR_LEFT OAR_RIGHT OAR_LEFT OAR_RIGHT OAR_LEFT OAR_RIGHT OAR_LEFT OAR_RIGHT OAR_LEFT OAR_RIGHT OAR_LEFT OAR_RIGHT OAR_LEFT OAR_RIGHT TURN)
As{ M[0,1,4] M[2,0,0] M[6,0,0] M[1,1,0] M[3,0,0] M[5,4,0] M[7,-3,0] M[8,-3,0] M[9,-3,0] M[10,3,0] M[12,3,0] M[15,-1,-4] M[11,3,-2] M[13,-1,0] M[14,-1,0] M[16,-1,0] M[4,-5,0] M[17,1,2] M[18,1,0] M[19,1
S{d[5,11],p[536.7055847005608,81.99385364030147,12.0],RECT,Cr{[0,10,4][1,9,0][2,1,0][3,9,4][4,5,4][5,8,0][6,1,4][7,2,0][8,3,0][9,4,0][10,5,0][11,5,2][12,6,0][13,2,4][14,3,4][15,7,0][16,4,4][17,6,4][18
RG{Ch{p[1500.0,300.0,0.0],CIRC,false}Ch{p[300.0,1500.0,0.0],CIRC,false}Ch{p[0.0,0.0,0.0],CIRC,false}}[S{p[500.0,0.0,0.0],RECT,40.0}, S{p[900.0,900.0,-30.0],RECT,80.0}]
NO=p[1500.0,300.0,0.0]A=0.5187021937066136
( OAR_LEFT OAR_RIGHT OAR_LEFT OAR_RIGHT OAR_LEFT OAR_RIGHT OAR_LEFT OAR_RIGHT OAR_LEFT OAR_RIGHT OAR_LEFT OAR_RIGHT OAR_LEFT OAR_RIGHT OAR_LEFT OAR_RIGHT OAR_LEFT OAR_RIGHT TURN)
As{ M[0,0,0] M[2,0,0] M[4,-4,0] M[1,0,4] M[3,0,-4] M[5,0,4] M[8,5,0] M[7,2,0] M[9,1,0] M[10,1,0] M[6,1,-4] M[11,-2,-2] M[12,1,0] M[13,0,0] M[14,0,0] M[16,0,0] M[17,-1,0] M[15,-2,2] M[18,-1,0] M[19,-1,
S{d[5,11],p[737.8000885449294,117.67823269076433,12.0],RECT,Cr{[0,10,4][1,9,4][2,1,0][3,9,0][4,1,4][5,8,4][6,2,0][7,4,0][8,8,0][9,5,0][10,6,0][11,3,0][12,7,0][13,2,4][14,3,4][15,5,2][16,4,4][17,5,4][1
RG{Ch{p[1500.0,300.0,0.0],CIRC,false}Ch{p[300.0,1500.0,0.0],CIRC,false}Ch{p[0.0,0.0,0.0],CIRC,false}}[S{p[500.0,0.0,0.0],RECT,40.0}, S{p[900.0,900.0,-30.0],RECT,80.0}]
NO=p[1500.0,300.0,0.0]A=0.7006642815614698
( OAR_LEFT OAR_RIGHT OAR_LEFT OAR_RIGHT OAR_LEFT OAR_RIGHT OAR_LEFT OAR_RIGHT OAR_LEFT OAR_RIGHT OAR_LEFT OAR_RIGHT OAR_LEFT OAR_RIGHT OAR_LEFT OAR_RIGHT OAR_LEFT OAR_RIGHT TURN)
As{ M[0,0,0] M[2,0,0] M[4,0,0] M[1,0,-4] M[3,0,4] M[6,0,0] M[11,-1,4] M[5,0,-4] M[7,3,0] M[13,1,0] M[8,-5,0] M[9,-1,0] M[10,-1,0] M[12,-1,0] M[14,2,-2] M[15,-1,2] M[16,1,0] M[17,1,0] M[18,1,0] M[19,1,
S{d[5,11],p[912.5059037548408,155.07210532966147,13.0],RECT,Cr{[0,10,4][1,9,0][2,1,0][3,9,4][4,1,4][5,8,0][6,2,0][7,7,0][8,3,0][9,4,0][10,5,0][11,2,4][12,6,0][13,3,4][14,5,2][15,4,4][16,5,4][17,6,4][1
RG{Ch{p[1500.0,300.0,0.0],CIRC,false}Ch{p[300.0,1500.0,0.0],CIRC,false}Ch{p[0.0,0.0,0.0],CIRC,false}}[S{p[500.0,0.0,0.0],RECT,40.0}, S{p[900.0,900.0,-30.0],RECT,80.0}]
NO=p[1500.0,300.0,0.0]A=0.4048800854609442
( OAR_LEFT OAR_RIGHT OAR_LEFT OAR_RIGHT OAR_LEFT OAR_RIGHT OAR_LEFT OAR_RIGHT OAR_LEFT OAR_RIGHT OAR_LEFT OAR_RIGHT OAR_LEFT OAR_RIGHT OAR_LEFT OAR_RIGHT OAR_LEFT OAR_RIGHT TURN)
As{ M[0,0,0] M[2,0,0] M[4,0,0] M[1,0,0] M[3,0,0] M[6,0,0] M[8,-1,4] M[5,0,0] M[7,-4,0] M[9,0,0] M[10,0,0] M[12,0,0] M[14,2,-2] M[13,5,0] M[11,3,-2] M[15,-1,0] M[16,-1,0] M[17,-1,0] M[18,-1,0] M[19,-1,
S{d[5,11],p[1072.8431410306696,194.01895454221483,13.0],RECT,Cr{[0,10,4][1,9,0][2,1,0][3,9,4][4,1,4][5,8,0][6,2,0][7,3,0][8,2,4][9,4,0][10,5,0][11,5,2][12,6,0][13,8,4][14,7,0][15,3,4][16,4,4][17,5,4][
RG{Ch{p[1500.0,300.0,0.0],CIRC,false}Ch{p[300.0,1500.0,0.0],CIRC,false}Ch{p[0.0,0.0,0.0],CIRC,false}}[S{p[500.0,0.0,0.0],RECT,40.0}, S{p[900.0,900.0,-30.0],RECT,80.0}]
NO=p[1500.0,300.0,0.0]A=0.07665506878690567
( OAR_LEFT OAR_RIGHT OAR_LEFT OAR_RIGHT OAR_LEFT OAR_RIGHT OAR_LEFT OAR_RIGHT OAR_LEFT OAR_RIGHT OAR_LEFT OAR_RIGHT OAR_LEFT OAR_RIGHT OAR_LEFT OAR_RIGHT OAR_LEFT OAR_RIGHT TURN)
As{ M[0,0,0] M[2,0,0] M[4,0,0] M[1,0,0] M[3,0,0] M[6,0,0] M[7,-1,4] M[5,0,0] M[8,1,-4] M[9,0,0] M[10,0,0] M[11,1,-2] M[12,1,0] M[13,-5,0] M[15,1,0] M[16,1,0] M[14,-2,2] M[17,1,0] M[18,1,0] M[19,1,0] O
S{d[5,11],p[1233.0144875710087,233.64389223242875,13.0],RECT,Cr{[0,10,4][1,9,0][2,1,0][3,9,4][4,1,4][5,8,0][6,2,0][7,2,4][8,3,0][9,4,0][10,5,0][11,6,0][12,7,0][13,3,4][14,5,2][15,4,4][16,5,4][17,6,4][
RG{Ch{p[1500.0,300.0,0.0],CIRC,false}Ch{p[300.0,1500.0,0.0],CIRC,false}Ch{p[0.0,0.0,0.0],CIRC,false}}[S{p[500.0,0.0,0.0],RECT,40.0}, S{p[900.0,900.0,-30.0],RECT,80.0}]
NO=p[1500.0,300.0,0.0]A=0.02321736715479098
( OAR_LEFT OAR_RIGHT OAR_LEFT OAR_RIGHT OAR_LEFT OAR_RIGHT OAR_LEFT OAR_RIGHT OAR_LEFT OAR_RIGHT OAR_LEFT OAR_RIGHT OAR_LEFT OAR_RIGHT OAR_LEFT OAR_RIGHT OAR_LEFT OAR_RIGHT TURN)
As{ M[0,0,0] M[2,0,0] M[4,0,0] M[1,0,0] M[3,0,0] M[6,0,0] M[7,0,0] M[5,-5,0] M[8,5,0] M[9,0,0] M[10,0,0] M[11,0,0] M[12,0,0] M[13,2,-2] M[14,-2,2] M[15,0,0] M[16,0,0] M[17,0,0] M[18,0,0] M[19,0,0] O[2
S{d[5,11],p[1393.151063521769,273.40916188156433,13.0],RECT,Cr{[0,10,4][1,9,0][2,1,0][3,9,4][4,1,4][5,3,0][6,2,0][7,2,4][8,8,0][9,4,0][10,5,0][11,6,0][12,7,0][13,5,2][14,3,4][15,4,4][16,5,4][17,6,4][1
RG{Ch{p[1500.0,300.0,0.0],CIRC,false}Ch{p[300.0,1500.0,0.0],CIRC,false}Ch{p[0.0,0.0,0.0],CIRC,false}}[S{p[500.0,0.0,0.0],RECT,40.0}, S{p[900.0,900.0,-30.0],RECT,80.0}]
NO=p[1500.0,300.0,0.0]A=0.017569907927415994
( OAR_LEFT OAR_RIGHT OAR_LEFT OAR_RIGHT OAR_LEFT OAR_RIGHT OAR_LEFT OAR_RIGHT OAR_LEFT OAR_RIGHT OAR_LEFT OAR_RIGHT OAR_LEFT OAR_RIGHT OAR_LEFT OAR_RIGHT OAR_LEFT OAR_RIGHT TURN)
As{ M[0,0,0] M[2,0,0] M[4,0,0] M[1,0,0] M[3,0,0] M[5,-1,0] M[8,0,0] M[6,0,4] M[7,1,-4] M[9,0,0] M[10,0,0] M[11,0,0] M[12,0,0] M[13,0,0] M[14,0,0] M[15,0,0] M[16,0,0] M[17,0,0] M[18,0,0] M[19,0,0] O[2]
S{d[5,11],p[1553.273456275397,313.23150643246163,13.0],RECT,Cr{[0,10,4][1,9,0][2,1,0][3,9,4][4,1,4][5,2,0][6,2,4][7,3,0][8,8,0][9,4,0][10,5,0][11,6,0][12,7,0][13,5,2][14,3,4][15,4,4][16,5,4][17,6,4][1
RG{Ch{p[1500.0,300.0,0.0],CIRC,false}Ch{p[300.0,1500.0,0.0],CIRC,false}Ch{p[0.0,0.0,0.0],CIRC,false}}[S{p[500.0,0.0,0.0],RECT,40.0}, S{p[900.0,900.0,-30.0],RECT,80.0}]
NO=p[300.0,1500.0,0.0]A=122.58628803889866
( OAR_RIGHT OAR_RIGHT OAR_RIGHT OAR_RIGHT OAR_RIGHT OAR_RIGHT OAR_RIGHT OAR_RIGHT OAR_RIGHT TURN)
As{ M[0,0,0] M[2,0,0] M[4,0,0] M[1,0,0] M[3,0,0] M[5,0,0] M[6,0,0] M[7,0,0] M[8,0,0] M[9,0,0] M[10,0,0] M[11,0,0] M[12,0,0] M[13,0,0] M[14,0,0] M[15,0,0] M[16,0,0] M[17,0,0] M[18,0,0] M[19,0,0] O[4] O
S{d[5,11],p[1571.1733997712608,378.46212036252666,136.0],RECT,Cr{[0,10,4][1,9,0][2,1,0][3,9,4][4,1,4][5,2,0][6,2,4][7,3,0][8,8,0][9,4,0][10,5,0][11,6,0][12,7,0][13,5,2][14,3,4][15,4,4][16,5,4][17,6,4]
RG{Ch{p[1500.0,300.0,0.0],CIRC,true}Ch{p[300.0,1500.0,0.0],CIRC,false}Ch{p[0.0,0.0,0.0],CIRC,false}}[S{p[500.0,0.0,0.0],RECT,40.0}, S{p[900.0,900.0,-30.0],RECT,80.0}]
NO=p[300.0,1500.0,0.0]A=-61.96166967891342
( OAR_LEFT OAR_LEFT OAR_LEFT OAR_LEFT OAR_LEFT OAR_LEFT OAR_LEFT OAR_RIGHT OAR_LEFT OAR_RIGHT OAR_LEFT OAR_RIGHT TURN)
As{ M[0,0,0] M[2,0,0] M[4,0,0] M[1,0,0] M[3,0,0] M[5,0,0] M[6,0,0] M[7,0,0] M[8,0,0] M[9,0,0] M[10,0,0] M[11,0,0] M[12,0,0] M[13,0,0] M[14,0,0] M[15,0,0] M[16,0,0] M[17,0,0] M[18,0,0] M[19,0,0] O[2] O
S{d[5,11],p[1542.5020969545794,479.1787467819388,74.0],RECT,Cr{[0,10,4][1,9,0][2,1,0][3,9,4][4,1,4][5,2,0][6,2,4][7,3,0][8,8,0][9,4,0][10,5,0][11,6,0][12,7,0][13,5,2][14,3,4][15,4,4][16,5,4][17,6,4][1
RG{Ch{p[1500.0,300.0,0.0],CIRC,true}Ch{p[300.0,1500.0,0.0],CIRC,false}Ch{p[0.0,0.0,0.0],CIRC,false}}[S{p[500.0,0.0,0.0],RECT,40.0}, S{p[900.0,900.0,-30.0],RECT,80.0}]
NO=p[300.0,1500.0,0.0]A=65.99440515482182
( OAR_RIGHT OAR_RIGHT OAR_RIGHT OAR_RIGHT OAR_RIGHT OAR_RIGHT OAR_LEFT OAR_RIGHT OAR_LEFT OAR_RIGHT OAR_LEFT OAR_RIGHT TURN)
As{ M[0,0,0] M[2,0,0] M[4,0,0] M[1,0,0] M[3,0,0] M[5,0,0] M[6,0,0] M[7,0,0] M[8,0,0] M[9,0,0] M[10,0,0] M[11,0,0] M[12,0,0] M[13,0,0] M[14,0,0] M[15,0,0] M[16,0,0] M[17,0,0] M[18,0,0] M[19,0,0] O[4] O
S{d[5,11],p[1511.6267101162682,578.5108351241964,140.0],RECT,Cr{[0,10,4][1,9,0][2,1,0][3,9,4][4,1,4][5,2,0][6,2,4][7,3,0][8,8,0][9,4,0][10,5,0][11,6,0][12,7,0][13,5,2][14,3,4][15,4,4][16,5,4][17,6,4][
RG{Ch{p[1500.0,300.0,0.0],CIRC,true}Ch{p[300.0,1500.0,0.0],CIRC,false}Ch{p[0.0,0.0,0.0],CIRC,false}}[S{p[500.0,0.0,0.0],RECT,40.0}, S{p[900.0,900.0,-30.0],RECT,80.0}]
NO=p[300.0,1500.0,0.0]A=-69.77108847030485
( OAR_LEFT OAR_LEFT OAR_LEFT OAR_LEFT OAR_LEFT OAR_LEFT OAR_LEFT OAR_RIGHT OAR_LEFT OAR_RIGHT OAR_LEFT OAR_RIGHT TURN)
As{ M[0,0,0] M[2,0,0] M[4,0,0] M[1,0,0] M[3,0,0] M[5,0,0] M[6,0,0] M[7,0,0] M[8,0,0] M[9,0,0] M[10,0,0] M[11,0,0] M[12,0,0] M[13,0,0] M[14,0,0] M[15,0,0] M[16,0,0] M[17,0,0] M[18,0,0] M[19,0,0] O[2] O
S{d[5,11],p[1483.0460723340798,677.8084986397268,70.0],RECT,Cr{[0,10,4][1,9,0][2,1,0][3,9,4][4,1,4][5,2,0][6,2,4][7,3,0][8,8,0][9,4,0][10,5,0][11,6,0][12,7,0][13,5,2][14,3,4][15,4,4][16,5,4][17,6,4][1
RG{Ch{p[1500.0,300.0,0.0],CIRC,true}Ch{p[300.0,1500.0,0.0],CIRC,false}Ch{p[0.0,0.0,0.0],CIRC,false}}[S{p[500.0,0.0,0.0],RECT,40.0}, S{p[900.0,900.0,-30.0],RECT,80.0}]
NO=p[300.0,1500.0,0.0]A=74.37863788655677
( OAR_RIGHT OAR_RIGHT OAR_RIGHT OAR_RIGHT OAR_RIGHT OAR_RIGHT OAR_RIGHT OAR_LEFT OAR_RIGHT OAR_LEFT OAR_RIGHT TURN)
As{ M[0,0,0] M[2,0,0] M[4,0,0] M[1,0,0] M[3,0,0] M[5,0,0] M[6,0,0] M[7,0,0] M[8,0,0] M[9,0,0] M[10,0,0] M[11,0,0] M[12,0,0] M[13,0,0] M[14,0,0] M[15,0,0] M[16,0,0] M[17,0,0] M[18,0,0] M[19,0,0] O[4] O
S{d[5,11],p[1454.5901132003999,767.294503320743,145.0],RECT,Cr{[0,10,4][1,9,0][2,1,0][3,9,4][4,1,4][5,2,0][6,2,4][7,3,0][8,8,0][9,4,0][10,5,0][11,6,0][12,7,0][13,5,2][14,3,4][15,4,4][16,5,4][17,6,4][1
RG{Ch{p[1500.0,300.0,0.0],CIRC,true}Ch{p[300.0,1500.0,0.0],CIRC,false}Ch{p[0.0,0.0,0.0],CIRC,false}}[S{p[500.0,0.0,0.0],RECT,40.0}, S{p[900.0,900.0,-30.0],RECT,80.0}]
NO=p[300.0,1500.0,0.0]A=-71.47384224809957
( OAR_LEFT OAR_LEFT OAR_LEFT OAR_LEFT OAR_LEFT OAR_LEFT OAR_LEFT OAR_LEFT OAR_RIGHT OAR_LEFT OAR_RIGHT TURN)
As{ M[0,0,0] M[2,0,0] M[4,0,0] M[1,0,0] M[3,0,0] M[5,0,0] M[6,0,0] M[7,0,0] M[8,0,0] M[9,0,0] M[10,0,0] M[11,0,0] M[12,0,0] M[13,0,0] M[14,0,0] M[15,0,0] M[16,0,0] M[17,0,0] M[18,0,0] M[19,0,0] O[2] O
S{d[5,11],p[1422.5717230278253,856.1220650440921,73.0],RECT,Cr{[0,10,4][1,9,0][2,1,0][3,9,4][4,1,4][5,2,0][6,2,4][7,3,0][8,8,0][9,4,0][10,5,0][11,6,0][12,7,0][13,5,2][14,3,4][15,4,4][16,5,4][17,6,4][1
RG{Ch{p[1500.0,300.0,0.0],CIRC,true}Ch{p[300.0,1500.0,0.0],CIRC,false}Ch{p[0.0,0.0,0.0],CIRC,false}}[S{p[500.0,0.0,0.0],RECT,40.0}, S{p[900.0,900.0,-30.0],RECT,80.0}]
NO=p[300.0,1500.0,0.0]A=76.43484865496711
( OAR_RIGHT OAR_RIGHT OAR_RIGHT OAR_RIGHT OAR_RIGHT OAR_RIGHT OAR_RIGHT OAR_LEFT OAR_RIGHT OAR_LEFT OAR_RIGHT TURN)
As{ M[0,0,0] M[2,0,0] M[4,0,0] M[1,0,0] M[3,0,0] M[5,0,0] M[6,0,0] M[7,0,0] M[8,0,0] M[9,0,0] M[10,0,0] M[11,0,0] M[12,0,0] M[13,0,0] M[14,0,0] M[15,0,0] M[16,0,0] M[17,0,0] M[18,0,0] M[19,0,0] O[4] O
S{d[5,11],p[1388.2003918383364,943.0984584197627,150.0],RECT,Cr{[0,10,4][1,9,0][2,1,0][3,9,4][4,1,4][5,2,0][6,2,4][7,3,0][8,8,0][9,4,0][10,5,0][11,6,0][12,7,0][13,5,2][14,3,4][15,4,4][16,5,4][17,6,4][
RG{Ch{p[1500.0,300.0,0.0],CIRC,true}Ch{p[300.0,1500.0,0.0],CIRC,false}Ch{p[0.0,0.0,0.0],CIRC,false}}[S{p[500.0,0.0,0.0],RECT,40.0}, S{p[900.0,900.0,-30.0],RECT,80.0}]
NO=p[300.0,1500.0,0.0]A=-65.4124630471528
( OAR_LEFT OAR_LEFT OAR_LEFT OAR_LEFT OAR_LEFT OAR_LEFT OAR_LEFT OAR_RIGHT OAR_LEFT OAR_RIGHT OAR_LEFT OAR_RIGHT TURN)
As{ M[0,0,0] M[2,0,0] M[4,0,0] M[1,0,0] M[3,0,0] M[5,0,0] M[6,0,0] M[7,0,0] M[8,0,0] M[9,0,0] M[10,0,0] M[11,0,0] M[12,0,0] M[13,0,0] M[14,0,0] M[15,0,0] M[16,0,0] M[17,0,0] M[18,0,0] M[19,0,0] O[2] O
S{d[5,11],p[1339.6654328755778,1035.2179985109683,84.0],RECT,Cr{[0,10,4][1,9,0][2,1,0][3,9,4][4,1,4][5,2,0][6,2,4][7,3,0][8,8,0][9,4,0][10,5,0][11,6,0][12,7,0][13,5,2][14,3,4][15,4,4][16,5,4][17,6,4][
RG{Ch{p[1500.0,300.0,0.0],CIRC,true}Ch{p[300.0,1500.0,0.0],CIRC,false}Ch{p[0.0,0.0,0.0],CIRC,false}}[S{p[500.0,0.0,0.0],RECT,40.0}, S{p[900.0,900.0,-30.0],RECT,80.0}]
NO=p[300.0,1500.0,0.0]A=71.16291257462676
( OAR_RIGHT OAR_RIGHT OAR_RIGHT OAR_RIGHT OAR_RIGHT OAR_RIGHT OAR_RIGHT OAR_LEFT OAR_RIGHT OAR_LEFT OAR_RIGHT TURN)
As{ M[0,0,0] M[2,0,0] M[4,0,0] M[1,0,0] M[3,0,0] M[5,0,0] M[6,0,0] M[7,0,0] M[8,0,0] M[9,0,0] M[10,0,0] M[11,0,0] M[12,0,0] M[13,0,0] M[14,0,0] M[15,0,0] M[16,0,0] M[17,0,0] M[18,0,0] M[19,0,0] O[4] O
S{d[5,11],p[1292.4618217384025,1117.0571299856679,155.0],RECT,Cr{[0,10,4][1,9,0][2,1,0][3,9,4][4,1,4][5,2,0][6,2,4][7,3,0][8,8,0][9,4,0][10,5,0][11,6,0][12,7,0][13,5,2][14,3,4][15,4,4][16,5,4][17,6,4]
RG{Ch{p[1500.0,300.0,0.0],CIRC,true}Ch{p[300.0,1500.0,0.0],CIRC,false}Ch{p[0.0,0.0,0.0],CIRC,false}}[S{p[500.0,0.0,0.0],RECT,40.0}, S{p[900.0,900.0,-30.0],RECT,80.0}]
NO=p[300.0,1500.0,0.0]A=-51.02613495490395
( OAR_LEFT OAR_LEFT OAR_LEFT OAR_LEFT OAR_LEFT OAR_LEFT OAR_RIGHT OAR_LEFT OAR_RIGHT OAR_LEFT OAR_RIGHT OAR_LEFT OAR_RIGHT TURN)
As{ M[0,0,0] M[2,0,0] M[4,0,0] M[1,0,0] M[3,0,0] M[5,0,0] M[6,0,0] M[7,0,0] M[8,0,0] M[9,0,0] M[10,0,0] M[11,0,0] M[12,0,0] M[13,0,0] M[14,0,0] M[15,0,0] M[16,0,0] M[17,0,0] M[18,0,0] M[19,0,0] O[2] O
