 NS true PC false NSDC 1 CSC 0 EA 0 SS 0  POS 0 0 FWD 1.0 0.0 PC 0 OG 5 OR 5 R 0 S 1 C 4
 NS false PC false POS 95 0 FWD 1.0 5.551115123125786E-17 PC 0 OG 9 OR 8 R 0 S 1 C 4
 NS false PC false POS 268 -13 FWD 0.984807753012208 0.17364817766693033 PC 0 OG 9 OR 9 R 1 S 1 C 4
 NS false PC false POS 471 -52 FWD 0.9582558006106787 0.2859122603107238 PC 0 OG 0 OR 5 R 1 S 1 C 4
 NS false PC false POS 559 -47 FWD 0.8785652679608984 0.47762230887260154 PC 1 OG 1 OR 0 R 1 S 0 C 3
 NS false PC true NSDC 2 CSC 0 EA 0 SS 0  POS 607 -43 FWD 0.9379988383377815 0.3466383984456605 PC 0 OG 9 OR 9 R 1 S 0 C 3
 NS false PC false POS 802 14 FWD 0.9331237094245449 0.3595554795991538 PC 0 OG 9 OR 9 R 1 S 0 C 3
 NS true PC false NSDC 1 CSC 2 EA 0 SS 0  POS 956 75 FWD 0.9255183096812025 0.3787028630005981 PC 0 OG 9 OR 9 R 1 S 0 C 3
 NS false PC false POS 1109 138 FWD 0.9241133592384597 0.38211843619094016 PC 0 OG 9 OR 9 R 1 S 0 C 3
 NS false PC false POS 1261 201 FWD 0.9238350281641006 0.3827908576978238 PC 0 OG 9 OR 9 R 1 S 0 C 3
 NS false PC false POS 1414 264 FWD 0.9237449850224019 0.38300809736344027 PC 0 OG 9 OR 9 R 1 S 0 C 3
 NS false PC false POS 1566 327 FWD 0.923664147880376 0.38320300353783626 PC 0 OG 0 OR 9 R 1 S 0 C 3
 NS false PC false POS 1567 392 FWD -0.9240946248777641 0.38216374013245236 PC 0 OG 0 OR 8 R 1 S 0 C 3
 NS false PC false POS 1501 374 FWD -0.5894236996215723 -0.8078240540640137 PC 0 OG 0 OR 4 R 1 S 0 C 3
 NS false PC false POS 1490 340 FWD -0.02358796777557084 -0.999721765180802 PC 1 OG 9 OR 0 R 1 S 0 C 2
 NS false PC true NSDC 3 CSC 0 EA 0 SS 0  POS 1429 314 FWD -0.7161459129925354 0.6979505937414825 PC 0 OG 9 OR 9 R 1 S 0 C 2
 NS false PC false POS 1313 432 FWD -0.690056572219386 0.7237554332347573 PC 0 OG 9 OR 9 R 1 S 0 C 2
 NS false PC false POS 1200 551 FWD -0.6885523371534941 0.7251866511460763 PC 0 OG 9 OR 9 R 1 S 0 C 2
 NS false PC false POS 1146 637 FWD -0.6884563766580729 0.7252777519260036 PC 0 OG 9 OR 9 R 1 S 0 C 2
 NS false PC false POS 1101 716 FWD -0.7002206764812002 0.7139264697629655 PC 0 OG 9 OR 9 R 1 S 0 C 2
 NS false PC false POS 1053 793 FWD -0.714781230335751 0.6993481198657148 PC 0 OG 9 OR 9 R 1 S 0 C 2
 NS false PC false POS 946 900 FWD -0.7294112480677071 0.6840754572357569 PC 0 OG 9 OR 9 R 1 S 0 C 2
 NS false PC false POS 825 1012 FWD -0.7332067415246668 0.6800057898156312 PC 0 OG 9 OR 9 R 1 S 0 C 2
 NS false PC false POS 704 1125 FWD -0.733646503835018 0.679531314518069 PC 0 OG 9 OR 9 R 1 S 0 C 2
 NS true PC false NSDC 0 CSC 2 EA 0 SS 0  POS 583 1237 FWD -0.7337128885381422 0.6794596361764367 PC 0 OG 9 OR 9 R 1 S 0 C 2
 NS false PC false POS 462 1349 FWD -0.7337271897672352 0.6794441927018552 PC 0 OG 9 OR 9 R 1 S 0 C 2
 NS false PC false POS 341 1461 FWD -0.7337325632544716 0.6794383898632921 PC 0 OG 9 OR 9 R 1 S 0 C 2
 NS false PC false POS 220 1573 FWD -0.7337404514869789 0.6794298711800095 PC 0 OG 0 OR 9 R 1 S 0 C 2
 NS false PC false POS 161 1547 FWD 0.0384033796252349 -0.9992623181294089 PC 0 OG 0 OR 7 R 1 S 0 C 2
 NS false PC false POS 197 1498 FWD 0.9465533264525936 -0.3225473611448863 PC 0 OG 0 OR 2 R 1 S 0 C 2
 NS false PC false POS 215 1495 FWD 0.9999047751567544 0.013800022417393271 PC 0 OG 9 OR 9 R 1 S 1 C 2
 NS false PC false POS 383 1501 FWD 0.9987104431147635 0.05076860066529886 PC 0 OG 0 OR 9 R 1 S 1 C 2
 NS false PC false POS 407 1562 FWD -0.742093748570056 0.6702961049664861 PC 0 OG 0 OR 8 R 1 S 0 C 2
 NS false PC false POS 339 1569 FWD -0.8653158941822596 -0.5012268979968618 PC 0 OG 0 OR 3 R 1 S 0 C 2
 NS false PC false POS 319 1550 FWD -0.4889878686458088 -0.8722905847922636 PC 0 OG 9 OR 9 R 1 S 0 C 2
 NS false PC false POS 249 1401 FWD -0.3679707064476462 -0.9298373832001057 PC 0 OG 0 OR 9 R 1 S 0 C 2
 NS false PC false POS 294 1356 FWD 0.9176889008686738 0.39729973725443773 PC 0 OG 0 OR 7 R 1 S 0 C 2
 NS false PC false POS 329 1406 FWD 0.03480177034871136 0.9993942349146284 PC 0 OG 0 OR 2 R 1 S 0 C 2
 NS false PC false POS 327 1424 FWD -0.29996873580651506 0.9539490329879481 PC 0 OG 9 OR 9 R 1 S 0 C 2
 NS false PC false POS 274 1580 FWD -0.33660692165846434 0.9416452518287407 PC 0 OG 0 OR 9 R 1 S 0 C 2
 NS false PC false POS 210 1584 FWD -0.42782670614119456 -0.9038607799392426 PC 0 OG 0 OR 7 R 1 S 0 C 2
 NS false PC false POS 220 1525 FWD 0.728782559228232 -0.684745194480946 PC 0 OG 0 OR 3 R 1 S 0 C 2
 NS false PC false POS 244 1511 FWD 0.9518752966853061 -0.3064855943764085 PC 0 OG 9 OR 9 R 1 S 0 C 2
 NS false PC false POS 403 1469 FWD 0.9790648847156974 -0.2035484009188921 PC 0 OG 0 OR 9 R 1 S 0 C 2
 NS false PC false POS 440 1522 FWD -0.5483729646146726 0.836233873793519 PC 0 OG 0 OR 7 R 1 S 0 C 2
 NS false PC false POS 385 1547 FWD -0.9875457554840849 -0.1573320718269742 PC 0 OG 0 OR 2 R 1 S 0 C 2
 NS false PC false POS 368 1541 FWD -0.8748387278406432 -0.48441428578249535 PC 0 OG 9 OR 9 R 1 S 0 C 2
 NS false PC false POS 225 1458 FWD -0.8547755857568287 -0.5189977822631523 PC 0 OG 0 OR 9 R 1 S 0 C 2
 NS false PC false POS 234 1394 FWD 0.971404464340417 -0.23743076182227812 PC 0 OG 0 OR 7 R 1 S 0 C 2
 NS false PC false POS 290 1416 FWD 0.5275653146662621 0.849514472367062 PC 0 OG 0 OR 3 R 1 S 0 C 2
 NS false PC false POS 299 1442 FWD 0.11663875347201401 0.9931744062290846 PC 0 OG 9 OR 9 R 1 S 0 C 2
 NS false PC false POS 310 1607 FWD 0.012200367014954507 0.9999255727526426 PC 0 OG 0 OR 9 R 1 S 0 C 2
 NS false PC false POS 250 1633 FWD -0.7156811154244815 -0.6984271909259905 PC 0 OG 0 OR 7 R 1 S 0 C 2
 NS false PC false POS 237 1574 FWD 0.3456623652386294 -0.938358955441699 PC 0 OG 0 OR 2 R 1 S 0 C 2
 NS false PC false POS 246 1558 FWD 0.6459891093523283 -0.7633466254580454 PC 0 OG 9 OR 9 R 1 S 0 C 2
 NS false PC false POS 355 1434 FWD 0.6762373669226138 -0.7366838016256162 PC 0 OG 0 OR 9 R 1 S 0 C 2
 NS false PC false POS 416 1456 FWD 0.04274208387703022 0.9990861395624748 PC 0 OG 0 OR 7 R 1 S 0 C 2
 NS false PC false POS 383 1506 FWD -0.9358754086315418 0.352331121984341 PC 0 OG 0 OR 3 R 1 S 0 C 2
 NS false PC false POS 356 1510 FWD -0.997010795585298 -0.0772623678537691 PC 0 OG 9 OR 9 R 1 S 0 C 2
 NS false PC false POS 193 1489 FWD -0.9835958938030734 -0.18038602410866836 PC 0 OG 0 OR 9 R 1 S 0 C 2
 NS false PC false POS 178 1426 FWD 0.8230595073339262 -0.5679551455768621 PC 0 OG 0 OR 7 R 1 S 0 C 2
 NS false PC false POS 239 1424 FWD 0.8539122218421306 0.5204170610084147 PC 0 OG 0 OR 2 R 1 S 0 C 2
 NS false PC false POS 253 1436 FWD 0.6236851282821803 0.7816756749187226 PC 0 OG 9 OR 9 R 1 S 0 C 2
 NS false PC false POS 353 1567 FWD 0.5915608527135431 0.806260353444733 PC 0 OG 0 OR 9 R 1 S 0 C 2
 NS false PC false POS 320 1622 FWD -0.9884088537608766 -0.15181547288438707 PC 0 OG 0 OR 7 R 1 S 0 C 2
 NS false PC false POS 277 1580 FWD -0.16463952694778988 -0.9863538037471179 PC 0 OG 0 OR 3 R 1 S 0 C 2
 NS false PC false POS 278 1553 FWD 0.2681439119523643 -0.9633788675712597 PC 0 OG 9 OR 9 R 1 S 0 C 2
 NS false PC false POS 331 1397 FWD 0.36650833317288206 -0.9304147686461322 PC 0 OG 0 OR 9 R 1 S 0 C 2
 NS false PC false POS 395 1395 FWD 0.3987420644778549 0.9170631199737226 PC 0 OG 0 OR 7 R 1 S 0 C 2
 NS false PC false POS 386 1455 FWD -0.6754128141308489 0.7374398487387614 PC 0 OG 0 OR 2 R 1 S 0 C 2
 NS false PC false POS 371 1466 FWD -0.8874467929980744 0.4609101751940749 PC 0 OG 9 OR 9 R 1 S 0 C 2
 NS false PC false POS 223 1539 FWD -0.9053828388035213 0.42459617897489016 PC 0 OG 0 OR 9 R 1 S 0 C 2
 NS false PC false POS 175 1496 FWD 0.3399675074688607 -0.9404371823069365 PC 0 OG 0 OR 7 R 1 S 0 C 2
 NS false PC false POS 224 1462 FWD 0.9995824976341284 0.02889343218652974 PC 0 OG 0 OR 3 R 1 S 1 C 2
 NS false PC false POS 254 1469 FWD 0.8935751416847936 0.4489136511212385 PC 0 OG 9 OR 9 R 1 S 0 C 2
 NS false PC false POS 397 1552 FWD 0.8319549937954541 0.5548431204392876 PC 0 OG 0 OR 9 R 1 S 0 C 2
 NS false PC false POS 385 1616 FWD -0.9806143507121019 0.19594768479745514 PC 0 OG 0 OR 7 R 1 S 0 C 2
 NS false PC false POS 328 1594 FWD -0.5920906146392679 -0.8058713942410997 PC 0 OG 0 OR 2 R 1 S 0 C 2
 NS false PC false POS 320 1578 FWD -0.2890902941303207 -0.9573018342401965 PC 0 OG 9 OR 9 R 1 S 0 C 2
 NS false PC false POS 275 1419 FWD -0.25188805206296355 -0.9677563790685783 PC 0 OG 0 OR 9 R 1 S 0 C 2
 NS false PC false POS 326 1379 FWD 0.8624188478895101 0.5061953484623599 PC 0 OG 0 OR 8 R 1 S 0 C 2
 NS false PC false POS 354 1442 FWD -0.21766974439297412 0.976022480466458 PC 0 OG 0 OR 3 R 1 S 0 C 2
 NS false PC false POS 341 1466 FWD -0.6880072001797035 0.7257038600564871 PC 0 OG 9 OR 9 R 1 S 0 C 2
 NS false PC false POS 220 1578 FWD -0.7804324760472823 0.6252400741560863 PC 0 OG 0 OR 9 R 1 S 0 C 2
 NS false PC false POS 163 1547 FWD 0.10973759976589476 -0.9939605923765893 PC 0 OG 0 OR 7 R 1 S 0 C 2
 NS false PC false POS 201 1499 FWD 0.9440614273414759 -0.3297696490066592 PC 0 OG 0 OR 2 R 1 S 0 C 2
 NS false PC false POS 219 1496 FWD 0.9999988550147619 0.0015132644068915268 PC 0 OG 9 OR 9 R 1 S 1 C 2
 NS false PC false POS 387 1500 FWD 0.9992085442351736 0.03977794775280752 PC 0 OG 0 OR 9 R 1 S 1 C 2
 NS false PC false POS 411 1561 FWD -0.7346743940459246 0.6784198808505346 PC 0 OG 0 OR 7 R 1 S 0 C 2
 NS false PC false POS 352 1568 FWD -0.8779274356600413 -0.47879371102321727 PC 0 OG 0 OR 3 R 1 S 0 C 2
 NS false PC false POS 331 1551 FWD -0.6051075281544247 -0.7961437554680951 PC 0 OG 9 OR 9 R 1 S 0 C 2
 NS false PC false POS 238 1415 FWD -0.5257205553404596 -0.8506573327095457 PC 0 OG 0 OR 9 R 1 S 0 C 2
 NS false PC false POS 275 1362 FWD 0.973246138115371 0.229764998734612 PC 0 OG 0 OR 7 R 1 S 1 C 2
 NS false PC false POS 318 1407 FWD 0.17635635806009847 0.9843263864043158 PC 0 OG 0 OR 2 R 1 S 0 C 2
 NS false PC false POS 318 1425 FWD -0.19930246712579924 0.9799380218144256 PC 0 OG 9 OR 9 R 1 S 0 C 2
 NS false PC false POS 282 1586 FWD -0.24319970823132617 0.9699762378100805 PC 0 OG 0 OR 9 R 1 S 0 C 2
 NS false PC false POS 218 1596 FWD -0.51390861247237 -0.8578449382182793 PC 0 OG 0 OR 7 R 1 S 0 C 2
 NS false PC false POS 222 1536 FWD 0.6455862333256007 -0.763687380634552 PC 0 OG 0 OR 3 R 1 S 0 C 2
 NS false PC false POS 244 1519 FWD 0.9032715415942864 -0.4290693675221774 PC 0 OG 9 OR 9 R 1 S 0 C 2
 NS false PC false POS 396 1456 FWD 0.9411519212271745 -0.33798381791203885 PC 0 OG 0 OR 9 R 1 S 0 C 2
