Jeu initialisé ! 
 
Nous utilisons le gouvernail !

Nous utilisons le gouvernail !

Nous utilisons le gouvernail !

Nous utilisons le gouvernail !

Nous utilisons le gouvernail !

Nous utilisons le gouvernail !

Nous utilisons le gouvernail !

Nous utilisons le gouvernail !

Nous utilisons le gouvernail !

Nous utilisons le gouvernail !

Nous utilisons le gouvernail !

Nous utilisons le gouvernail !

Nous utilisons le gouvernail !

Nous utilisons le gouvernail !

Nous utilisons le gouvernail !

Nous utilisons le gouvernail !

Nous utilisons le gouvernail !

Nous utilisons le gouvernail !

à dr pr éviter R
45-135
temp checkpoint x: 1417.4337570413725y:3085.284025230379
----------------------- Fin tour ------------------------------- 

à dr pr éviter R
-45-45
temp checkpoint x: 1517.867202456097y:3076.5743850317845
----------------------- Fin tour ------------------------------- 

à dr pr éviter R
225-315
temp checkpoint x: 1538.83929654709y:3102.21630538793
----------------------- Fin tour ------------------------------- 

à dr pr éviter R
225-315
temp checkpoint x: 1539.9187243065314y:3089.537622505742
----------------------- Fin tour ------------------------------- 

