
 - - - 

S0: move: 5x, 0y

S0 is now on (5,0)
S1: move: 5x, 0y

S1 is now on (5,1)
S2: move: 5x, 0y

S2 is now on (5,2)
S4: move: 5x, 0y

S4 is now on (5,4)
S6: move: 5x, 0y

S6 is now on (6,1)
S8: move: 5x, 0y

S8 is now on (6,3)
S10: move: 2x, 0y

S10 is now on (4,0)
S11: move: 4x, -1y

S11 is now on (6,0)
S12: move: 5x, 0y

S12 is now on (7,2)
S13: move: 3x, 1y

S13 is now on (5,4)
S16: move: 2x, -1y

S16 is now on (5,0)
S17: move: 4x, -1y

S17 is now on (7,1)
S18: move: 1x, 1y

S18 is now on (4,4)
S1: liftening sail

 - - - 

S0: move: 3x, 0y

S0 is now on (8,0)
S1: move: 0x, 1y

S1 is now on (5,2)
S2: move: 5x, 0y

S2 is now on (10,2)
S4: move: 1x, 0y

S4 is now on (6,4)
S6: move: 3x, -1y

S6 is now on (9,0)
S8: move: 1x, 1y

S8 is now on (7,4)
S12: move: 1x, 2y

S12 is now on (8,4)
S17: move: 0x, -1y

S17 is now on (7,0)

 - - - 

S2: move: 0x, 2y

S2 is now on (10,4)

 - - - 


 - - - 


 - - - 


 - - - 


 - - - 


 - - - 


 - - - 


 - - - 


 - - - 


 - - - 


 - - - 

S1: lowering sail

 - - - 


 - - - 

Checkpoint done
S1: liftening sail

 - - - 

S1: lowering sail

 - - - 


 - - - 


 - - - 


 - - - 


 - - - 


 - - - 


 - - - 


 - - - 


 - - - 


 - - - 


 - - - 


 - - - 


 - - - 


 - - - 


 - - - 


 - - - 


 - - - 


 - - - 


 - - - 


 - - - 


 - - - 


 - - - 


 - - - 


 - - - 

Checkpoint done

 - - - 

S1: liftening sail

 - - - 


 - - - 


 - - - 

S1: lowering sail

 - - - 


 - - - 


 - - - 

