
SP:0.0 0.0 0.0
target:1600.0 350.0 circle
AI:0.215
MSR:
MSO:
0|0,0=>4,0
1|0,1=>5,0
2|0,2=>6,0
3|0,3=>7,0
4|0,4=>8,0
8|1,3=>9,0
MSO:
7|1,2=>4,4
12|2,2=>5,4
13|2,3=>6,4
18|3,3=>7,4
UO:
1,0|5
2,0|10
3,0|
SP:96.356 25.548 0.524
target:1600.0 350.0 circle
AI:-0.311
MSR:
MSO:
MSO:
UO:
4,0|0
5,0|1
6,0|2
7,0|3
8,0|4
1,0|5
9,0|8
2,0|10
3,0|15
4,4|7
1,4|9
5,4|12
6,4|13
2,4|14
7,4|18
3,4|19

SP:167.029 95.852 1.047
target:1600.0 350.0 circle
AI:-0.872
MSR:
12|5,4=>10,4
MSO:
MSO:
UO:
4,0|0
5,0|1
6,0|2
7,0|3
8,0|4
1,0|5
9,0|8
2,0|10
3,0|15
UR:
10,4,-0.785|12

SP:198.804 106.13 -0.436
target:1600.0 350.0 circle
AI:0.609
MSR:
MSO:
MSO:
16|3,1=>5,4
UO:
4,0|0
5,0|1
6,0|2
7,0|3
8,0|4
1,0|5
9,0|8
2,0|10
3,0|15
4,4|7
1,4|9
6,4|13
2,4|14
7,4|18
3,4|19
5,4|16
UR:
1
SP:293.602 117.958 0.696
target:1600.0 350.0 circle
AI:-0.52
MSR:
MSO:
MSO:
UO:
4,0|0
5,0|1
6,0|2
7,0|3
8,0|4
1,0|5
9,0|8
2,0|10
3,0|15
4,4|7
1,4|9
6,4|13
2,4|14
5,4|16
7,4|18
3,4|19
UR:
10,4,-0.52|12
SP:370.877 182.734 0.699
target:1600.0 350.0 circle
AI:-0.564
MSR:
MSO:
MSO:
UO:
4,0|0
5,0|1
6,0|2
7,0|3
8,0|4
1,0|5
9,0|8
2,0|10
3,0|15
4,4|7
1,4|9
6,4|13
2,4|14
5,4|16
7,4|18
3,4|19
UR:
10,4,-0.564|
SP:449.32 246.08 0.659
target:1600.0 350.0 circle
AI:-0.569
MSR:
MSO:
MSO:
UO:
4,0|0
5,0|1
6,0|2
7,0|3
8,0|4
1,0|5
9,0|8
2,0|10
3,0|15
4,4|7
1,4|9
6,4|13
2,4|14
5,4|16
7,4|18
3,4|19
UR:
10,4,-0.569|12
SP:530.402 306.008 0.614
target:1600.0 350.0 circle
AI:-0.573
MSR:
MSO:
MSO:
UO:
4,0|0
5,0|1
6,0|2
7,0|3
8,0|4
1,0|5
9,0|8
2,0|10
3,0|15
4,4|7
1,4|9
6,4|13
2,4|14
5,4|16
7,4|18
3,4|19
UR:
10,4,-0.573|
SP:614.212 362.054 0.565
target:1600.0 350.0 circle
AI:-0.577
MSR:
MSO:
MSO:
UO:
4,0|0
5,0|1
6,0|2
7,0|3
8,0|4
1,0|5
9,0|8
2,0|10
3,0|15
4,4|7
1,4|9
6,4|13
2,4|14
5,4|16
7,4|18
3,4|19
UR:
10,4,-0.577|
SP:700.775 413.743 0.511
target:1600.0 350.0 circle
AI:-0.582
MSR:
MSO:
MSO:
UO:
4,0|0
5,0|1
6,0|2
7,0|3
8,0|4
1,0|5
9,0|8
2,0|10
3,0|15
4,4|7
1,4|9
6,4|13
2,4|14
5,4|16
7,4|18
3,4|19
UR:
10,4,-0.582|
SP:790.089 460.513 0.453
target:1600.0 350.0 circle
AI:-0.588
MSR:
MSO:
MSO:
UO:
4,0|0
5,0|1
6,0|2
7,0|3
8,0|4
1,0|5
9,0|8
2,0|10
3,0|15
4,4|7
1,4|9
6,4|13
2,4|14
5,4|16
7,4|18
3,4|19
UR:
10,4,-0.588|
SP:882.113 501.689 0.388
target:1600.0 350.0 circle
AI:-0.596
MSR:
MSO:
MSO:
UO:
4,0|0
5,0|1
6,0|2
7,0|3
8,0|4
1,0|5
9,0|8
2,0|10
3,0|15
4,4|7
1,4|9
6,4|13
2,4|14
5,4|16
7,4|18
3,4|19
UR:
10,4,-0.596|
SP:976.742 536.45 0.315
target:1600.0 350.0 circle
AI:-0.606
MSR:
MSO:
MSO:
UO:
4,0|0
5,0|1
6,0|2
7,0|3
8,0|4
1,0|5
9,0|8
2,0|10
3,0|15
4,4|7
1,4|9
6,4|13
2,4|14
5,4|16
7,4|18
3,4|19
UR:
10,4,-0.606|1
SP:1073.771 563.78 0.233
target:1600.0 350.0 circle
AI:-0.619
MSR:
MSO:
MSO:
UO:
4,0|0
5,0|1
6,0|2
7,0|3
8,0|4
1,0|5
9,0|8
2,0|10
3,0|15
4,4|7
1,4|9
6,4|13
2,4|14
5,4|16
7,4|18
3,4|19
UR:
10,4,-0.619|
SP:1172.831 582.399 0.138
target:1600.0 350.0 circle
AI:-0.636
MSR:
MSO:
MSO:
UO:
4,0|0
5,0|1
6,0|2
7,0|3
8,0|4
1,0|5
9,0|8
2,0|10
3,0|15
4,4|7
1,4|9
6,4|13
2,4|14
5,4|16
7,4|18
3,4|19
UR:
10,4,-0.636
SP:1273.272 590.663 0.025
target:1600.0 350.0 circle
AI:-0.66
MSR:
MSO:
MSO:
UO:
4,0|0
5,0|1
6,0|2
7,0|3
8,0|4
1,0|5
9,0|8
2,0|10
3,0|15
4,4|7
1,4|9
6,4|13
2,4|14
5,4|16
7,4|18
3,4|19
UR:
10,4,-0.66|1
SP:1373.937 586.405 -0.111
target:1600.0 350.0 circle
AI:-0.696
MSR:
MSO:
MSO:
UO:
4,0|0
5,0|1
6,0|2
7,0|3
8,0|4
1,0|5
9,0|8
2,0|10
3,0|15
4,4|7
1,4|9
6,4|13
2,4|14
5,4|16
7,4|18
3,4|19
UR:
10,4,-0.69
SP:1472.7 566.708 -0.284
target:1600.0 350.0 circle
AI:-0.756
MSR:
MSO:
MSO:
UO:
4,0|0
5,0|1
6,0|2
7,0|3
8,0|4
1,0|5
9,0|8
2,0|10
3,0|15
4,4|7
1,4|9
6,4|13
2,4|14
5,4|16
7,4|18
3,4|19
UR:
10,4,-0.756|
SP:1565.407 527.627 -0.516
target:1600.0 350.0 circle
AI:-0.862
MSR:
MSO:
MSO:
UO:
4,0|0
5,0|1
6,0|2
7,0|3
8,0|4
1,0|5
9,0|8
2,0|10
3,0|15
UR:
10,4,-0.785|12

SP:1575.924 495.93 -2.0
target:1600.0 350.0 circle
AI:0.592
MSR:
MSO:
MSO:
UO:
4,0|0
5,0|1
6,0|2
7,0|3
8,0|4
1,0|5
9,0|8
2,0|10
3,0|15
4,4|7
1,4|9
6,4|13
2,4|14
5,4|16
7,4|18
3,4|19
UR:
10,4,0.592|12

SP:1587.717 400.977 -0.884
target:1600.0 350.0 circle
AI:-0.451
MSR:
MSO:
MSO:
UO:
4,0|0
4,4|7
UR:
10,4,-0.451|12

SP:1595.853 384.721 -1.334
target:345.0 1550.0 circle
AI:-2.557
MSR:
MSO:
MSO:
UO:
4,0|0
5,0|1
6,0|2
7,0|3
8,0|4
1,0|5
9,0|8
2,0|10
3,0|15
UR:
10,4,-0.785|12

SP:1579.904 355.38 -2.818
target:345.0 1550.0 circle
AI:-1.093
MSR:
MSO:
MSO:
UO:
4,0|0
5,0|1
6,0|2
7,0|3
8,0|4
1,0|5
9,0|8
2,0|10
3,0|15
UR:
10,4,-0.785|12

SP:1549.284 368.711 -4.301
target:345.0 1550.0 circle
AI:0.384
MSR:
MSO:
MSO:
UO:
4,0|0
5,0|1
6,0|2
7,0|3
8,0|4
1,0|5
9,0|8
2,0|10
3,0|15
4,4|7
1,4|9
6,4|13
2,4|14
5,4|16
7,4|18
3,4|19
UR:
10,4,0.384|
SP:1475.448 432.244 -3.394
target:345.0 1550.0 circle
AI:-0.528
MSR:
MSO:
MSO:
UO:
4,0|0
5,0|1
6,0|2
7,0|3
8,0|4
1,0|5
9,0|8
2,0|10
3,0|15
4,4|7
1,4|9
6,4|13
2,4|14
5,4|16
7,4|18
3,4|19
UR:
10,4,-0.52
SP:1377.853 457.594 -3.398
target:345.0 1550.0 circle
AI:-0.557
MSR:
MSO:
MSO:
UO:
4,0|0
5,0|1
6,0|2
7,0|3
8,0|4
1,0|5
9,0|8
2,0|10
3,0|15
4,4|7
1,4|9
6,4|13
2,4|14
5,4|16
7,4|18
3,4|19
UR:
10,4,-0.55
SP:1280.753 484.762 -3.431
target:345.0 1550.0 circle
AI:-0.56
MSR:
MSO:
MSO:
UO:
4,0|0
5,0|1
6,0|2
7,0|3
8,0|4
1,0|5
9,0|8
2,0|10
3,0|15
4,4|7
1,4|9
6,4|13
2,4|14
5,4|16
7,4|18
3,4|19
UR:
10,4,-0.56|
SP:1184.668 515.322 -3.468
target:345.0 1550.0 circle
AI:-0.563
MSR:
MSO:
MSO:
UO:
4,0|0
5,0|1
6,0|2
7,0|3
8,0|4
1,0|5
9,0|8
2,0|10
3,0|15
4,4|7
1,4|9
6,4|13
2,4|14
5,4|16
7,4|18
3,4|19
UR:
10,4,-0.56
SP:1089.808 549.492 -3.507
target:345.0 1550.0 circle
AI:-0.565
MSR:
MSO:
MSO:
UO:
4,0|0
5,0|1
6,0|2
7,0|3
8,0|4
1,0|5
9,0|8
2,0|10
3,0|15
4,4|7
1,4|9
6,4|13
2,4|14
5,4|16
7,4|18
3,4|19
UR:
10,4,-0.56
SP:996.407 587.467 -3.549
target:345.0 1550.0 circle
AI:-0.569
MSR:
MSO:
MSO:
UO:
4,0|0
5,0|1
6,0|2
7,0|3
8,0|4
1,0|5
9,0|8
2,0|10
3,0|15
4,4|7
1,4|9
6,4|13
2,4|14
5,4|16
7,4|18
3,4|19
UR:
10,4,-0.569
SP:904.741 629.455 -3.594
target:345.0 1550.0 circle
AI:-0.572
MSR:
MSO:
MSO:
UO:
4,0|0
5,0|1
6,0|2
7,0|3
8,0|4
1,0|5
9,0|8
2,0|10
3,0|15
4,4|7
1,4|9
6,4|13
2,4|14
5,4|16
7,4|18
3,4|19
UR:
10,4,-0.572
SP:815.14 675.683 -3.642
target:345.0 1550.0 circle
AI:-0.577
MSR:
MSO:
MSO:
UO:
4,0|0
5,0|1
6,0|2
7,0|3
8,0|4
1,0|5
9,0|8
2,0|10
3,0|15
4,4|7
1,4|9
6,4|13
2,4|14
5,4|16
7,4|18
3,4|19
UR:
10,4,-0.577|
SP:728.002 726.398 -3.695
target:345.0 1550.0 circle
AI:-0.582
MSR:
MSO:
MSO:
UO:
4,0|0
5,0|1
6,0|2
7,0|3
8,0|4
1,0|5
9,0|8
2,0|10
3,0|15
4,4|7
1,4|9
6,4|13
2,4|14
5,4|16
7,4|18
3,4|19
UR:
10,4,-0.582
SP:643.814 781.867 -3.754
target:345.0 1550.0 circle
AI:-0.588
MSR:
MSO:
MSO:
UO:
4,0|0
5,0|1
6,0|2
7,0|3
8,0|4
1,0|5
9,0|8
2,0|10
3,0|15
4,4|7
1,4|9
6,4|13
2,4|14
5,4|16
7,4|18
3,4|19
UR:
10,4,-0.588
SP:563.175 842.375 -3.818
target:345.0 1550.0 circle
AI:-0.596
MSR:
MSO:
MSO:
UO:
4,0|0
5,0|1
6,0|2
7,0|3
8,0|4
1,0|5
9,0|8
2,0|10
3,0|15
4,4|7
1,4|9
6,4|13
2,4|14
5,4|16
7,4|18
3,4|19
UR:
10,4,-0.596
SP:486.842 908.225 -3.89
target:345.0 1550.0 circle
AI:-0.605
MSR:
MSO:
MSO:
UO:
4,0|0
5,0|1
6,0|2
7,0|3
8,0|4
1,0|5
9,0|8
2,0|10
3,0|15
4,4|7
1,4|9
6,4|13
2,4|14
5,4|16
7,4|18
3,4|19
UR:
10,4,-0.605|
SP:415.783 979.726 -3.971
target:345.0 1550.0 circle
AI:-0.618
MSR:
MSO:
MSO:
UO:
4,0|0
5,0|1
6,0|2
7,0|3
8,0|4
1,0|5
9,0|8
2,0|10
3,0|15
4,4|7
1,4|9
6,4|13
2,4|14
5,4|16
7,4|18
3,4|19
UR:
10,4,-0.618
SP:351.267 1057.17 -4.065
target:345.0 1550.0 circle
AI:-0.634
MSR:
MSO:
MSO:
UO:
4,0|0
5,0|1
6,0|2
7,0|3
8,0|4
1,0|5
9,0|8
2,0|10
3,0|15
4,4|7
1,4|9
6,4|13
2,4|14
5,4|16
7,4|18
3,4|19
UR:
10,4,-0.634
SP:295.008 1140.787 -4.176
target:345.0 1550.0 circle
AI:-0.658
MSR:
MSO:
MSO:
UO:
4,0|0
5,0|1
6,0|2
7,0|3
8,0|4
1,0|5
9,0|8
2,0|10
3,0|15
4,4|7
1,4|9
6,4|13
2,4|14
5,4|16
7,4|18
3,4|19
UR:
10,4,-0.65
SP:249.39 1230.626 -4.31
target:345.0 1550.0 circle
AI:-0.693
MSR:
MSO:
MSO:
UO:
4,0|0
5,0|1
6,0|2
7,0|3
8,0|4
1,0|5
9,0|8
2,0|10
3,0|15
4,4|7
1,4|9
6,4|13
2,4|14
5,4|16
7,4|18
3,4|19
UR:
10,4,-0.693|
SP:217.879 1326.283 -4.48
target:345.0 1550.0 circle
AI:-0.749
MSR:
MSO:
MSO:
UO:
4,0|0
5,0|1
6,0|2
7,0|3
8,0|4
1,0|5
9,0|8
2,0|10
3,0|15
4,4|7
1,4|9
6,4|13
2,4|14
5,4|16
7,4|18
3,4|19
UR:
10,4,-0.749
SP:205.741 1426.167 -4.706
target:345.0 1550.0 circle
AI:-0.851
MSR:
MSO:
MSO:
UO:
4,0|0
5,0|1
6,0|2
7,0|3
8,0|4
1,0|5
9,0|8
2,0|10
3,0|15
UR:
10,4,-0.785|12

SP:227.949 1451.109 -6.189
target:345.0 1550.0 circle
AI:0.607
MSR:
MSO:
MSO:
UO:
4,0|0
5,0|1
6,0|2
7,0|3
8,0|4
1,0|5
9,0|8
2,0|10
3,0|15
4,4|7
1,4|9
6,4|13
2,4|14
5,4|16
7,4|18
3,4|19
UR:
10,4,0.607|
SP:303.781 1509.233 -5.058
target:345.0 1550.0 circle
AI:-0.445
MSR:
MSO:
MSO:
UO:
4,0|0
5,0|1
6,0|2
7,0|3
8,0|4
1,0|5
9,0|8
2,0|10
3,0|15
4,4|7
1,4|9
6,4|13
2,4|14
5,4|16
7,4|18
3,4|19
UR:
10,4,-0.44
SP:334.235 1605.33 -4.98
target:345.0 1550.0 circle
AI:-2.682
MSR:
MSO:
MSO:
UO:
4,0|0
5,0|1
6,0|2
7,0|3
8,0|4
1,0|5
9,0|8
2,0|10
3,0|15
UR:
10,4,-0.785|12

SP:362.367 1623.327 -0.18
target:345.0 1550.0 circle
AI:-1.623
MSR:
MSO:
MSO:
UO:
4,0|0
5,0|1
6,0|2
7,0|3
8,0|4
1,0|5
9,0|8
2,0|10
3,0|15
UR:
10,4,-0.785|12

SP:382.747 1596.871 -1.664
target:345.0 1550.0 circle
AI:-0.585
MSR:
MSO:
MSO:
UO:
4,0|0
5,0|1
6,0|2
7,0|3
8,0|4
1,0|5
9,0|8
2,0|10
3,0|15
4,4|7
1,4|9
6,4|13
2,4|14
5,4|16
7,4|18
3,4|19
UR:
10,4,-0.58
SP:370.35 1496.819 -1.725
target:345.0 1550.0 circle
AI:-2.542
MSR:
MSO:
MSO:
UO:
4,0|0
5,0|1
6,0|2
7,0|3
8,0|4
1,0|5
9,0|8
2,0|10
3,0|15
UR:
10,4,-0.785|12

SP:344.426 1475.767 -3.209
target:345.0 1550.0 circle
AI:-1.511
MSR:
MSO:
MSO:
UO:
4,0|0
5,0|1
6,0|2
7,0|3
8,0|4
1,0|5
9,0|8
2,0|10
3,0|15
UR:
10,4,-0.785|12

SP:321.194 1499.757 -4.692
target:345.0 1550.0 circle
AI:-0.463
MSR:
MSO:
MSO:
UO:
4,0|0
5,0|1
6,0|2
7,0|3
8,0|4
1,0|5
9,0|8
2,0|10
3,0|15
4,4|7
1,4|9
6,4|13
2,4|14
5,4|16
7,4|18
3,4|19
UR:
10,4,-0.46
SP:316.123 1600.447 -4.631
target:345.0 1550.0 circle
AI:-2.703
MSR:
MSO:
MSO:
UO:
4,0|0
5,0|1
6,0|2
7,0|3
8,0|4
1,0|5
9,0|8
2,0|10
3,0|15
UR:
10,4,-0.785|12

SP:336.419 1626.968 -6.115
target:345.0 1550.0 circle
AI:-1.628
MSR:
MSO:
MSO:
UO:
4,0|0
5,0|1
6,0|2
7,0|3
8,0|4
1,0|5
9,0|8
2,0|10
3,0|15
UR:
10,4,-0.785|12

SP:364.608 1609.06 -1.315
target:345.0 1550.0 circle
AI:-0.576
MSR:
MSO:
MSO:
UO:
4,0|0
5,0|1
6,0|2
7,0|3
8,0|4
1,0|5
9,0|8
2,0|10
3,0|15
4,4|7
1,4|9
6,4|13
2,4|14
5,4|16
7,4|18
3,4|19
UR:
10,4,-0.576
SP:387.555 1510.884 -1.368
target:345.0 1550.0 circle
AI:-2.517
MSR:
MSO:
MSO:
UO:
4,0|0
5,0|1
6,0|2
7,0|3
8,0|4
1,0|5
9,0|8
2,0|10
3,0|15
UR:
10,4,-0.785|12

SP:370.635 1482.092 -2.851
target:345.0 1550.0 circle
AI:-1.5
MSR:
MSO:
MSO:
UO:
4,0|0
5,0|1
6,0|2
7,0|3
8,0|4
1,0|5
9,0|8
2,0|10
3,0|15
UR:
10,4,-0.785|12

SP:340.477 1496.438 -4.335
target:345.0 1550.0 circle
AI:-0.462
MSR:
MSO:
MSO:
UO:
4,0|0
5,0|1
6,0|2
7,0|3
8,0|4
1,0|5
9,0|8
2,0|10
3,0|15
4,4|7
1,4|9
6,4|13
2,4|14
5,4|16
7,4|18
3,4|19
UR:
10,4,-0.46
SP:300.46 1588.974 -4.273
target:345.0 1550.0 circle
AI:-2.729
MSR:
MSO:
MSO:
UO:
4,0|0
5,0|1
6,0|2
7,0|3
8,0|4
1,0|5
9,0|8
2,0|10
3,0|15
UR:
10,4,-0.785|12

SP:310.169 1620.927 -5.757
target:345.0 1550.0 circle
AI:-1.641
MSR:
MSO:
MSO:
UO:
4,0|0
5,0|1
6,0|2
7,0|3
8,0|4
1,0|5
9,0|8
2,0|10
3,0|15
UR:
10,4,-0.785|12

SP:342.847 1614.04 -0.957
target:345.0 1550.0 circle
AI:-0.58
MSR:
MSO:
MSO:
UO:
4,0|0
5,0|1
6,0|2
7,0|3
8,0|4
1,0|5
9,0|8
2,0|10
3,0|15
4,4|7
1,4|9
6,4|13
2,4|14
5,4|16
7,4|18
3,4|19
UR:
10,4,-0.58|1
SP:398.59 1530.031 -1.014
target:345.0 1550.0 circle
AI:-2.485
MSR:
MSO:
MSO:
UO:
4,0|0
5,0|1
6,0|2
7,0|3
8,0|4
1,0|5
9,0|8
2,0|10
3,0|15
UR:
10,4,-0.785|12

SP:392.705 1497.158 -2.497
target:345.0 1550.0 circle
AI:-1.481
MSR:
MSO:
MSO:
UO:
4,0|0
5,0|1
6,0|2
7,0|3
8,0|4
1,0|5
9,0|8
2,0|10
3,0|15
UR:
10,4,-0.785|12

SP:359.444 1500.156 -3.981
target:345.0 1550.0 circle
AI:-0.45
MSR:
MSO:
MSO:
UO:
4,0|0
5,0|1
6,0|2
7,0|3
8,0|4
1,0|5
9,0|8
2,0|10
3,0|15
4,4|7
1,4|9
6,4|13
2,4|14
5,4|16
7,4|18
3,4|19
UR:
10,4,-0.45|
SP:289.388 1572.646 -3.907
target:345.0 1550.0 circle
AI:-2.763
MSR:
MSO:
MSO:
UO:
4,0|0
5,0|1
6,0|2
7,0|3
8,0|4
1,0|5
9,0|8
2,0|10
3,0|15
UR:
10,4,-0.785|12

SP:287.008 1605.957 -5.39
target:345.0 1550.0 circle
AI:-1.66
MSR:
MSO:
MSO:
UO:
4,0|0
5,0|1
6,0|2
7,0|3
8,0|4
1,0|5
9,0|8
2,0|10
3,0|15
UR:
10,4,-0.785|12

SP:319.985 1611.231 -0.591
target:345.0 1550.0 circle
AI:-0.592
MSR:
MSO:
MSO:
UO:
4,0|0
5,0|1
6,0|2
7,0|3
8,0|4
1,0|5
9,0|8
2,0|10
3,0|15
4,4|7
1,4|9
6,4|13
2,4|14
5,4|16
7,4|18
3,4|19
UR:
10,4,-0.59
SP:401.762 1552.274 -0.659
target:345.0 1550.0 circle
AI:-2.442
MSR:
MSO:
MSO:
UO:
4,0|0
5,0|1
6,0|2
7,0|3
8,0|4
1,0|5
9,0|8
2,0|10
3,0|15
UR:
10,4,-0.785|12

SP:407.646 1519.401 -2.143
target:345.0 1550.0 circle
AI:-1.453
MSR:
MSO:
MSO:
UO:
4,0|0
5,0|1
6,0|2
7,0|3
8,0|4
1,0|5
9,0|8
2,0|10
3,0|15
UR:
10,4,-0.785|12

SP:375.41 1510.675 -3.626
target:0.0 0.0 circle
AI:1.812
MSR:
MSO:
MSO:
3|7,0=>8,4
4|8,0=>9,4
UO:
4,0|0
5,0|1
6,0|2
4,4|7
1,4|9
6,4|13
2,4|14
5,4|16
7,4|18
3,4|19
8,4|3
9,4|4
UR:
10,4,0.785|12

SP:317.494 1484.65 -1.794
target:0.0 0.0 circle
AI:0.012
MSR:
MSO:
6|1,1=>7,0
11|2,1=>8,0
MSO:
UO:
4,0|0
5,0|1
6,0|2
1,0|5
9,0|8
2,0|10
3,0|15
7,0|6
8,0|11
8,4|3
9,4|4
4,4|7
1,4|9
6,4|13
2,4|14
5,4|16
SP:321.704 1385.108 -1.258
target:0.0 0.0 circle
AI:-0.541
MSR:
MSO:
MSO:
UO:
4,0|0
5,0|1
6,0|2
1,0|5
7,0|6
9,0|8
2,0|10
8,0|11
3,0|15
8,4|3
9,4|4
4,4|7
1,4|9
6,4|13
2,4|14
5,4|16
7,4|18
3,4|19
UR:
10
SP:351.91 1288.907 -1.275
target:0.0 0.0 circle
AI:-0.562
MSR:
MSO:
MSO:
UO:
4,0|0
5,0|1
6,0|2
1,0|5
7,0|6
9,0|8
2,0|10
8,0|11
3,0|15
8,4|3
9,4|4
4,4|7
1,4|9
6,4|13
2,4|14
5,4|16
7,4|18
3,4|19
UR:
10,
SP:379.427 1191.907 -1.314
target:0.0 0.0 circle
AI:-0.565
MSR:
MSO:
MSO:
UO:
4,0|0
5,0|1
6,0|2
1,0|5
7,0|6
9,0|8
2,0|10
8,0|11
3,0|15
8,4|3
9,4|4
4,4|7
1,4|9
6,4|13
2,4|14
5,4|16
7,4|18
3,4|19
UR:
10
SP:403.045 1093.886 -1.355
target:0.0 0.0 circle
AI:-0.568
MSR:
MSO:
MSO:
UO:
4,0|0
5,0|1
6,0|2
1,0|5
7,0|6
9,0|8
2,0|10
8,0|11
3,0|15
8,4|3
9,4|4
4,4|7
1,4|9
6,4|13
2,4|14
5,4|16
7,4|18
3,4|19
UR:
10
SP:422.405 994.938 -1.4
target:0.0 0.0 circle
AI:-0.572
MSR:
MSO:
MSO:
UO:
4,0|0
5,0|1
6,0|2
1,0|5
7,0|6
9,0|8
2,0|10
8,0|11
3,0|15
8,4|3
9,4|4
4,4|7
1,4|9
6,4|13
2,4|14
5,4|16
7,4|18
3,4|19
UR:
10,4,
SP:437.132 895.196 -1.449
target:0.0 0.0 circle
AI:-0.576
MSR:
MSO:
MSO:
UO:
4,0|0
5,0|1
6,0|2
1,0|5
7,0|6
9,0|8
2,0|10
8,0|11
3,0|15
8,4|3
9,4|4
4,4|7
1,4|9
6,4|13
2,4|14
5,4|16
7,4|18
3,4|19
UR:
10,
SP:446.795 794.838 -1.501
target:0.0 0.0 circle
AI:-0.581
MSR:
MSO:
MSO:
UO:
4,0|0
5,0|1
6,0|2
1,0|5
7,0|6
9,0|8
2,0|10
8,0|11
3,0|15
8,4|3
9,4|4
4,4|7
1,4|9
6,4|13
2,4|14
5,4|16
7,4|18
3,4|19
UR:
10,
SP:450.898 694.102 -1.559
target:0.0 0.0 circle
AI:-0.588
MSR:
MSO:
MSO:
UO:
4,0|0
5,0|1
6,0|2
1,0|5
7,0|6
9,0|8
2,0|10
8,0|11
3,0|15
8,4|3
9,4|4
4,4|7
1,4|9
6,4|13
2,4|14
5,4|16
7,4|18
3,4|19
UR:
10,
SP:448.863 593.307 -1.623
target:0.0 0.0 circle
AI:-0.595
MSR:
MSO:
MSO:
UO:
4,0|0
5,0|1
6,0|2
1,0|5
7,0|6
9,0|8
2,0|10
8,0|11
3,0|15
8,4|3
9,4|4
4,4|7
1,4|9
6,4|13
2,4|14
5,4|16
7,4|18
3,4|19
UR:
10,
SP:440.01 492.884 -1.695
target:0.0 0.0 circle
AI:-0.605
MSR:
MSO:
MSO:
UO:
4,0|0
5,0|1
6,0|2
1,0|5
7,0|6
9,0|8
2,0|10
8,0|11
3,0|15
8,4|3
9,4|4
4,4|7
1,4|9
6,4|13
2,4|14
5,4|16
7,4|18
3,4|19
UR:
10,4
SP:423.53 393.435 -1.776
target:0.0 0.0 circle
AI:-0.617
MSR:
MSO:
MSO:
UO:
4,0|0
5,0|1
6,0|2
1,0|5
7,0|6
9,0|8
2,0|10
8,0|11
3,0|15
8,4|3
9,4|4
4,4|7
1,4|9
6,4|13
2,4|14
5,4|16
7,4|18
3,4|19
UR:
10,4
SP:398.452 295.808 -1.869
target:0.0 0.0 circle
AI:-0.634
MSR:
MSO:
MSO:
UO:
4,0|0
5,0|1
6,0|2
1,0|5
7,0|6
9,0|8
2,0|10
8,0|11
3,0|15
8,4|3
9,4|4
4,4|7
1,4|9
6,4|13
2,4|14
5,4|16
7,4|18
3,4|19
UR:
10,
SP:363.605 201.241 -1.979
target:0.0 0.0 circle
AI:-0.657
MSR:
MSO:
MSO:
UO:
4,0|0
5,0|1
6,0|2
1,0|5
7,0|6
9,0|8
2,0|10
8,0|11
3,0|15
8,4|3
9,4|4
4,4|7
1,4|9
6,4|13
2,4|14
5,4|16
7,4|18
3,4|19
UR:
10,
SP:317.571 111.613 -2.112
target:0.0 0.0 circle
AI:-0.691
MSR:
MSO:
MSO:
UO:
4,0|0
5,0|1
6,0|2
1,0|5
7,0|6
9,0|8
2,0|10
8,0|11
3,0|15
8,4|3
9,4|4
4,4|7
1,4|9
6,4|13
2,4|14
5,4|16
7,4|18
3,4|19
UR:
10,
SP:258.673 29.914 -2.28
target:0.0 0.0 circle
AI:-0.746
MSR:
MSO:
MSO:
UO:
4,0|0
5,0|1
6,0|2
1,0|5
7,0|6
9,0|8
2,0|10
8,0|11
3,0|15
8,4|3
9,4|4
4,4|7
1,4|9
6,4|13
2,4|14
5,4|16
7,4|18
3,4|19
UR:
10,4,
SP:185.134 -38.769 -2.503
target:0.0 0.0 circle
AI:-0.845
MSR:
MSO:
MSO:
UO:
4,0|0
5,0|1
6,0|2
1,0|5
7,0|6
9,0|8
2,0|10
8,0|11
3,0|15
UR:
10,4,-0.785|12

