InitShipPos : (360.0, 320.0, ori=1.57) | ShipDeck : (4, 3) | [Sl{id=0, x=0, y=0}, Sl{id=1, x=0, y=1}, Sl{id=2, x=0, y=2}, Sl{id=3, x=1, y=0}, Sl{id=4, x=1, y=1}, Sl{id=5, x=1, y=2}, Sl{id=6, x=2, y=0}
[Oar(1,0), Oar(2,0), Oar(1,2), Oar(2,2), Rudder(3,1), Watch(0,1), Sail(1,1)] | [CP{pos=(300.0, 1800.0)}, CP{pos=(1900.0, 3800.0)}, CP{pos=(2000.0, 5240.0)}, CP{pos=(3600.0, 5160.0)}, CP{pos=(3300.0, 3
Ship(360.0, 320.0, ori=1.57) | CP{pos=(300.0, 1800.0)} [{Si:3,T:OAR},{Si:5,T:OAR},{Si:6,T:OAR},{Si:4,T:MOV,xd:1,yd:1},{Si:4,T:OAR},{Si:1,T:USE_WATCH}]
Ship(360.0, 485.0, ori=1.57) | CP{pos=(300.0, 1800.0)} [{Si:3,T:OAR},{Si:5,T:OAR},{Si:6,T:OAR},{Si:4,T:OAR},{Si:1,T:USE_WATCH}]
Ship(360.0, 650.0, ori=1.57) | CP{pos=(300.0, 1800.0)} [{Si:3,T:OAR},{Si:5,T:OAR},{Si:6,T:OAR},{Si:4,T:OAR},{Si:1,T:USE_WATCH}]
Ship(360.0, 815.0, ori=1.57) | CP{pos=(300.0, 1800.0)} [{Si:3,T:OAR},{Si:5,T:OAR},{Si:6,T:OAR},{Si:4,T:OAR},{Si:1,T:USE_WATCH}]
Ship(360.0, 980.0, ori=1.57) | CP{pos=(300.0, 1800.0)} [{Si:3,T:OAR},{Si:5,T:OAR},{Si:6,T:OAR},{Si:4,T:OAR},{Si:1,T:USE_WATCH}]
Ship(360.0, 1145.0, ori=1.57) | CP{pos=(300.0, 1800.0)} [{Si:3,T:OAR},{Si:5,T:OAR},{Si:6,T:OAR},{Si:4,T:OAR},{Si:1,T:USE_WATCH}]
Ship(360.0, 1310.0, ori=1.57) | CP{pos=(300.0, 1800.0)} [{Si:3,T:OAR},{Si:5,T:OAR},{Si:6,T:OAR},{Si:4,T:OAR},{Si:1,T:USE_WATCH}]
Ship(360.0, 1475.0, ori=1.57) | CP{pos=(300.0, 1800.0)} [{Si:4,T:MOV,xd:1,yd:-1},{Si:4,T:TURN,rotation:0.18254355613967754},{Si:3,T:OAR},{Si:5,T:OAR},{Si:6,T:OAR},{Si:2,T:MOV,xd:2,yd:0},{Si:2,T:OAR},{
Ship(345.1, 1639.1, ori=1.75) | CP{pos=(300.0, 1800.0)} [{Si:4,T:TURN,rotation:0.0908908233411394},{Si:3,T:OAR},{Si:5,T:OAR},{Si:1,T:USE_WATCH}]
Ship(326.5, 1719.4, ori=1.84) | CP{pos=(1900.0, 3800.0)} [{Si:4,T:TURN,rotation:-0.2734380526859226},{Si:3,T:OAR},{Si:5,T:OAR},{Si:6,T:OAR},{Si:2,T:OAR},{Si:1,T:USE_WATCH}]
Ship(303.9, 1882.4, ori=1.57) | CP{pos=(1900.0, 3800.0)} [{Si:3,T:OAR},{Si:5,T:OAR},{Si:6,T:OAR},{Si:2,T:OAR},{Si:1,T:USE_WATCH}]
Ship(303.9, 2047.4, ori=1.57) | CP{pos=(1900.0, 3800.0)} [{Si:3,T:OAR},{Si:5,T:OAR},{Si:6,T:OAR},{Si:2,T:OAR},{Si:1,T:USE_WATCH}]
Ship(303.9, 2212.4, ori=1.57) | CP{pos=(1900.0, 3800.0)} [{Si:4,T:TURN,rotation:-0.7853981633974483},{Si:3,T:OAR},{Si:6,T:OAR},{Si:5,T:OAR},{Si:1,T:USE_WATCH}]
Ship(382.0, 2291.8, ori=0.0) | CP{pos=(1900.0, 3800.0)} [{Si:1,T:MOV,xd:1,yd:0},{Si:1,T:LIFT_SAIL},{Si:3,T:OAR},{Si:5,T:OAR},{Si:0,T:MOV,xd:0,yd:1},{Si:0,T:USE_WATCH}]
Ship(614.5, 2291.8, ori=0.0) | CP{pos=(1900.0, 3800.0)} [{Si:4,T:TURN,rotation:0.7853981633974483},{Si:5,T:OAR},{Si:3,T:OAR},{Si:2,T:OAR},{Si:0,T:USE_WATCH}]
Ship(769.7, 2417.7, ori=1.57) | CP{pos=(1900.0, 3800.0)} [{Si:1,T:LOWER_SAIL},{Si:3,T:OAR},{Si:5,T:OAR},{Si:6,T:OAR},{Si:2,T:OAR},{Si:0,T:USE_WATCH}]
Ship(769.7, 2582.7, ori=1.57) | CP{pos=(1900.0, 3800.0)} [{Si:3,T:OAR},{Si:5,T:OAR},{Si:0,T:USE_WATCH}]
Ship(769.7, 2665.2, ori=1.57) | CP{pos=(1900.0, 3800.0)} [{Si:4,T:TURN,rotation:-0.7853981633974483},{Si:3,T:OAR},{Si:5,T:OAR},{Si:6,T:OAR},{Si:2,T:OAR},{Si:0,T:USE_WATCH}]
Ship(830.6, 2814.0, ori=0.79) | CP{pos=(1900.0, 3800.0)} [{Si:4,T:TURN,rotation:-0.7853981633974483},{Si:1,T:LIFT_SAIL},{Si:3,T:OAR},{Si:5,T:OAR},{Si:0,T:USE_WATCH}]
Ship(1027.2, 2893.1, ori=0.0) | CP{pos=(1900.0, 3800.0)} [{Si:4,T:TURN,rotation:0.7853981633974483},{Si:5,T:OAR},{Si:3,T:OAR},{Si:2,T:OAR},{Si:0,T:USE_WATCH}]
Ship(1182.3, 3019.0, ori=1.57) | CP{pos=(1900.0, 3800.0)} [{Si:1,T:LOWER_SAIL},{Si:3,T:OAR},{Si:5,T:OAR},{Si:0,T:USE_WATCH}]
Ship(1182.3, 3101.5, ori=1.57) | CP{pos=(1900.0, 3800.0)} [{Si:4,T:TURN,rotation:-0.7853981633974483},{Si:3,T:OAR},{Si:6,T:OAR},{Si:5,T:OAR},{Si:0,T:USE_WATCH}]
Ship(1260.5, 3180.9, ori=0.0) | CP{pos=(1900.0, 3800.0)} [{Si:1,T:LIFT_SAIL},{Si:3,T:OAR},{Si:5,T:OAR},{Si:0,T:USE_WATCH}]
Ship(1493.0, 3180.9, ori=0.0) | CP{pos=(1900.0, 3800.0)} [{Si:4,T:TURN,rotation:0.7853981633974483},{Si:5,T:OAR},{Si:3,T:OAR},{Si:2,T:OAR},{Si:0,T:USE_WATCH}]
Ship(1648.1, 3306.8, ori=1.57) | CP{pos=(1900.0, 3800.0)} [{Si:1,T:LOWER_SAIL},{Si:3,T:OAR},{Si:5,T:OAR},{Si:6,T:OAR},{Si:2,T:OAR},{Si:0,T:USE_WATCH}]
Ship(1648.1, 3471.8, ori=1.57) | CP{pos=(1900.0, 3800.0)} [{Si:3,T:OAR},{Si:5,T:OAR},{Si:0,T:USE_WATCH}]
Ship(1648.1, 3554.3, ori=1.57) | CP{pos=(1900.0, 3800.0)} [{Si:4,T:TURN,rotation:-0.7853981633974483},{Si:3,T:OAR},{Si:6,T:OAR},{Si:5,T:OAR},{Si:0,T:USE_WATCH}]
Ship(1726.3, 3633.7, ori=0.0) | CP{pos=(1900.0, 3800.0)} [{Si:4,T:TURN,rotation:0.7634626168497909},{Si:1,T:LIFT_SAIL},{Si:3,T:OAR},{Si:5,T:OAR},{Si:6,T:OAR},{Si:2,T:OAR},{Si:0,T:USE_WATCH}]
Ship(2000.4, 3739.7, ori=0.76) | CP{pos=(2000.0, 5240.0)} [{Si:4,T:TURN,rotation:0.7328147412334589},{Si:0,T:USE_WATCH}]
Ship(2032.2, 3792.9, ori=1.5) | CP{pos=(2000.0, 5240.0)} [{Si:4,T:TURN,rotation:0.7853981633974483},{Si:5,T:OAR},{Si:0,T:USE_WATCH}]
Ship(2075.4, 3774.1, ori=3.07) | CP{pos=(2000.0, 5240.0)} [{Si:4,T:TURN,rotation:-0.7853981633974483},{Si:3,T:OAR},{Si:5,T:OAR},{Si:0,T:USE_WATCH}]
Ship(2098.8, 3769.0, ori=2.77) | CP{pos=(2000.0, 5240.0)} [{Si:4,T:TURN,rotation:0.49864060971237656},{Si:1,T:LOWER_SAIL},{Si:3,T:OAR},{Si:5,T:OAR},{Si:0,T:USE_WATCH}]
Ship(2017.8, 3779.3, ori=3.27) | CP{pos=(2000.0, 5240.0)} [{Si:4,T:TURN,rotation:-0.7853981633974483},{Si:3,T:OAR},{Si:5,T:OAR},{Si:0,T:USE_WATCH}]
Ship(1940.2, 3800.2, ori=2.48) | CP{pos=(2000.0, 5240.0)} [{Si:4,T:TURN,rotation:0.7853981633974483},{Si:5,T:OAR},{Si:0,T:USE_WATCH}]
Ship(1903.3, 3795.8, ori=4.05) | CP{pos=(2000.0, 5240.0)} [{Si:4,T:TURN,rotation:0.06463581761051529},{Si:3,T:OAR},{Si:5,T:OAR},{Si:0,T:USE_WATCH}]
Ship(1854.9, 3729.1, ori=4.12) | CP{pos=(2000.0, 5240.0)} [{Si:4,T:TURN,rotation:-0.7853981633974483},{Si:3,T:OAR},{Si:5,T:OAR},{Si:0,T:USE_WATCH}]
Ship(1787.9, 3684.5, ori=3.33) | CP{pos=(2000.0, 5240.0)} [{Si:4,T:TURN,rotation:-0.7853981633974483},{Si:3,T:OAR},{Si:5,T:OAR},{Si:0,T:USE_WATCH}]
Ship(1709.1, 3700.4, ori=2.55) | CP{pos=(2000.0, 5240.0)} [{Si:4,T:TURN,rotation:-0.7853981633974483},{Si:3,T:OAR},{Si:5,T:OAR},{Si:6,T:OAR},{Si:2,T:OAR},{Si:0,T:USE_WATCH}]
Ship(1620.1, 3834.3, ori=1.76) | CP{pos=(2000.0, 5240.0)} [{Si:4,T:TURN,rotation:-0.19030615652022842},{Si:3,T:OAR},{Si:5,T:OAR},{Si:6,T:OAR},{Si:2,T:OAR},{Si:0,T:USE_WATCH}]
Ship(1604.3, 3998.3, ori=1.57) | CP{pos=(2000.0, 5240.0)} [{Si:3,T:OAR},{Si:5,T:OAR},{Si:6,T:OAR},{Si:2,T:OAR},{Si:0,T:USE_WATCH}]
Ship(1604.3, 4163.3, ori=1.57) | CP{pos=(2000.0, 5240.0)} [{Si:3,T:OAR},{Si:5,T:OAR},{Si:6,T:OAR},{Si:2,T:OAR},{Si:0,T:USE_WATCH}]
Ship(1604.3, 4328.3, ori=1.57) | CP{pos=(2000.0, 5240.0)} [{Si:3,T:OAR},{Si:5,T:OAR},{Si:6,T:OAR},{Si:2,T:OAR},{Si:0,T:USE_WATCH}]
Ship(1604.3, 4493.3, ori=1.57) | CP{pos=(2000.0, 5240.0)} [{Si:3,T:OAR},{Si:5,T:OAR},{Si:6,T:OAR},{Si:2,T:OAR},{Si:0,T:USE_WATCH}]
Ship(1604.3, 4658.3, ori=1.57) | CP{pos=(2000.0, 5240.0)} [{Si:3,T:OAR},{Si:5,T:OAR},{Si:6,T:OAR},{Si:2,T:OAR},{Si:0,T:USE_WATCH}]
Ship(1604.3, 4823.3, ori=1.57) | CP{pos=(2000.0, 5240.0)} [{Si:3,T:OAR},{Si:5,T:OAR},{Si:0,T:USE_WATCH}]
Ship(1604.3, 4905.8, ori=1.57) | CP{pos=(2000.0, 5240.0)} [{Si:4,T:TURN,rotation:-0.7853981633974483},{Si:3,T:OAR},{Si:6,T:OAR},{Si:5,T:OAR},{Si:0,T:USE_WATCH}]
Ship(1682.4, 4985.2, ori=0.0) | CP{pos=(2000.0, 5240.0)} [{Si:1,T:LIFT_SAIL},{Si:3,T:OAR},{Si:5,T:OAR},{Si:0,T:USE_WATCH}]
Ship(1914.9, 4985.2, ori=0.0) | CP{pos=(2000.0, 5240.0)} [{Si:4,T:TURN,rotation:0.7853981633974483},{Si:5,T:OAR},{Si:3,T:OAR},{Si:2,T:OAR},{Si:0,T:USE_WATCH}]
Ship(2070.1, 5111.1, ori=1.57) | CP{pos=(3600.0, 5160.0)} [{Si:4,T:TURN,rotation:0.2867641487421766},{Si:1,T:LOWER_SAIL},{Si:3,T:OAR},{Si:5,T:OAR},{Si:0,T:USE_WATCH}]
Ship(2058.4, 5192.5, ori=1.86) | CP{pos=(3600.0, 5160.0)} [{Si:4,T:TURN,rotation:-0.022527088282354946},{Si:3,T:OAR},{Si:5,T:OAR},{Si:0,T:USE_WATCH}]
Ship(2036.0, 5271.8, ori=1.84) | CP{pos=(3600.0, 5160.0)} [{Si:3,T:OAR},{Si:5,T:OAR},{Si:0,T:USE_WATCH}]
Ship(2014.4, 5351.5, ori=1.84) | CP{pos=(3600.0, 5160.0)} [{Si:3,T:OAR},{Si:5,T:OAR},{Si:0,T:USE_WATCH}]
Ship(1992.9, 5431.1, ori=1.84) | CP{pos=(3600.0, 5160.0)} [{Si:4,T:TURN,rotation:-0.7853981633974483},{Si:3,T:OAR},{Si:6,T:OAR},{Si:5,T:OAR},{Si:0,T:USE_WATCH}]
Ship(2047.6, 5528.2, ori=0.26) | CP{pos=(3600.0, 5160.0)} [{Si:4,T:TURN,rotation:-0.26423706045982176},{Si:1,T:LIFT_SAIL},{Si:3,T:OAR},{Si:5,T:OAR},{Si:6,T:OAR},{Si:2,T:OAR},{Si:0,T:USE_WATCH}]
Ship(2357.2, 5569.6, ori=0.0) | CP{pos=(3600.0, 5160.0)} [{Si:4,T:TURN,rotation:0.7853981633974483},{Si:5,T:OAR},{Si:0,T:USE_WATCH}]
Ship(2459.4, 5643.4, ori=1.57) | CP{pos=(3600.0, 5160.0)} [{Si:4,T:TURN,rotation:-0.7853981633974483},{Si:3,T:OAR},{Si:6,T:OAR},{Si:5,T:OAR},{Si:0,T:USE_WATCH}]
Ship(2611.8, 5770.5, ori=0.0) | CP{pos=(3600.0, 5160.0)} [{Si:3,T:OAR},{Si:5,T:OAR},{Si:6,T:OAR},{Si:2,T:OAR},{Si:0,T:USE_WATCH}]
Ship(2926.8, 5770.5, ori=0.0) | CP{pos=(3600.0, 5160.0)} [{Si:3,T:OAR},{Si:5,T:OAR},{Si:0,T:USE_WATCH}]
Ship(3159.3, 5770.5, ori=0.0) | CP{pos=(3600.0, 5160.0)} [{Si:4,T:TURN,rotation:-0.7853981633974483},{Si:3,T:OAR},{Si:6,T:OAR},{Si:5,T:OAR},{Si:0,T:USE_WATCH}]
Ship(3314.4, 5644.6, ori=-1.57) | CP{pos=(3600.0, 5160.0)} [{Si:3,T:OAR},{Si:5,T:OAR},{Si:6,T:OAR},{Si:2,T:OAR},{Si:0,T:USE_WATCH}]
Ship(3314.4, 5479.6, ori=-1.57) | CP{pos=(3600.0, 5160.0)} [{Si:3,T:OAR},{Si:5,T:OAR},{Si:0,T:USE_WATCH}]
Ship(3314.4, 5397.1, ori=-1.57) | CP{pos=(3600.0, 5160.0)} [{Si:4,T:TURN,rotation:0.7853981633974483},{Si:5,T:OAR},{Si:3,T:OAR},{Si:2,T:OAR},{Si:0,T:USE_WATCH}]
Ship(3466.8, 5270.0, ori=0.0) | CP{pos=(3600.0, 5160.0)} [{Si:4,T:TURN,rotation:-0.6904756090904571},{Si:3,T:OAR},{Si:5,T:OAR},{Si:0,T:USE_WATCH}]
Ship(3671.7, 5199.2, ori=-0.69) | CP{pos=(3300.0, 3500.0)} [{Si:4,T:TURN,rotation:-0.7853981633974483},{Si:3,T:OAR},{Si:5,T:OAR},{Si:6,T:OAR},{Si:2,T:OAR},{Si:0,T:USE_WATCH}]
Ship(3785.1, 5001.3, ori=-1.48) | CP{pos=(3300.0, 3500.0)} [{Si:4,T:TURN,rotation:-0.09492255430699559},{Si:3,T:OAR},{Si:5,T:OAR},{Si:6,T:OAR},{Si:2,T:OAR},{Si:0,T:USE_WATCH}]
Ship(3793.5, 4829.3, ori=-1.57) | CP{pos=(3300.0, 3500.0)} [{Si:3,T:OAR},{Si:5,T:OAR},{Si:6,T:OAR},{Si:2,T:OAR},{Si:0,T:USE_WATCH}]
Ship(3793.5, 4664.3, ori=-1.57) | CP{pos=(3300.0, 3500.0)} [{Si:3,T:OAR},{Si:5,T:OAR},{Si:6,T:OAR},{Si:2,T:OAR},{Si:0,T:USE_WATCH}]
Ship(3793.5, 4499.3, ori=-1.57) | CP{pos=(3300.0, 3500.0)} [{Si:3,T:OAR},{Si:5,T:OAR},{Si:6,T:OAR},{Si:2,T:OAR},{Si:0,T:USE_WATCH}]
Ship(3793.5, 4334.3, ori=-1.57) | CP{pos=(3300.0, 3500.0)} [{Si:3,T:OAR},{Si:5,T:OAR},{Si:6,T:OAR},{Si:2,T:OAR},{Si:0,T:USE_WATCH}]
Ship(3793.5, 4169.3, ori=-1.57) | CP{pos=(3300.0, 3500.0)} [{Si:3,T:OAR},{Si:5,T:OAR},{Si:6,T:OAR},{Si:2,T:OAR},{Si:0,T:USE_WATCH}]
Ship(3793.5, 4004.3, ori=-1.57) | CP{pos=(3300.0, 3500.0)} [{Si:4,T:TURN,rotation:-0.7853981633974483},{Si:3,T:OAR},{Si:5,T:OAR},{Si:6,T:OAR},{Si:2,T:OAR},{Si:0,T:USE_WATCH}]
Ship(3759.4, 3902.9, ori=-2.36) | CP{pos=(3300.0, 3500.0)} [{Si:4,T:TURN,rotation:-0.0654409855164344},{Si:1,T:LOWER_SAIL},{Si:3,T:OAR},{Si:5,T:OAR},{Si:6,T:OAR},{Si:2,T:OAR},{Si:0,T:USE_WATCH}]
Ship(3639.1, 3790.1, ori=-2.42) | CP{pos=(3300.0, 3500.0)} [{Si:3,T:OAR},{Si:5,T:OAR},{Si:6,T:OAR},{Si:2,T:OAR},{Si:0,T:USE_WATCH}]
Ship(3515.0, 3681.3, ori=-2.42) | CP{pos=(3300.0, 3500.0)} [{Si:3,T:OAR},{Si:5,T:OAR},{Si:6,T:OAR},{Si:2,T:OAR},{Si:0,T:USE_WATCH}]
Ship(3391.0, 3572.5, ori=-2.42) | CP{pos=(2400.0, 2000.0)} [{Si:4,T:TURN,rotation:0.7853981633974483},{Si:3,T:OAR},{Si:5,T:OAR},{Si:6,T:OAR},{Si:2,T:OAR},{Si:0,T:USE_WATCH}]
Ship(3319.3, 3428.6, ori=-1.64) | CP{pos=(2400.0, 2000.0)} [{Si:4,T:TURN,rotation:0.06544098551643174},{Si:3,T:OAR},{Si:5,T:OAR},{Si:6,T:OAR},{Si:2,T:OAR},{Si:0,T:USE_WATCH}]
Ship(3313.8, 3263.7, ori=-1.57) | CP{pos=(2400.0, 2000.0)} [{Si:3,T:OAR},{Si:5,T:OAR},{Si:6,T:OAR},{Si:2,T:OAR},{Si:0,T:USE_WATCH}]
Ship(3313.8, 3098.7, ori=-1.57) | CP{pos=(2400.0, 2000.0)} [{Si:3,T:OAR},{Si:5,T:OAR},{Si:6,T:OAR},{Si:2,T:OAR},{Si:0,T:USE_WATCH}]
Ship(3313.8, 2933.7, ori=-1.57) | CP{pos=(2400.0, 2000.0)} [{Si:4,T:TURN,rotation:-0.7853981633974483},{Si:3,T:OAR},{Si:5,T:OAR},{Si:6,T:OAR},{Si:2,T:OAR},{Si:0,T:USE_WATCH}]
Ship(3252.9, 2784.9, ori=-2.36) | CP{pos=(2400.0, 2000.0)} [{Si:4,T:TURN,rotation:-0.7853981633974483},{Si:3,T:OAR},{Si:5,T:OAR},{Si:6,T:OAR},{Si:2,T:OAR},{Si:0,T:USE_WATCH}]
Ship(3104.6, 2722.8, ori=-3.14) | CP{pos=(2400.0, 2000.0)} [{Si:4,T:TURN,rotation:0.7853981633974483},{Si:5,T:OAR},{Si:3,T:OAR},{Si:2,T:OAR},{Si:0,T:USE_WATCH}]
Ship(3025.2, 2644.6, ori=-1.57) | CP{pos=(2400.0, 2000.0)} [{Si:3,T:OAR},{Si:5,T:OAR},{Si:0,T:USE_WATCH}]
Ship(3025.2, 2562.1, ori=-1.57) | CP{pos=(2400.0, 2000.0)} [{Si:4,T:TURN,rotation:-0.7853981633974483},{Si:3,T:OAR},{Si:6,T:OAR},{Si:5,T:OAR},{Si:0,T:USE_WATCH}]
Ship(2947.0, 2482.7, ori=-3.14) | CP{pos=(2400.0, 2000.0)} [{Si:3,T:OAR},{Si:5,T:OAR},{Si:0,T:USE_WATCH}]
Ship(2864.5, 2482.7, ori=-3.14) | CP{pos=(2400.0, 2000.0)} [{Si:4,T:TURN,rotation:0.7853981633974483},{Si:5,T:OAR},{Si:3,T:OAR},{Si:2,T:OAR},{Si:0,T:USE_WATCH}]
Ship(2785.1, 2404.6, ori=-1.57) | CP{pos=(2400.0, 2000.0)} [{Si:4,T:TURN,rotation:-0.7607465396797664},{Si:3,T:OAR},{Si:5,T:OAR},{Si:6,T:OAR},{Si:2,T:OAR},{Si:0,T:USE_WATCH}]
Ship(2725.9, 2254.8, ori=-2.33) | CP{pos=(2400.0, 2000.0)} [{Si:4,T:TURN,rotation:-0.14643841231375454},{Si:3,T:OAR},{Si:5,T:OAR},{Si:6,T:OAR},{Si:2,T:OAR},{Si:0,T:USE_WATCH}]
Ship(2603.9, 2143.9, ori=-2.48) | CP{pos=(2400.0, 2000.0)} [{Si:4,T:TURN,rotation:-0.04882396542673906},{Si:3,T:OAR},{Si:5,T:OAR},{Si:6,T:OAR},{Si:2,T:OAR},{Si:0,T:USE_WATCH}]
Ship(2471.5, 2045.5, ori=-2.53) | CP{pos=(1800.0, 360.0)} [{Si:4,T:TURN,rotation:0.7853981633974483},{Si:3,T:OAR},{Si:5,T:OAR},{Si:6,T:OAR},{Si:2,T:OAR},{Si:0,T:USE_WATCH}]
Ship(2385.1, 1909.9, ori=-1.74) | CP{pos=(1800.0, 360.0)} [{Si:4,T:TURN,rotation:0.17061075402281745},{Si:3,T:OAR},{Si:5,T:OAR},{Si:6,T:OAR},{Si:2,T:OAR},{Si:0,T:USE_WATCH}]
Ship(2370.9, 1745.7, ori=-1.57) | CP{pos=(1800.0, 360.0)} [{Si:3,T:OAR},{Si:5,T:OAR},{Si:6,T:OAR},{Si:2,T:OAR},{Si:0,T:USE_WATCH}]
Ship(2370.9, 1580.7, ori=-1.57) | CP{pos=(1800.0, 360.0)} [{Si:3,T:OAR},{Si:5,T:OAR},{Si:6,T:OAR},{Si:2,T:OAR},{Si:0,T:USE_WATCH}]
Ship(2370.9, 1415.7, ori=-1.57) | CP{pos=(1800.0, 360.0)} [{Si:3,T:OAR},{Si:5,T:OAR},{Si:6,T:OAR},{Si:2,T:OAR},{Si:0,T:USE_WATCH}]
Ship(2370.9, 1250.7, ori=-1.57) | CP{pos=(1800.0, 360.0)} [{Si:3,T:OAR},{Si:5,T:OAR},{Si:6,T:OAR},{Si:2,T:OAR},{Si:0,T:USE_WATCH}]
Ship(2370.9, 1085.7, ori=-1.57) | CP{pos=(1800.0, 360.0)} [{Si:3,T:OAR},{Si:5,T:OAR},{Si:6,T:OAR},{Si:2,T:OAR},{Si:0,T:USE_WATCH}]
Ship(2370.9, 920.7, ori=-1.57) | CP{pos=(1800.0, 360.0)} [{Si:4,T:TURN,rotation:-0.7853981633974483},{Si:3,T:OAR},{Si:6,T:OAR},{Si:5,T:OAR},{Si:0,T:USE_WATCH}]
Ship(2292.7, 841.3, ori=-3.14) | CP{pos=(1800.0, 360.0)} [{Si:3,T:OAR},{Si:5,T:OAR},{Si:0,T:USE_WATCH}]
Ship(2210.2, 841.3, ori=-3.14) | CP{pos=(1800.0, 360.0)} [{Si:4,T:TURN,rotation:0.7853981633974483},{Si:5,T:OAR},{Si:3,T:OAR},{Si:2,T:OAR},{Si:0,T:USE_WATCH}]
