cp:[300.0,1800.0,0.0, C150.0, 1900.0,3800.0,0.0, C150.0, 2000.0,5240.0,0.0, C150.0, 3600.0,5160.0,0.0, C150.0, 3300.0,3500.0,0.0, C150.0, 2400.0,2000.0,0.0, C150.0, 1800.0,360.0,0.0, C150.0,
W150.00.0[S1000.0,1000.0,0.78539816339R100.01400.00.0150.0, R1172.0,1548.0,0.0Pnull, R1655.0,1145.0,0.0Pnull, R1015.0,835.0,0.0Pnull]
360.0,320.0,1.5708cc300.0,1800.0,0.0, C150.0 S:[(0tt12), (1tt10), (2tt22), (3tt20), (4tt11), (5ft01), (6tt31)][LIS4, M6,1,1, R6-0.04, M0,1,2, O0, M1,1,-1, O1, M2,2,0, O2, M3,1,0, O3, M5,-1,-
W150.00.0[S1000.0,1000.0,0.78539816339R100.01400.00.0150.0, R1172.0,1548.0,0.0Pnull, R1655.0,1145.0,0.0Pnull, R1015.0,835.0,0.0Pnull]
363.7117593524817,488.2319114569021,1.526521482cc300.0,1800.0,0.0, C150.0 S:[(0tt12), (1tt10), (2tt22), (3tt20), (4ff11), (5ff01), (6tt31)][R60.0, O0, O1, O2, O3]
W150.00.0[S1000.0,1000.0,0.78539816339R100.01400.00.0150.0, R1172.0,1548.0,0.0Pnull, R1655.0,1145.0,0.0Pnull, R1015.0,835.0,0.0Pnull]
371.5420685434325,659.8885899332623,1.52387673cc300.0,1800.0,0.0, C150.0 S:[(0tt12), (1tt10), (2tt22), (3tt20), (4ff11), (5ff01), (6tt31)][R60.0, O0, O1, O2, O3]
W150.00.0[S1000.0,1000.0,0.78539816339R100.01400.00.0150.0, R1172.0,1548.0,0.0Pnull, R1655.0,1145.0,0.0Pnull, R1015.0,835.0,0.0Pnull]
379.62730042254304,831.7475701623174,1.523691938cc300.0,1800.0,0.0, C150.0 S:[(0tt12), (1tt10), (2tt22), (3tt20), (4ff11), (5ff01), (6tt31)][R60.0, O0, O1, O2, O3]
W150.00.0[S1000.0,1000.0,0.78539816339R100.01400.00.0150.0, R1172.0,1548.0,0.0Pnull, R1655.0,1145.0,0.0Pnull, R1015.0,835.0,0.0Pnull]
387.7305576534305,1003.6208142906603,1.523676927cc300.0,1800.0,0.0, C150.0 S:[(0tt12), (1tt10), (2tt22), (3tt20), (4ff11), (5ff01), (6tt31)][R60.0, O0, O1, O2, O3]
W150.00.0[S1000.0,1000.0,0.78539816339R100.01400.00.0150.0, R1172.0,1548.0,0.0Pnull, R1655.0,1145.0,0.0Pnull, R1015.0,835.0,0.0Pnull]
395.83530018617085,1175.4952335375845,1.523675472cc300.0,1800.0,0.0, C150.0 S:[(0tt12), (1tt10), (2tt22), (3tt20), (4ff11), (5ff01), (6tt31)][R60.0, O0, O1, O2, O3]
W150.00.0[S1000.0,1000.0,0.78539816339R100.01400.00.0150.0, R1172.0,1548.0,0.0Pnull, R1655.0,1145.0,0.0Pnull, R1015.0,835.0,0.0Pnull]
403.9401895364658,1347.3697689394578,1.523675298cc300.0,1800.0,0.0, C150.0 S:[(0tt12), (1tt10), (2tt22), (3tt20), (4ff11), (5ff01), (6tt31)][R60.0, O0, O1, O2, O3]
W150.00.0[S1000.0,1000.0,0.78539816339R100.01400.00.0150.0, R1172.0,1548.0,0.0Pnull, R1015.0,835.0,0.0Pnull]
412.0450969686206,1519.2443186468006,1.523675271cc300.0,1800.0,0.0, C150.0 S:[(0tt12), (1tt10), (2tt22), (3tt20), (4ff11), (5ff01), (6tt31)][R60.0, O0, O1, O2, O3]
W150.00.0[S1000.0,1000.0,0.78539816339R100.01400.00.0150.0, R1172.0,1548.0,0.0Pnull, R1015.0,835.0,0.0Pnull, R1876.0,2096.0,0.0Pnull, R1950.0,3065.0,0.0Pnull]
420.15000738754617,1691.1188707171275,1.523675265cc300.0,1800.0,0.0, C150.0 S:[(0tt12), (1tt10), (2tt22), (3tt20), (4ff11), (5ff01), (6tt31)][R60.0, O0, O1, O2, O3]
W150.00.0[S1000.0,1000.0,0.78539816339R100.01400.00.0150.0, R1172.0,1548.0,0.0Pnull, R1015.0,835.0,0.0Pnull, R1876.0,2096.0,0.0Pnull, R1950.0,3065.0,0.0Pnull]
428.2549186408652,1862.993423447585,1.523675262cc1900.0,3800.0,0.0, C150.0 S:[(0tt12), (1tt10), (2tt22), (3tt20), (4ff11), (5ff01), (6tt31)][R6-0.63, O0, O1, O2, O3]
W150.00.0[R1172.0,1548.0,0.0Pnull, R1015.0,835.0,0.0Pnull, R1876.0,2096.0,0.0Pnull, R1950.0,3065.0,0.0Pnull]
507.1949900730419,2061.060815144057,0.895595644cc1900.0,3800.0,0.0, C150.0 S:[(0tt12), (1tt10), (2tt22), (3tt20), (4ff11), (5ff01), (6tt31)][R6-0.02, O0, O1, O2, O3]
W150.00.0[R1172.0,1548.0,0.0Pnull, R1015.0,835.0,0.0Pnull, R1876.0,2096.0,0.0Pnull, R1950.0,3065.0,0.0Pnull]
671.3992795939417,2262.388784746166,0.877471078cc1900.0,3800.0,0.0, C150.0 S:[(0tt12), (1tt10), (2tt22), (3tt20), (4ff11), (5ff01), (6tt31)][R60.0, O0, O1, O2, O3]
W150.00.0[R1172.0,1548.0,0.0Pnull, R1876.0,2096.0,0.0Pnull, R1950.0,3065.0,0.0Pnull]
838.2191679987452,2462.997459063241,0.876722267cc1900.0,3800.0,0.0, C150.0 S:[(0tt12), (1tt10), (2tt22), (3tt20), (4ff11), (5ff01), (6tt31)][R60.0, O0, O1, O2, O3]
W150.00.0[R1172.0,1548.0,0.0Pnull, R1876.0,2096.0,0.0Pnull, R1950.0,3065.0,0.0Pnull]
1005.1474028024664,2663.5752499337996,0.876688368cc1900.0,3800.0,0.0, C150.0 S:[(0tt12), (1tt10), (2tt22), (3tt20), (4ff11), (5ff01), (6tt31)][R60.0, O0, O1, O2, O3]
W150.00.0[R1172.0,1548.0,0.0Pnull, R1876.0,2096.0,0.0Pnull, R1950.0,3065.0,0.0Pnull]
1172.0805626185993,2864.151634902321,0.876686683cc1900.0,3800.0,0.0, C150.0 S:[(0tt12), (1tt10), (2tt22), (3tt20), (4ff11), (5ff01), (6tt31)][R60.0, O0, O1, O2, O3]
W150.00.0[R1172.0,1548.0,0.0Pnull, R2265.0,3790.0,0.0Pnull, R1876.0,2096.0,0.0Pnull, R1950.0,3065.0,0.0Pnull]
1339.0139685866059,3064.727949599248,0.87668659cc1900.0,3800.0,0.0, C150.0 S:[(0tt12), (1tt10), (2tt22), (3tt20), (4ff11), (5ff01), (6tt31)][R60.0, O0, O1, O2, O3]
W150.00.0[R2592.0,3408.0,0.0Pnull, R2265.0,3790.0,0.0Pnull, R1876.0,2096.0,0.0Pnull, R2160.0,4175.0,0.0Pnull, R1950.0,3065.0,0.0Pnull]
1505.9473883201747,3265.3042603663625,0.876686584cc1900.0,3800.0,0.0, C150.0 S:[(0tt12), (1tt10), (2tt22), (3tt20), (4ff11), (5ff01), (6tt31)][R60.27, O0, O1, O2, O3]
W150.00.0[R2592.0,3408.0,0.0Pnull, R2265.0,3790.0,0.0Pnull, R1876.0,2096.0,0.0Pnull, R2160.0,4175.0,0.0Pnull, R2196.0,4684.0,0.0Pnull, R1950.0,3065.0,0.0Pnull]
1635.538681184071,3471.3660238912807,1.151411768cc1900.0,3800.0,0.0, C150.0 S:[(0tt12), (1tt10), (2tt22), (3tt20), (4ff11), (5ff01), (6tt31)][R60.08, O0, O1, O2, O3]
W150.00.0[R2592.0,3408.0,0.0Pnull, R2265.0,3790.0,0.0Pnull, R1876.0,2096.0,0.0Pnull, R2160.0,4175.0,0.0Pnull, R2196.0,4684.0,0.0Pnull, R2724.0,4940.0,0.0Pnull, R1950.0,3065.0,0.0Pnull]
1717.4177527988559,3676.1696268767114,1.230986846cc1900.0,3800.0,0.0, C150.0 S:[(0tt12), (1tt10), (2tt22), (3tt20), (4ff11), (5ff01), (6tt31)][R60.04, O0, O1, O2, O3]
W150.00.0[R3023.3333333333335,4403.333333333333,0.0Pnull, R2592.0,3408.0,0.0Pnull, R2265.0,3790.0,0.0Pnull, R2160.0,4175.0,0.0Pnull, R2196.0,4684.0,0.0Pnull, R2724.0,4940.0,0.0Pnull, R1950.0
1783.9469658614169,3877.494243081638,1.272901603cc2000.0,5240.0,0.0, C150.0 S:[(0tt12), (1tt10), (2tt22), (3tt20), (4ff11), (5ff01), (6tt31)][R60.2, O0, O1, O2, O3]
W150.00.0[R3023.3333333333335,4403.333333333333,0.0Pnull, R2592.0,3408.0,0.0Pnull, R2265.0,3790.0,0.0Pnull, R2160.0,4175.0,0.0Pnull, R2196.0,4684.0,0.0Pnull, R2724.0,4940.0,0.0Pnull, R1950.0
1822.4715653930405,4067.648294821211,1.476149499cc2000.0,5240.0,0.0, C150.0 S:[(0tt12), (1tt10), (2tt22), (3tt20), (4ff11), (5ff01), (6tt31)][R60.02, O0, O1, O2, O3]
W150.00.0[R3023.3333333333335,4403.333333333333,0.0Pnull, R2592.0,3408.0,0.0Pnull, R2265.0,3790.0,0.0Pnull, R2160.0,4175.0,0.0Pnull, R2196.0,4684.0,0.0Pnull, R2724.0,4940.0,0.0Pnull, R1950.0
1837.5465752056198,4244.7245342744145,1.495838174cc2000.0,5240.0,0.0, C150.0 S:[(0tt12), (1tt10), (2tt22), (3tt20), (4ff11), (5ff01), (6tt31)][R6-0.21, O0, O1, O2, O3]
W150.00.0[R3023.3333333333335,4403.333333333333,0.0Pnull, R2265.0,3790.0,0.0Pnull, R2160.0,4175.0,0.0Pnull, R2196.0,4684.0,0.0Pnull, R2724.0,4940.0,0.0Pnull, R1950.0,3065.0,0.0Pnull]
1871.7025278957074,4432.677614921963,1.289629596cc2000.0,5240.0,0.0, C150.0 S:[(0tt12), (1tt10), (2tt22), (3tt20), (4ff11), (5ff01), (6tt31)][R6-0.02, O0, O1, O2, O3]
W150.00.0[R3023.3333333333335,4403.333333333333,0.0Pnull, R2265.0,3790.0,0.0Pnull, R2160.0,4175.0,0.0Pnull, R2196.0,4684.0,0.0Pnull, R2724.0,4940.0,0.0Pnull, R1950.0,3065.0,0.0Pnull]
1931.7511389136746,4632.075823108464,1.266772991cc2000.0,5240.0,0.0, C150.0 S:[(0tt12), (1tt10), (2tt22), (3tt20), (4ff11), (5ff01), (6tt31)][R60.0, O0, O1, O2, O3]
W150.00.0[R3023.3333333333335,4403.333333333333,0.0Pnull, R2265.0,3790.0,0.0Pnull, R2160.0,4175.0,0.0Pnull, R2196.0,4684.0,0.0Pnull, R2724.0,4940.0,0.0Pnull]
1995.0411101149982,4832.490166567501,1.263014767cc2000.0,5240.0,0.0, C150.0 S:[(0tt12), (1tt10), (2tt22), (3tt20), (4ff11), (5ff01), (6tt31)][R60.0, O0, O1, O2, O3]
W150.00.0[R3023.3333333333335,4403.333333333333,0.0Pnull, R2265.0,3790.0,0.0Pnull, R2160.0,4175.0,0.0Pnull, R2196.0,4684.0,0.0Pnull, R2724.0,4940.0,0.0Pnull]
2058.905984547793,5033.076258363137,1.262082605cc2000.0,5240.0,0.0, C150.0 S:[(0tt12), (1tt10), (2tt22), (3tt20), (4ff11), (5ff01), (6tt31)][R60.0, O0, O1, O2, O3]
W150.00.0[R3023.3333333333335,4403.333333333333,0.0Pnull, R2160.0,4175.0,0.0Pnull, R2196.0,4684.0,0.0Pnull, R2724.0,4940.0,0.0Pnull]
2122.940819056779,5233.7126583173995,1.261626464cc3600.0,5160.0,0.0, C150.0 S:[(0tt12), (1tt10), (2tt22), (3tt20), (4ff11), (5ff01), (6tt31)][R6-0.77, O0, O1, O2, O3]
W150.00.0[R3023.3333333333335,4403.333333333333,0.0Pnull, R2160.0,4175.0,0.0Pnull, R2196.0,4684.0,0.0Pnull, R2724.0,4940.0,0.0Pnull]
2288.159195075252,5424.118876332693,0.487259813cc3600.0,5160.0,0.0, C150.0 S:[(0tt12), (1tt10), (2tt22), (3tt20), (4ff11), (5ff01), (6tt31)][R6-0.35, O0, O1, O2, O3]
W150.00.0[R3023.3333333333335,4403.333333333333,0.0Pnull, R2196.0,4684.0,0.0Pnull, R2724.0,4940.0,0.0Pnull]
2578.8098602640825,5517.841894196044,0.136185896cc3600.0,5160.0,0.0, C150.0 S:[(0tt12), (1tt10), (2tt22), (3tt20), (4ff11), (5ff01), (6tt31)][R6-0.35, O0, O1, O2, O3]
W150.00.0[R3023.3333333333335,4403.333333333333,0.0Pnull, R2196.0,4684.0,0.0Pnull, R2724.0,4940.0,0.0Pnull]
2891.211233647716,5506.874336675328,-0.210171345cc3600.0,5160.0,0.0, C150.0 S:[(0tt12), (1tt10), (2tt22), (3tt20), (4ff11), (5ff01), (6tt31)][R6-0.4, O0, O1, O2, O3]
W150.00.0[R3023.3333333333335,4403.333333333333,0.0Pnull, R2196.0,4684.0,0.0Pnull, R2724.0,4940.0,0.0Pnull]
3166.5261524696025,5388.458743409928,-0.611521689cc3600.0,5160.0,0.0, C150.0 S:[(0tt12), (1tt10), (2tt22), (3tt20), (4ff11), (5ff01), (6tt31)][R6-0.13, O0, O1, O2, O3]
W150.00.0[R3023.3333333333335,4403.333333333333,0.0Pnull, R2196.0,4684.0,0.0Pnull, R2724.0,4940.0,0.0Pnull]
3385.795530602046,5211.938991804628,-0.746449442cc3600.0,5160.0,0.0, C150.0 S:[(0tt12), (1tt10), (2tt22), (3tt20), (4ff11), (5ff01), (6tt31)][R6-0.11, O0, O1, O2, O3]
W150.00.0[R3023.3333333333335,4403.333333333333,0.0Pnull, R2196.0,4684.0,0.0Pnull, R2724.0,4940.0,0.0Pnull]
3573.150794997618,5018.674458430759,-0.857323414cc3300.0,3500.0,0.0, C150.0 S:[(0tt12), (1tt10), (2tt22), (3tt20), (4ff11), (5ff01), (6tt31)][R6-0.59, O0, O1, O2, O3]
W150.00.0[R3023.3333333333335,4403.333333333333,0.0Pnull, R2724.0,4940.0,0.0Pnull]
3667.6283588626743,4817.482830443625,-1.447213443cc3300.0,3500.0,0.0, C150.0 S:[(0tt12), (1tt10), (2tt22), (3tt20), (4ff11), (5ff01), (6tt31)][R6-0.17, O0, O1, O2, O3]
W150.00.0[R3023.3333333333335,4403.333333333333,0.0Pnull, R2724.0,4940.0,0.0Pnull]
3675.0696901072365,4646.621317112795,-1.612996609cc3300.0,3500.0,0.0, C150.0 S:[(0tt12), (1tt10), (2tt22), (3tt20), (4tt11), (5ff01), (6tt31)][LOS4, R6-0.06, O0, O1, O2, O3]
W150.00.0[R3023.3333333333335,4403.333333333333,0.0Pnull, R2724.0,4940.0,0.0Pnull]
3663.291045041005,4482.066342201983,-1.672100915cc3300.0,3500.0,0.0, C150.0 S:[(0tt12), (1tt10), (2tt22), (3tt20), (4ff11), (5ff01), (6tt31)][R6-0.06, O0, O1, O2, O3]
W150.00.0[R3023.3333333333335,4403.333333333333,0.0Pnull, R2724.0,4940.0,0.0Pnull]
3641.8004404595868,4318.496206195364,-1.731357095cc3300.0,3500.0,0.0, C150.0 S:[(0tt12), (1tt10), (2tt22), (3tt20), (4ff11), (5ff01), (6tt31)][R6-0.13, O0, O1, O2, O3]
W150.00.0[R3023.3333333333335,4403.333333333333,0.0Pnull, R2592.0,3408.0,0.0Pnull]
3605.2903134858557,4157.699378079042,-1.858046335cc3300.0,3500.0,0.0, C150.0 S:[(0tt12), (1tt10), (2tt22), (3tt20), (4ff11), (5ff01), (6tt31)][R6-0.02, O0, O1, O2, O3]
W150.00.0[R3023.3333333333335,4403.333333333333,0.0Pnull, R2592.0,3408.0,0.0Pnull]
3557.3464639052036,3999.820132581265,-1.87334769cc3300.0,3500.0,0.0, C150.0 S:[(0tt12), (1tt10), (2tt22), (3tt20), (4ff11), (5ff01), (6tt31)][R60.0, O0, O1, O2, O3]
W150.00.0[R3023.3333333333335,4403.333333333333,0.0Pnull, R2592.0,3408.0,0.0Pnull]
3507.9939651110058,3842.373895938653,-1.875780812cc3300.0,3500.0,0.0, C150.0 S:[(0tt12), (1tt10), (2tt22), (3tt20), (4ff11), (5ff01), (6tt31)][R60.0, O0, O1, O2, O3]
W150.00.0[R3023.3333333333335,4403.333333333333,0.0Pnull, R2592.0,3408.0,0.0Pnull]
3458.404039660615,3685.0022384829927,-1.876345544cc3300.0,3500.0,0.0, C150.0 S:[(0tt12), (1tt10), (2tt22), (3tt20), (4ff11), (5ff01), (6tt31)][R60.0, O0, O1, O2, O3]
W150.00.0[R3023.3333333333335,4403.333333333333,0.0Pnull, R2592.0,3408.0,0.0Pnull]
3408.7503421526385,3527.650688791477,-1.8765881cc2400.0,2000.0,0.0, C150.0 S:[(0tt12), (1tt10), (2tt22), (3tt20), (4ff11), (5ff01), (6tt31)][R6-0.22, O0, O1, O2, O3]
W150.00.0[R3023.3333333333335,4403.333333333333,0.0Pnull, R2592.0,3408.0,0.0Pnull]
3342.679359543779,3376.8073988489223,-2.092845238cc2400.0,2000.0,0.0, C150.0 S:[(0tt12), (1tt10), (2tt22), (3tt20), (4ff11), (5ff01), (6tt31)][R6-0.01, O0, O1, O2, O3]
W150.00.0[R3023.3333333333335,4403.333333333333,0.0Pnull, R2592.0,3408.0,0.0Pnull, R2265.0,3790.0,0.0Pnull, R1950.0,3065.0,0.0Pnull]
3259.636460335147,3234.228959802526,-2.103665844cc2400.0,2000.0,0.0, C150.0 S:[(0tt12), (1tt10), (2tt22), (3tt20), (4ff11), (5ff01), (6tt31)][R60.0, O0, O1, O2, O3]
W150.00.0[R3023.3333333333335,4403.333333333333,0.0Pnull, R2592.0,3408.0,0.0Pnull, R2265.0,3790.0,0.0Pnull, R1950.0,3065.0,0.0Pnull]
