cp:[3556.2644175317155,-1430.219146482121,0.0, C100.0, 2290.4051326412828,6279.555940023068,0.0, C500.0, 5208.513552479799,-1990.3402537485556,0.0, C350.0, 3590.866493656281,-1063.2929642445
W65.00.0[R3886.9665513264113,-1071.222606689735,0.0R50.0,350.0,0.0, R4192.6182237600915,2376.0092272203005,0.0Pnull, R3350.6343713956185,-865.0519031141873,0.0R350.0,50.0,0.0, S3621.68396770
3460.207612456746,-765.5709342560549,-1.483529864cc3556.2644175317155,-1430.219146482121,0.0, C100.0 S:[(0tt12), (1tt01), (2tt10), (3tt22), (4tt20), (5tt32), (6tt30), (7tt42), (8tt40), (9tt5
W65.00.0[R3886.9665513264113,-1071.222606689735,0.0R50.0,350.0,0.0, R4192.6182237600915,2376.0092272203005,0.0Pnull, R3350.6343713956185,-865.0519031141873,0.0R350.0,50.0,0.0, S3621.68396770
3480.03165590557,-936.8699780704775,-1.427267333cc3556.2644175317155,-1430.219146482121,0.0, C100.0 S:[(0tt12), (1tt01), (2tt10), (3tt22), (4tt20), (5tt32), (6tt30), (7tt42), (8tt40), (9tt52
W65.00.0[R3886.9665513264113,-1071.222606689735,0.0R50.0,350.0,0.0, R4192.6182237600915,2376.0092272203005,0.0Pnull, R3350.6343713956185,-865.0519031141873,0.0R350.0,50.0,0.0, S3621.68396770
3504.9625795240827,-1109.3751308505532,-1.427267333cc3556.2644175317155,-1430.219146482121,0.0, C100.0 S:[(0tt12), (1tt01), (2tt10), (3tt22), (4tt20), (5tt32), (6tt30), (7tt42), (8tt40), (9t
W65.00.0[R3886.9665513264113,-1071.222606689735,0.0R50.0,350.0,0.0, R4192.6182237600915,2376.0092272203005,0.0Pnull, R3350.6343713956185,-865.0519031141873,0.0R350.0,50.0,0.0, S3621.68396770
3529.8935031425954,-1281.8802836306347,-1.427267333cc3556.2644175317155,-1430.219146482121,0.0, C100.0 S:[(0tt12), (1tt01), (2tt10), (3tt22), (4tt20), (5tt32), (6tt30), (7tt42), (8tt40), (9t
W65.00.0[R3886.9665513264113,-1071.222606689735,0.0R50.0,350.0,0.0, R4192.6182237600915,2376.0092272203005,0.0Pnull, R3350.6343713956185,-865.0519031141873,0.0R350.0,50.0,0.0, S3621.68396770
3556.10995004955,-1444.7769240160605,-1.394859571cc2290.4051326412828,6279.555940023068,0.0, C500.0 S:[(0tt12), (1tt01), (2tt22), (3tt32), (4tt42), (5ft30), (6ft20), (7ft52), (8ff40), (9ft51
W65.00.0[R3886.9665513264113,-1071.222606689735,0.0R50.0,350.0,0.0, R4192.6182237600915,2376.0092272203005,0.0Pnull, R3350.6343713956185,-865.0519031141873,0.0R350.0,50.0,0.0, S3621.68396770
3633.4326371270254,-1512.4729453355392,-0.138222509cc2290.4051326412828,6279.555940023068,0.0, C500.0 S:[(0tt12), (1tt01), (2tt20), (3tt32), (4tt40), (5tt22), (6tt10), (7tt52), (8tt30), (9tt
W65.00.0[R3886.9665513264113,-1071.222606689735,0.0R50.0,350.0,0.0, R4192.6182237600915,2376.0092272203005,0.0Pnull, R3350.6343713956185,-865.0519031141873,0.0R350.0,50.0,0.0, S3621.68396770
3861.131904821981,-1541.047291182756,-0.111189463cc2290.4051326412828,6279.555940023068,0.0, C500.0 S:[(0tt12), (1tt01), (2tt20), (3tt32), (4tt40), (5tt22), (6tt10), (7tt52), (8tt30), (9tt42
W65.00.0[R3886.9665513264113,-1071.222606689735,0.0R50.0,350.0,0.0, R4192.6182237600915,2376.0092272203005,0.0Pnull, R3350.6343713956185,-865.0519031141873,0.0R350.0,50.0,0.0, S3621.68396770
4089.3127046424197,-1566.5236674965604,-0.111189463cc2290.4051326412828,6279.555940023068,0.0, C500.0 S:[(0tt12), (1tt01), (2tt20), (3tt32), (4tt40), (5tt22), (6tt10), (7tt52), (8tt30), (9tt
W65.00.0[R3886.9665513264113,-1071.222606689735,0.0R50.0,350.0,0.0, R4192.6182237600915,2376.0092272203005,0.0Pnull, R3350.6343713956185,-865.0519031141873,0.0R350.0,50.0,0.0, S3621.68396770
4317.493504462858,-1592.0000438103648,-0.111189463cc2290.4051326412828,6279.555940023068,0.0, C500.0 S:[(0tt12), (1tt01), (2tt20), (3tt32), (4tt40), (5tt22), (6tt10), (7tt52), (8tt30), (9tt4
W65.00.0[R3886.9665513264113,-1071.222606689735,0.0R50.0,350.0,0.0, R4192.6182237600915,2376.0092272203005,0.0Pnull, R3350.6343713956185,-865.0519031141873,0.0R350.0,50.0,0.0, S3621.68396770
4545.674304283297,-1617.4764201241692,-0.111189463cc2290.4051326412828,6279.555940023068,0.0, C500.0 S:[(0tt12), (1tt01), (2tt20), (3tt32), (4tt40), (5tt22), (6tt10), (7tt52), (8tt30), (9tt4
W65.00.0[R3886.9665513264113,-1071.222606689735,0.0R50.0,350.0,0.0, R4192.6182237600915,2376.0092272203005,0.0Pnull, R3350.6343713956185,-865.0519031141873,0.0R350.0,50.0,0.0, S3621.68396770
4773.855104103735,-1642.9527964379736,-0.111189463cc2290.4051326412828,6279.555940023068,0.0, C500.0 S:[(0tt12), (1tt01), (2tt20), (3tt32), (4tt40), (5tt22), (6tt10), (7tt52), (8tt30), (9tt4
W65.00.0[R3886.9665513264113,-1071.222606689735,0.0R50.0,350.0,0.0, R4192.6182237600915,2376.0092272203005,0.0Pnull, R3350.6343713956185,-865.0519031141873,0.0R350.0,50.0,0.0, S3621.68396770
5002.035903924174,-1668.429172751778,-0.111189463cc2290.4051326412828,6279.555940023068,0.0, C500.0 S:[(0tt12), (1tt01), (2tt20), (3tt32), (4tt40), (5tt22), (6tt10), (7tt52), (8tt30), (9tt42
W65.00.0[R3886.9665513264113,-1071.222606689735,0.0R50.0,350.0,0.0, R4192.6182237600915,2376.0092272203005,0.0Pnull, R3350.6343713956185,-865.0519031141873,0.0R350.0,50.0,0.0, S3621.68396770
5230.2167037446125,-1693.9055490655824,-0.111189463cc2290.4051326412828,6279.555940023068,0.0, C500.0 S:[(0tt12), (1tt01), (2tt20), (3tt32), (4tt40), (5tt22), (6tt10), (7tt52), (8tt30), (9tt
W65.00.0[R3886.9665513264113,-1071.222606689735,0.0R50.0,350.0,0.0, R4192.6182237600915,2376.0092272203005,0.0Pnull, R3350.6343713956185,-865.0519031141873,0.0R350.0,50.0,0.0, S3621.68396770
5458.397503565051,-1719.3819253793868,-0.111189463cc2290.4051326412828,6279.555940023068,0.0, C500.0 S:[(0tt12), (1tt01), (2tt20), (3tt32), (4tt40), (5tt22), (6tt10), (7tt52), (8tt30), (9tt4
W65.00.0[R3886.9665513264113,-1071.222606689735,0.0R50.0,350.0,0.0, R4192.6182237600915,2376.0092272203005,0.0Pnull, R3350.6343713956185,-865.0519031141873,0.0R350.0,50.0,0.0, S3621.68396770
5686.57830338549,-1744.8583016931912,-0.111189463cc2290.4051326412828,6279.555940023068,0.0, C500.0 S:[(0tt12), (1tt01), (2tt20), (3tt32), (4tt40), (5tt22), (6tt10), (7tt52), (8tt30), (9tt42
W65.00.0[R3886.9665513264113,-1071.222606689735,0.0R50.0,350.0,0.0, R4192.6182237600915,2376.0092272203005,0.0Pnull, R3350.6343713956185,-865.0519031141873,0.0R350.0,50.0,0.0, S3621.68396770
5914.759103205928,-1770.3346780069955,-0.111189463cc2290.4051326412828,6279.555940023068,0.0, C500.0 S:[(0tt12), (1tt01), (2tt20), (3tt32), (4tt40), (5tt22), (6tt10), (7tt52), (8tt30), (9tt4
W65.00.0[R3886.9665513264113,-1071.222606689735,0.0R50.0,350.0,0.0, R4192.6182237600915,2376.0092272203005,0.0Pnull, R3350.6343713956185,-865.0519031141873,0.0R350.0,50.0,0.0, S3621.68396770
6142.939903026367,-1795.8110543208,-0.111189463cc2290.4051326412828,6279.555940023068,0.0, C500.0 S:[(0tt12), (1tt01), (2tt20), (3tt32), (4tt40), (5tt22), (6tt10), (7tt52), (8tt30), (9tt42),
W65.00.0[R3886.9665513264113,-1071.222606689735,0.0R50.0,350.0,0.0, R4192.6182237600915,2376.0092272203005,0.0Pnull, R3350.6343713956185,-865.0519031141873,0.0R350.0,50.0,0.0, S3621.68396770
6371.120702846805,-1821.2874306346043,-0.111189463cc2290.4051326412828,6279.555940023068,0.0, C500.0 S:[(0tt12), (1tt01), (2tt20), (3tt32), (4tt40), (5tt22), (6tt10), (7tt52), (8tt30), (9tt4
W65.00.0[R3886.9665513264113,-1071.222606689735,0.0R50.0,350.0,0.0, R4192.6182237600915,2376.0092272203005,0.0Pnull, R3350.6343713956185,-865.0519031141873,0.0R350.0,50.0,0.0, S3621.68396770
6599.301502667244,-1846.7638069484087,-0.111189463cc2290.4051326412828,6279.555940023068,0.0, C500.0 S:[(0tt12), (1tt01), (2tt20), (3tt32), (4tt40), (5tt22), (6tt10), (7tt52), (8tt30), (9tt4
W65.00.0[R3886.9665513264113,-1071.222606689735,0.0R50.0,350.0,0.0, R4192.6182237600915,2376.0092272203005,0.0Pnull, R3350.6343713956185,-865.0519031141873,0.0R350.0,50.0,0.0, S3621.68396770
6832.4851631975025,-1861.003574133209,-0.111189463cc2290.4051326412828,6279.555940023068,0.0, C500.0 S:[(0tt12), (1tt01), (2tt20), (3tt32), (4tt40), (5tt22), (6tt10), (7tt52), (8tt30), (9tt4
W65.00.0[R3886.9665513264113,-1071.222606689735,0.0R50.0,350.0,0.0, R4192.6182237600915,2376.0092272203005,0.0Pnull, R3350.6343713956185,-865.0519031141873,0.0R350.0,50.0,0.0, S3621.68396770
7072.868062310185,-1859.073586717735,-0.111189463cc2290.4051326412828,6279.555940023068,0.0, C500.0 S:[(0tt12), (1tt01), (2tt22), (3tt32), (4tt42), (5tt52), (6ff10), (7ft50), (8ff30), (9ft31
W65.00.0[R3886.9665513264113,-1071.222606689735,0.0R50.0,350.0,0.0, R4192.6182237600915,2376.0092272203005,0.0Pnull, R3350.6343713956185,-865.0519031141873,0.0R350.0,50.0,0.0, S3621.68396770
7144.463901140293,-1767.01232667366,2.245005027cc2290.4051326412828,6279.555940023068,0.0, C500.0 S:[(0tt10), (1tt01), (2tt20), (3tt30), (4tt42), (5tt50), (6tt12), (7tt40), (8ft32), (9tt31),
W65.00.0[R3886.9665513264113,-1071.222606689735,0.0R50.0,350.0,0.0, R4192.6182237600915,2376.0092272203005,0.0Pnull, R3350.6343713956185,-865.0519031141873,0.0R350.0,50.0,0.0, S3621.68396770
7133.722377857709,-1630.7242010451905,1.302527231cc2290.4051326412828,6279.555940023068,0.0, C500.0 S:[(0tt12), (1tt01), (2tt20), (3tt32), (4tt40), (5tt52), (6tt10), (7tt42), (8tt30), (9tt31
W65.00.0[R3886.9665513264113,-1071.222606689735,0.0R50.0,350.0,0.0, R4192.6182237600915,2376.0092272203005,0.0Pnull, R3350.6343713956185,-865.0519031141873,0.0R350.0,50.0,0.0, S3621.68396770
7202.180552562996,-1427.367549579172,1.219709481cc2290.4051326412828,6279.555940023068,0.0, C500.0 S:[(0tt12), (1tt01), (2tt20), (3tt32), (4tt40), (5tt52), (6tt10), (7tt42), (8tt30), (9tt22)
W65.00.0[R3886.9665513264113,-1071.222606689735,0.0R50.0,350.0,0.0, R4192.6182237600915,2376.0092272203005,0.0Pnull, R3350.6343713956185,-865.0519031141873,0.0R350.0,50.0,0.0, S3621.68396770
7278.817412205436,-1224.0352138826536,1.219709481cc2290.4051326412828,6279.555940023068,0.0, C500.0 S:[(0tt12), (1tt01), (2tt20), (3tt32), (4tt40), (5tt52), (6tt10), (7tt42), (8tt30), (9tt22
W65.00.0[R3886.9665513264113,-1071.222606689735,0.0R50.0,350.0,0.0, R4192.6182237600915,2376.0092272203005,0.0Pnull, R3350.6343713956185,-865.0519031141873,0.0R350.0,50.0,0.0, S3621.68396770
7355.454271847876,-1020.7028781861352,1.219709481cc2290.4051326412828,6279.555940023068,0.0, C500.0 S:[(0tt12), (1tt01), (2tt20), (3tt32), (4tt40), (5tt52), (6tt10), (7tt42), (8tt30), (9tt22
W65.00.0[R3886.9665513264113,-1071.222606689735,0.0R50.0,350.0,0.0, R4192.6182237600915,2376.0092272203005,0.0Pnull, R3350.6343713956185,-865.0519031141873,0.0R350.0,50.0,0.0, S3621.68396770
7432.091131490316,-817.3705424896168,1.219709481cc2290.4051326412828,6279.555940023068,0.0, C500.0 S:[(0tt12), (1tt01), (2tt20), (3tt32), (4tt40), (5tt52), (6tt10), (7tt42), (8tt30), (9tt22)
W65.00.0[R3886.9665513264113,-1071.222606689735,0.0R50.0,350.0,0.0, R4192.6182237600915,2376.0092272203005,0.0Pnull, R3350.6343713956185,-865.0519031141873,0.0R350.0,50.0,0.0, S3621.68396770
7508.727991132756,-614.0382067930984,1.219709481cc2290.4051326412828,6279.555940023068,0.0, C500.0 S:[(0tt12), (1tt01), (2tt20), (3tt32), (4tt40), (5tt52), (6tt10), (7tt42), (8tt30), (9tt22)
W65.00.0[R3886.9665513264113,-1071.222606689735,0.0R50.0,350.0,0.0, R4192.6182237600915,2376.0092272203005,0.0Pnull, R3350.6343713956185,-865.0519031141873,0.0R350.0,50.0,0.0, S3621.68396770
7585.364850775196,-410.7058710965829,1.219709481cc2290.4051326412828,6279.555940023068,0.0, C500.0 S:[(0tt12), (1tt01), (2tt20), (3tt32), (4tt40), (5tt52), (6tt10), (7tt42), (8tt30), (9tt22)
W65.00.0[R3886.9665513264113,-1071.222606689735,0.0R50.0,350.0,0.0, R4192.6182237600915,2376.0092272203005,0.0Pnull, R3350.6343713956185,-865.0519031141873,0.0R350.0,50.0,0.0, S3621.68396770
7662.001710417636,-207.3735354000695,1.219709481cc2290.4051326412828,6279.555940023068,0.0, C500.0 S:[(0tt12), (1tt01), (2tt20), (3tt32), (4tt40), (5tt52), (6tt10), (7tt42), (8tt30), (9tt22)
W65.00.0[R3886.9665513264113,-1071.222606689735,0.0R50.0,350.0,0.0, R4192.6182237600915,2376.0092272203005,0.0Pnull, R3350.6343713956185,-865.0519031141873,0.0R350.0,50.0,0.0, S3621.68396770
7738.638570060076,-4.041199703554874,1.219709481cc2290.4051326412828,6279.555940023068,0.0, C500.0 S:[(0tt12), (1tt01), (2tt20), (3tt32), (4tt40), (5tt52), (6tt10), (7tt42), (8tt30), (9tt22)
W65.00.0[R3886.9665513264113,-1071.222606689735,0.0R50.0,350.0,0.0, R4192.6182237600915,2376.0092272203005,0.0Pnull, R3350.6343713956185,-865.0519031141873,0.0R350.0,50.0,0.0, S5273.93310265
7815.275429702516,199.29113599295968,1.219709481cc2290.4051326412828,6279.555940023068,0.0, C500.0 S:[(0tt12), (1tt01), (2tt20), (3tt32), (4tt40), (5tt52), (6tt10), (7tt42), (8tt30), (9tt22)
W65.00.0[R3886.9665513264113,-1071.222606689735,0.0R50.0,350.0,0.0, R4192.6182237600915,2376.0092272203005,0.0Pnull, R3350.6343713956185,-865.0519031141873,0.0R350.0,50.0,0.0, S5273.93310265
7891.912289344956,402.62347168947315,1.219709481cc2290.4051326412828,6279.555940023068,0.0, C500.0 S:[(0tt12), (1tt01), (2tt20), (3tt32), (4tt40), (5tt52), (6tt10), (7tt42), (8tt30), (9tt22)
W65.00.0[R3886.9665513264113,-1071.222606689735,0.0R50.0,350.0,0.0, R4192.6182237600915,2376.0092272203005,0.0Pnull, R3350.6343713956185,-865.0519031141873,0.0R350.0,50.0,0.0, S5273.93310265
7968.549148987396,605.9558073859885,1.219709481cc2290.4051326412828,6279.555940023068,0.0, C500.0 S:[(0tt12), (1tt01), (2tt20), (3tt32), (4tt40), (5tt52), (6tt10), (7tt42), (8tt30), (9tt22),
W65.00.0[R3886.9665513264113,-1071.222606689735,0.0R50.0,350.0,0.0, R4192.6182237600915,2376.0092272203005,0.0Pnull, R3350.6343713956185,-865.0519031141873,0.0R350.0,50.0,0.0, S5273.93310265
8045.186008629836,809.2881430825068,1.219709481cc2290.4051326412828,6279.555940023068,0.0, C500.0 S:[(0tt12), (1tt01), (2tt20), (3tt32), (4tt40), (5tt52), (6tt10), (7tt42), (8tt30), (9tt22),
W65.00.0[R3886.9665513264113,-1071.222606689735,0.0R50.0,350.0,0.0, R4192.6182237600915,2376.0092272203005,0.0Pnull, S5273.93310265283,5654.555940023063,3.0543261909900763R500.0,5000.0,0.050
8121.822868272276,1012.6204787790252,1.219709481cc2290.4051326412828,6279.555940023068,0.0, C500.0 S:[(0tt12), (1tt01), (2tt20), (3tt32), (4tt40), (5tt52), (6tt10), (7tt42), (8tt30), (9tt22)
W65.00.0[R3886.9665513264113,-1071.222606689735,0.0R50.0,350.0,0.0, R4192.6182237600915,2376.0092272203005,0.0Pnull, S5273.93310265283,5654.555940023063,3.0543261909900763R500.0,5000.0,0.050
8198.459727914724,1215.9528144755436,1.219709481cc2290.4051326412828,6279.555940023068,0.0, C500.0 S:[(0tt12), (1tt01), (2tt20), (3tt32), (4tt40), (5tt52), (6tt10), (7tt42), (8tt30), (9tt22)
W65.00.0[R3886.9665513264113,-1071.222606689735,0.0R50.0,350.0,0.0, R4192.6182237600915,2376.0092272203005,0.0Pnull, S5273.93310265283,5654.555940023063,3.0543261909900763R500.0,5000.0,0.050
8273.362992019745,1419.3355352839421,1.237518168cc2290.4051326412828,6279.555940023068,0.0, C500.0 S:[(0tt12), (1tt01), (2tt20), (3tt32), (4tt40), (5tt52), (6tt10), (7tt42), (8tt30), (9tt22)
W65.00.0[R4192.6182237600915,2376.0092272203005,0.0Pnull, S5273.93310265283,5654.555940023063,3.0543261909900763R500.0,5000.0,0.050.0, R4036.9088811995425,-893.8869665513254,0.0R350.0,50.0,0
8346.500060037168,1622.7569736464761,1.237518168cc2290.4051326412828,6279.555940023068,0.0, C500.0 S:[(0tt12), (1tt01), (2tt20), (3tt32), (4tt40), (5tt52), (6tt10), (7tt42), (8tt30), (9tt22)
W65.00.0[R4192.6182237600915,2376.0092272203005,0.0Pnull, S5273.93310265283,5654.555940023063,3.0543261909900763R500.0,5000.0,0.050.0, S8341.983852364492,821.7993079584767,1.1519173063162575
8419.63712805459,1826.1784120090101,1.237518168cc2290.4051326412828,6279.555940023068,0.0, C500.0 S:[(0tt12), (1tt01), (2tt20), (3tt32), (4tt40), (5tt52), (6tt10), (7tt42), (8tt30), (9tt22),
W65.00.0[R4192.6182237600915,2376.0092272203005,0.0Pnull, S5273.93310265283,5654.555940023063,3.0543261909900763R500.0,5000.0,0.050.0, S8341.983852364492,821.7993079584767,1.1519173063162575
8491.024025051902,2029.6130819689665,1.255574754cc2290.4051326412828,6279.555940023068,0.0, C500.0 S:[(0tt12), (1tt01), (2tt20), (3tt32), (4tt40), (5tt52), (6tt10), (7tt42), (8tt30), (9tt22)
W65.00.0[R4192.6182237600915,2376.0092272203005,0.0Pnull, S5273.93310265283,5654.555940023063,3.0543261909900763R500.0,5000.0,0.050.0, S8341.983852364492,821.7993079584767,1.1519173063162575
8560.628195137306,2233.048357782093,1.255574754cc2290.4051326412828,6279.555940023068,0.0, C500.0 S:[(0tt12), (1tt01), (2tt20), (3tt32), (4tt40), (5tt52), (6tt10), (7tt42), (8tt30), (9tt22),
W65.00.0[R4192.6182237600915,2376.0092272203005,0.0Pnull, S5273.93310265283,5654.555940023063,3.0543261909900763R500.0,5000.0,0.050.0, S8341.983852364492,821.7993079584767,1.1519173063162575
8615.406938163376,2414.6859690861234,1.30953447cc2290.4051326412828,6279.555940023068,0.0, C500.0 S:[(0tt12), (1tt01), (2tt20), (3tt32), (4tt40), (5tt52), (6tt10), (7tt42), (8tt30), (9tt22),
W65.00.0[R4192.6182237600915,2376.0092272203005,0.0Pnull, S5273.93310265283,5654.555940023063,3.0543261909900763R500.0,5000.0,0.050.0, S8341.983852364492,821.7993079584767,1.1519173063162575
8618.560682082118,2578.601509301184,1.815328158cc2290.4051326412828,6279.555940023068,0.0, C500.0 S:[(0tt12), (1tt01), (2tt20), (3tt32), (4tt40), (5tt52), (6tt10), (7tt42), (8tt30), (9tt22),
W65.00.0[R4192.6182237600915,2376.0092272203005,0.0Pnull, S5273.93310265283,5654.555940023063,3.0543261909900763R500.0,5000.0,0.050.0, S8341.983852364492,821.7993079584767,1.1519173063162575
