
SP:3875.433 -803.057 3.944
target:3800.0 -900.0 circle
23|3,1=>5,1
24|3,2=>5,2
25|4,0=>5,0
21|2,2=>4,2
22|3,0=>4,0
20|2,1=>3,2
15|0,2=>2,2
13|0,0=>3,0
0,1|14
5,1,0.107|23
5,2|24
5,0|25
4,2|21
4,0|22
1
SP:3767.291 -927.574 4.051
target:3700.0 -900.0 circle
5,1,-0.785|23
5,0|25
1,0|16
5,2|24
2,0|19
1,2|18
3,0|13
3,2|20
4,0|22

SP:3648.669 -952.827 2.637
target:3600.0 -1000.0 circle
5,1,0.785|23
5,2|24
1,2|18
5,0|25
3,2|20
2,2|15
1,0|16
4,2|21
2,0|19

SP:3529.702 -976.401 4.051
target:3556.2644175317155 -1430.219146482121 circle
5,1,0.72|23
5,2|24
5,0|25
1,2|18
1,0|16
3,2|20
2,0|19
2,2|15
3,0|13
4,2|21
4,0|22

SP:3481.217 -1130.411 4.771
target:3556.2644175317155 -1430.219146482121 circle
5,1,0.187|23
5,2|24
5,0|25
1,2|18
1,0|16
3,2|20
2,0|19
2,2|15
3,0|13
4,2|21
4,0|22

SP:3505.991 -1293.298 4.958
target:3556.2644175317155 -1430.219146482121 circle
5,1,0.107|23
5,2|24
5,0|25
1,2|18
1,0|16
3,2|20
2,0|19
2,2|15
3,0|13
4,2|21
4,0|22

SP:3554.422 -1450.949 5.064
target:3000.0 -2000.0 circle
0,1|14
5,1,-0.785|23
1,0|16
1,2|18
5,0|25
3,2|20
2,0|19
2,2|15
3,0|13
4,2|21
4,0|22

SP:3527.436 -1589.477 3.965
target:3000.0 -2000.0 circle
5,1,-0.162|23
5,2|24
5,0|25
1,2|18
1,0|16
3,2|20
2,0|19
2,2|15
3,0|13
4,2|21
4,0|22

SP:3406.063 -1700.986 3.803
target:3000.0 -2000.0 circle
5,1,-0.027|23
5,2|24
5,0|25
1,2|18
1,0|16
3,2|20
2,0|19
2,2|15
3,0|13
4,2|21
4,0|22

SP:3274.532 -1800.601 3.776
target:3000.0 -2000.0 circle
5,1,-0.007|23
5,2|24
5,0|25
1,2|18
1,0|16
3,2|20
2,0|19
2,2|15
3,0|13
4,2|21
4,0|22

SP:3141.352 -1898.007 3.77
target:3000.0 -2000.0 circle
5,1,-0.003|23
5,2|24
5,0|25
1,2|18
1,0|16
3,2|20
2,0|19
2,2|15
3,0|13
4,2|21
4,0|22

SP:3007.7 -1994.765 3.767
target:-1000.0 -1000.0 circle
5,1,-0.785|23
5,2|24
5,0|25
1,2|18
1,0|16
3,2|20
2,0|19
2,2|15
3,0|13
4,2|21
4,0|22

SP:2851.375 -2032.403 2.981
target:-1000.0 -1000.0 circle
5,1,-0.102|23
5,2|24
5,0|25
1,2|18
1,0|16
3,2|20
2,0|19
2,2|15
3,0|13
4,2|21
4,0|22

SP:2690.091 -1997.922 2.88
target:-1000.0 -1000.0 circle
5,1,-0.002|23
5,2|24
5,0|25
1,2|18
1,0|16
3,2|20
2,0|19
2,2|15
3,0|13
4,2|21
4,0|22

SP:2530.765 -1955.026 2.877
target:-1000.0 -1000.0 circle
5,1,0.0|23
5,2|24
5,0|25
1,2|18
1,0|16
3,2|20
2,0|19
2,2|15
3,0|13
4,2|21
4,0|22

SP:2371.487 -1911.948 2.877
target:-1000.0 -1000.0 circle
5,1,0.0|23
5,2|24
5,0|25
1,2|18
1,0|16
3,2|20
2,0|19
2,2|15
3,0|13
4,2|21
4,0|22

SP:2212.211 -1868.866 2.877
target:-1000.0 -1000.0 circle
5,1,0.0|23
5,2|24
5,0|25
1,2|18
1,0|16
3,2|20
2,0|19
2,2|15
3,0|13
4,2|21
4,0|22

SP:2052.935 -1825.783 2.877
target:-1000.0 -1000.0 circle
5,1,0.0|23
5,2|24
5,0|25
1,2|18
1,0|16
3,2|20
2,0|19
2,2|15
3,0|13
4,2|21
4,0|22

SP:1893.659 -1782.701 2.877
target:-1000.0 -1000.0 circle
5,1,0.0|23
5,2|24
5,0|25
1,2|18
1,0|16
3,2|20
2,0|19
2,2|15
3,0|13
4,2|21
4,0|22

SP:1746.401 -1762.222 2.877
target:-1000.0 -1000.0 circle
5,1,-0.007|23
5,2|24
5,0|25
1,2|18
1,0|16
3,2|20
2,0|19
2,2|15
3,0|13
4,2|21
4,0|22

SP:1624.823 -1789.259 2.871
target:-1000.0 -1000.0 circle
5,1,-0.021|23
5,2|24
5,0|25
1,2|18
1,0|16
3,2|20
2,0|19
2,2|15
3,0|13
4,2|21
4,0|22

SP:1503.869 -1814.091 2.85
target:-1000.0 -1000.0 circle
5,1,-0.022|23
5,2|24
5,0|25
1,2|18
1,0|16
3,2|20
2,0|19
2,2|15
3,0|13
4,2|21
4,0|22

SP:1383.952 -1835.477 2.827
target:-1000.0 -1000.0 circle
5,1,-0.023|23
5,2|24
5,0|25
1,2|18
1,0|16
3,2|20
2,0|19
2,2|15
3,0|13
4,2|21
4,0|22

SP:1265.183 -1853.334 2.805
target:-1000.0 -1000.0 circle
5,1,-0.023|23
5,2|24
5,0|25
1,2|18
1,0|16
3,2|20
2,0|19
2,2|15
3,0|13
4,2|21
4,0|22

SP:1147.666 -1867.615 2.781
target:-1000.0 -1000.0 circle
5,1,-0.024|23
5,2|24
5,0|25
1,2|18
1,0|16
3,2|20
2,0|19
2,2|15
3,0|13
4,2|21
4,0|22

SP:1031.512 -1878.28 2.758
target:-1000.0 -1000.0 circle
5,1,-0.024|23
5,2|24
5,0|25
1,2|18
1,0|16
3,2|20
2,0|19
2,2|15
3,0|13
4,2|21
4,0|22

SP:916.835 -1885.291 2.734
target:-1000.0 -1000.0 circle
5,1,-0.025|23
5,2|24
5,0|25
1,2|18
1,0|16
3,2|20
2,0|19
2,2|15
3,0|13
4,2|21
4,0|22

SP:803.753 -1888.612 2.709
target:-1000.0 -1000.0 circle
5,1,-0.025|23
5,2|24
5,0|25
1,2|18
1,0|16
3,2|20
2,0|19
2,2|15
3,0|13
4,2|21
4,0|22

SP:683.751 -1871.966 2.684
target:-1000.0 -1000.0 circle
5,1,-0.02|23
5,2|24
5,0|25
1,2|18
1,0|16
3,2|20
2,0|19
2,2|15
3,0|13
4,2|21
4,0|22

SP:536.473 -1797.58 2.664
target:-1000.0 -1000.0 circle
5,1,-0.001|23
5,2|24
5,0|25
1,2|18
1,0|16
3,2|20
2,0|19
2,2|15
3,0|13
4,2|21
4,0|22

SP:389.991 -1721.632 2.663
target:-1000.0 -1000.0 circle
5,1,0.0|23
5,2|24
5,0|25
1,2|18
1,0|16
3,2|20
2,0|19
2,2|15
3,0|13
4,2|21
4,0|22

SP:243.548 -1645.61 2.663
target:-1000.0 -1000.0 circle
5,1,0.0|23
5,2|24
5,0|25
1,2|18
1,0|16
3,2|20
2,0|19
2,2|15
3,0|13
4,2|21
4,0|22

SP:97.108 -1569.583 2.663
target:-1000.0 -1000.0 circle
5,1,0.0|23
5,2|24
5,0|25
1,2|18
1,0|16
3,2|20
2,0|19
2,2|15
3,0|13
4,2|21
4,0|22

SP:-49.333 -1493.555 2.663
target:-1000.0 -1000.0 circle
5,1,0.0|23
5,2|24
5,0|25
1,2|18
1,0|16
3,2|20
2,0|19
2,2|15
3,0|13
4,2|21
4,0|22

SP:-195.774 -1417.528 2.663
target:-1000.0 -1000.0 circle
5,1,0.0|23
5,2|24
5,0|25
1,2|18
1,0|16
3,2|20
2,0|19
2,2|15
3,0|13
4,2|21
4,0|22

SP:-342.214 -1341.501 2.663
target:-1000.0 -1000.0 circle
5,1,0.0|23
5,2|24
5,0|25
1,2|18
1,0|16
3,2|20
2,0|19
2,2|15
3,0|13
4,2|21
4,0|22

SP:-488.655 -1265.474 2.663
target:-1000.0 -1000.0 circle
5,1,0.0|23
5,2|24
5,0|25
1,2|18
1,0|16
3,2|20
2,0|19
2,2|15
3,0|13
4,2|21
4,0|22

SP:-635.096 -1189.447 2.663
target:-1000.0 -1000.0 circle
5,1,0.0|23
5,2|24
5,0|25
1,2|18
1,0|16
3,2|20
2,0|19
2,2|15
3,0|13
4,2|21
4,0|22

SP:-781.536 -1113.419 2.663
target:-1000.0 -1000.0 circle
5,1,0.0|23
5,2|24
5,0|25
1,2|18
1,0|16
3,2|20
2,0|19
2,2|15
3,0|13

SP:-898.689 -1052.598 2.663
target:-1000.0 -1000.0 circle
5,1,0.0|23
5,2|24
5,0|25
1,2|18
1,0|16
3,2|20
2,0|19
2,2|15
3,0|13

SP:-1015.841 -991.776 2.663
target:-1000.0 2000.0 circle
5,1,-0.785|23
5,0|25
5,2|24
1,0|16
1,2|18
2,0|19
3,2|20
3,0|13
2,2|15
4,0|22

SP:-1089.326 -871.284 1.563
target:-1000.0 2000.0 circle
5,1,-0.023|23
5,2|24
5,0|25
1,2|18
1,0|16
3,2|20
2,0|19
2,2|15
3,0|13
4,2|21
4,0|22

SP:-1086.151 -706.319 1.54
target:-1000.0 2000.0 circle
5,1,-0.001|23
5,2|24
5,0|25
1,2|18
1,0|16
3,2|20
2,0|19
2,2|15
3,0|13
4,2|21
4,0|22

SP:-1080.962 -541.4 1.539
target:-1000.0 2000.0 circle
5,1,0.0|23
5,2|24
5,0|25
1,2|18
1,0|16
3,2|20
2,0|19
2,2|15
3,0|13
4,2|21
4,0|22

SP:-1075.71 -376.484 1.539
target:-1000.0 2000.0 circle
5,1,0.0|23
5,2|24
5,0|25
1,2|18
1,0|16
3,2|20
2,0|19
2,2|15
3,0|13
4,2|21
4,0|22

SP:-1070.456 -211.567 1.539
target:-1000.0 2000.0 circle
5,1,0.0|23
5,2|24
5,0|25
1,2|18
1,0|16
3,2|20
2,0|19
2,2|15
3,0|13
4,2|21
4,0|22

SP:-1065.202 -46.651 1.539
target:-1000.0 2000.0 circle
5,1,0.0|23
5,2|24
5,0|25
1,2|18
1,0|16
3,2|20
2,0|19
2,2|15
3,0|13
4,2|21
4,0|22

SP:-1059.948 118.265 1.539
target:-1000.0 2000.0 circle
5,1,0.0|23
5,2|24
5,0|25
1,2|18
1,0|16
3,2|20
2,0|19
2,2|15
3,0|13
4,2|21
4,0|22

SP:-1054.694 283.181 1.539
target:-1000.0 2000.0 circle
5,1,0.0|23
5,2|24
5,0|25
1,2|18
1,0|16
3,2|20
2,0|19
2,2|15
3,0|13
4,2|21
4,0|22

SP:-1049.44 448.098 1.539
target:-1000.0 2000.0 circle
5,1,0.0|23
5,2|24
5,0|25
1,2|18
1,0|16
3,2|20
2,0|19
2,2|15
3,0|13
4,2|21
4,0|22

SP:-1044.187 613.014 1.539
target:-1000.0 2000.0 circle
5,1,0.0|23
5,2|24
5,0|25
1,2|18
1,0|16
3,2|20
2,0|19
2,2|15
3,0|13
4,2|21
4,0|22

SP:-1038.933 777.93 1.539
target:-1000.0 2000.0 circle
5,1,0.0|23
5,2|24
5,0|25
1,2|18
1,0|16
3,2|20
2,0|19
2,2|15
3,0|13
4,2|21
4,0|22

SP:-1033.679 942.847 1.539
target:-1000.0 2000.0 circle
5,1,0.0|23
5,2|24
5,0|25
1,2|18
1,0|16
3,2|20
2,0|19
2,2|15
3,0|13
4,2|21
4,0|22

SP:-1028.425 1107.763 1.539
target:-1000.0 2000.0 circle
5,1,0.0|23
5,2|24
5,0|25
1,2|18
1,0|16
3,2|20
2,0|19
2,2|15
3,0|13
4,2|21
4,0|22

SP:-1023.171 1272.679 1.539
target:-1000.0 2000.0 circle
5,1,0.0|23
5,2|24
5,0|25
1,2|18
1,0|16
3,2|20
2,0|19
2,2|15
3,0|13
4,2|21
4,0|22

SP:-1004.772 1412.873 1.539
target:-1000.0 2000.0 circle
5,1,0.024|23
5,2|24
5,0|25
1,2|18
1,0|16
3,2|20
2,0|19
2,2|15
3,0|13
4,2|21
4,0|22

SP:-963.897 1507.2 1.563
target:-1000.0 2000.0 circle
5,1,0.081|23
5,2|24
5,0|25
1,2|18
1,0|16
3,2|20
2,0|19
2,2|15
3,0|13
4,2|21
4,0|22

SP:-931.633 1601.434 1.644
target:-1000.0 2000.0 circle
5,1,0.097|23
5,2|24
5,0|25
1,2|18
1,0|16
3,2|20
2,0|19
2,2|15
3,0|13
4,2|21
4,0|22

SP:-913.987 1694.528 1.741
target:-1000.0 2000.0 circle
5,1,0.105|23
5,2|24
5,0|25
1,2|18
1,0|16
3,2|20
2,0|19
2,2|15
3,0|13
4,2|21
4,0|22

SP:-912.686 1784.782 1.845
target:-1000.0 2000.0 circle
5,1,0.111|23
5,2|24
5,0|25
1,2|18
1,0|16
3,2|20
2,0|19
2,2|15
3,0|13
4,2|21
4,0|22

SP:-928.472 1870.196 1.956
target:-1000.0 2000.0 circle
5,1,0.118|23
5,2|24
5,0|25
1,2|18
1,0|16
3,2|20
2,0|19
2,2|15
3,0|13
4,2|21
4,0|22

SP:-961.74 1948.48 2.074
target:0.0 3000.0 circle
5,1,-0.785|23
5,0|25
5,2|24
1,0|16
1,2|18
2,0|19
3,2|20
3,0|13
2,2|15
4,0|22

SP:-918.449 2018.859 0.975
target:0.0 3000.0 circle
5,1,-0.156|23
5,2|24
5,0|25
1,2|18
1,0|16
3,2|20
2,0|19
2,2|15
3,0|13
4,2|21
4,0|22

SP:-778.097 2077.076 0.818
target:0.0 3000.0 circle
5,1,0.052|23
5,2|24
5,0|25
1,2|18
1,0|16
3,2|20
2,0|19
2,2|15
3,0|13
4,2|21
4,0|22

SP:-630.925 2129.743 0.87
target:0.0 3000.0 circle
5,1,0.073|23
5,2|24
5,0|25
1,2|18
1,0|16
3,2|20
2,0|19
2,2|15
3,0|13
4,2|21
4,0|22

SP:-491.673 2188.996 0.943
target:0.0 3000.0 circle
5,1,0.082|23
5,2|24
5,0|25
1,2|18
1,0|16
3,2|20
2,0|19
2,2|15
3,0|13
4,2|21
4,0|22

SP:-362.814 2255.741 1.026
target:0.0 3000.0 circle
5,1,0.091|23
5,2|24
5,0|25
1,2|18
1,0|16
3,2|20
2,0|19
2,2|15
3,0|13
4,2|21
4,0|22

SP:-278.889 2391.329 1.117
target:0.0 3000.0 circle
5,1,0.024|23
5,2|24
5,0|25
1,2|18
1,0|16
3,2|20
2,0|19
2,2|15
3,0|13
4,2|21
4,0|22

SP:-208.352 2540.487 1.141
target:0.0 3000.0 circle
5,1,0.004|23
5,2|24
5,0|25
1,2|18
1,0|16
3,2|20
2,0|19
2,2|15
3,0|13
4,2|21
4,0|22

SP:-139.915 2690.625 1.145
target:0.0 3000.0 circle
5,1,0.001|23
5,2|24
5,0|25
1,2|18
1,0|16
3,2|20
2,0|19
2,2|15
3,0|13
4,2|21
4,0|22

SP:-71.85 2840.932 1.146
target:0.0 3000.0 circle
5,1,0.0|23
5,2|24
5,0|25
1,2|18
1,0|16
3,2|20
2,0|19
2,2|15
3,0|13

SP:-17.484 2961.216 1.147
target:0.0 6000.0 circle
5,1,0.419|23
5,2|24
5,0|25
1,2|18
1,0|16
3,2|20
2,0|19
2,2|15
3,0|13
4,2|21
4,0|22

SP:17.798 3121.17 1.565
target:0.0 6000.0 circle
5,1,0.012|23
5,2|24
5,0|25
1,2|18
1,0|16
3,2|20
2,0|19
2,2|15
3,0|13
4,2|21
4,0|22

SP:17.772 3286.169 1.577
target:0.0 6000.0 circle
5,1,0.0|23
5,2|24
5,0|25
1,2|18
1,0|16
3,2|20
2,0|19
2,2|15
3,0|13
4,2|21
4,0|22

SP:16.722 3451.166 1.577
target:0.0 6000.0 circle
5,1,0.0|23
5,2|24
5,0|25
1,2|18
1,0|16
3,2|20
2,0|19
2,2|15
3,0|13
4,2|21
4,0|22

SP:15.641 3616.162 1.577
target:0.0 6000.0 circle
5,1,0.0|23
5,2|24
5,0|25
1,2|18
1,0|16
3,2|20
2,0|19
2,2|15
3,0|13
4,2|21
4,0|22

SP:14.558 3781.159 1.577
target:0.0 6000.0 circle
5,1,0.0|23
5,2|24
5,0|25
1,2|18
1,0|16
3,2|20
2,0|19
2,2|15
3,0|13
4,2|21
4,0|22

SP:13.476 3946.155 1.577
target:0.0 6000.0 circle
5,1,0.0|23
5,2|24
5,0|25
1,2|18
1,0|16
3,2|20
2,0|19
2,2|15
3,0|13
4,2|21
4,0|22

SP:12.393 4111.152 1.577
target:0.0 6000.0 circle
5,1,0.0|23
5,2|24
5,0|25
1,2|18
1,0|16
3,2|20
2,0|19
2,2|15
3,0|13
4,2|21
4,0|22

SP:11.31 4276.148 1.577
target:0.0 6000.0 circle
5,1,0.0|23
5,2|24
5,0|25
1,2|18
1,0|16
3,2|20
2,0|19
2,2|15
3,0|13
4,2|21
4,0|22

SP:10.228 4441.144 1.577
target:0.0 6000.0 circle
5,1,0.0|23
5,2|24
5,0|25
1,2|18
1,0|16
3,2|20
2,0|19
2,2|15
3,0|13
4,2|21
4,0|22

SP:9.145 4606.141 1.577
target:0.0 6000.0 circle
5,1,0.0|23
5,2|24
5,0|25
1,2|18
1,0|16
3,2|20
2,0|19
2,2|15
3,0|13
4,2|21
4,0|22

SP:8.063 4771.137 1.577
target:0.0 6000.0 circle
5,1,0.0|23
5,2|24
5,0|25
1,2|18
1,0|16
3,2|20
2,0|19
2,2|15
3,0|13
4,2|21
4,0|22

SP:6.98 4936.134 1.577
target:0.0 6000.0 circle
5,1,0.0|23
5,2|24
5,0|25
1,2|18
1,0|16
3,2|20
2,0|19
2,2|15
3,0|13
4,2|21
4,0|22

SP:5.898 5101.13 1.577
target:0.0 6000.0 circle
5,1,0.0|23
5,2|24
5,0|25
1,2|18
1,0|16
3,2|20
2,0|19
2,2|15
3,0|13
4,2|21
4,0|22

SP:4.815 5266.127 1.577
target:0.0 6000.0 circle
5,1,0.0|23
5,2|24
5,0|25
1,2|18
1,0|16
3,2|20
2,0|19
2,2|15
3,0|13
4,2|21
4,0|22

SP:3.732 5431.123 1.577
target:0.0 6000.0 circle
5,1,0.0|23
5,2|24
5,0|25
1,2|18
1,0|16
3,2|20
2,0|19
2,2|15
3,0|13
4,2|21
4,0|22

SP:2.65 5596.12 1.577
target:0.0 6000.0 circle
5,1,0.0|23
5,2|24
5,0|25
1,2|18
1,0|16
3,2|20
2,0|19
2,2|15
3,0|13
4,2|21
4,0|22

SP:1.567 5761.116 1.577
target:0.0 6000.0 circle
5,1,0.0|23
5,2|24
5,0|25
1,2|18
1,0|16
3,2|20
2,0|19
2,2|15
3,0|13

SP:0.701 5893.113 1.577
target:0.0 6000.0 circle
5,1,0.0|23
5,2|24
5,0|25
1,2|18
1,0|16
3,2|20
2,0|19
2,2|15
3,0|13

SP:-0.165 6025.11 1.577
target:2290.4051326412828 6279.555940023068 circle
5,1,-0.785|23
5,0|25
1,0|16
5,2|24
2,0|19
1,2|18
3,0|13
3,2|20
4,0|22

SP:77.336 6118.397 0.164
target:2290.4051326412828 6279.555940023068 circle
5,1,-0.091|23
5,2|24
5,0|25
1,2|18
1,0|16
3,2|20
2,0|19
2,2|15
3,0|13
4,2|21
4,0|22

SP:241.12 6137.917 0.073
target:2290.4051326412828 6279.555940023068 circle
5,1,-0.004|23
5,2|24
5,0|25
1,2|18
1,0|16
3,2|20
2,0|19
2,2|15
3,0|13
4,2|21
4,0|22

SP:405.706 6149.601 0.069
target:2290.4051326412828 6279.555940023068 circle
5,1,0.0|23
5,2|24
5,0|25
1,2|18
1,0|16
3,2|20
2,0|19
2,2|15
3,0|13
4,2|21
4,0|22

SP:570.314 6160.965 0.069
target:2290.4051326412828 6279.555940023068 circle
5,1,0.0|23
5,2|24
5,0|25
1,2|18
1,0|16
3,2|20
2,0|19
2,2|15
3,0|13
4,2|21
4,0|22

SP:734.923 6172.314 0.069
target:2290.4051326412828 6279.555940023068 circle
5,1,0.0|23
5,2|24
5,0|25
1,2|18
1,0|16
3,2|20
2,0|19
2,2|15
3,0|13
4,2|21
4,0|22

SP:899.533 6183.663 0.069
target:2290.4051326412828 6279.555940023068 circle
5,1,0.0|23
5,2|24
5,0|25
1,2|18
1,0|16
3,2|20
2,0|19
2,2|15
3,0|13
4,2|21
4,0|22

SP:1064.142 6195.012 0.069
target:2290.4051326412828 6279.555940023068 circle
5,1,0.0|23
5,2|24
5,0|25
1,2|18
1,0|16
3,2|20
2,0|19
2,2|15
3,0|13
4,2|21
4,0|22

SP:1228.751 6206.361 0.069
target:2290.4051326412828 6279.555940023068 circle
5,1,0.0|23
5,2|24
5,0|25
1,2|18
1,0|16
3,2|20
2,0|19
2,2|15
3,0|13
4,2|21
4,0|22

