pos(120,00;1728,00;0,00) Reef{pos(657,33;2080,00;0,00);Poly(p(-597,33;24,00);p(-345,33;-104,00);p(942,67;80,00);0.0)} Reef{pos(955,20;1228,80;0,00);Poly(p(-107,20;131,20);p(-175,20;-92,80);p(-51,20;-1
12,80);p(244,80;-28,80);p(88,80;103,20);0.0)} Reef{pos(600,00;1648,00;0,00);Poly(p(-56,00;-16,00);p(-40,00;-104,00);p(96,00;120,00);0.0)} Reef{pos(854,00;1922,00;0,00);Poly(p(-542,00;54,00);p(-158,00;
-154,00);p(-46,00;-138,00);p(746,00;238,00);0.0)} Reef{pos(658,00;576,00;0,00);Poly(p(182,00;16,00);p(-66,00;152,00);p(-618,00;336,00);p(502,00;-504,00);0.0)} Reef{pos(628,00;1331,00;0,00);Poly(p(-76,
00;93,00);p(-88,00;9,00);p(152,00;-195,00);p(12,00;93,00);0.0)} Reef{pos(763,00;1366,00;0,00);Poly(p(-123,00;58,00);p(17,00;-230,00);p(85,00;-6,00);p(21,00;178,00);0.0)} Reef{pos(1142,00;1802,00;0,00)
;Poly(p(-334,00;-18,00);p(-150,00;-242,00);p(26,00;-98,00);p(458,00;358,00);0.0)} Reef{pos(517,33;1792,00;0,00);Poly(p(-205,33;184,00);p(26,67;-160,00);p(178,67;-24,00);0.0)} Reef{pos(563,00;1126,00;0
,00);Poly(p(9,00;-110,00);p(217,00;10,00);p(-23,00;214,00);p(-203,00;-114,00);0.0)} Reef{pos(391,00;917,00;0,00);Poly(p(201,00;-189,00);p(181,00;99,00);p(-31,00;95,00);p(-351,00;-5,00);0.0)} Wanted_Ro
tation=-0.5880026035475675 Sailor0{Dest=null;Pos=oar(LEFT,3,0);[X=3;Y=0]} Sailor2{Dest=null;Pos=oar(RIGHT,3,2);[X=3;Y=2]} Sailor3{Dest=null;Pos=oar(LEFT,1,0);[X=1;Y=0]} Sailor4{Dest=null;Pos=rudder(MI
DDLE,4,1);[X=4;Y=1]} Sailor5{Dest=null;Pos=oar(RIGHT,1,2);[X=1;Y=2]} Sailor6{Dest=null;Pos=oar(LEFT,2,0);[X=2;Y=0]} Sailor7{Dest=null;Pos=sail(MIDDLE,2,1,false);[X=2;Y=1]} Sailor8{Dest=null;Pos=oar(RI
GHT,2,2);[X=2;Y=2]} Lift_Sail Rudder_Rotation=-0,59 Oar_Rotation=0,00 pos(298,14;1674,85;-0,59) Reef{pos(657,33;2080,00;0,00);Poly(p(-597,33;24,00);p(-345,33;-104,00);p(942,67;80,00);0.0)} Reef{pos(95
5,20;1228,80;0,00);Poly(p(-107,20;131,20);p(-175,20;-92,80);p(-51,20;-112,80);p(244,80;-28,80);p(88,80;103,20);0.0)} Reef{pos(600,00;1648,00;0,00);Poly(p(-56,00;-16,00);p(-40,00;-104,00);p(96,00;120,0
0);0.0)} Reef{pos(854,00;1922,00;0,00);Poly(p(-542,00;54,00);p(-158,00;-154,00);p(-46,00;-138,00);p(746,00;238,00);0.0)} Reef{pos(1137,33;1329,33;0,00);Poly(p(-93,33;2,67);p(62,67;-129,33);p(30,67;126
,67);0.0)} Reef{pos(658,00;576,00;0,00);Poly(p(182,00;16,00);p(-66,00;152,00);p(-618,00;336,00);p(502,00;-504,00);0.0)} Reef{pos(628,00;1331,00;0,00);Poly(p(-76,00;93,00);p(-88,00;9,00);p(152,00;-195,
00);p(12,00;93,00);0.0)} Reef{pos(1373,33;1832,00;0,00);Poly(p(-205,33;-128,00);p(-21,33;-200,00);p(226,67;328,00);0.0)} Reef{pos(763,00;1366,00;0,00);Poly(p(-123,00;58,00);p(17,00;-230,00);p(85,00;-6
,00);p(21,00;178,00);0.0)} Reef{pos(1142,00;1802,00;0,00);Poly(p(-334,00;-18,00);p(-150,00;-242,00);p(26,00;-98,00);p(458,00;358,00);0.0)} Reef{pos(517,33;1792,00;0,00);Poly(p(-205,33;184,00);p(26,67;
-160,00);p(178,67;-24,00);0.0)} Reef{pos(563,00;1126,00;0,00);Poly(p(9,00;-110,00);p(217,00;10,00);p(-23,00;214,00);p(-203,00;-114,00);0.0)} Reef{pos(391,00;917,00;0,00);Poly(p(201,00;-189,00);p(181,0
0;99,00);p(-31,00;95,00);p(-351,00;-5,00);0.0)} Wanted_Rotation=-0.21092583594540604 Rudder_Rotation=-0,21 Oar_Rotation=0,00 pos(439,70;1557,51;-0,80) Reef{pos(657,33;2080,00;0,00);Poly(p(-597,33;24,0
0);p(-345,33;-104,00);p(942,67;80,00);0.0)} Reef{pos(955,20;1228,80;0,00);Poly(p(-107,20;131,20);p(-175,20;-92,80);p(-51,20;-112,80);p(244,80;-28,80);p(88,80;103,20);0.0)} Reef{pos(600,00;1648,00;0,00
);Poly(p(-56,00;-16,00);p(-40,00;-104,00);p(96,00;120,00);0.0)} Reef{pos(854,00;1922,00;0,00);Poly(p(-542,00;54,00);p(-158,00;-154,00);p(-46,00;-138,00);p(746,00;238,00);0.0)} Reef{pos(1137,33;1329,33
;0,00);Poly(p(-93,33;2,67);p(62,67;-129,33);p(30,67;126,67);0.0)} Reef{pos(1504,00;1328,00;0,00);Poly(p(-152,00;304,00);p(-40,00;-432,00);p(96,00;-704,00);p(96,00;832,00);0.0)} Reef{pos(658,00;576,00;
0,00);Poly(p(182,00;16,00);p(-66,00;152,00);p(-618,00;336,00);p(502,00;-504,00);0.0)} Reef{pos(628,00;1331,00;0,00);Poly(p(-76,00;93,00);p(-88,00;9,00);p(152,00;-195,00);p(12,00;93,00);0.0)} Reef{pos(
1373,33;1832,00;0,00);Poly(p(-205,33;-128,00);p(-21,33;-200,00);p(226,67;328,00);0.0)} Reef{pos(763,00;1366,00;0,00);Poly(p(-123,00;58,00);p(17,00;-230,00);p(85,00;-6,00);p(21,00;178,00);0.0)} Reef{po
s(1142,00;1802,00;0,00);Poly(p(-334,00;-18,00);p(-150,00;-242,00);p(26,00;-98,00);p(458,00;358,00);0.0)} Reef{pos(517,33;1792,00;0,00);Poly(p(-205,33;184,00);p(26,67;-160,00);p(178,67;-24,00);0.0)} Re
ef{pos(563,00;1126,00;0,00);Poly(p(9,00;-110,00);p(217,00;10,00);p(-23,00;214,00);p(-203,00;-114,00);0.0)} Reef{pos(391,00;917,00;0,00);Poly(p(201,00;-189,00);p(181,00;99,00);p(-31,00;95,00);p(-351,00
;-5,00);0.0)} CP0passed Wanted_Rotation=-1.4144110870776037 Rudder_Rotation=-0,79 Lower_Sail pos(439,70;1557,51;-1,58) Reef{pos(657,33;2080,00;0,00);Poly(p(-597,33;24,00);p(-345,33;-104,00);p(942,67;8
0,00);0.0)} Reef{pos(955,20;1228,80;0,00);Poly(p(-107,20;131,20);p(-175,20;-92,80);p(-51,20;-112,80);p(244,80;-28,80);p(88,80;103,20);0.0)} Reef{pos(600,00;1648,00;0,00);Poly(p(-56,00;-16,00);p(-40,00
;-104,00);p(96,00;120,00);0.0)} Reef{pos(854,00;1922,00;0,00);Poly(p(-542,00;54,00);p(-158,00;-154,00);p(-46,00;-138,00);p(746,00;238,00);0.0)} Reef{pos(1137,33;1329,33;0,00);Poly(p(-93,33;2,67);p(62,
67;-129,33);p(30,67;126,67);0.0)} Reef{pos(1504,00;1328,00;0,00);Poly(p(-152,00;304,00);p(-40,00;-432,00);p(96,00;-704,00);p(96,00;832,00);0.0)} Reef{pos(658,00;576,00;0,00);Poly(p(182,00;16,00);p(-66
,00;152,00);p(-618,00;336,00);p(502,00;-504,00);0.0)} Reef{pos(628,00;1331,00;0,00);Poly(p(-76,00;93,00);p(-88,00;9,00);p(152,00;-195,00);p(12,00;93,00);0.0)} Reef{pos(1373,33;1832,00;0,00);Poly(p(-20
5,33;-128,00);p(-21,33;-200,00);p(226,67;328,00);0.0)} Reef{pos(763,00;1366,00;0,00);Poly(p(-123,00;58,00);p(17,00;-230,00);p(85,00;-6,00);p(21,00;178,00);0.0)} Reef{pos(1142,00;1802,00;0,00);Poly(p(-
334,00;-18,00);p(-150,00;-242,00);p(26,00;-98,00);p(458,00;358,00);0.0)} Reef{pos(517,33;1792,00;0,00);Poly(p(-205,33;184,00);p(26,67;-160,00);p(178,67;-24,00);0.0)} Reef{pos(563,00;1126,00;0,00);Poly
(p(9,00;-110,00);p(217,00;10,00);p(-23,00;214,00);p(-203,00;-114,00);0.0)} Reef{pos(391,00;917,00;0,00);Poly(p(201,00;-189,00);p(181,00;99,00);p(-31,00;95,00);p(-351,00;-5,00);0.0)} Wanted_Rotation=-0
.6290129236801596 Rudder_Rotation=-0,63 Oar_Rotation=0,00 pos(387,90;1403,71;-2,21) Reef{pos(657,33;2080,00;0,00);Poly(p(-597,33;24,00);p(-345,33;-104,00);p(942,67;80,00);0.0)} Reef{pos(955,20;1228,80
;0,00);Poly(p(-107,20;131,20);p(-175,20;-92,80);p(-51,20;-112,80);p(244,80;-28,80);p(88,80;103,20);0.0)} Reef{pos(600,00;1648,00;0,00);Poly(p(-56,00;-16,00);p(-40,00;-104,00);p(96,00;120,00);0.0)} Ree
f{pos(854,00;1922,00;0,00);Poly(p(-542,00;54,00);p(-158,00;-154,00);p(-46,00;-138,00);p(746,00;238,00);0.0)} Reef{pos(1137,33;1329,33;0,00);Poly(p(-93,33;2,67);p(62,67;-129,33);p(30,67;126,67);0.0)} R
eef{pos(1504,00;1328,00;0,00);Poly(p(-152,00;304,00);p(-40,00;-432,00);p(96,00;-704,00);p(96,00;832,00);0.0)} Reef{pos(658,00;576,00;0,00);Poly(p(182,00;16,00);p(-66,00;152,00);p(-618,00;336,00);p(502
,00;-504,00);0.0)} Reef{pos(628,00;1331,00;0,00);Poly(p(-76,00;93,00);p(-88,00;9,00);p(152,00;-195,00);p(12,00;93,00);0.0)} Reef{pos(1373,33;1832,00;0,00);Poly(p(-205,33;-128,00);p(-21,33;-200,00);p(2
26,67;328,00);0.0)} Reef{pos(763,00;1366,00;0,00);Poly(p(-123,00;58,00);p(17,00;-230,00);p(85,00;-6,00);p(21,00;178,00);0.0)} Reef{pos(1142,00;1802,00;0,00);Poly(p(-334,00;-18,00);p(-150,00;-242,00);p
(26,00;-98,00);p(458,00;358,00);0.0)} Reef{pos(517,33;1792,00;0,00);Poly(p(-205,33;184,00);p(26,67;-160,00);p(178,67;-24,00);0.0)} Reef{pos(563,00;1126,00;0,00);Poly(p(9,00;-110,00);p(217,00;10,00);p(
-23,00;214,00);p(-203,00;-114,00);0.0)} Reef{pos(391,00;917,00;0,00);Poly(p(201,00;-189,00);p(181,00;99,00);p(-31,00;95,00);p(-351,00;-5,00);0.0)} Reef{pos(1266,00;546,00;0,00);Poly(p(198,00;350,00);p
(-426,00;46,00);p(-106,00;-474,00);p(334,00;78,00);0.0)} Wanted_Rotation=-0.003959550310417725 Rudder_Rotation=-0,00 Oar_Rotation=0,00 pos(288,77;1271,81;-2,22) Reef{pos(657,33;2080,00;0,00);Poly(p(-5
97,33;24,00);p(-345,33;-104,00);p(942,67;80,00);0.0)} Reef{pos(955,20;1228,80;0,00);Poly(p(-107,20;131,20);p(-175,20;-92,80);p(-51,20;-112,80);p(244,80;-28,80);p(88,80;103,20);0.0)} Reef{pos(600,00;16
48,00;0,00);Poly(p(-56,00;-16,00);p(-40,00;-104,00);p(96,00;120,00);0.0)} Reef{pos(854,00;1922,00;0,00);Poly(p(-542,00;54,00);p(-158,00;-154,00);p(-46,00;-138,00);p(746,00;238,00);0.0)} Reef{pos(1137,
33;1329,33;0,00);Poly(p(-93,33;2,67);p(62,67;-129,33);p(30,67;126,67);0.0)} Reef{pos(658,00;576,00;0,00);Poly(p(182,00;16,00);p(-66,00;152,00);p(-618,00;336,00);p(502,00;-504,00);0.0)} Reef{pos(628,00
;1331,00;0,00);Poly(p(-76,00;93,00);p(-88,00;9,00);p(152,00;-195,00);p(12,00;93,00);0.0)} Reef{pos(1373,33;1832,00;0,00);Poly(p(-205,33;-128,00);p(-21,33;-200,00);p(226,67;328,00);0.0)} Reef{pos(763,0
0;1366,00;0,00);Poly(p(-123,00;58,00);p(17,00;-230,00);p(85,00;-6,00);p(21,00;178,00);0.0)} Reef{pos(1142,00;1802,00;0,00);Poly(p(-334,00;-18,00);p(-150,00;-242,00);p(26,00;-98,00);p(458,00;358,00);0.
0)} Reef{pos(517,33;1792,00;0,00);Poly(p(-205,33;184,00);p(26,67;-160,00);p(178,67;-24,00);0.0)} Reef{pos(563,00;1126,00;0,00);Poly(p(9,00;-110,00);p(217,00;10,00);p(-23,00;214,00);p(-203,00;-114,00);
0.0)} Reef{pos(391,00;917,00;0,00);Poly(p(201,00;-189,00);p(181,00;99,00);p(-31,00;95,00);p(-351,00;-5,00);0.0)} Reef{pos(1266,00;546,00;0,00);Poly(p(198,00;350,00);p(-426,00;46,00);p(-106,00;-474,00)
;p(334,00;78,00);0.0)} Wanted_Rotation=2.8260180103320955 Rudder_Rotation=0,79 Oar_Rotation=2,04 pos(288,77;1271,81;-1,43) Reef{pos(657,33;2080,00;0,00);Poly(p(-597,33;24,00);p(-345,33;-104,00);p(942,
67;80,00);0.0)} Reef{pos(955,20;1228,80;0,00);Poly(p(-107,20;131,20);p(-175,20;-92,80);p(-51,20;-112,80);p(244,80;-28,80);p(88,80;103,20);0.0)} Reef{pos(600,00;1648,00;0,00);Poly(p(-56,00;-16,00);p(-4
0,00;-104,00);p(96,00;120,00);0.0)} Reef{pos(854,00;1922,00;0,00);Poly(p(-542,00;54,00);p(-158,00;-154,00);p(-46,00;-138,00);p(746,00;238,00);0.0)} Reef{pos(1137,33;1329,33;0,00);Poly(p(-93,33;2,67);p
(62,67;-129,33);p(30,67;126,67);0.0)} Reef{pos(658,00;576,00;0,00);Poly(p(182,00;16,00);p(-66,00;152,00);p(-618,00;336,00);p(502,00;-504,00);0.0)} Reef{pos(628,00;1331,00;0,00);Poly(p(-76,00;93,00);p(
-88,00;9,00);p(152,00;-195,00);p(12,00;93,00);0.0)} Reef{pos(1373,33;1832,00;0,00);Poly(p(-205,33;-128,00);p(-21,33;-200,00);p(226,67;328,00);0.0)} Reef{pos(763,00;1366,00;0,00);Poly(p(-123,00;58,00);
p(17,00;-230,00);p(85,00;-6,00);p(21,00;178,00);0.0)} Reef{pos(1142,00;1802,00;0,00);Poly(p(-334,00;-18,00);p(-150,00;-242,00);p(26,00;-98,00);p(458,00;358,00);0.0)} Reef{pos(517,33;1792,00;0,00);Poly
(p(-205,33;184,00);p(26,67;-160,00);p(178,67;-24,00);0.0)} Reef{pos(563,00;1126,00;0,00);Poly(p(9,00;-110,00);p(217,00;10,00);p(-23,00;214,00);p(-203,00;-114,00);0.0)} Reef{pos(391,00;917,00;0,00);Pol
y(p(201,00;-189,00);p(181,00;99,00);p(-31,00;95,00);p(-351,00;-5,00);0.0)} Reef{pos(1266,00;546,00;0,00);Poly(p(198,00;350,00);p(-426,00;46,00);p(-106,00;-474,00);p(334,00;78,00);0.0)} Wanted_Rotation
=2.0406198469346517 Lift_Sail Rudder_Rotation=0,79 Oar_Rotation=1,26 pos(386,97;1218,38;0,40) Reef{pos(657,33;2080,00;0,00);Poly(p(-597,33;24,00);p(-345,33;-104,00);p(942,67;80,00);0.0)} Reef{pos(955,
20;1228,80;0,00);Poly(p(-107,20;131,20);p(-175,20;-92,80);p(-51,20;-112,80);p(244,80;-28,80);p(88,80;103,20);0.0)} Reef{pos(600,00;1648,00;0,00);Poly(p(-56,00;-16,00);p(-40,00;-104,00);p(96,00;120,00)
;0.0)} Reef{pos(854,00;1922,00;0,00);Poly(p(-542,00;54,00);p(-158,00;-154,00);p(-46,00;-138,00);p(746,00;238,00);0.0)} Reef{pos(1137,33;1329,33;0,00);Poly(p(-93,33;2,67);p(62,67;-129,33);p(30,67;126,6
7);0.0)} Reef{pos(658,00;576,00;0,00);Poly(p(182,00;16,00);p(-66,00;152,00);p(-618,00;336,00);p(502,00;-504,00);0.0)} Reef{pos(628,00;1331,00;0,00);Poly(p(-76,00;93,00);p(-88,00;9,00);p(152,00;-195,00
);p(12,00;93,00);0.0)} Reef{pos(1373,33;1832,00;0,00);Poly(p(-205,33;-128,00);p(-21,33;-200,00);p(226,67;328,00);0.0)} Reef{pos(763,00;1366,00;0,00);Poly(p(-123,00;58,00);p(17,00;-230,00);p(85,00;-6,0
0);p(21,00;178,00);0.0)} Reef{pos(1142,00;1802,00;0,00);Poly(p(-334,00;-18,00);p(-150,00;-242,00);p(26,00;-98,00);p(458,00;358,00);0.0)} Reef{pos(517,33;1792,00;0,00);Poly(p(-205,33;184,00);p(26,67;-1
60,00);p(178,67;-24,00);0.0)} Reef{pos(563,00;1126,00;0,00);Poly(p(9,00;-110,00);p(217,00;10,00);p(-23,00;214,00);p(-203,00;-114,00);0.0)} Reef{pos(391,00;917,00;0,00);Poly(p(201,00;-189,00);p(181,00;
99,00);p(-31,00;95,00);p(-351,00;-5,00);0.0)} Reef{pos(1266,00;546,00;0,00);Poly(p(198,00;350,00);p(-426,00;46,00);p(-106,00;-474,00);p(334,00;78,00);0.0)} Wanted_Rotation=0.5197426074854183 Rudder_Ro
tation=0,52 Lower_Sail pos(386,97;1218,38;0,92) Reef{pos(657,33;2080,00;0,00);Poly(p(-597,33;24,00);p(-345,33;-104,00);p(942,67;80,00);0.0)} Reef{pos(955,20;1228,80;0,00);Poly(p(-107,20;131,20);p(-175
,20;-92,80);p(-51,20;-112,80);p(244,80;-28,80);p(88,80;103,20);0.0)} Reef{pos(600,00;1648,00;0,00);Poly(p(-56,00;-16,00);p(-40,00;-104,00);p(96,00;120,00);0.0)} Reef{pos(854,00;1922,00;0,00);Poly(p(-5
42,00;54,00);p(-158,00;-154,00);p(-46,00;-138,00);p(746,00;238,00);0.0)} Reef{pos(1137,33;1329,33;0,00);Poly(p(-93,33;2,67);p(62,67;-129,33);p(30,67;126,67);0.0)} Reef{pos(658,00;576,00;0,00);Poly(p(1
82,00;16,00);p(-66,00;152,00);p(-618,00;336,00);p(502,00;-504,00);0.0)} Reef{pos(628,00;1331,00;0,00);Poly(p(-76,00;93,00);p(-88,00;9,00);p(152,00;-195,00);p(12,00;93,00);0.0)} Reef{pos(1373,33;1832,0
0;0,00);Poly(p(-205,33;-128,00);p(-21,33;-200,00);p(226,67;328,00);0.0)} Reef{pos(763,00;1366,00;0,00);Poly(p(-123,00;58,00);p(17,00;-230,00);p(85,00;-6,00);p(21,00;178,00);0.0)} Reef{pos(1142,00;1802
,00;0,00);Poly(p(-334,00;-18,00);p(-150,00;-242,00);p(26,00;-98,00);p(458,00;358,00);0.0)} Reef{pos(517,33;1792,00;0,00);Poly(p(-205,33;184,00);p(26,67;-160,00);p(178,67;-24,00);0.0)} Reef{pos(563,00;
1126,00;0,00);Poly(p(9,00;-110,00);p(217,00;10,00);p(-23,00;214,00);p(-203,00;-114,00);0.0)} Reef{pos(391,00;917,00;0,00);Poly(p(201,00;-189,00);p(181,00;99,00);p(-31,00;95,00);p(-351,00;-5,00);0.0)} 
Reef{pos(1266,00;546,00;0,00);Poly(p(198,00;350,00);p(-426,00;46,00);p(-106,00;-474,00);p(334,00;78,00);0.0)} Wanted_Rotation=8.881784197001252E-16 Lift_Sail Rudder_Rotation=0,00 Oar_Rotation=0,00 pos
(496,04;1361,74;0,92) Reef{pos(657,33;2080,00;0,00);Poly(p(-597,33;24,00);p(-345,33;-104,00);p(942,67;80,00);0.0)} Reef{pos(955,20;1228,80;0,00);Poly(p(-107,20;131,20);p(-175,20;-92,80);p(-51,20;-112,
80);p(244,80;-28,80);p(88,80;103,20);0.0)} Reef{pos(600,00;1648,00;0,00);Poly(p(-56,00;-16,00);p(-40,00;-104,00);p(96,00;120,00);0.0)} Reef{pos(854,00;1922,00;0,00);Poly(p(-542,00;54,00);p(-158,00;-15
4,00);p(-46,00;-138,00);p(746,00;238,00);0.0)} Reef{pos(1137,33;1329,33;0,00);Poly(p(-93,33;2,67);p(62,67;-129,33);p(30,67;126,67);0.0)} Reef{pos(1504,00;1328,00;0,00);Poly(p(-152,00;304,00);p(-40,00;
-432,00);p(96,00;-704,00);p(96,00;832,00);0.0)} Reef{pos(658,00;576,00;0,00);Poly(p(182,00;16,00);p(-66,00;152,00);p(-618,00;336,00);p(502,00;-504,00);0.0)} Reef{pos(628,00;1331,00;0,00);Poly(p(-76,00
;93,00);p(-88,00;9,00);p(152,00;-195,00);p(12,00;93,00);0.0)} Reef{pos(1373,33;1832,00;0,00);Poly(p(-205,33;-128,00);p(-21,33;-200,00);p(226,67;328,00);0.0)} Reef{pos(763,00;1366,00;0,00);Poly(p(-123,
00;58,00);p(17,00;-230,00);p(85,00;-6,00);p(21,00;178,00);0.0)} Reef{pos(1142,00;1802,00;0,00);Poly(p(-334,00;-18,00);p(-150,00;-242,00);p(26,00;-98,00);p(458,00;358,00);0.0)} Reef{pos(517,33;1792,00;
0,00);Poly(p(-205,33;184,00);p(26,67;-160,00);p(178,67;-24,00);0.0)} Reef{pos(563,00;1126,00;0,00);Poly(p(9,00;-110,00);p(217,00;10,00);p(-23,00;214,00);p(-203,00;-114,00);0.0)} Reef{pos(391,00;917,00
;0,00);Poly(p(201,00;-189,00);p(181,00;99,00);p(-31,00;95,00);p(-351,00;-5,00);0.0)} Reef{pos(1266,00;546,00;0,00);Poly(p(198,00;350,00);p(-426,00;46,00);p(-106,00;-474,00);p(334,00;78,00);0.0)} Wante
d_Rotation=-3.3288793924397964 Rudder_Rotation=-0,79 Oar_Rotation=-2,54 pos(514,01;1371,58;0,14) Reef{pos(657,33;2080,00;0,00);Poly(p(-597,33;24,00);p(-345,33;-104,00);p(942,67;80,00);0.0)} Reef{pos(9
55,20;1228,80;0,00);Poly(p(-107,20;131,20);p(-175,20;-92,80);p(-51,20;-112,80);p(244,80;-28,80);p(88,80;103,20);0.0)} Reef{pos(600,00;1648,00;0,00);Poly(p(-56,00;-16,00);p(-40,00;-104,00);p(96,00;120,
00);0.0)} Reef{pos(854,00;1922,00;0,00);Poly(p(-542,00;54,00);p(-158,00;-154,00);p(-46,00;-138,00);p(746,00;238,00);0.0)} Reef{pos(1137,33;1329,33;0,00);Poly(p(-93,33;2,67);p(62,67;-129,33);p(30,67;12
6,67);0.0)} Reef{pos(1504,00;1328,00;0,00);Poly(p(-152,00;304,00);p(-40,00;-432,00);p(96,00;-704,00);p(96,00;832,00);0.0)} Reef{pos(658,00;576,00;0,00);Poly(p(182,00;16,00);p(-66,00;152,00);p(-618,00;
336,00);p(502,00;-504,00);0.0)} Reef{pos(628,00;1331,00;0,00);Poly(p(-76,00;93,00);p(-88,00;9,00);p(152,00;-195,00);p(12,00;93,00);0.0)} Reef{pos(1373,33;1832,00;0,00);Poly(p(-205,33;-128,00);p(-21,33
;-200,00);p(226,67;328,00);0.0)} Reef{pos(763,00;1366,00;0,00);Poly(p(-123,00;58,00);p(17,00;-230,00);p(85,00;-6,00);p(21,00;178,00);0.0)} Reef{pos(1142,00;1802,00;0,00);Poly(p(-334,00;-18,00);p(-150,
00;-242,00);p(26,00;-98,00);p(458,00;358,00);0.0)} Reef{pos(517,33;1792,00;0,00);Poly(p(-205,33;184,00);p(26,67;-160,00);p(178,67;-24,00);0.0)} Reef{pos(563,00;1126,00;0,00);Poly(p(9,00;-110,00);p(217
,00;10,00);p(-23,00;214,00);p(-203,00;-114,00);0.0)} Reef{pos(391,00;917,00;0,00);Poly(p(201,00;-189,00);p(181,00;99,00);p(-31,00;95,00);p(-351,00;-5,00);0.0)} Reef{pos(1266,00;546,00;0,00);Poly(p(198
,00;350,00);p(-426,00;46,00);p(-106,00;-474,00);p(334,00;78,00);0.0)} Wanted_Rotation=-2.490938077652133 Rudder_Rotation=-0,79 Lower_Sail pos(514,01;1371,58;-0,65) Reef{pos(657,33;2080,00;0,00);Poly(p
(-597,33;24,00);p(-345,33;-104,00);p(942,67;80,00);0.0)} Reef{pos(955,20;1228,80;0,00);Poly(p(-107,20;131,20);p(-175,20;-92,80);p(-51,20;-112,80);p(244,80;-28,80);p(88,80;103,20);0.0)} Reef{pos(600,00
;1648,00;0,00);Poly(p(-56,00;-16,00);p(-40,00;-104,00);p(96,00;120,00);0.0)} Reef{pos(854,00;1922,00;0,00);Poly(p(-542,00;54,00);p(-158,00;-154,00);p(-46,00;-138,00);p(746,00;238,00);0.0)} Reef{pos(11
37,33;1329,33;0,00);Poly(p(-93,33;2,67);p(62,67;-129,33);p(30,67;126,67);0.0)} Reef{pos(1504,00;1328,00;0,00);Poly(p(-152,00;304,00);p(-40,00;-432,00);p(96,00;-704,00);p(96,00;832,00);0.0)} Reef{pos(6
58,00;576,00;0,00);Poly(p(182,00;16,00);p(-66,00;152,00);p(-618,00;336,00);p(502,00;-504,00);0.0)} Reef{pos(628,00;1331,00;0,00);Poly(p(-76,00;93,00);p(-88,00;9,00);p(152,00;-195,00);p(12,00;93,00);0.
0)} Reef{pos(1373,33;1832,00;0,00);Poly(p(-205,33;-128,00);p(-21,33;-200,00);p(226,67;328,00);0.0)} Reef{pos(763,00;1366,00;0,00);Poly(p(-123,00;58,00);p(17,00;-230,00);p(85,00;-6,00);p(21,00;178,00);
0.0)} Reef{pos(1142,00;1802,00;0,00);Poly(p(-334,00;-18,00);p(-150,00;-242,00);p(26,00;-98,00);p(458,00;358,00);0.0)} Reef{pos(517,33;1792,00;0,00);Poly(p(-205,33;184,00);p(26,67;-160,00);p(178,67;-24
,00);0.0)} Reef{pos(563,00;1126,00;0,00);Poly(p(9,00;-110,00);p(217,00;10,00);p(-23,00;214,00);p(-203,00;-114,00);0.0)} Reef{pos(391,00;917,00;0,00);Poly(p(201,00;-189,00);p(181,00;99,00);p(-31,00;95,
00);p(-351,00;-5,00);0.0)} Reef{pos(1266,00;546,00;0,00);Poly(p(198,00;350,00);p(-426,00;46,00);p(-106,00;-474,00);p(334,00;78,00);0.0)} Wanted_Rotation=-1.7055399142546859 Rudder_Rotation=-0,79 Lower
_Sail pos(514,01;1371,58;-1,44) Reef{pos(657,33;2080,00;0,00);Poly(p(-597,33;24,00);p(-345,33;-104,00);p(942,67;80,00);0.0)} Reef{pos(955,20;1228,80;0,00);Poly(p(-107,20;131,20);p(-175,20;-92,80);p(-5
1,20;-112,80);p(244,80;-28,80);p(88,80;103,20);0.0)} Reef{pos(600,00;1648,00;0,00);Poly(p(-56,00;-16,00);p(-40,00;-104,00);p(96,00;120,00);0.0)} Reef{pos(854,00;1922,00;0,00);Poly(p(-542,00;54,00);p(-
158,00;-154,00);p(-46,00;-138,00);p(746,00;238,00);0.0)} Reef{pos(1137,33;1329,33;0,00);Poly(p(-93,33;2,67);p(62,67;-129,33);p(30,67;126,67);0.0)} Reef{pos(1504,00;1328,00;0,00);Poly(p(-152,00;304,00)
;p(-40,00;-432,00);p(96,00;-704,00);p(96,00;832,00);0.0)} Reef{pos(658,00;576,00;0,00);Poly(p(182,00;16,00);p(-66,00;152,00);p(-618,00;336,00);p(502,00;-504,00);0.0)} Reef{pos(628,00;1331,00;0,00);Pol
