Macro[ Position[x=1600.0,y=350.0,orientation=0.0]0.21535769969773805]
Micro : 25 actions
MOVING[sailorId=19,xdistance=5,ydistance=0],
OAR[sailorId=9],
MOVING[sailorId=17,xdistance=2,ydistance=0],
LIFT_SAIL[sailorId=17],
OAR[sailorId=14],
MOVING[sailorId=18,xdistance=0,ydistance=1],
OAR[sailorId=18],
MOVING[sailorId=13,xdistance=2,ydistance=1],
OAR[sailorId=13],
MOVING[sailorId=4,xdistance=5,ydistance=0],
OAR[sailorId=4],
MOVING[sailorId=8,xdistance=5,ydistance=0],
MOVING[sailorId=12,xdistance=4,ydistance=1],
MOVING[sailorId=16,xdistance=3,ydistance=2],
MOVING[sailorId=3,xdistance=5,ydistance=0],
OAR[sailorId=5],
OAR[sailorId=10],
OAR[sailorId=15],
MOVING[sailorId=11,xdistance=2,ydistance=-1],
OAR[sailorId=11],
MOVING[sailorId=0,xdistance=5,ydistance=0],
OAR[sailorId=0],
MOVING[sailorId=6,xdistance=5,ydistance=0],
MOVING[sailorId=1,xdistance=5,ydistance=0],
MOVING[sailorId=7,xdistance=5,ydistance=0],
Macro[ Position[x=1600.0,y=350.0,orientation=0.0]0.2280090128523937]
Micro : 26 actions
MOVING[sailorId=19,xdistance=2,ydistance=0],
TURN[sailorId=19,rotation=0.05347608765296094],
OAR[sailorId=9],
OAR[sailorId=14],
OAR[sailorId=18],
OAR[sailorId=13],
OAR[sailorId=4],
MOVING[sailorId=8,xdistance=0,ydistance=1],
OAR[sailorId=8],
MOVING[sailorId=12,xdistance=1,ydistance=1],
OAR[sailorId=12],
MOVING[sailorId=16,xdistance=2,ydistance=1],
OAR[sailorId=16],
MOVING[sailorId=3,xdistance=4,ydistance=1],
OAR[sailorId=3],
OAR[sailorId=5],
OAR[sailorId=10],
OAR[sailorId=15],
OAR[sailorId=11],
OAR[sailorId=0],
MOVING[sailorId=6,xdistance=0,ydistance=-1],
OAR[sailorId=6],
MOVING[sailorId=1,xdistance=2,ydistance=-1],
OAR[sailorId=1],
MOVING[sailorId=7,xdistance=2,ydistance=-2],
OAR[sailorId=7],
Macro[ Position[x=1600.0,y=350.0,orientation=0.0]0.012815454479975952]
Micro : 19 actions
TURN[sailorId=19,rotation=0.1873483796794087],
OAR[sailorId=5],
OAR[sailorId=9],
OAR[sailorId=14],
OAR[sailorId=18],
OAR[sailorId=13],
OAR[sailorId=4],
OAR[sailorId=8],
OAR[sailorId=12],
OAR[sailorId=16],
OAR[sailorId=10],
OAR[sailorId=15],
OAR[sailorId=11],
OAR[sailorId=0],
OAR[sailorId=6],
OAR[sailorId=1],
OAR[sailorId=7],
MOVING[sailorId=3,xdistance=0,ydistance=-4],
OAR[sailorId=3],
Macro[ Position[x=1600.0,y=350.0,orientation=0.0]8.144775223540568E-4]
Micro : 18 actions
TURN[sailorId=19,rotation=0.1753474027217868],
OAR[sailorId=5],
OAR[sailorId=9],
OAR[sailorId=14],
OAR[sailorId=18],
OAR[sailorId=13],
OAR[sailorId=4],
OAR[sailorId=8],
OAR[sailorId=12],
OAR[sailorId=16],
OAR[sailorId=10],
OAR[sailorId=15],
OAR[sailorId=11],
OAR[sailorId=0],
OAR[sailorId=6],
OAR[sailorId=1],
OAR[sailorId=7],
OAR[sailorId=3],
Macro[ Position[x=1600.0,y=350.0,orientation=0.0]5.921682035647802E-5]
Micro : 18 actions
TURN[sailorId=19,rotation=0.17459214201978923],
OAR[sailorId=5],
