Position ( 500.0 , 500.0 , 0.0 ) circle: (50.0)nothing Position ( 500.0 , 500.0 , 0.0 ) circle: (50.0)Position ( 500.0 , 500.0 , 0.0 ) circle: (50.0)nothing Position ( 500.0 , 500.0 , 0.0 ) circle: (5
0.0)Position ( 500.0 , 500.0 , 0.0 ) circle: (50.0)nothing Position ( 500.0 , 500.0 , 0.0 ) circle: (50.0)Position ( 500.0 , 500.0 , 0.0 ) circle: (50.0)nothing Position ( 500.0 , 500.0 , 0.0 ) circle
: (50.0)Position ( 500.0 , 500.0 , 0.0 ) circle: (50.0)Position ( 1000.0 , 1000.0 , 0.0 ) circle: (50.0)obstacle on trajet Position ( 1000.0 , 1000.0 , 0.0 ) circle: (50.0)Position ( 1000.0 , 1000.0 ,
 0.0 ) circle: (50.0)both inside stream Position ( 1000.0 , 1000.0 , 0.0 ) circle: (50.0)Position ( 1000.0 , 1000.0 , 0.0 ) circle: (50.0)both inside stream Position ( 1000.0 , 1000.0 , 0.0 ) circle: 
(50.0)Position ( 1000.0 , 1000.0 , 0.0 ) circle: (50.0)both inside stream Position ( 1000.0 , 1000.0 , 0.0 ) circle: (50.0)Optional[OarsConfig(fraction:-1/18,diff:-1)]Position ( 1000.0 , 1000.0 , 0.0 
) circle: (50.0)obstacle on trajet Position ( 1000.0 , 1000.0 , 0.0 ) circle: (50.0)Optional[OarsConfig(fraction:-1/18,diff:-1)]Position ( 1000.0 , 1000.0 , 0.0 ) circle: (50.0)obstacle on trajet Posi
tion ( 1000.0 , 1000.0 , 0.0 ) circle: (50.0)Optional[OarsConfig(fraction:-1/18,diff:-1)]Position ( 1000.0 , 1000.0 , 0.0 ) circle: (50.0)obstacle on trajet Position ( 1000.0 , 1000.0 , 0.0 ) circle: 
(50.0)Optional[OarsConfig(fraction:-1/18,diff:-1)]Position ( 1000.0 , 1000.0 , 0.0 ) circle: (50.0)obstacle on trajet Position ( 1000.0 , 1000.0 , 0.0 ) circle: (50.0)Optional[OarsConfig(fraction:-1/1
8,diff:-1)]Position ( 1000.0 , 1000.0 , 0.0 ) circle: (50.0)obstacle on trajet Position ( 1000.0 , 1000.0 , 0.0 ) circle: (50.0)Optional[OarsConfig(fraction:-1/18,diff:-1)]Position ( 1000.0 , 1000.0 ,
 0.0 ) circle: (50.0)obstacle on trajet Position ( 1000.0 , 1000.0 , 0.0 ) circle: (50.0)Optional[OarsConfig(fraction:-1/18,diff:-1)]Position ( 1000.0 , 1000.0 , 0.0 ) circle: (50.0)obstacle on trajet
 Position ( 1000.0 , 1000.0 , 0.0 ) circle: (50.0)Optional[OarsConfig(fraction:-1/18,diff:-1)]Position ( 1000.0 , 1000.0 , 0.0 ) circle: (50.0)obstacle on trajet Position ( 1000.0 , 1000.0 , 0.0 ) cir
cle: (50.0)Optional[OarsConfig(fraction:-1/18,diff:-1)]Position ( 1000.0 , 1000.0 , 0.0 ) circle: (50.0)obstacle on trajet Position ( 1000.0 , 1000.0 , 0.0 ) circle: (50.0)Optional[OarsConfig(fraction
:-1/18,diff:-1)]Position ( 1000.0 , 1000.0 , 0.0 ) circle: (50.0)obstacle on trajet Position ( 1000.0 , 1000.0 , 0.0 ) circle: (50.0)Optional[OarsConfig(fraction:-1/18,diff:-1)]Position ( 1000.0 , 100
0.0 , 0.0 ) circle: (50.0)obstacle on trajet Position ( 1000.0 , 1000.0 , 0.0 ) circle: (50.0)Optional[OarsConfig(fraction:-1/18,diff:-1)]Position ( 1000.0 , 1000.0 , 0.0 ) circle: (50.0)obstacle on t
rajet Position ( 1000.0 , 1000.0 , 0.0 ) circle: (50.0)Optional[OarsConfig(fraction:-1/18,diff:-1)]Position ( 1000.0 , 1000.0 , 0.0 ) circle: (50.0)obstacle on trajet Position ( 1000.0 , 1000.0 , 0.0 
) circle: (50.0)Optional[OarsConfig(fraction:-1/18,diff:-1)]Position ( 1000.0 , 1000.0 , 0.0 ) circle: (50.0)obstacle on trajet Position ( 1000.0 , 1000.0 , 0.0 ) circle: (50.0)Optional[OarsConfig(fra
ction:-1/18,diff:-1)]Position ( 1000.0 , 1000.0 , 0.0 ) circle: (50.0)obstacle on trajet Position ( 1000.0 , 1000.0 , 0.0 ) circle: (50.0)Optional[OarsConfig(fraction:-1/18,diff:-1)]Position ( 1000.0 
, 1000.0 , 0.0 ) circle: (50.0)obstacle on trajet Position ( 1000.0 , 1000.0 , 0.0 ) circle: (50.0)Optional[OarsConfig(fraction:-1/18,diff:-1)]Position ( 1000.0 , 1000.0 , 0.0 ) circle: (50.0)obstacle
 on trajet Position ( 1000.0 , 1000.0 , 0.0 ) circle: (50.0)Optional[OarsConfig(fraction:-1/18,diff:-1)]Position ( 1000.0 , 1000.0 , 0.0 ) circle: (50.0)obstacle on trajet Position ( 1000.0 , 1000.0 ,
 0.0 ) circle: (50.0)Optional[OarsConfig(fraction:-1/18,diff:-1)]Position ( 1000.0 , 1000.0 , 0.0 ) circle: (50.0)obstacle on trajet Position ( 1000.0 , 1000.0 , 0.0 ) circle: (50.0)Optional[OarsConfi
g(fraction:-1/18,diff:-1)]Position ( 1000.0 , 1000.0 , 0.0 ) circle: (50.0)obstacle on trajet Position ( 1000.0 , 1000.0 , 0.0 ) circle: (50.0)Optional[OarsConfig(fraction:-1/18,diff:-1)]Position ( 10
00.0 , 1000.0 , 0.0 ) circle: (50.0)obstacle on trajet Position ( 1000.0 , 1000.0 , 0.0 ) circle: (50.0)Optional[OarsConfig(fraction:-1/18,diff:-1)]Position ( 1000.0 , 1000.0 , 0.0 ) circle: (50.0)obs
tacle on trajet Position ( 1000.0 , 1000.0 , 0.0 ) circle: (50.0)Optional[OarsConfig(fraction:-1/18,diff:-1)]Position ( 1000.0 , 1000.0 , 0.0 ) circle: (50.0)obstacle on trajet Position ( 1000.0 , 100
0.0 , 0.0 ) circle: (50.0)Optional[OarsConfig(fraction:-1/18,diff:-1)]Position ( 1000.0 , 1000.0 , 0.0 ) circle: (50.0)obstacle on trajet Position ( 1000.0 , 1000.0 , 0.0 ) circle: (50.0)Optional[Oars
Config(fraction:-1/18,diff:-1)]Position ( 1000.0 , 1000.0 , 0.0 ) circle: (50.0)obstacle on trajet Position ( 1000.0 , 1000.0 , 0.0 ) circle: (50.0)Optional[OarsConfig(fraction:-1/18,diff:-1)]Position
 ( 1000.0 , 1000.0 , 0.0 ) circle: (50.0)obstacle on trajet Position ( 1000.0 , 1000.0 , 0.0 ) circle: (50.0)Optional[OarsConfig(fraction:-1/18,diff:-1)]Position ( 1000.0 , 1000.0 , 0.0 ) circle: (50.
0)obstacle on trajet Position ( 1000.0 , 1000.0 , 0.0 ) circle: (50.0)Optional[OarsConfig(fraction:-1/18,diff:-1)]Position ( 1000.0 , 1000.0 , 0.0 ) circle: (50.0)obstacle on trajet Position ( 1000.0 
, 1000.0 , 0.0 ) circle: (50.0)Optional[OarsConfig(fraction:-1/18,diff:-1)]Position ( 1000.0 , 1000.0 , 0.0 ) circle: (50.0)obstacle on trajet Position ( 1000.0 , 1000.0 , 0.0 ) circle: (50.0)Optional
[OarsConfig(fraction:-1/18,diff:-1)]Position ( 1000.0 , 1000.0 , 0.0 ) circle: (50.0)obstacle on trajet Position ( 1000.0 , 1000.0 , 0.0 ) circle: (50.0)Optional[OarsConfig(fraction:-1/18,diff:-1)]Pos
ition ( 1000.0 , 1000.0 , 0.0 ) circle: (50.0)obstacle on trajet Position ( 1000.0 , 1000.0 , 0.0 ) circle: (50.0)Optional[OarsConfig(fraction:-1/18,diff:-1)]Position ( 1000.0 , 1000.0 , 0.0 ) circle:
 (50.0)obstacle on trajet Position ( 1000.0 , 1000.0 , 0.0 ) circle: (50.0)Optional[OarsConfig(fraction:-1/18,diff:-1)]Position ( 1000.0 , 1000.0 , 0.0 ) circle: (50.0)obstacle on trajet Position ( 10
00.0 , 1000.0 , 0.0 ) circle: (50.0)Optional[OarsConfig(fraction:-1/18,diff:-1)]Position ( 1000.0 , 1000.0 , 0.0 ) circle: (50.0)obstacle on trajet Position ( 1000.0 , 1000.0 , 0.0 ) circle: (50.0)Opt
ional[OarsConfig(fraction:-1/18,diff:-1)]Position ( 1000.0 , 1000.0 , 0.0 ) circle: (50.0)obstacle on trajet Position ( 1000.0 , 1000.0 , 0.0 ) circle: (50.0)Optional[OarsConfig(fraction:-1/18,diff:-1
)]Position ( 1000.0 , 1000.0 , 0.0 ) circle: (50.0)obstacle on trajet Position ( 1000.0 , 1000.0 , 0.0 ) circle: (50.0)Optional[OarsConfig(fraction:-1/18,diff:-1)]Position ( 1000.0 , 1000.0 , 0.0 ) ci
rcle: (50.0)obstacle on trajet Position ( 1000.0 , 1000.0 , 0.0 ) circle: (50.0)Optional[OarsConfig(fraction:-1/18,diff:-1)]Position ( 1000.0 , 1000.0 , 0.0 ) circle: (50.0)obstacle on trajet Position
 ( 1000.0 , 1000.0 , 0.0 ) circle: (50.0)Optional[OarsConfig(fraction:-1/18,diff:-1)]Position ( 1000.0 , 1000.0 , 0.0 ) circle: (50.0)obstacle on trajet Position ( 1000.0 , 1000.0 , 0.0 ) circle: (50.
0)Optional[OarsConfig(fraction:-1/18,diff:-1)]Position ( 1000.0 , 1000.0 , 0.0 ) circle: (50.0)obstacle on trajet Position ( 1000.0 , 1000.0 , 0.0 ) circle: (50.0)Optional[OarsConfig(fraction:-1/18,di
ff:-1)]Position ( 1000.0 , 1000.0 , 0.0 ) circle: (50.0)obstacle on trajet Position ( 1000.0 , 1000.0 , 0.0 ) circle: (50.0)Optional[OarsConfig(fraction:-1/18,diff:-1)]Position ( 1000.0 , 1000.0 , 0.0
 ) circle: (50.0)obstacle on trajet Position ( 1000.0 , 1000.0 , 0.0 ) circle: (50.0)Optional[OarsConfig(fraction:-1/18,diff:-1)]Position ( 1000.0 , 1000.0 , 0.0 ) circle: (50.0)obstacle on trajet Pos
ition ( 1000.0 , 1000.0 , 0.0 ) circle: (50.0)Optional[OarsConfig(fraction:-1/18,diff:-1)]Position ( 1000.0 , 1000.0 , 0.0 ) circle: (50.0)obstacle on trajet Position ( 1000.0 , 1000.0 , 0.0 ) circle:
 (50.0)Optional[OarsConfig(fraction:-1/18,diff:-1)]Position ( 1000.0 , 1000.0 , 0.0 ) circle: (50.0)obstacle on trajet Position ( 1000.0 , 1000.0 , 0.0 ) circle: (50.0)Optional[OarsConfig(fraction:-1/
18,diff:-1)]Position ( 1000.0 , 1000.0 , 0.0 ) circle: (50.0)obstacle on trajet Position ( 1000.0 , 1000.0 , 0.0 ) circle: (50.0)Optional[OarsConfig(fraction:-1/18,diff:-1)]Position ( 1000.0 , 1000.0 
, 0.0 ) circle: (50.0)obstacle on trajet Position ( 1000.0 , 1000.0 , 0.0 ) circle: (50.0)Optional[OarsConfig(fraction:-1/18,diff:-1)]Position ( 1000.0 , 1000.0 , 0.0 ) circle: (50.0)obstacle on traje
t Position ( 1000.0 , 1000.0 , 0.0 ) circle: (50.0)Optional[OarsConfig(fraction:-1/18,diff:-1)]Position ( 1000.0 , 1000.0 , 0.0 ) circle: (50.0)obstacle on trajet Position ( 1000.0 , 1000.0 , 0.0 ) ci
rcle: (50.0)Optional[OarsConfig(fraction:-1/18,diff:-1)]Position ( 1000.0 , 1000.0 , 0.0 ) circle: (50.0)obstacle on trajet Position ( 1000.0 , 1000.0 , 0.0 ) circle: (50.0)Optional[OarsConfig(fractio
n:-1/18,diff:-1)]Position ( 1000.0 , 1000.0 , 0.0 ) circle: (50.0)obstacle on trajet Position ( 1000.0 , 1000.0 , 0.0 ) circle: (50.0)Optional[OarsConfig(fraction:-1/18,diff:-1)]Position ( 1000.0 , 10
00.0 , 0.0 ) circle: (50.0)obstacle on trajet Position ( 1000.0 , 1000.0 , 0.0 ) circle: (50.0)Optional[OarsConfig(fraction:-1/18,diff:-1)]Position ( 1000.0 , 1000.0 , 0.0 ) circle: (50.0)obstacle on 
trajet Position ( 1000.0 , 1000.0 , 0.0 ) circle: (50.0)Optional[OarsConfig(fraction:-1/18,diff:-1)]Position ( 1000.0 , 1000.0 , 0.0 ) circle: (50.0)obstacle on trajet Position ( 1000.0 , 1000.0 , 0.0
 ) circle: (50.0)Optional[OarsConfig(fraction:-1/18,diff:-1)]Position ( 1000.0 , 1000.0 , 0.0 ) circle: (50.0)obstacle on trajet Position ( 1000.0 , 1000.0 , 0.0 ) circle: (50.0)Optional[OarsConfig(fr
action:-1/18,diff:-1)]Position ( 1000.0 , 1000.0 , 0.0 ) circle: (50.0)obstacle on trajet Position ( 1000.0 , 1000.0 , 0.0 ) circle: (50.0)Optional[OarsConfig(fraction:-1/18,diff:-1)]Position ( 1000.0
 , 1000.0 , 0.0 ) circle: (50.0)obstacle on trajet Position ( 1000.0 , 1000.0 , 0.0 ) circle: (50.0)Optional[OarsConfig(fraction:-1/18,diff:-1)]Position ( 1000.0 , 1000.0 , 0.0 ) circle: (50.0)obstacl
e on trajet Position ( 1000.0 , 1000.0 , 0.0 ) circle: (50.0)Optional[OarsConfig(fraction:-1/18,diff:-1)]Position ( 1000.0 , 1000.0 , 0.0 ) circle: (50.0)obstacle on trajet Position ( 1000.0 , 1000.0 
, 0.0 ) circle: (50.0)Optional[OarsConfig(fraction:-1/18,diff:-1)]Position ( 1000.0 , 1000.0 , 0.0 ) circle: (50.0)obstacle on trajet Position ( 1000.0 , 1000.0 , 0.0 ) circle: (50.0)Optional[OarsConf
ig(fraction:-1/18,diff:-1)]Position ( 1000.0 , 1000.0 , 0.0 ) circle: (50.0)obstacle on trajet Position ( 1000.0 , 1000.0 , 0.0 ) circle: (50.0)Optional[OarsConfig(fraction:-1/18,diff:-1)]Position ( 1
000.0 , 1000.0 , 0.0 ) circle: (50.0)obstacle on trajet Position ( 1000.0 , 1000.0 , 0.0 ) circle: (50.0)Optional[OarsConfig(fraction:-1/18,diff:-1)]Position ( 1000.0 , 1000.0 , 0.0 ) circle: (50.0)ob
stacle on trajet Position ( 1000.0 , 1000.0 , 0.0 ) circle: (50.0)Optional[OarsConfig(fraction:-1/18,diff:-1)]Position ( 1000.0 , 1000.0 , 0.0 ) circle: (50.0)obstacle on trajet Position ( 1000.0 , 10
00.0 , 0.0 ) circle: (50.0)Optional[OarsConfig(fraction:-1/18,diff:-1)]Position ( 1000.0 , 1000.0 , 0.0 ) circle: (50.0)obstacle on trajet Position ( 1000.0 , 1000.0 , 0.0 ) circle: (50.0)Optional[Oar
sConfig(fraction:-1/18,diff:-1)]Position ( 1000.0 , 1000.0 , 0.0 ) circle: (50.0)obstacle on trajet Position ( 1000.0 , 1000.0 , 0.0 ) circle: (50.0)Optional[OarsConfig(fraction:-1/18,diff:-1)]Positio
n ( 1000.0 , 1000.0 , 0.0 ) circle: (50.0)obstacle on trajet Position ( 1000.0 , 1000.0 , 0.0 ) circle: (50.0)Optional[OarsConfig(fraction:-1/18,diff:-1)]Position ( 1000.0 , 1000.0 , 0.0 ) circle: (50
.0)obstacle on trajet Position ( 1000.0 , 1000.0 , 0.0 ) circle: (50.0)Optional[OarsConfig(fraction:-1/18,diff:-1)]Position ( 1000.0 , 1000.0 , 0.0 ) circle: (50.0)obstacle on trajet Position ( 1000.0
 , 1000.0 , 0.0 ) circle: (50.0)Optional[OarsConfig(fraction:-1/18,diff:-1)]Position ( 1000.0 , 1000.0 , 0.0 ) circle: (50.0)obstacle on trajet Position ( 1000.0 , 1000.0 , 0.0 ) circle: (50.0)Optiona
l[OarsConfig(fraction:-1/18,diff:-1)]Position ( 1000.0 , 1000.0 , 0.0 ) circle: (50.0)obstacle on trajet Position ( 1000.0 , 1000.0 , 0.0 ) circle: (50.0)Optional[OarsConfig(fraction:-1/18,diff:-1)]Po
sition ( 1000.0 , 1000.0 , 0.0 ) circle: (50.0)obstacle on trajet Position ( 1000.0 , 1000.0 , 0.0 ) circle: (50.0)Optional[OarsConfig(fraction:-1/18,diff:-1)]Position ( 1000.0 , 1000.0 , 0.0 ) circle
: (50.0)obstacle on trajet Position ( 1000.0 , 1000.0 , 0.0 ) circle: (50.0)Optional[OarsConfig(fraction:-1/18,diff:-1)]Position ( 1000.0 , 1000.0 , 0.0 ) circle: (50.0)obstacle on trajet Position ( 1
000.0 , 1000.0 , 0.0 ) circle: (50.0)Optional[OarsConfig(fraction:-1/18,diff:-1)]Position ( 1000.0 , 1000.0 , 0.0 ) circle: (50.0)obstacle on trajet Position ( 1000.0 , 1000.0 , 0.0 ) circle: (50.0)Op
tional[OarsConfig(fraction:-1/18,diff:-1)]Position ( 1000.0 , 1000.0 , 0.0 ) circle: (50.0)obstacle on trajet Position ( 1000.0 , 1000.0 , 0.0 ) circle: (50.0)Optional[OarsConfig(fraction:-1/18,diff:-
1)]Position ( 1000.0 , 1000.0 , 0.0 ) circle: (50.0)obstacle on trajet Position ( 1000.0 , 1000.0 , 0.0 ) circle: (50.0)Optional[OarsConfig(fraction:-1/18,diff:-1)]Position ( 1000.0 , 1000.0 , 0.0 ) c
ircle: (50.0)obstacle on trajet Position ( 1000.0 , 1000.0 , 0.0 ) circle: (50.0)Optional[OarsConfig(fraction:-1/18,diff:-1)]Position ( 1000.0 , 1000.0 , 0.0 ) circle: (50.0)obstacle on trajet Positio
n ( 1000.0 , 1000.0 , 0.0 ) circle: (50.0)Optional[OarsConfig(fraction:-1/18,diff:-1)]Position ( 1000.0 , 1000.0 , 0.0 ) circle: (50.0)obstacle on trajet Position ( 1000.0 , 1000.0 , 0.0 ) circle: (50
.0)Optional[OarsConfig(fraction:-1/18,diff:-1)]Position ( 1000.0 , 1000.0 , 0.0 ) circle: (50.0)obstacle on trajet Position ( 1000.0 , 1000.0 , 0.0 ) circle: (50.0)Optional[OarsConfig(fraction:-1/18,d
iff:-1)]Position ( 1000.0 , 1000.0 , 0.0 ) circle: (50.0)obstacle on trajet Position ( 1000.0 , 1000.0 , 0.0 ) circle: (50.0)Optional[OarsConfig(fraction:-1/18,diff:-1)]Position ( 1000.0 , 1000.0 , 0.
0 ) circle: (50.0)obstacle on trajet Position ( 1000.0 , 1000.0 , 0.0 ) circle: (50.0)Optional[OarsConfig(fraction:-1/18,diff:-1)]Position ( 1000.0 , 1000.0 , 0.0 ) circle: (50.0)obstacle on trajet Po
sition ( 1000.0 , 1000.0 , 0.0 ) circle: (50.0)Optional[OarsConfig(fraction:-1/18,diff:-1)]Position ( 1000.0 , 1000.0 , 0.0 ) circle: (50.0)obstacle on trajet Position ( 1000.0 , 1000.0 , 0.0 ) circle
: (50.0)Optional[OarsConfig(fraction:-1/18,diff:-1)]Position ( 1000.0 , 1000.0 , 0.0 ) circle: (50.0)obstacle on trajet Position ( 1000.0 , 1000.0 , 0.0 ) circle: (50.0)Optional[OarsConfig(fraction:-1
/18,diff:-1)]Position ( 1000.0 , 1000.0 , 0.0 ) circle: (50.0)obstacle on trajet Position ( 1000.0 , 1000.0 , 0.0 ) circle: (50.0)Optional[OarsConfig(fraction:-1/18,diff:-1)]Position ( 1000.0 , 1000.0
 , 0.0 ) circle: (50.0)obstacle on trajet Position ( 1000.0 , 1000.0 , 0.0 ) circle: (50.0)Optional[OarsConfig(fraction:-1/18,diff:-1)]Position ( 1000.0 , 1000.0 , 0.0 ) circle: (50.0)obstacle on traj
et Position ( 1000.0 , 1000.0 , 0.0 ) circle: (50.0)Optional[OarsConfig(fraction:-1/18,diff:-1)]Position ( 1000.0 , 1000.0 , 0.0 ) circle: (50.0)obstacle on trajet Position ( 1000.0 , 1000.0 , 0.0 ) c
ircle: (50.0)Optional[OarsConfig(fraction:-1/18,diff:-1)]Position ( 1000.0 , 1000.0 , 0.0 ) circle: (50.0)obstacle on trajet Position ( 1000.0 , 1000.0 , 0.0 ) circle: (50.0)Optional[OarsConfig(fracti
on:-1/18,diff:-1)]Position ( 1000.0 , 1000.0 , 0.0 ) circle: (50.0)obstacle on trajet Position ( 1000.0 , 1000.0 , 0.0 ) circle: (50.0)Optional[OarsConfig(fraction:-1/18,diff:-1)]Position ( 1000.0 , 1
000.0 , 0.0 ) circle: (50.0)obstacle on trajet Position ( 1000.0 , 1000.0 , 0.0 ) circle: (50.0)Optional[OarsConfig(fraction:-1/18,diff:-1)]Position ( 1000.0 , 1000.0 , 0.0 ) circle: (50.0)obstacle on
 trajet Position ( 1000.0 , 1000.0 , 0.0 ) circle: (50.0)Optional[OarsConfig(fraction:-1/18,diff:-1)]Position ( 1000.0 , 1000.0 , 0.0 ) circle: (50.0)obstacle on trajet Position ( 1000.0 , 1000.0 , 0.
0 ) circle: (50.0)Optional[OarsConfig(fraction:-1/18,diff:-1)]Position ( 1000.0 , 1000.0 , 0.0 ) circle: (50.0)obstacle on trajet Position ( 1000.0 , 1000.0 , 0.0 ) circle: (50.0)Optional[OarsConfig(f
raction:-1/18,diff:-1)]Position ( 1000.0 , 1000.0 , 0.0 ) circle: (50.0)obstacle on trajet Position ( 1000.0 , 1000.0 , 0.0 ) circle: (50.0)Optional[OarsConfig(fraction:-1/18,diff:-1)]Position ( 1000.
0 , 1000.0 , 0.0 ) circle: (50.0)obstacle on trajet Position ( 1000.0 , 1000.0 , 0.0 ) circle: (50.0)Optional[OarsConfig(fraction:-1/18,diff:-1)]Position ( 1000.0 , 1000.0 , 0.0 ) circle: (50.0)obstac
le on trajet Position ( 1000.0 , 1000.0 , 0.0 ) circle: (50.0)Optional[OarsConfig(fraction:-1/18,diff:-1)]Position ( 1000.0 , 1000.0 , 0.0 ) circle: (50.0)obstacle on trajet Position ( 1000.0 , 1000.0
 , 0.0 ) circle: (50.0)Optional[OarsConfig(fraction:-1/18,diff:-1)]Position ( 1000.0 , 1000.0 , 0.0 ) circle: (50.0)obstacle on trajet Position ( 1000.0 , 1000.0 , 0.0 ) circle: (50.0)Optional[OarsCon
fig(fraction:-1/18,diff:-1)]Position ( 1000.0 , 1000.0 , 0.0 ) circle: (50.0)obstacle on trajet Position ( 1000.0 , 1000.0 , 0.0 ) circle: (50.0)Optional[OarsConfig(fraction:-1/18,diff:-1)]Position ( 
1000.0 , 1000.0 , 0.0 ) circle: (50.0)obstacle on trajet Position ( 1000.0 , 1000.0 , 0.0 ) circle: (50.0)Optional[OarsConfig(fraction:-1/18,diff:-1)]Position ( 1000.0 , 1000.0 , 0.0 ) circle: (50.0)o
bstacle on trajet Position ( 1000.0 , 1000.0 , 0.0 ) circle: (50.0)Optional[OarsConfig(fraction:-1/18,diff:-1)]Position ( 1000.0 , 1000.0 , 0.0 ) circle: (50.0)obstacle on trajet Position ( 1000.0 , 1
000.0 , 0.0 ) circle: (50.0)Optional[OarsConfig(fraction:-1/18,diff:-1)]Position ( 1000.0 , 1000.0 , 0.0 ) circle: (50.0)obstacle on trajet Position ( 1000.0 , 1000.0 , 0.0 ) circle: (50.0)Optional[Oa
rsConfig(fraction:-1/18,diff:-1)]Position ( 1000.0 , 1000.0 , 0.0 ) circle: (50.0)obstacle on trajet Position ( 1000.0 , 1000.0 , 0.0 ) circle: (50.0)Optional[OarsConfig(fraction:-1/18,diff:-1)]Positi
on ( 1000.0 , 1000.0 , 0.0 ) circle: (50.0)obstacle on trajet Position ( 1000.0 , 1000.0 , 0.0 ) circle: (50.0)Optional[OarsConfig(fraction:-1/18,diff:-1)]Position ( 1000.0 , 1000.0 , 0.0 ) circle: (5
0.0)obstacle on trajet Position ( 1000.0 , 1000.0 , 0.0 ) circle: (50.0)Optional[OarsConfig(fraction:-1/18,diff:-1)]Position ( 1000.0 , 1000.0 , 0.0 ) circle: (50.0)obstacle on trajet Position ( 1000.
0 , 1000.0 , 0.0 ) circle: (50.0)Optional[OarsConfig(fraction:-1/18,diff:-1)]Position ( 1000.0 , 1000.0 , 0.0 ) circle: (50.0)obstacle on trajet Position ( 1000.0 , 1000.0 , 0.0 ) circle: (50.0)Option
al[OarsConfig(fraction:-1/18,diff:-1)]Position ( 1000.0 , 1000.0 , 0.0 ) circle: (50.0)obstacle on trajet Position ( 1000.0 , 1000.0 , 0.0 ) circle: (50.0)Optional[OarsConfig(fraction:-1/18,diff:-1)]P
osition ( 1000.0 , 1000.0 , 0.0 ) circle: (50.0)obstacle on trajet Position ( 1000.0 , 1000.0 , 0.0 ) circle: (50.0)Optional[OarsConfig(fraction:-1/18,diff:-1)]Position ( 1000.0 , 1000.0 , 0.0 ) circl
e: (50.0)obstacle on trajet Position ( 1000.0 , 1000.0 , 0.0 ) circle: (50.0)Optional[OarsConfig(fraction:-1/18,diff:-1)]Position ( 1000.0 , 1000.0 , 0.0 ) circle: (50.0)obstacle on trajet Position ( 
1000.0 , 1000.0 , 0.0 ) circle: (50.0)Optional[OarsConfig(fraction:-1/18,diff:-1)]Position ( 1000.0 , 1000.0 , 0.0 ) circle: (50.0)obstacle on trajet Position ( 1000.0 , 1000.0 , 0.0 ) circle: (50.0)O
ptional[OarsConfig(fraction:-1/18,diff:-1)]Position ( 1000.0 , 1000.0 , 0.0 ) circle: (50.0)obstacle on trajet Position ( 1000.0 , 1000.0 , 0.0 ) circle: (50.0)Optional[OarsConfig(fraction:-1/18,diff:
-1)]Position ( 1000.0 , 1000.0 , 0.0 ) circle: (50.0)obstacle on trajet Position ( 1000.0 , 1000.0 , 0.0 ) circle: (50.0)Optional[OarsConfig(fraction:-1/18,diff:-1)]Position ( 1000.0 , 1000.0 , 0.0 ) 
