Micro : 7 actions
MOVING[sailorId=4,xdistance=2,ydistance=0],
TURN[sailorId=4,rotation=0.04051467927324359],
OAR[sailorId=5],
MOVING[sailorId=2,xdistance=2,ydistance=0],
OAR[sailorId=2],
OAR[sailorId=3],
OAR[sailorId=6],
Micro : 5 actions
TURN[sailorId=4,rotation=0.00256439301866096],
OAR[sailorId=5],
OAR[sailorId=2],
OAR[sailorId=3],
OAR[sailorId=6],
Micro : 5 actions
TURN[sailorId=4,rotation=1.8560256228083993E-4],
OAR[sailorId=5],
OAR[sailorId=2],
OAR[sailorId=3],
OAR[sailorId=6],
Micro : 4 actions
OAR[sailorId=5],
OAR[sailorId=2],
OAR[sailorId=3],
OAR[sailorId=6],
Micro : 4 actions
OAR[sailorId=5],
OAR[sailorId=2],
OAR[sailorId=3],
OAR[sailorId=6],
Micro : 4 actions
OAR[sailorId=5],
OAR[sailorId=2],
OAR[sailorId=3],
OAR[sailorId=6],
Micro : 4 actions
OAR[sailorId=5],
OAR[sailorId=2],
OAR[sailorId=3],
OAR[sailorId=6],
Micro : 4 actions
OAR[sailorId=5],
OAR[sailorId=2],
OAR[sailorId=3],
OAR[sailorId=6],
Micro : 4 actions
OAR[sailorId=5],
OAR[sailorId=2],
OAR[sailorId=3],
OAR[sailorId=6],
Micro : 4 actions
TURN[sailorId=4,rotation=0.06643326312660192],
OAR[sailorId=3],
OAR[sailorId=5],
OAR[sailorId=6],
Micro : 7 actions
TURN[sailorId=4,rotation=-0.01758748399098531],
MOVING[sailorId=1,xdistance=1,ydistance=0],
LIFT_SAIL[sailorId=1],
OAR[sailorId=5],
OAR[sailorId=2],
OAR[sailorId=3],
OAR[sailorId=6],
Micro : 5 actions
TURN[sailorId=4,rotation=-0.0010543925332473503],
OAR[sailorId=5],
OAR[sailorId=2],
OAR[sailorId=3],
OAR[sailorId=6],
Micro : 4 actions
OAR[sailorId=5],
OAR[sailorId=2],
OAR[sailorId=3],
OAR[sailorId=6],
Micro : 4 actions
OAR[sailorId=5],
OAR[sailorId=2],
OAR[sailorId=3],
OAR[sailorId=6],
Micro : 4 actions
OAR[sailorId=5],
OAR[sailorId=2],
OAR[sailorId=3],
OAR[sailorId=6],
Micro : 5 actions
TURN[sailorId=4,rotation=-1.216557265358853E-4],
OAR[sailorId=5],
OAR[sailorId=2],
OAR[sailorId=3],
OAR[sailorId=6],
Micro : 4 actions
OAR[sailorId=5],
OAR[sailorId=2],
OAR[sailorId=3],
OAR[sailorId=6],
Micro : 4 actions
OAR[sailorId=5],
OAR[sailorId=2],
OAR[sailorId=3],
OAR[sailorId=6],
