As{ M[0,1,0] M[1,1,1] M[2,2,-2] M[3,1,2] M[4,2,0] O[1] O[3] O[0] O[2] T[4,2.0]}
As{ M[0,0,0] M[1,0,0] M[2,0,0] M[3,0,0] M[4,0,0] O[1] O[3] O[0] O[2] T[4,0.0]}
As{ M[0,0,0] M[1,0,0] M[2,0,0] M[3,0,0] M[4,0,0] O[1] O[3] O[0] O[2] T[4,0.0]}
As{ M[0,0,0] M[1,0,0] M[2,0,0] M[3,0,0] M[4,0,0] O[1] O[3] O[0] O[2] T[4,0.0]}
As{ M[0,0,0] M[1,0,0] M[2,0,0] M[3,0,0] M[4,0,0] O[1] O[3] O[0] O[2] T[4,0.0]}
As{ M[0,0,0] M[1,0,0] M[2,0,0] M[3,0,0] M[4,0,0] O[1] O[3] O[0] O[2] T[4,0.0]}
As{ M[0,0,0] M[1,0,0] M[2,0,0] M[3,0,0] M[4,0,0] O[1] O[3] O[0] O[2] T[4,0.0]}
As{ M[0,0,0] M[1,0,0] M[2,0,0] M[3,0,0] M[4,0,0] O[1] O[3] O[0] O[2] T[4,0.0]}
As{ M[0,0,0] M[1,0,0] M[2,1,1] O[1] O[0] T[2,0.0]}
As{ M[0,0,0] M[1,0,0] M[2,-1,-1] M[3,0,0] M[4,0,0] O[1] O[3] O[0] O[2] T[4,-41.0]}
As{ M[0,0,0] M[1,0,-1] M[2,-1,2] M[3,0,-2] M[4,-1,1] M[5,2,-1] O[2] O[4] O[0] O[3] T[5,-2.0] fr.unice.polytech.si3.qgl.hollandais_volant.game.ship.actions.LiftSail@6a62bc5c}
As{ M[0,0,0] M[1,0,1] M[2,1,-2] M[3,0,2] M[4,1,-1] O[1] O[3] O[0] O[2] T[4,-1.0]}
As{ M[0,0,0] M[1,0,0] M[2,0,0] M[3,0,0] M[4,0,0] O[1] O[3] O[0] O[2] T[4,-1.0]}
As{ M[0,0,0] M[1,0,0] M[2,0,0] M[3,0,0] M[4,0,0] O[1] O[3] O[0] O[2] T[4,-1.0]}
As{ M[0,0,0] M[1,0,0] M[2,0,0] M[3,0,0] M[4,0,0] O[1] O[3] O[0] O[2] T[4,-1.0]}
As{ M[0,0,0] M[1,0,0] M[2,0,0] M[3,0,0] M[4,0,0] O[1] O[3] O[0] O[2] T[4,-1.0]}
As{ M[0,0,0] M[1,0,0] M[2,0,0] M[3,0,0] M[4,0,0] O[1] O[3] O[0] O[2] T[4,-1.0]}
As{ M[0,0,0] M[1,0,0] M[2,0,0] M[3,0,0] M[4,0,0] O[1] O[3] O[0] O[2] T[4,-1.0]}
As{ M[0,0,0] M[1,0,0] M[2,0,0] M[3,0,0] M[4,0,0] O[1] O[3] O[0] O[2] T[4,-1.0]}
As{ M[0,0,0] M[1,0,-1] M[2,-1,2] M[3,0,-2] M[4,-1,1] M[5,0,0] O[2] O[4] O[0] O[3] T[5,39.0] fr.unice.polytech.si3.qgl.hollandais_volant.game.ship.actions.LowerSail@757b01f0}
As{ M[0,0,0] M[1,0,1] M[2,1,-2] M[3,0,2] M[4,1,-1] O[1] O[3] O[0] O[2] T[4,4.0]}
As{ M[0,0,0] M[1,0,0] M[2,0,0] M[3,0,0] M[4,0,0] O[1] O[3] O[0] O[2] T[4,8.0]}
As{ M[0,0,0] M[1,0,0] M[2,0,0] M[3,0,0] M[4,0,0] O[1] O[3] O[0] O[2] T[4,-24.0]}
As{ M[0,0,0] M[1,0,-1] M[2,-1,2] M[3,0,-2] M[4,-1,1] M[5,0,0] O[2] O[4] O[0] O[3] T[5,-3.0] fr.unice.polytech.si3.qgl.hollandais_volant.game.ship.actions.LiftSail@6a62bc5c}
As{ M[0,0,0] M[1,0,1] M[2,1,-2] M[3,0,2] M[4,1,-1] O[1] O[3] O[0] O[2] T[4,-1.0]}
As{ M[0,0,0] M[1,0,0] M[2,0,0] M[3,0,0] M[4,0,0] O[1] O[3] O[0] O[2] T[4,-1.0]}
As{ M[0,0,0] M[1,0,0] M[2,0,0] M[3,0,0] M[4,0,0] O[1] O[3] O[0] O[2] T[4,-1.0]}
As{ M[0,0,0] M[1,0,0] M[2,0,0] M[3,0,0] M[4,0,0] O[1] O[3] O[0] O[2] T[4,-1.0]}
As{ M[0,0,0] M[1,1,-2] M[2,1,1] O[0] O[1] T[2,-45.0]}
As{ M[0,0,2] M[1,0,2] M[2,0,0] O[0] O[1] T[2,45.0]}
As{ M[0,0,-2] M[1,-1,0] M[2,-1,-1] M[3,1,-1] O[1] O[0] O[2] T[3,-6.0]}
As{ M[0,0,0] M[1,0,0] M[2,0,0] M[3,0,0] O[1] O[0] O[2] T[3,-30.0]}
As{ M[0,0,2] M[1,1,0] M[2,1,1] O[0] O[1] T[2,9.0]}
As{ M[0,0,-1] M[1,-1,0] M[2,-1,1] M[3,0,0] O[1] O[2] T[3,45.0] fr.unice.polytech.si3.qgl.hollandais_volant.game.ship.actions.LowerSail@757b01d1}
As{ M[0,0,1] M[1,1,0] M[2,1,-1] O[0] O[1] T[2,45.0]}
As{ M[0,0,0] M[1,0,0] M[2,0,0] O[0] O[1] T[2,29.0]}
As{ M[0,0,-2] M[1,-1,-1] M[2,-2,1] M[3,-1,-1] M[4,-1,1] M[5,0,0] O[2] O[4] O[0] O[3] T[5,-23.0] fr.unice.polytech.si3.qgl.hollandais_volant.game.ship.actions.LiftSail@6a62bc5c}
As{ M[0,0,0] M[1,1,-1] M[2,2,-1] O[0] O[1] T[2,-9.0]}
As{ M[0,0,0] M[1,-1,2] M[2,-1,-1] M[3,0,2] M[4,1,-1] O[1] O[3] O[0] O[2] T[4,-12.0]}
As{ M[0,0,0] M[1,0,0] M[2,0,0] M[3,0,0] M[4,0,0] O[1] O[3] O[0] O[2] T[4,-4.0]}
As{ M[0,0,0] M[1,0,0] M[2,1,1] O[1] O[0] T[2,-3.0]}
As{ M[0,0,0] M[1,0,-1] M[2,-2,1] M[3,0,-2] M[4,-1,1] M[5,0,0] O[2] O[4] O[0] O[3] T[5,-43.0] fr.unice.polytech.si3.qgl.hollandais_volant.game.ship.actions.LowerSail@757b01f0}
As{ M[0,0,0] M[1,0,1] M[2,1,-2] M[3,0,2] M[4,1,-1] O[1] O[3] O[0] O[2] T[4,-3.0]}
As{ M[0,0,0] M[1,0,0] M[2,0,0] M[3,0,0] M[4,0,0] O[1] O[3] O[0] O[2] T[4,-1.0]}
As{ M[0,0,0] M[1,0,0] M[2,0,0] M[3,0,0] M[4,0,0] O[1] O[3] O[0] O[2] T[4,-1.0]}
As{ M[0,0,0] M[1,0,0] M[2,0,0] M[3,0,0] M[4,0,0] O[1] O[3] O[0] O[2] T[4,-1.0]}
As{ M[0,0,0] M[1,0,0] M[2,0,0] M[3,0,0] M[4,0,0] O[1] O[3] O[0] O[2] T[4,-1.0]}
As{ M[0,0,0] M[1,0,0] M[2,0,0] M[3,0,0] M[4,0,0] O[1] O[3] O[0] O[2] T[4,-1.0]}
As{ M[0,0,0] M[1,0,0] M[2,0,0] M[3,0,0] M[4,0,0] O[1] O[3] O[0] O[2] T[4,-1.0]}
As{ M[0,0,0] M[1,0,0] M[2,0,0] M[3,0,0] M[4,0,0] O[1] O[3] O[0] O[2] T[4,-1.0]}
As{ M[0,0,0] M[1,0,0] M[2,0,0] M[3,0,0] M[4,0,0] O[1] O[3] O[0] O[2] T[4,-1.0]}
As{ M[0,0,0] M[1,0,0] M[2,0,0] M[3,0,0] M[4,0,0] O[1] O[3] O[0] O[2] T[4,-18.0]}
As{ M[0,0,0] M[1,0,0] M[2,0,0] M[3,0,0] M[4,0,0] O[1] O[3] O[0] O[2] T[4,-1.0]}
As{ M[0,0,0] M[1,0,0] M[2,0,0] M[3,0,0] M[4,0,0] O[1] O[3] O[0] O[2] T[4,-1.0]}
As{ M[0,0,0] M[1,0,0] M[2,0,0] M[3,0,0] M[4,0,0] O[1] O[3] O[0] O[2] T[4,-1.0]}
As{ M[0,0,0] M[1,0,0] M[2,0,0] M[3,0,0] M[4,0,0] O[1] O[3] O[0] O[2] T[4,-1.0]}
As{ M[0,0,0] M[1,0,0] M[2,0,0] M[3,0,0] M[4,0,0] O[1] O[3] O[0] O[2] T[4,-1.0]}
As{ M[0,0,0] M[1,0,0] M[2,0,0] M[3,0,0] M[4,0,0] O[1] O[3] O[0] O[2] T[4,-1.0]}
As{ M[0,0,0] M[1,0,0] M[2,0,0] M[3,0,0] M[4,0,0] O[1] O[3] O[0] O[2] T[4,-1.0]}
As{ M[0,0,0] M[1,0,0] M[2,0,0] M[3,0,0] M[4,0,0] O[1] O[3] O[0] O[2] T[4,-1.0]}
As{ M[0,0,0] M[1,0,0] M[2,0,0] M[3,0,0] M[4,0,0] O[1] O[3] O[0] O[2] T[4,-1.0]}
As{ M[0,0,0] M[1,0,0] M[2,1,1] O[1] O[0] T[2,-1.0]}
As{ M[0,0,0] M[1,0,0] M[2,-1,-1] M[3,0,0] M[4,0,0] O[1] O[3] O[0] O[2] T[4,10.0]}
As{ M[0,0,0] M[1,0,0] M[2,0,0] M[3,0,0] M[4,0,0] O[1] O[3] O[0] O[2] T[4,0.0]}
As{ M[0,0,0] M[1,0,0] M[2,0,0] M[3,0,0] M[4,0,0] O[1] O[3] O[0] O[2] T[4,0.0]}
As{ M[0,0,0] M[1,0,0] M[2,0,0] M[3,0,0] M[4,0,0] O[1] O[3] O[0] O[2] T[4,0.0]}
As{ M[0,0,0] M[1,0,0] M[2,0,0] M[3,0,0] M[4,0,0] O[1] O[3] O[0] O[2] T[4,0.0]}
As{ M[0,0,0] M[1,0,0] M[2,0,0] M[3,0,0] M[4,0,0] O[1] O[3] O[0] O[2] T[4,0.0]}
As{ M[0,0,0] M[1,0,0] M[2,0,0] M[3,0,0] M[4,0,0] O[1] O[3] O[0] O[2] T[4,0.0]}
As{ M[0,0,0] M[1,0,0] M[2,0,0] M[3,0,0] M[4,0,0] O[1] O[3] O[0] O[2] T[4,0.0]}
As{ M[0,0,0] M[1,0,0] M[2,0,0] M[3,0,0] M[4,0,0] O[1] O[3] O[0] O[2] T[4,0.0]}
As{ M[0,0,0] M[1,0,0] M[2,0,0] M[3,0,0] M[4,0,0] O[1] O[3] O[0] O[2] T[4,0.0]}
As{ M[0,0,0] M[1,0,0] M[2,0,0] M[3,0,0] M[4,0,0] O[1] O[3] O[0] O[2] T[4,0.0]}
As{ M[0,0,0] M[1,0,0] M[2,0,0] M[3,1,-1] O[1] O[0] O[2] T[3,-24.0]}
As{ M[0,0,0] M[1,0,0] M[2,0,0] M[3,-1,1] M[4,0,0] O[1] O[3] O[0] O[2] T[4,-3.0]}
As{ M[0,0,0] M[1,0,0] M[2,0,0] M[3,0,0] M[4,0,0] O[1] O[3] O[0] O[2] T[4,-1.0]}
As{ M[0,0,0] M[1,0,0] M[2,0,0] M[3,0,0] M[4,0,0] O[1] O[3] O[0] O[2] T[4,-1.0]}
As{ M[0,0,0] M[1,0,0] M[2,0,0] M[3,0,0] M[4,0,0] O[1] O[3] O[0] O[2] T[4,-1.0]}
As{ M[0,0,0] M[1,0,0] M[2,0,0] M[3,0,0] M[4,0,0] O[1] O[3] O[0] O[2] T[4,-1.0]}
As{ M[0,0,0] M[1,0,0] M[2,0,0] M[3,0,0] M[4,0,0] O[1] O[3] O[0] O[2] T[4,-1.0]}
As{ M[0,0,0] M[1,0,0] M[2,0,0] M[3,0,0] M[4,0,0] O[1] O[3] O[0] O[2] T[4,-1.0]}
As{ M[0,0,0] M[1,0,0] M[2,0,0] M[3,0,0] M[4,0,0] O[1] O[3] O[0] O[2] T[4,-1.0]}
