Jeu initialisé ! 
 
Le checkpoint visé est à x:50.0 y:1000.0 orientation 0.0
Angle optimal : 1.5208379310729538
La position actuelle du bateau est x:0.0 y:0.0 orientation 0.0
Pour atteindre ce checkpoint il faut une orientation de Marin gauche 0 Marin droite 3 Angle 1.5707963267948966 (radian)


----------------------- Fin tour ------------------------------- 

Le checkpoint visé est à x:50.0 y:1000.0 orientation 0.0
Angle optimal : 1.5208379310729538
La position actuelle du bateau est x:0.0 y:0.0 orientation 0.0
Pour atteindre ce checkpoint il faut une orientation de Marin gauche 0 Marin droite 3 Angle 1.5707963267948966 (radian)


----------------------- Fin tour ------------------------------- 

Le checkpoint visé est à x:50.0 y:1000.0 orientation 0.0
Angle optimal : 1.5738900764511035
La position actuelle du bateau est x:52.93255129340979 y:52.10755129340978 orientation 1.5707963267948943
Pour atteindre ce checkpoint il faut une orientation de Marin gauche 2 Marin droite 2 Angle 0.0 (radian)


----------------------- Fin tour ------------------------------- 

Le checkpoint visé est à x:50.0 y:1000.0 orientation 0.0
Angle optimal : 1.5738900764511035
La position actuelle du bateau est x:52.93255129340979 y:52.10755129340978 orientation 1.5707963267948943
Pour atteindre ce checkpoint il faut une orientation de Marin gauche 2 Marin droite 2 Angle 0.0 (radian)


----------------------- Fin tour ------------------------------- 

Le checkpoint visé est à x:50.0 y:1000.0 orientation 0.0
Angle optimal : 1.5742962262438418
La position actuelle du bateau est x:52.93255129340979 y:162.1075512934093 orientation 1.5707963267948943
Pour atteindre ce checkpoint il faut une orientation de Marin gauche 2 Marin droite 2 Angle 0.0 (radian)
----------------------- Fin tour ------------------------------- 

Le checkpoint visé est à x:50.0 y:1000.0 orientation 0.0
Angle optimal : 1.574825129995526
La position actuelle du bateau est x:52.93255129340979 y:272.10755129340913 orientation 1.5707963267948943
Pour atteindre ce checkpoint il faut une orientation de Marin gauche 2 Marin droite 2 Angle 0.0 (radian)
----------------------- Fin tour ------------------------------- 

Le checkpoint visé est à x:50.0 y:1000.0 orientation 0.0
Angle optimal : 1.5755423457521436
La position actuelle du bateau est x:52.93255129340979 y:382.1075512934114 orientation 1.5707963267948943
Pour atteindre ce checkpoint il faut une orientation de Marin gauche 2 Marin droite 2 Angle 0.0 (radian)
----------------------- Fin tour ------------------------------- 

Le checkpoint visé est à x:50.0 y:1000.0 orientation 0.0
Angle optimal : 1.5765702238324502
La position actuelle du bateau est x:52.93255129340979 y:492.1075512934137 orientation 1.5707963267948943
Pour atteindre ce checkpoint il faut une orientation de Marin gauche 2 Marin droite 2 Angle 0.0 (radian)
----------------------- Fin tour ------------------------------- 

Le checkpoint visé est à x:50.0 y:1000.0 orientation 0.0
Angle optimal : 1.5781664043269896
La position actuelle du bateau est x:52.93255129340979 y:602.1075512934159 orientation 1.5707963267948943
Pour atteindre ce checkpoint il faut une orientation de Marin gauche 2 Marin droite 2 Angle 0.0 (radian)
----------------------- Fin tour ------------------------------- 

Le checkpoint visé est à x:50.0 y:1000.0 orientation 0.0
Angle optimal : 1.580982248258121
La position actuelle du bateau est x:52.93255129340979 y:712.1075512934182 orientation 1.5707963267948943
Pour atteindre ce checkpoint il faut une orientation de Marin gauche 2 Marin droite 2 Angle 0.0 (radian)
----------------------- Fin tour ------------------------------- 

Le checkpoint visé est à x:50.0 y:1000.0 orientation 0.0
Angle optimal : 1.5872798015780787
La position actuelle du bateau est x:52.93255129340979 y:822.1075512934204 orientation 1.5707963267948943
Pour atteindre ce checkpoint il faut une orientation de Marin gauche 2 Marin droite 2 Angle 0.0 (radian)
----------------------- Fin tour ------------------------------- 

Le checkpoint visé est à x:50.0 y:1000.0 orientation 0.0
Angle optimal : 1.6139635656746956
La position actuelle du bateau est x:52.93255129340979 y:932.1075512934227 orientation 1.5707963267948943
Pour atteindre ce checkpoint il faut une orientation de Marin gauche 2 Marin droite 2 Angle 0.0 (radian)
----------------------- Fin tour ------------------------------- 

Le checkpoint visé est à x:500.0 y:-200.0 orientation 0.0
Angle optimal : -1.225305797094968
La position actuelle du bateau est x:52.93255129340979 y:1042.107551293423 orientation 1.5707963267948943
Pour atteindre ce checkpoint il faut une orientation de Marin gauche 3 Marin droite 0 Angle -1.5707963267948966 (radian)


----------------------- Fin tour ------------------------------- 

Le checkpoint visé est à x:500.0 y:-200.0 orientation 0.0
Angle optimal : -1.225305797094968
La position actuelle du bateau est x:52.93255129340979 y:1042.107551293423 orientation 1.5707963267948943
Pour atteindre ce checkpoint il faut une orientation de Marin gauche 3 Marin droite 0 Angle -1.5707963267948966 (radian)


----------------------- Fin tour ------------------------------- 

Le checkpoint visé est à x:500.0 y:-200.0 orientation 0.0
Angle optimal : -1.2747780226840733
La position actuelle du bateau est x:105.04010258681954 y:1095.040102586834 orientation -2.7755575615628914E-17
Pour atteindre ce checkpoint il faut une orientation de Marin gauche 3 Marin droite 1 Angle -1.0471975511965976 (radian)


----------------------- Fin tour ------------------------------- 

Le checkpoint visé est à x:500.0 y:-200.0 orientation 0.0
Angle optimal : -1.2747780226840733
La position actuelle du bateau est x:105.04010258681954 y:1095.040102586834 orientation -2.7755575615628914E-17
Pour atteindre ce checkpoint il faut une orientation de Marin gauche 3 Marin droite 1 Angle -1.0471975511965976 (radian)


----------------------- Fin tour ------------------------------- 

Le checkpoint visé est à x:500.0 y:-200.0 orientation 0.0
Angle optimal : -1.3311495925684425
La position actuelle du bateau est x:196.28353900518715 y:1042.9957653050117 orientation -1.0471975511965985
Pour atteindre ce checkpoint il faut une orientation de Marin gauche 2 Marin droite 1 Angle -0.5235987755982988 (radian)


----------------------- Fin tour ------------------------------- 

Le checkpoint visé est à x:500.0 y:-200.0 orientation 0.0
Angle optimal : -1.3311495925684425
La position actuelle du bateau est x:196.28353900518715 y:1042.9957653050117 orientation -1.0471975511965985
Pour atteindre ce checkpoint il faut une orientation de Marin gauche 2 Marin droite 1 Angle -0.5235987755982988 (radian)


