cp:[-200,1000,0.0, C80.0, 500,1100,0.0, C50.0] d:4,2 E:O1,0.,O1,1.,O2,0.,O2,1.,O3,0.,O3,1.,
0,0,0.0cc-200,1000,0.0 S:[(0t11), (1t21), (2t31), (3f10)][M0,1,1, O0, M1,2,0, O1, M2,2,1, O2, M3,0,-1]
53,52,1.5707963267948943cc-200,1000,0.0 S:[(0t10), (1t20), (2t11), (3t21)][M0,0,-1, O0, M1,0,-1, O1, M2,-2,0, O2, M3,1,1, O3]
53,162,1.5707963267948943cc-200,1000,0.0 S:[(0t11), (1t21), (2t10), (3f10)][M0,0,1, O0, M1,0,1, O1, M2,0,-1, O2, M3,-1,-1]
32,241,2.094395102393187cc-200,1000,0.0 S:[(0t10), (1t20), (2t11), (3t21)][M0,0,-1, O0, M1,0,-1, O1, M2,0,1, O2, M3,1,1, O3]
-23,336,2.094395102393187cc-200,1000,0.0 S:[(0t10), (1t20), (2t11), (3t21)][O0, O1, O2, O3]
-78,431,2.094395102393187cc-200,1000,0.0 S:[(0t10), (1t20), (2t11), (3f10)][O0, O1, O2, M3,-1,-1]
-99,510,1.5707963267948943cc-200,1000,0.0 S:[(0t10), (1t20), (2t11), (3t21)][O0, O1, O2, M3,1,1, O3]
-99,620,1.5707963267948943cc-200,1000,0.0 S:[(0t10), (1t20), (2t11), (3t21)][O0, O1, O2, O3]
-99,730,1.5707963267948943cc-200,1000,0.0 S:[(0t11), (1t21), (2t10), (3f10)][M0,0,1, O0, M1,0,1, O1, M2,0,-1, O2, M3,-1,-1]
-120,809,2.094395102393187cc-200,1000,0.0 S:[(0t10), (1t20), (2t11), (3t21)][M0,0,-1, O0, M1,0,-1, O1, M2,0,1, O2, M3,1,1, O3]
-175,904,2.094395102393187cc-200,1000,0.0 S:[(0t10), (1t20), (2t11), (3t21)][O0, O1, O2, O3]
-230,1000,2.094395102393187cc500,1100,0.0 S:[(0t10), (1t20), (2t30), (3f10)][O0, O1, M2,2,-1, O2, M3,-1,-1]
-212,1071,0.5235987755982957cc500,1100,0.0 S:[(0t10), (1t20), (2t11), (3f10)][O0, O1, M2,-2,1, O2]
-133,1093,-3.634245682171411E-15cc500,1100,0.0 S:[(0t10), (1t20), (2t11), (3t21)][O0, O1, O2, M3,1,1, O3]
-23,1093,-3.634245682171411E-15cc500,1100,0.0 S:[(0t10), (1t20), (2t11), (3t21)][O0, O1, O2, O3]
87,1093,-3.634245682171411E-15cc500,1100,0.0 S:[(0t10), (1t20), (2t11), (3t21)][O0, O1, O2, O3]
197,1093,-3.634245682171411E-15cc500,1100,0.0 S:[(0t10), (1t20), (2t11), (3t21)][O0, O1, O2, O3]
307,1093,-3.634245682171411E-15cc500,1100,0.0 S:[(0t10), (1t20), (2t11), (3t21)][O0, O1, O2, O3]
417,1093,-3.634245682171411E-15cc500,1100,0.0 S:[(0t10), (1t20), (2t11), (3t21)][O0, O1, O2, O3]
