A:[M(0|1,4),O0,M(2|5,0),CS2,M(5|0,0),O5,M(14|0,0),O14,M(10|0,0),O10,M(19|0,0),O19,M(15|0,0),O15,M(18|1,1),O18,M(16|1,-1),O16,M(9|4,0),O9,M(11|3,-1),O11,M(13|4,1),O13,M(17|5,0),M(6|3,0),M(12|1,0),M(1|3
,0),M(7|1,0),M(4|5,0),M(8|5,0),M(3|5,0)]A:[M(13|4,0),T13,M(5|0,0),O5,M(0|0,0),O0,M(10|0,0),O10,M(14|0,0),O14,M(15|0,0),O15,M(19|0,0),O19,M(16|0,0),O16,M(18|0,0),O18,M(11|0,0),O11,M(4|0,0),O4,M(2|1,-2)
,O2,M(8|0,1),O8,M(17|-1,-2),O17,M(9|2,0),O9,M(6|4,-1),O6,M(3|3,1),O3,M(1|3,0),M(12|5,0),M(7|3,0)]A:[M(13|0,0),T13,M(5|0,0),O5,M(0|0,0),O0,M(10|0,0),O10,M(14|0,0),O14,M(15|0,0),O15,M(19|0,0),O19,M(16|0
,0),O16,M(18|0,0),O18,M(11|0,0),O11,M(4|0,0),O4,M(2|0,0),O2,M(8|0,0),O8,M(17|0,0),O17,M(9|0,0),O9,M(6|0,0),O6,M(3|0,0),O3,M(12|1,-2),M(1|3,2),M(7|0,0)]A:[M(5|0,0),O5,M(0|0,0),O0,M(10|0,0),O10,M(14|0,0
),O14,M(15|0,0),O15,M(19|0,0),O19,M(16|0,0),O16,M(18|0,0),O18,M(11|0,0),O11,M(4|0,0),O4,M(2|0,0),O2,M(8|0,0),O8,M(17|0,0),O17,M(9|0,0),O9,M(6|0,0),O6,M(3|0,0),O3,M(12|0,0),O12,M(1|0,1),O1,M(13|0,0),M(
7|0,0)]A:[M(5|0,0),O5,M(0|0,0),O0,M(10|0,0),O10,M(14|0,0),O14,M(15|0,0),O15,M(19|0,0),O19,M(16|0,0),O16,M(18|0,0),O18,M(11|0,0),O11,M(4|0,0),O4,M(13|0,0),M(2|0,0),M(17|0,0),M(6|0,0),M(12|0,0),M(8|0,0)
,M(9|0,0),M(3|0,0),M(1|0,0),M(7|0,0)]A:[M(13|0,0),T13,M(5|0,0),O5,M(0|0,0),O0,M(10|0,0),O10,M(14|0,0),O14,M(15|0,0),O15,M(19|0,0),O19,M(16|0,0),O16,M(18|0,0),O18,M(11|0,0),O11,M(4|0,0),O4,M(2|0,0),O2,
M(8|0,0),O8,M(17|0,0),O17,M(9|0,0),O9,M(6|0,0),O6,M(3|0,0),O3,M(12|0,0),O12,M(1|0,0),O1,M(7|0,0)]A:[M(13|0,0),T13,M(5|0,0),O5,M(0|0,0),O0,M(10|0,0),O10,M(14|0,0),O14,M(15|0,0),O15,M(19|0,0),O19,M(16|0
,0),O16,M(18|0,0),O18,M(11|0,0),O11,M(4|0,0),O4,M(2|0,0),O2,M(8|0,0),O8,M(17|0,0),O17,M(9|0,0),O9,M(6|0,0),O6,M(3|0,0),O3,M(12|0,0),O12,M(1|0,0),O1,M(7|0,0)]A:[M(13|0,0),T13,M(5|0,0),O5,M(0|0,0),O0,M(
10|0,0),O10,M(14|0,0),O14,M(15|0,0),O15,M(19|0,0),O19,M(16|0,0),O16,M(18|0,0),O18,M(11|0,0),O11,M(4|0,0),O4,M(2|0,0),O2,M(8|0,0),O8,M(17|0,0),O17,M(9|0,0),O9,M(6|0,0),O6,M(3|0,0),O3,M(12|0,0),O12,M(1|
0,0),O1,M(7|0,0)]A:[M(13|0,0),T13,M(5|0,0),O5,M(0|0,0),O0,M(10|0,0),O10,M(14|0,0),O14,M(15|0,0),O15,M(19|0,0),O19,M(16|0,0),O16,M(18|0,0),O18,M(11|0,0),O11,M(4|0,0),O4,M(2|0,0),O2,M(8|0,0),O8,M(17|0,0
),O17,M(9|0,0),O9,M(6|0,0),O6,M(3|0,0),O3,M(12|0,0),O12,M(1|0,0),O1,M(7|0,0)]A:[M(13|0,0),T13,M(5|0,0),O5,M(0|0,0),O0,M(10|0,0),O10,M(14|0,0),O14,M(15|0,0),O15,M(19|0,0),O19,M(16|0,0),M(11|0,0),M(2|0,
0),M(17|0,0),M(6|0,0),M(12|0,0),M(18|0,0),M(4|0,0),M(8|0,0),M(9|0,0),M(3|0,0),M(1|0,0),M(7|0,0)]A:[M(13|0,0),T13,M(0|0,0),O0,M(4|-3,0),O4,M(3|-5,0),O3,M(1|-5,0),O1,M(2|-1,4),O2,M(7|1,2),O7,M(6|-1,4),O
6,M(8|2,0),O8,M(9|2,0),O9,M(5|0,0),M(10|0,0),M(15|0,0),M(16|0,0),M(11|0,0),M(17|-1,0),M(12|-2,0),M(18|0,0),M(19|0,0),M(14|3,-2)]A:[M(13|0,0),T13,M(1|1,-2),OS1,M(5|0,0),O5,M(0|0,0),O0,M(10|0,0),O10,M(4
|0,0),O4,M(15|0,0),O15,M(3|0,0),O3,M(16|0,0),O16,M(18|0,0),O18,M(11|0,0),O11,M(2|0,0),O2,M(17|0,0),O17,M(7|0,0),O7,M(12|0,0),O12,M(6|0,0),O6,M(8|0,-4),O8,M(9|-1,0),O9,M(14|1,0),M(19|5,0)]A:[M(13|0,0),
T13,M(5|0,0),O5,M(0|0,0),O0,M(10|0,0),O10,M(4|0,0),O4,M(15|0,0),O15,M(3|0,0),O3,M(16|0,0),O16,M(18|0,0),O18,M(11|0,0),O11,M(2|0,0),O2,M(17|0,0),O17,M(7|0,0),O7,M(12|0,0),O12,M(6|0,0),O6,M(8|0,0),O8,M(
9|0,0),O9,M(14|3,-2),O14,M(19|1,0),O19,M(1|0,0)]A:[M(5|0,0),O5,M(0|0,0),O0,M(10|0,0),O10,M(4|0,0),O4,M(15|0,0),O15,M(3|0,0),O3,M(16|0,0),O16,M(18|0,0),O18,M(11|0,0),O11,M(2|0,0),O2,M(17|0,0),O17,M(7|0
,0),O7,M(12|0,0),O12,M(6|0,0),O6,M(8|0,0),O8,M(9|0,0),O9,M(14|0,0),O14,M(19|0,0),O19,M(13|0,0),M(1|0,0)]A:[M(13|0,0),T13,M(5|0,0),O5,M(0|0,0),O0,M(10|0,0),O10,M(4|0,0),O4,M(15|0,0),O15,M(3|0,0),O3,M(1
6|0,0),O16,M(18|0,0),O18,M(11|0,0),O11,M(2|0,0),O2,M(17|0,0),O17,M(7|0,0),O7,M(12|0,0),O12,M(6|0,0),O6,M(8|0,0),O8,M(9|0,0),O9,M(14|0,0),O14,M(19|0,0),O19,M(1|0,0)]A:[M(13|0,0),T13,M(5|0,0),O5,M(0|0,0
),O0,M(10|0,0),O10,M(4|0,0),O4,M(15|0,0),O15,M(3|0,0),O3,M(16|0,0),O16,M(18|0,0),O18,M(11|0,0),O11,M(2|0,0),O2,M(17|0,0),O17,M(7|0,0),O7,M(12|0,0),O12,M(6|0,0),O6,M(8|0,0),O8,M(9|0,0),O9,M(14|0,0),O14
,M(19|0,0),O19,M(1|0,0)]A:[M(13|0,0),T13,M(5|0,0),O5,M(0|0,0),O0,M(10|0,0),O10,M(4|0,0),O4,M(15|0,0),O15,M(3|0,0),O3,M(16|0,0),O16,M(18|0,0),O18,M(11|0,0),O11,M(2|0,0),O2,M(17|0,0),O17,M(7|0,0),O7,M(1
2|0,0),O12,M(6|0,0),O6,M(8|0,0),O8,M(9|0,0),O9,M(14|0,0),O14,M(19|0,0),O19,M(1|0,0)]A:[M(5|0,0),O5,M(0|0,0),O0,M(10|0,0),O10,M(4|0,0),O4,M(15|0,0),O15,M(3|0,0),O3,M(16|0,0),O16,M(18|0,0),O18,M(11|0,0)
,O11,M(2|0,0),O2,M(17|0,0),O17,M(7|0,0),O7,M(12|0,0),O12,M(6|0,0),O6,M(8|0,0),O8,M(9|0,0),O9,M(14|0,0),O14,M(19|0,0),O19,M(13|0,0),M(1|0,0)]A:[M(5|0,0),O5,M(0|0,0),O0,M(10|0,0),O10,M(4|0,0),O4,M(15|0,
0),O15,M(3|0,0),O3,M(16|0,0),O16,M(18|0,0),O18,M(11|0,0),O11,M(2|0,0),O2,M(17|0,0),O17,M(7|0,0),O7,M(12|0,0),O12,M(6|0,0),O6,M(8|0,0),O8,M(9|0,0),O9,M(14|0,0),O14,M(19|0,0),O19,M(13|0,0),M(1|0,0)]A:[M
(5|0,0),O5,M(0|0,0),O0,M(10|0,0),O10,M(4|0,0),O4,M(15|0,0),O15,M(3|0,0),O3,M(16|0,0),O16,M(18|0,0),O18,M(11|0,0),O11,M(2|0,0),O2,M(17|0,0),O17,M(7|0,0),O7,M(12|0,0),O12,M(6|0,0),O6,M(8|0,0),O8,M(9|0,0
),O9,M(14|0,0),O14,M(19|0,0),O19,M(13|0,0),M(1|0,0)]A:[M(13|0,0),T13,M(5|0,0),O5,M(0|0,0),O0,M(10|0,0),O10,M(4|0,0),O4,M(15|0,0),O15,M(3|0,0),O3,M(16|0,0),O16,M(18|0,0),O18,M(11|0,0),O11,M(2|0,0),O2,M
(17|0,0),O17,M(7|0,0),O7,M(12|0,0),O12,M(6|0,0),O6,M(8|0,0),O8,M(9|0,0),O9,M(14|0,0),O14,M(19|0,0),O19,M(1|0,0)]A:[M(5|0,0),O5,M(0|0,0),O0,M(10|0,0),O10,M(4|0,0),O4,M(15|0,0),O15,M(3|0,0),O3,M(16|0,0)
,O16,M(18|0,0),O18,M(11|0,0),O11,M(2|0,0),O2,M(17|0,0),O17,M(7|0,0),O7,M(12|0,0),O12,M(6|0,0),O6,M(8|0,0),O8,M(9|0,0),O9,M(13|0,0),M(14|0,0),M(19|0,0),M(1|0,0)]A:[M(13|0,0),T13,M(0|0,0),O0,M(1|-3,2),O
1,M(2|-2,0),O2,M(3|1,0),O3,M(4|3,0),O4,M(6|-1,0),O6,M(7|1,0),O7,M(8|0,4),O8,M(9|1,0),O9,M(5|0,0),M(10|0,0),M(15|0,0),M(16|0,0),M(11|0,0),M(17|0,0),M(12|0,0),M(14|-1,0),M(19|0,-4),M(18|1,-2)]A:[M(13|0,
0),T13,M(5|0,0),O5,M(0|0,0),O0,M(10|0,0),O10,M(1|0,0),O1,M(15|0,0),O15,M(2|0,0),O2,M(16|0,0),O16,M(3|0,0),O3,M(11|0,0),O11,M(4|0,0),O4,M(17|0,0),O17,M(6|0,0),O6,M(12|0,0),O12,M(7|0,0),O7,M(14|0,0),O14
,M(8|0,0),O8,M(19|0,0),O19,M(9|0,0),O9,M(18|0,0)]A:[M(13|0,0),T13,M(5|0,0),O5,M(0|0,0),O0,M(10|0,0),O10,M(1|0,0),O1,M(15|0,0),O15,M(2|0,0),O2,M(16|0,0),O16,M(3|0,0),O3,M(11|0,0),O11,M(4|0,0),O4,M(17|0
,0),O17,M(6|0,0),O6,M(12|0,0),O12,M(7|0,0),O7,M(14|0,0),O14,M(8|0,0),O8,M(19|0,0),O19,M(9|0,0),O9,M(18|0,0)]A:[M(5|0,0),O5,M(0|0,0),O0,M(10|0,0),O10,M(1|0,0),O1,M(15|0,0),O15,M(2|0,0),O2,M(16|0,0),O16
,M(3|0,0),O3,M(11|0,0),O11,M(4|0,0),O4,M(17|0,0),O17,M(6|0,0),O6,M(12|0,0),O12,M(7|0,0),O7,M(14|0,0),O14,M(8|0,0),O8,M(19|0,0),O19,M(9|0,0),O9,M(13|0,0),M(18|0,0)]A:[M(5|0,0),O5,M(0|0,0),O0,M(10|0,0),
O10,M(1|0,0),O1,M(15|0,0),O15,M(2|0,0),O2,M(16|0,0),O16,M(3|0,0),O3,M(11|0,0),O11,M(4|0,0),O4,M(17|0,0),O17,M(6|0,0),O6,M(12|0,0),O12,M(7|0,0),O7,M(14|0,0),O14,M(8|0,0),O8,M(19|0,0),O19,M(9|0,0),O9,M(
13|0,0),M(18|0,0)]A:[M(5|0,0),O5,M(0|0,0),O0,M(10|0,0),O10,M(1|0,0),O1,M(15|0,0),O15,M(2|0,0),O2,M(16|0,0),O16,M(3|0,0),O3,M(11|0,0),O11,M(4|0,0),O4,M(17|0,0),O17,M(6|0,0),O6,M(12|0,0),O12,M(7|0,0),O7
,M(14|0,0),O14,M(8|0,0),O8,M(19|0,0),O19,M(9|0,0),O9,M(13|0,0),M(18|0,0)]A:[M(5|0,0),O5,M(0|0,0),O0,M(10|0,0),O10,M(1|0,0),O1,M(15|0,0),O15,M(2|0,0),O2,M(16|0,0),O16,M(3|0,0),O3,M(11|0,0),O11,M(4|0,0)
,O4,M(17|0,0),O17,M(6|0,0),O6,M(12|0,0),O12,M(7|0,0),O7,M(14|0,0),O14,M(8|0,0),O8,M(19|0,0),O19,M(9|0,0),O9,M(13|0,0),M(18|0,0)]A:[M(5|0,0),O5,M(0|0,0),O0,M(10|0,0),O10,M(1|0,0),O1,M(15|0,0),O15,M(2|0
,0),O2,M(16|0,0),O16,M(3|0,0),O3,M(11|0,0),O11,M(4|0,0),O4,M(17|0,0),O17,M(6|0,0),O6,M(12|0,0),O12,M(7|0,0),O7,M(14|0,0),O14,M(8|0,0),O8,M(19|0,0),O19,M(9|0,0),O9,M(13|0,0),M(18|0,0)]A:[M(5|0,0),O5,M(
0|0,0),O0,M(10|0,0),O10,M(1|0,0),O1,M(15|0,0),O15,M(2|0,0),O2,M(16|0,0),O16,M(3|0,0),O3,M(11|0,0),O11,M(4|0,0),O4,M(17|0,0),O17,M(6|0,0),O6,M(12|0,0),O12,M(7|0,0),O7,M(14|0,0),O14,M(8|0,0),O8,M(19|0,0
),O19,M(9|0,0),O9,M(13|0,0),M(18|0,0)]A:[M(13|0,0),T13,M(5|0,0),O5,M(0|0,0),O0,M(10|0,0),O10,M(1|0,0),O1,M(15|0,0),O15,M(2|0,0),O2,M(16|0,0),O16,M(3|0,0),O3,M(11|0,0),O11,M(4|0,0),O4,M(17|0,0),O17,M(6
|0,0),O6,M(12|0,0),O12,M(7|0,0),O7,M(14|0,0),O14,M(8|0,0),O8,M(19|0,0),O19,M(9|0,0),O9,M(18|0,0)]
