Round 1: Position [360.0, 320.0, 1.5708]
Round 2: Position [360.0, 320.0, 1.5708]
Round 3: Position [359.9993939211606, 484.9999999988893, 1.5708]
Round 4: Position [359.99878784232124, 649.9999999977738, 1.5708]
Round 5: Position [359.99818176348185, 814.9999999966574, 1.5708]
Round 6: Position [359.99757568464247, 979.999999995541, 1.5708]
Round 7: Position [359.9969696058031, 1144.999999994433, 1.5708]
Round 8: Position [359.9963635269637, 1309.999999993328, 1.5708]
Round 9: Position [350.0573539929542, 1474.5981812528348, 1.6926314520635477]
Round 10: Position [330.0042550637181, 1638.375082015235, 1.6926314520635477]
Round 11: Position [309.95115613448206, 1802.151982777635, 1.6926314520635477]
Round 12: Position [369.2367390965841, 1991.6107012836771, 0.9072332886661039]
Round 13: Position [527.7698586556652, 2194.382566124077, 0.9072332886661039]
Round 14: Position [686.3029782147463, 2397.1544309644833, 0.9072332886661039]
Round 15: Position [844.8360977738274, 2599.9262958048894, 0.9072332886661039]
Round 16: Position [1003.3692173329085, 2802.6981606452955, 0.9072332886661039]
Round 17: Position [1161.9023368919995, 3005.4700254857016, 0.9072332886661039]
Round 18: Position [1320.435456451092, 3208.2418903261078, 0.9072332886661039]
Round 19: Position [1494.0670082627198, 3406.545275177972, 0.7958078704482896]
Round 20: Position [1682.9574566690658, 3599.4098248275113, 0.7958078704482896]
Round 21: Position [1871.8479050754117, 3792.2743744770505, 0.7958078704482896]
Round 22: Position [1932.416085538728, 3941.2227218420635, 1.5812060338457334]
Round 23: Position [1918.5412584202727, 4105.484776271611, 1.7304139059236612]
Round 24: Position [1892.3160497420572, 4268.387319007421, 1.7304139059236612]
Round 25: Position [1866.0908410638417, 4431.289861743231, 1.7304139059236612]
Round 26: Position [1839.8656323856262, 4594.192404479041, 1.7304139059236612]
Round 27: Position [1813.6404237074107, 4757.094947214851, 1.7304139059236612]
Round 28: Position [1835.1093697456815, 4933.799612705923, 1.2024921576476777]
Round 29: Position [1930.1783522586575, 5140.383728719853, 1.076820783048743]
Round 30: Position [2142.452164113821, 5308.740341038618, 0.29142261965129773]
Round 31: Position [2444.949877057747, 5379.811662050904, 0.16915564369967956]
Round 32: Position [2753.3436122705048, 5432.481522413488, 0.16915564369967956]
Round 33: Position [3061.7373474832625, 5485.151382776073, 0.16915564369967956]
Round 34: Position [3061.7373474832625, 5485.151382776073, 0.039546681786279334]
Round 35: Position [3226.6083392446894, 5491.674884566234, 0.039546681786279334]
Round 36: Position [3506.2349576389734, 5395.417580798711, -0.7262999145290331]
Round 37: Position [3651.1586696438408, 5193.6595874568275, -1.191762851516908]
Round 38: Position [3666.8230305365373, 5031.647311829355, -1.7627665266350838]
Round 39: Position [3635.342140695096, 4869.678322282588, -1.7627665266350838]
Round 40: Position [3603.861250853655, 4707.709332735821, -1.7627665266350838]
Round 41: Position [3572.3803610122136, 4545.740343189053, -1.7627665266350838]
Round 42: Position [3540.8994711707724, 4383.771353642286, -1.7627665266350838]
Round 43: Position [3509.418581329331, 4221.802364095519, -1.7627665266350838]
Round 44: Position [3466.950232660961, 4062.4977729267675, -1.9012649756143245]
Round 45: Position [3413.409984181485, 3906.4258606787325, -1.9012649756143245]
Round 46: Position [3359.869735702009, 3750.3539484306975, -1.9012649756143245]
Round 47: Position [3306.3294872225333, 3594.2820361826625, -1.9012649756143245]
Round 48: Position [3238.7306868868186, 3444.026836356204, -2.087722553885307]
Round 49: Position [3157.1859847997152, 3300.5853445850676, -2.087722553885307]
Round 50: Position [3075.641282712612, 3157.143852813931, -2.087722553885307]
Round 51: Position [2994.0965806255085, 3013.7023610427946, -2.087722553885307]
Round 52: Position [2912.551878538405, 2870.260869271658, -2.087722553885307]
Round 53: Position [2831.007176451302, 2726.8193775005216, -2.087722553885307]
Round 54: Position [2749.4624743641984, 2583.377885729385, -2.087722553885307]
Round 55: Position [2667.917772277095, 2439.9363939582486, -2.087722553885307]
Round 56: Position [2586.3730701899917, 2296.494902187112, -2.087722553885307]
Round 57: Position [2504.8283681028884, 2153.0534104159756, -2.087722553885307]
Round 58: Position [2423.283666015785, 2009.6119186448452, -2.087722553885307]
Round 59: Position [2353.0941176204365, 1860.4693778324397, -1.9320515079416563]
Round 60: Position [2294.7750861605314, 1706.1194812675901, -1.9320515079416563]
Round 61: Position [2236.4560547006263, 1551.7695847027405, -1.9320515079416563]
Round 62: Position [2178.137023240721, 1397.419688137891, -1.9320515079416563]
Round 63: Position [2119.817991780816, 1243.0697915730414, -1.9320515079416563]
Round 64: Position [2061.498960320911, 1088.7198950081918, -1.9320515079416563]
Round 65: Position [2003.179928861006, 934.3699984433489, -1.9320515079416563]
Round 66: Position [1944.8608974011008, 780.0201018785107, -1.9320515079416563]
Round 67: Position [1886.5418659411957, 625.6702053136725, -1.9320515079416563]
Round 68: Position [1828.2228344812906, 471.3203087488327, -1.9320515079416563]
Round 69: Position [1718.6174659934295, 353.6734734065882, -2.7174496713391]
Round 70: Position [1558.8965624119603, 316.8720846804005, -3.116812624207032]
Round 71: Position [1393.947218932872, 312.7837982641692, -3.116812624207032]
Round 72: Position [1228.9978754537835, 308.6955118479379, -3.116812624207032]
Round 73: Position [1064.0485319746952, 304.6072254317066, -3.116812624207032]
Round 74: Position [899.0991884956154, 300.51893901547527, -3.116812624207032]
Round 75: Position [734.1498450165384, 296.43065259924396, -3.116812624207032]
