( OAR_RIGHT OAR_RIGHT OAR_RIGHT OAR_RIGHT OAR_RIGHT OAR_LEFT OAR_RIGHT OAR_LEFT OAR_RIGHT OAR_LEFT OAR_RIGHT OAR_LEFT OAR_RIGHT OAR_LEFT TURN LIFT_SAIL)
The entity OAR at {x=9, y=0} has no more sailors nearby
The entity OAR at {x=9, y=4} has no more sailors nearby
The entity RUDDER at {x=10, y=4} has no more sailors nearby
There is no more oar with free sailor on the right side of the ship
As{ M[15,5,0] M[19,5,0] M[10,5,0] M[14,5,0] M[5,5,0] M[9,5,0] M[0,5,0] M[4,5,0] M[1,4,-1] M[3,4,1] M[2,1,2] M[6,1,3] M[7,2,2] M[8,4,-1] M[16,4,-1] M[16,1,4] M[16,2,0] O[2] O[6] O[7] O[3] O[4] O[9] O[1
( OAR_RIGHT OAR_LEFT OAR_RIGHT OAR_LEFT OAR_RIGHT OAR_LEFT OAR_RIGHT OAR_LEFT OAR_RIGHT OAR_LEFT OAR_RIGHT OAR_LEFT OAR_RIGHT OAR_LEFT OAR_RIGHT OAR_LEFT OAR_RIGHT OAR_LEFT TURN)
As{ M[4,5,0] M[3,5,0] M[0,4,0] M[1,4,0] M[5,1,0] M[2,0,-4] M[8,1,-2] M[9,-1,-4] M[7,5,0] M[6,-1,0] M[10,-5,0] M[14,0,0] M[11,0,3] M[12,1,-2] M[13,1,1] M[15,-4,0] M[17,1,2] M[16,-5,0] M[18,3,1] O[6] O[
( OAR_RIGHT OAR_LEFT OAR_RIGHT OAR_LEFT OAR_RIGHT OAR_LEFT OAR_RIGHT OAR_LEFT OAR_RIGHT OAR_LEFT OAR_RIGHT OAR_LEFT OAR_RIGHT OAR_LEFT OAR_RIGHT OAR_LEFT OAR_RIGHT OAR_LEFT TURN)
As{ M[2,0,0] M[6,0,0] M[5,-5,0] M[10,0,4] M[1,-5,0] M[0,-5,0] M[8,-1,0] M[9,1,0] M[3,0,-4] M[7,0,-4] M[12,4,0] M[4,0,0] M[14,2,0] M[13,5,0] M[11,4,0] M[16,2,0] M[15,-1,4] M[17,0,0] M[18,-1,0] O[6] O[1
( OAR_RIGHT OAR_LEFT OAR_RIGHT OAR_LEFT OAR_RIGHT OAR_LEFT OAR_RIGHT OAR_LEFT OAR_RIGHT OAR_LEFT OAR_RIGHT OAR_LEFT OAR_RIGHT OAR_LEFT OAR_RIGHT OAR_LEFT TURN)
As{ M[0,-3,0] M[2,0,4] M[1,-1,0] M[5,0,4] M[7,-5,0] M[3,-5,0] M[8,0,0] M[9,0,0] M[11,1,-4] M[12,1,0] M[4,0,0] M[13,1,0] M[14,-1,0] M[10,5,0] M[6,2,0] M[15,1,0] M[16,-2,0] O[2] O[5] O[6] O[15] O[16] O[
( OAR_RIGHT OAR_LEFT OAR_RIGHT OAR_LEFT OAR_RIGHT OAR_LEFT OAR_RIGHT OAR_LEFT OAR_RIGHT OAR_LEFT OAR_RIGHT OAR_LEFT OAR_RIGHT OAR_LEFT OAR_RIGHT OAR_LEFT OAR_RIGHT OAR_LEFT TURN)
As{ M[4,0,0] M[0,0,0] M[1,-1,4] M[2,1,-4] M[5,0,0] M[3,5,0] M[6,0,-4] M[7,0,4] M[8,1,0] M[9,1,0] M[11,-3,0] M[12,-3,0] M[10,1,-4] M[13,-5,0] M[14,-3,0] M[15,2,0] M[16,2,0] M[17,4,0] M[18,4,0] O[1] O[5
DEV=-1.8439791046430563 S{p[1000.0,1000.0,44.0],RECT,150.0}A=-3.6823555967799355
( OAR_RIGHT OAR_LEFT OAR_RIGHT OAR_LEFT OAR_RIGHT OAR_LEFT OAR_RIGHT OAR_LEFT OAR_RIGHT OAR_LEFT OAR_RIGHT OAR_LEFT OAR_RIGHT OAR_LEFT OAR_RIGHT OAR_LEFT OAR_RIGHT OAR_LEFT TURN)
As{ M[0,0,0] M[1,0,0] M[2,0,0] M[5,0,0] M[6,0,0] M[7,0,0] M[3,-5,0] M[4,0,0] M[8,-1,0] M[9,-1,0] M[10,1,0] M[11,3,0] M[12,3,0] M[13,0,0] M[14,0,0] M[15,0,0] M[16,0,0] M[17,0,0] M[18,0,0] O[1] O[5] O[7
DEV=-2.916683981782923 S{p[1000.0,1000.0,44.0],RECT,150.0}A=4.063266561155411
( OAR_RIGHT OAR_LEFT OAR_RIGHT OAR_LEFT OAR_RIGHT OAR_LEFT OAR_RIGHT OAR_LEFT OAR_RIGHT OAR_LEFT OAR_RIGHT OAR_LEFT OAR_RIGHT OAR_LEFT OAR_RIGHT OAR_LEFT OAR_RIGHT OAR_LEFT TURN)
As{ M[0,0,0] M[1,0,0] M[2,0,0] M[5,0,0] M[3,-1,0] M[6,0,4] M[7,1,-4] M[8,-1,4] M[9,-1,0] M[10,-3,0] M[11,0,0] M[12,0,0] M[4,-1,-4] M[14,5,0] M[13,1,0] M[15,0,0] M[16,0,0] M[17,0,0] M[18,0,0] O[1] O[5]
DEV=-1.4347921560600136 S{p[1000.0,1000.0,44.0],RECT,150.0}A=4.3918322305436055
( OAR_RIGHT OAR_LEFT OAR_RIGHT OAR_LEFT OAR_RIGHT OAR_LEFT OAR_RIGHT OAR_LEFT OAR_RIGHT OAR_LEFT OAR_RIGHT OAR_LEFT OAR_RIGHT OAR_LEFT OAR_RIGHT OAR_LEFT OAR_RIGHT OAR_LEFT TURN)
As{ M[0,0,0] M[1,0,0] M[2,0,0] M[3,-1,4] M[5,1,-4] M[6,0,0] M[4,-5,0] M[13,5,0] M[7,1,0] M[9,1,0] M[8,0,0] M[10,-1,4] M[11,0,0] M[12,0,0] M[14,-1,-4] M[15,0,0] M[16,0,0] M[17,0,0] M[18,0,0] O[1] O[3] 
