nbSailors :7
 nbOar :4
[Checkpoint{position=P{ 300.0 , 1800.0 }, shape=type : circle [ radius : 150.0 ] }, Checkpoint{position=P{ 1900.0 , 3800.0 }, shape=type : circle [ radius : 150.0 ] }, Checkpoint{position=P{ 2000.0 , 
OT{aT=[-1.5707963267948966, -0.7853981633974483, 0.0, 0.7853981633974483, 1.5707963267948966], cT=[[C{R=0, L=2}], [C{R=0, L=1}, C{R=1, L=2}], [C{R=1, L=1}, C{R=2, L=2}], [C{R=1, L=0}, C{R=2, L=1}], [C

 - - - 

P{ 360.0 , 320.0 }
S0: move: 1x, 1y

S0 is now on (1,1)
S1: move: 3x, 0y

S1 is now on (3,1)
S2: move: 2x, 0y

S2 is now on (2,2)
Checkpoint done
P{ 360.0 , 320.0 }

S1: turn : 0.04051467927324337


 - - - 

P{ 360.0 , 320.0 }
P{ 356.6908057361165 , 484.95552671601666 }

S1: turn : 0.0025643930186607378


 - - - 

P{ 356.6908057361165 , 484.95552671601666 }
P{ 349.7978391744915 , 649.8114398460053 }

S1: turn : 1.856025622806179E-4


 - - - 

P{ 349.7978391744915 , 649.8114398460053 }
P{ 342.6762400697656 , 814.65767956061 }

S1: turn : 1.5680691064501318E-5


 - - - 

P{ 342.6762400697656 , 814.65767956061 }
P{ 335.53791054295186 , 979.503195881221 }

S1: turn : 1.5909504191835566E-6


 - - - 

P{ 335.53791054295186 , 979.503195881221 }
P{ 328.3981458268557 , 1144.3486500490355 }

S1: turn : 2.0200030670380897E-7


 - - - 

P{ 328.3981458268557 , 1144.3486500490355 }
P{ 321.2582321860631 , 1309.194097766593 }

S1: turn : 3.426183381449732E-8


 - - - 

P{ 321.2582321860631 , 1309.194097766593 }
P{ 314.1182989336465 , 1474.0395446347156 }

S1: turn : 8.750115076949783E-9


 - - - 

P{ 314.1182989336465 , 1474.0395446347156 }
P{ 306.9783621150405 , 1638.8849913483764 }

S1: turn : 4.521126140133447E-9


 - - - 

P{ 306.9783621150405 , 1638.8849913483764 }
Checkpoint done
P{ 299.83842419909803 , 1803.7304380145079 }

S1: turn : -0.7189869892064951


 - - - 

P{ 299.83842419909803 , 1803.7304380145079 }
P{ 349.49760933503416 , 1957.373819119113 }

S1: turn : -0.023816051887295853

S0: liftening sail

                         v  ~.      v
                v           /|
                           / |          v
                    v     /__|__
                        \--------/
      ~~~~~~~~~~~~~~

 - - - 

P{ 349.49760933503416 , 1957.373819119113 }
P{ 514.6128758921841 , 2158.4493477518795 }

S1: turn : -0.001454213309915131


 - - - 

P{ 514.6128758921841 , 2158.4493477518795 }
P{ 683.2261960587784 , 2358.5378389870216 }

S1: turn : -1.0185593990519326E-4


 - - - 

P{ 683.2261960587784 , 2358.5378389870216 }
P{ 852.0545407477882 , 2558.562746624474 }

S1: turn : -8.287278870255932E-6


 - - - 

P{ 852.0545407477882 , 2558.562746624474 }
P{ 1020.8981009369983 , 2758.583142218524 }

S1: turn : -8.038053971315406E-7


 - - - 

P{ 1020.8981009369983 , 2758.583142218524 }
P{ 1189.7429166569602 , 2958.603165419572 }

S1: turn : -9.649719057147621E-8


 - - - 

P{ 1189.7429166569602 , 2958.603165419572 }
P{ 1358.5878566674965 , 3158.6231517551687 }

Votre Capitaine a detecté un iceberg...
S1: turn : -1.5197292424495856E-8


 - - - 

P{ 1358.5878566674965 , 3158.6231517551687 }
P{ 1527.4328120890896 , 3358.6431335197294 }

Votre Capitaine a detecté un iceberg...
S1: turn : -3.478096033404654E-9


 - - - 

P{ 1527.4328120890896 , 3358.6431335197294 }
P{ 1696.2777700848528 , 3558.663114520773 }

Votre Capitaine a detecté un iceberg...
S1: turn : -1.4557371974532884E-9


 - - - 

P{ 1696.2777700848528 , 3558.663114520773 }
Checkpoint done
P{ 1865.1227287592133 , 3758.6830953205395 }

Votre Capitaine a detecté un iceberg...
S1: turn : 0.6102805549639712


 - - - 

