POS 0.0 0.0 FWD 1.0 0.0 ADC -0.0 PC 0 OG 5 OR 5 R 0 C 4 S 1
POS 95.02666666666651 2.6111446338461533E-15 FWD 1.0 5.551115123125786E-17 ADC 0.21036799203764855 PC 0 OG 0 OR 1 R 1 C 3 S 1
POS 107.43848029583201 1.295868869925533 FWD 0.9779541369210043 0.20881979331254372 ADC -0.2136690393840834 PC 0 OG 2 OR 0 R 1 C 4 S 1
POS 128.94784206668464 3.552690280417891 FWD 0.9999945515481559 0.0033010413512335494 ADC 0.20963981061117076 PC 0 OG 0 OR 1 R 1 C 3 S 1
POS 141.36575785622048 4.803303818695093 FWD 0.9787875789862811 0.20487770796788624 ADC -0.21973128432918787 PC 0 OG 2 OR 0 R 1 C 4 S 1
POS 162.8900950115194 6.908841897453714 FWD 0.9999103215301725 0.013392120721793674 ADC 0.20239220994486784 PC 0 OG 0 OR 1 R 1 C 3 S 1
POS 175.33016145903903 7.990258854859542 FWD 0.982192661430797 0.18787649089624744 ADC -0.21360513519132313 PC 0 OG 2 OR 0 R 1 C 4 S 1
POS 201.68945789420405 9.788493300857768 FWD 0.9996973012782393 0.024602963581754695 ADC 0.1953095001075049 PC 0 OG 0 OR 1 R 1 C 3 S 1
POS 254.14983132565695 10.687335383769561 FWD 0.9854654091711154 0.1698762117755345 ADC -0.2141476317860843 PC 0 OG 2 OR 0 R 1 C 4 S 1
POS 315.74312101337057 12.085565132491812 FWD 0.9990564761759463 0.0434299137795692 ADC 0.19504771025591844 PC 0 OG 0 OR 1 R 1 C 3 S 1
POS 368.2223255523895 12.748332366721547 FWD 0.9885300873361813 0.15102405911351297 ADC -0.24804523501531667 PC 0 OG 2 OR 0 R 1 C 4 S 1
POS 429.84117107973765 13.37110263556805 FWD 0.9953531601699079 0.09629167430145577 ADC 0.16525427398356823 PC 0 OG 0 OR 1 R 1 C 3 S 1
POS 482.34807843176895 13.188097253969957 FWD 0.9976333078605484 0.06875887613406892 ADC -0.710468298305301 PC 0 OG 4 OR 0 R 1 C 4 S 1
POS 559.8036920112595 2.341198566058852 FWD 0.8011062253455337 0.5985221931663279 ADC -0.3350465046049027 PC 0 OG 2 OR 0 R 1 C 3 S 0
POS 612.418420681941 -10.843928394077912 FWD 0.5597587980332639 0.8286555907156818 ADC 2.068728115506541 PC 0 OG 0 OR 9 R 0 C 4 S 0
POS 725.2270956685603 -25.539122673750743 FWD 0.8286555907156812 0.5597587980332649 ADC -0.19631914139036144 PC 0 OG 1 OR 0 R 1 C 3 S 0
POS 773.2721817065105 -21.176226371593565 FWD 0.9219249546897036 0.38736852985288817 ADC 2.666480317114798 PC 0 OG 0 OR 9 R 1 C 4 S 0
POS 799.3059535607188 43.52141365787427 FWD -0.9258103014834305 0.37798847292894994 ADC -2.403082118946937 PC 0 OG 9 OR 0 R 1 C 3 S 0
POS 824.2153438285841 108.21131514037987 FWD 0.9219249546897036 0.38736852985288833 ADC 3.0659549408618374 PC 0 OG 0 OR 9 R 1 C 4 S 0
POS 824.6491156827938 172.90895516984773 FWD -0.9258103014834305 0.37798847292894994 ADC -2.5679602419679135 PC 0 OG 9 OR 0 R 1 C 3 S 0
POS 823.5585059506606 237.59885665235342 FWD 0.9219249546897036 0.38736852985288833 ADC -2.9059712798664163 PC 0 OG 9 OR 0 R 1 C 4 S 0
POS 870.0723515004497 192.62736617700378 FWD -0.3779884729289516 0.9258103014834298 ADC -1.7895891898163199 PC 0 OG 9 OR 0 R 1 C 3 S 0
POS 801.3038414475258 171.55600973370593 FWD -0.821696206748023 -0.5699257353514667 ADC -0.08881596003890471 PC 0 OG 9 OR 9 R 0 C 4 S 0
POS 665.7239673341049 265.5937560666983 FWD -0.821696206748023 -0.5699257353514667 ADC 2.576394663295969 PC 0 OG 0 OR 9 R 1 C 3 S 0
POS 610.903920175788 231.23192822003054 FWD 0.17802860762703113 0.9840253121065436 ADC 2.873362630554526 PC 0 OG 0 OR 9 R 1 C 4 S 0
POS 673.9650287507442 216.76578261376162 FWD 0.5699257353514731 0.8216962067480187 ADC -0.8639562672977862 PC 0 OG 5 OR 0 R 1 C 3 S 0
POS 712.1401748746636 239.47935273794863 FWD 0.9949616876410008 0.10025587327718744 ADC -2.3961569981954702 PC 0 OG 9 OR 0 R 1 C 4 S 1
POS 744.8484200888316 182.42643075164017 FWD -0.6326525485036859 0.7744357641998407 ADC -2.101314664906547 PC 0 OG 9 OR 0 R 1 C 3 S 0
POS 677.519285361129 192.90048840234718 FWD -0.3478757800565619 -0.93754063466606 ADC -0.3885938825620044 PC 0 OG 3 OR 0 R 1 C 4 S 0
POS 673.0859675571685 219.86579817946534 FWD 0.033283322306339236 -0.9994459567461627 ADC 1.6341127356148328 PC 0 OG 0 OR 9 R 1 C 3 S 0
POS 621.539310566285 272.4329941132495 FWD -0.9995492253570011 0.030022426421245925 ADC 1.1811960288556453 PC 0 OG 0 OR 8 R 1 C 4 S 0
POS 565.0528837110996 232.55548088792534 FWD -0.35187490982017006 0.9360470329203802 ADC -1.8583571704209692 PC 0 OG 9 OR 0 R 1 C 3 S 0
POS 496.91859816787246 212.12415340287933 FWD -0.797814868398597 -0.6029025093347425 ADC 0.9381875091527296 PC 0 OG 0 OR 6 R 1 C 4 S 0
POS 444.79592341534055 221.7560468304528 FWD -0.9579421488281853 0.28696139025736356 ADC -2.776524260754184 PC 0 OG 9 OR 0 R 1 C 3 S 0
POS 403.3370675358737 271.4263201593737 FWD 0.47445504443113024 -0.8802797344105192 ADC -0.15221988755513477 PC 0 OG 1 OR 0 R 1 C 4 S 0
POS 408.27655898478395 279.1378111673508 FWD 0.6024480893848906 -0.7981580667991115 ADC 0.9433386643930624 PC 0 OG 0 OR 6 R 1 C 3 S 0
POS 417.7419401367313 331.26890502082637 FWD -0.2924366816469701 -0.9562848881098711 ADC 0.5401632908427279 PC 0 OG 0 OR 3 R 1 C 4 S 0
POS 403.2157391860224 354.2260651323966 FWD -0.7425953322194024 -0.6697403769864524 ADC 2.358332804158093 PC 0 OG 0 OR 9 R 1 C 3 S 0
POS 344.47292839641733 327.11047987334734 FWD 0.05151623288825254 0.9986721572913723 ADC -2.6462322056581264 PC 0 OG 9 OR 0 R 1 C 4 S 0
POS 286.3852596480261 298.61845427351886 FWD -0.7425953322194024 -0.6697403769864524 ADC 2.408871909091036 PC 0 OG 0 OR 9 R 1 C 3 S 0
POS 227.64244885842086 271.5028690144696 FWD 0.05151623288825254 0.9986721572913723 ADC -2.303083934591627 PC 0 OG 9 OR 0 R 1 C 4 S 0
POS 169.66768793263222 241.15024199613788 FWD -0.777101811023344 -0.6293749083846917 ADC 2.505052156078601 PC 0 OG 0 OR 9 R 1 C 3 S 0
POS 112.44715336781631 210.9544938265557 FWD 0.1044586946194676 0.9945292258744319 ADC -1.9646220744559537 PC 0 OG 9 OR 0 R 1 C 4 S 0
POS 59.149485832224 165.79231116841507 FWD -0.9584791333913033 -0.2851626743693085 ADC 2.945293298266612 PC 0 OG 0 OR 9 R 1 C 3 S 0
POS 17.78394202809028 116.04430046253457 FWD 0.4761066340589627 0.8793875556346274 ADC -1.310731849469262 PC 0 OG 8 OR 0 R 1 C 4 S 0
POS 7.418246184825945 48.640780296633245 FWD -0.7273893199761111 0.6862250193520276 ADC -2.2184659629610417 PC 0 OG 9 OR 0 R 1 C 3 S 0
POS -55.32247276704767 70.96545997361463 FWD -0.10840341515580221 -0.9941069859841841 ADC 1.5523106449838513 PC 0 OG 0 OR 9 R 1 C 4 S 0
POS -112.5722725835272 118.58129339781529 FWD -0.9959409343988231 0.09000919502361437 ADC -2.9394298645515273 PC 0 OG 9 OR 0 R 1 C 3 S 0
POS -143.28425397244314 175.52641595076943 FWD 0.6405904762043443 -0.7678827005450061 ADC 0.6091539391589335 PC 0 OG 0 OR 4 R 1 C 4 S 0
POS -129.4338787390263 208.86637679725115 FWD 0.08600665825253734 -0.9962945622335952 ADC 1.5405546944411077 PC 0 OG 0 OR 9 R 1 C 3 S 0
POS -176.1244715371207 267.024200633754 FWD -0.9932384279064236 -0.11609231382816089 ADC 2.6491068901500756 PC 0 OG 0 OR 9 R 1 C 4 S 0
POS -208.3190230123581 210.90394013264452 FWD 0.6202359653561658 0.7844152900592295 ADC -0.8496458250325384 PC 0 OG 5 OR 0 R 1 C 3 S 0
POS -197.38363875943105 167.8022944478735 FWD -0.17962215002876178 0.9837356775166005 ADC -1.9875268753560635 PC 0 OG 9 OR 0 R 1 C 4 S 0
POS -261.2945255891308 140.30015474666524 FWD -0.8268386416163491 -0.5624392062525785 ADC 2.6346843570546694 PC 0 OG 0 OR 9 R 1 C 3 S 0
POS -315.8002217424648 105.44184339564696 FWD 0.18695863368760918 0.9823677871803729 ADC -1.5112680462777512 PC 0 OG 9 OR 0 R 1 C 4 S 0
POS -355.5713529091847 42.00765548277224 FWD -0.969504979772342 0.24507161034405997 ADC -2.7558481559084447 PC 0 OG 9 OR 0 R 1 C 3 S 0
POS -394.83308398133954 93.43225326070217 FWD 0.5122517480405666 -0.8588353431417363 ADC 0.9289556432660591 PC 0 OG 0 OR 6 R 1 C 4 S 0
POS -390.7013653022355 146.3148938469798 FWD -0.38125276527728597 -0.924470837273098 ADC 2.043053752946057 PC 0 OG 0 OR 9 R 1 C 3 S 0
POS -458.6108651747541 157.85556300733734 FWD -0.6498506067304688 0.7600619638766577 ADC -2.441390670096677 PC 0 OG 9 OR 0 R 1 C 4 S 0
POS -520.3644123498598 177.15510172452187 FWD -0.07793119800184406 -0.996958739556456 ADC 1.7095351959459943 PC 0 OG 0 OR 9 R 1 C 3 S 0
POS -578.4825799230307 221.02270099165963 FWD -0.9766017196722276 0.2150559953436495 ADC -3.126983151557551 PC 0 OG 9 OR 0 R 1 C 4 S 0
POS -616.139727371553 273.63365070219373 FWD 0.5384941458563676 -0.8426292511409873 ADC 1.0146063298853902 PC 0 OG 0 OR 6 R 1 C 3 S 0
POS -612.6439313414812 326.1888104206692 FWD -0.4313217817978238 -0.9021981603543373 ADC 1.731578786191856 PC 0 OG 0 OR 9 R 1 C 4 S 0
POS -682.63235300929 345.386046346175 FWD -0.8215113254480355 0.5701921975620254 ADC -2.5556440432694694 PC 0 OG 9 OR 0 R 1 C 3 S 0
POS -737.4635414987442 379.73009317001475 FWD 0.17770945957008988 -0.984082998521622 ADC 1.0943980263143323 PC 0 OG 0 OR 7 R 1 C 4 S 0
POS -759.1317495649806 436.76515215526143 FWD -0.7930134048089827 -0.6092041856334085 ADC 2.426070965045937 PC 0 OG 0 OR 9 R 1 C 3 S 0
POS -815.5576998195457 405.109427218475 FWD 0.12997274532364492 0.9915175669008769 ADC -1.4858164011263728 PC 0 OG 9 OR 0 R 1 C 3 S 0
POS -858.2908019790634 343.3301186011081 FWD -0.976907770149522 0.2136614345676092 ADC -2.944642695498954 PC 0 OG 9 OR 0 R 1 C 3 S 0
POS -895.8727958446804 395.9947796224121 FWD 0.5396966596057627 -0.8418595581273527 ADC 0.9606742741996107 PC 0 OG 0 OR 6 R 1 C 3 S 0
POS -890.8780225970609 448.66799389377474 FWD -0.38074100654253495 -0.9246817214247167 ADC 1.8992924736673922 PC 0 OG 0 OR 9 R 1 C 3 S 0
POS -959.5004883597865 465.4646231074535 FWD -0.7524030369927565 0.658703021037612 ADC -2.4896734585916236 PC 0 OG 9 OR 0 R 1 C 3 S 0
POS -1017.8365367253698 493.4445845887065 FWD 0.06625591667917209 -0.9978026626066913 ADC 1.4278127918520416 PC 0 OG 0 OR 8 R 1 C 3 S 0
POS -1058.029779133769 547.3761711797051 FWD -0.978179085440126 -0.20776351173273594 ADC 2.8358986708094776 PC 0 OG 0 OR 9 R 1 C 3 S 0
POS -1095.2933442366993 494.48572308911224 FWD 0.5447660765002166 0.8385880525589189 ADC -1.0694842392123056 PC 0 OG 6 OR 0 R 1 C 3 S 0
POS -1092.8455854741471 442.1266357901755 FWD -0.4736002820090041 0.8807399008112394 ADC -2.1189305489952885 PC 0 OG 9 OR 0 R 1 C 3 S 0
POS -1160.7286713713463 440.18793783086494 FWD -0.5049188993141996 -0.8631667887003862 ADC 2.047445206046769 PC 0 OG 0 OR 9 R 1 C 3 S 0
POS -1229.5292666753176 442.1164379084795 FWD -0.5352970969934183 0.8446638490846041 ADC -2.1876750773760385 PC 0 OG 9 OR 0 R 1 C 3 S 0
POS -1296.3372720906598 447.2683100863003 FWD -0.3793171064673583 -0.9252667359962914 ADC 1.9072383533482868 PC 0 OG 0 OR 9 R 1 C 3 S 0
POS -1364.9075674547994 463.8782922822796 FWD -0.7481676539905782 0.6635097297871633 ADC -2.473232173020453 PC 0 OG 9 OR 0 R 1 C 3 S 0
POS -1423.4216706754648 491.4839530728746 FWD 0.059862192285412216 -0.9982066509169253 ADC 1.445491810952038 PC 0 OG 0 OR 9 R 1 C 3 S 0
POS -1469.4524437617574 551.3332682884813 FWD -0.9828989779121731 -0.1841455924512058 ADC 2.8719517858911274 PC 0 OG 0 OR 9 R 1 C 3 S 0
POS -1505.4314308988126 497.5607356347581 FWD 0.564803935355159 0.8252251296508882 ADC -1.03624081373699 PC 0 OG 6 OR 0 R 1 C 3 S 0
POS -1500.8499800768022 445.18846880591934 FWD -0.42235800326184375 0.906429102070685 ADC -2.0551862445192515 PC 0 OG 9 OR 0 R 1 C 3 S 0
POS -1569.106125724961 437.1358274875227 FWD -0.6054739438017933 -0.7958651288862346 ADC 2.176504607801477 PC 0 OG 0 OR 9 R 1 C 3 S 0
POS -1635.4356624560037 426.64011556514714 FWD -0.30955670730656476 0.9508809835944337 ADC -1.9258911486464667 PC 0 OG 9 OR 0 R 1 C 3 S 0
POS -1702.566467640037 405.6714257962313 FWD -0.7839324203399719 -0.6208461647943987 ADC 2.438787135747179 PC 0 OG 0 OR 9 R 1 C 3 S 0
POS -1759.4536458628393 374.8522477207012 FWD 0.11531939721458893 0.9933284636141582 ADC -1.478180415909971 PC 0 OG 9 OR 0 R 1 C 3 S 0
POS -1802.905345447191 313.4860150053415 FWD -0.978406119111719 0.2066917175039788 ADC -2.9374832603882264 PC 0 OG 9 OR 0 R 1 C 3 S 0
POS -1840.110942680475 366.4172564220961 FWD 0.5456844865161611 -0.8379907166404611 ADC 0.9737084849438062 PC 0 OG 0 OR 6 R 1 C 3 S 0
POS -1835.0858745041542 419.0308979189695 FWD -0.38619480393966876 -0.922417244748818 ADC 1.9316237334031436 PC 0 OG 0 OR 9 R 1 C 3 S 0
POS -1903.6811008965722 434.2361974553335 FWD -0.7266727248774594 0.6869838068827884 ADC -2.4236805853636767 PC 0 OG 9 OR 0 R 1 C 3 S 0
POS -1963.0441050545585 459.96568483349495 FWD 0.02806430305198951 -0.9996061198763271 ADC 1.496568933260166 PC 0 OG 0 OR 9 R 1 C 3 S 0
POS -2012.0963276232922 516.7198384888483 FWD -0.9947723884424794 -0.10211706611749545 ADC 2.97766872406691 PC 0 OG 0 OR 9 R 1 C 3 S 0
POS -2043.4987118699341 460.1525065115458 FWD 0.6312026316782569 0.7756179715313737 ADC -0.932858960975438 PC 0 OG 6 OR 0 R 1 C 3 S 0
POS -2031.8573298044626 408.4186238604496 FWD -0.24716771109725988 0.9689727150910605 ADC -1.851240208934977 PC 0 OG 9 OR 0 R 1 C 3 S 0
POS -2097.320183778014 380.3798151227698 FWD -0.8627059154686738 -0.5057059456001655 ADC 2.589051950142966 PC 0 OG 0 OR 9 R 1 C 3 S 0
POS -2149.364722820225 341.94365065117165 FWD 0.25243709957740884 0.9676133064178817 ADC -1.3270911304413338 PC 0 OG 8 OR 0 R 1 C 3 S 0
POS -2175.9796148312635 279.29276745987016 FWD -0.8781078208737457 0.47846280411371755 ADC -2.6370562954389998 PC 0 OG 9 OR 0 R 1 C 3 S 0
POS -2226.7959362917345 319.33866933047307 FWD 0.2825917014184328 -0.9592402880871066 ADC 1.2791124209156082 PC 0 OG 0 OR 8 R 1 C 3 S 0
POS -2250.0479364079747 383.7032503415496 FWD -0.8374593391918788 -0.5464996387924713 ADC 2.5410970067478607 PC 0 OG 0 OR 9 R 1 C 3 S 0
