REGATTA.
Checkpoints :
X:1600.0,Y:350.0
X:345.0,Y:1550.0
X:0.0,Y:0.0
Shipcount : 1,
Deck : 5x11

oar, X:1,Y:0

oar, X:2,Y:0

oar, X:3,Y:0

oar, X:4,Y:0

oar, X:5,Y:0

oar, X:6,Y:0

oar, X:7,Y:0

oar, X:8,Y:0

oar, X:9,Y:0

oar, X:1,Y:4

oar, X:2,Y:4

oar, X:3,Y:4

oar, X:4,Y:4

oar, X:5,Y:4

oar, X:6,Y:4

oar, X:7,Y:4

oar, X:8,Y:4

oar, X:9,Y:4

rudder, X:10,Y:4

sail, X:5,Y:2

ROUND 0:id:0,x:0,y:0,ac:null|id:1,x:0,y:1,ac:null|id:2,x:0,y:2,ac:null|id:3,x:0,y:3,ac:null|id:4,x:0,y:4,ac:null|id:5,x:1,y:0,ac:null|id:6,x:1,y:1,ac:null|id:7,x:1,y:2,ac:null|id:8,x:1,y:3,ac:null|id

ROUND 1:id:0,x:1,y:4,ac:MOVING|id:1,x:1,y:0,ac:MOVING|id:2,x:2,y:4,ac:MOVING|id:3,x:2,y:0,ac:MOVING|id:4,x:3,y:4,ac:MOVING|id:5,x:3,y:0,ac:MOVING|id:6,x:4,y:3,ac:MOVING|id:7,x:4,y:0,ac:MOVING|id:8,x:

ROUND 2:id:0,x:1,y:4,ac:null|id:1,x:1,y:0,ac:null|id:2,x:2,y:4,ac:null|id:3,x:2,y:0,ac:null|id:4,x:3,y:4,ac:null|id:5,x:3,y:0,ac:null|id:6,x:4,y:4,ac:MOVING|id:7,x:4,y:0,ac:null|id:8,x:5,y:4,ac:null|

ROUND 3:id:0,x:1,y:4,ac:null|id:1,x:1,y:0,ac:null|id:2,x:2,y:4,ac:null|id:3,x:2,y:0,ac:null|id:4,x:3,y:4,ac:null|id:5,x:3,y:0,ac:null|id:6,x:4,y:4,ac:null|id:7,x:4,y:0,ac:null|id:8,x:5,y:4,ac:null|id

ROUND 4:id:0,x:1,y:4,ac:OAR|id:1,x:1,y:0,ac:OAR|id:2,x:2,y:4,ac:OAR|id:3,x:2,y:0,ac:OAR|id:4,x:3,y:4,ac:OAR|id:5,x:3,y:0,ac:OAR|id:6,x:4,y:4,ac:OAR|id:7,x:4,y:0,ac:OAR|id:8,x:5,y:4,ac:OAR|id:9,x:5,y:

ROUND 5:id:0,x:1,y:4,ac:OAR|id:1,x:1,y:0,ac:OAR|id:2,x:2,y:4,ac:OAR|id:3,x:2,y:0,ac:OAR|id:4,x:3,y:4,ac:OAR|id:5,x:3,y:0,ac:OAR|id:6,x:4,y:4,ac:OAR|id:7,x:4,y:0,ac:OAR|id:8,x:5,y:4,ac:OAR|id:9,x:5,y:

ROUND 6:id:0,x:1,y:4,ac:OAR|id:1,x:1,y:0,ac:OAR|id:2,x:2,y:4,ac:OAR|id:3,x:2,y:0,ac:OAR|id:4,x:3,y:4,ac:OAR|id:5,x:3,y:0,ac:OAR|id:6,x:4,y:4,ac:OAR|id:7,x:4,y:0,ac:OAR|id:8,x:5,y:4,ac:OAR|id:9,x:5,y:

ROUND 7:id:0,x:1,y:4,ac:OAR|id:1,x:1,y:0,ac:OAR|id:2,x:2,y:4,ac:OAR|id:3,x:2,y:0,ac:OAR|id:4,x:3,y:4,ac:OAR|id:5,x:3,y:0,ac:OAR|id:6,x:4,y:4,ac:OAR|id:7,x:4,y:0,ac:OAR|id:8,x:5,y:4,ac:OAR|id:9,x:5,y:

ROUND 8:id:0,x:1,y:4,ac:OAR|id:1,x:1,y:0,ac:OAR|id:2,x:2,y:4,ac:OAR|id:3,x:2,y:0,ac:OAR|id:4,x:3,y:4,ac:OAR|id:5,x:3,y:0,ac:OAR|id:6,x:4,y:4,ac:OAR|id:7,x:4,y:0,ac:OAR|id:8,x:5,y:4,ac:OAR|id:9,x:5,y:

ROUND 9:id:0,x:1,y:4,ac:OAR|id:1,x:1,y:0,ac:OAR|id:2,x:2,y:4,ac:OAR|id:3,x:2,y:0,ac:OAR|id:4,x:3,y:4,ac:OAR|id:5,x:3,y:0,ac:OAR|id:6,x:4,y:4,ac:OAR|id:7,x:4,y:0,ac:OAR|id:8,x:5,y:4,ac:OAR|id:9,x:5,y:

ROUND 10:id:0,x:1,y:4,ac:OAR|id:1,x:1,y:0,ac:OAR|id:2,x:2,y:4,ac:OAR|id:3,x:2,y:0,ac:OAR|id:4,x:3,y:4,ac:OAR|id:5,x:3,y:0,ac:OAR|id:6,x:4,y:4,ac:OAR|id:7,x:4,y:0,ac:OAR|id:8,x:5,y:4,ac:OAR|id:9,x:5,y

ROUND 11:id:0,x:1,y:4,ac:OAR|id:1,x:1,y:0,ac:OAR|id:2,x:2,y:4,ac:OAR|id:3,x:2,y:0,ac:OAR|id:4,x:3,y:4,ac:OAR|id:5,x:3,y:0,ac:OAR|id:6,x:4,y:4,ac:OAR|id:7,x:4,y:0,ac:OAR|id:8,x:5,y:4,ac:OAR|id:9,x:5,y

ROUND 12:id:0,x:1,y:4,ac:OAR|id:1,x:1,y:0,ac:OAR|id:2,x:2,y:4,ac:OAR|id:3,x:2,y:0,ac:OAR|id:4,x:3,y:4,ac:OAR|id:5,x:3,y:0,ac:OAR|id:6,x:4,y:4,ac:OAR|id:7,x:4,y:0,ac:OAR|id:8,x:5,y:4,ac:OAR|id:9,x:5,y

ROUND 13:id:0,x:1,y:4,ac:OAR|id:1,x:1,y:0,ac:OAR|id:2,x:2,y:4,ac:OAR|id:3,x:2,y:0,ac:OAR|id:4,x:3,y:4,ac:OAR|id:5,x:3,y:0,ac:OAR|id:6,x:4,y:4,ac:OAR|id:7,x:4,y:0,ac:OAR|id:8,x:5,y:4,ac:OAR|id:9,x:5,y

ROUND 14:id:0,x:1,y:4,ac:OAR|id:1,x:1,y:0,ac:OAR|id:2,x:2,y:4,ac:OAR|id:3,x:2,y:0,ac:OAR|id:4,x:3,y:4,ac:OAR|id:5,x:3,y:0,ac:OAR|id:6,x:4,y:4,ac:OAR|id:7,x:4,y:0,ac:OAR|id:8,x:5,y:4,ac:OAR|id:9,x:5,y

ROUND 15:id:0,x:1,y:4,ac:OAR|id:1,x:1,y:0,ac:OAR|id:2,x:2,y:4,ac:OAR|id:3,x:2,y:0,ac:OAR|id:4,x:3,y:4,ac:OAR|id:5,x:3,y:0,ac:OAR|id:6,x:4,y:4,ac:OAR|id:7,x:4,y:0,ac:OAR|id:8,x:5,y:4,ac:OAR|id:9,x:5,y

ROUND 16:id:0,x:1,y:4,ac:OAR|id:1,x:1,y:0,ac:OAR|id:2,x:2,y:4,ac:OAR|id:3,x:2,y:0,ac:OAR|id:4,x:3,y:4,ac:OAR|id:5,x:3,y:0,ac:OAR|id:6,x:4,y:4,ac:OAR|id:7,x:4,y:0,ac:OAR|id:8,x:5,y:4,ac:OAR|id:9,x:5,y

ROUND 17:id:0,x:1,y:4,ac:OAR|id:1,x:1,y:0,ac:OAR|id:2,x:2,y:4,ac:OAR|id:3,x:2,y:0,ac:OAR|id:4,x:3,y:4,ac:OAR|id:5,x:3,y:0,ac:OAR|id:6,x:4,y:4,ac:OAR|id:7,x:4,y:0,ac:OAR|id:8,x:5,y:4,ac:OAR|id:9,x:5,y

ROUND 18:id:0,x:1,y:4,ac:OAR|id:1,x:1,y:0,ac:OAR|id:2,x:2,y:4,ac:OAR|id:3,x:2,y:0,ac:OAR|id:4,x:3,y:4,ac:OAR|id:5,x:3,y:0,ac:OAR|id:6,x:4,y:4,ac:OAR|id:7,x:4,y:0,ac:OAR|id:8,x:5,y:4,ac:OAR|id:9,x:5,y

ROUND 19:id:0,x:1,y:4,ac:OAR|id:1,x:1,y:0,ac:OAR|id:2,x:2,y:4,ac:OAR|id:3,x:2,y:0,ac:OAR|id:4,x:3,y:4,ac:OAR|id:5,x:3,y:0,ac:OAR|id:6,x:4,y:4,ac:OAR|id:7,x:4,y:0,ac:OAR|id:8,x:5,y:4,ac:OAR|id:9,x:5,y

ROUND 20:id:0,x:1,y:4,ac:OAR|id:1,x:1,y:0,ac:OAR|id:2,x:2,y:4,ac:OAR|id:3,x:2,y:0,ac:OAR|id:4,x:3,y:4,ac:OAR|id:5,x:3,y:0,ac:OAR|id:6,x:4,y:4,ac:OAR|id:7,x:4,y:0,ac:OAR|id:8,x:5,y:4,ac:OAR|id:9,x:5,y

ROUND 21:id:0,x:1,y:4,ac:OAR|id:1,x:1,y:0,ac:OAR|id:2,x:2,y:4,ac:OAR|id:3,x:2,y:0,ac:OAR|id:4,x:3,y:4,ac:OAR|id:5,x:3,y:0,ac:OAR|id:6,x:4,y:4,ac:OAR|id:7,x:4,y:0,ac:OAR|id:8,x:5,y:4,ac:OAR|id:9,x:5,y

ROUND 22:id:0,x:1,y:4,ac:OAR|id:1,x:1,y:0,ac:OAR|id:2,x:2,y:4,ac:OAR|id:3,x:2,y:0,ac:OAR|id:4,x:3,y:4,ac:OAR|id:5,x:3,y:0,ac:OAR|id:6,x:4,y:4,ac:OAR|id:7,x:4,y:0,ac:OAR|id:8,x:5,y:4,ac:OAR|id:9,x:5,y

ROUND 23:id:0,x:1,y:4,ac:OAR|id:1,x:1,y:0,ac:OAR|id:2,x:2,y:4,ac:OAR|id:3,x:2,y:0,ac:OAR|id:4,x:3,y:4,ac:OAR|id:5,x:3,y:0,ac:OAR|id:6,x:4,y:4,ac:OAR|id:7,x:4,y:0,ac:OAR|id:8,x:5,y:4,ac:OAR|id:9,x:5,y

ROUND 24:id:0,x:1,y:4,ac:OAR|id:1,x:1,y:0,ac:OAR|id:2,x:2,y:4,ac:OAR|id:3,x:2,y:0,ac:OAR|id:4,x:3,y:4,ac:OAR|id:5,x:3,y:0,ac:OAR|id:6,x:4,y:4,ac:OAR|id:7,x:4,y:0,ac:OAR|id:8,x:5,y:4,ac:OAR|id:9,x:5,y

ROUND 25:id:0,x:1,y:4,ac:OAR|id:1,x:1,y:0,ac:OAR|id:2,x:2,y:4,ac:OAR|id:3,x:2,y:0,ac:OAR|id:4,x:3,y:4,ac:OAR|id:5,x:3,y:0,ac:OAR|id:6,x:4,y:4,ac:OAR|id:7,x:4,y:0,ac:OAR|id:8,x:5,y:4,ac:OAR|id:9,x:5,y

ROUND 26:id:0,x:1,y:4,ac:OAR|id:1,x:1,y:0,ac:OAR|id:2,x:2,y:4,ac:OAR|id:3,x:2,y:0,ac:OAR|id:4,x:3,y:4,ac:OAR|id:5,x:3,y:0,ac:OAR|id:6,x:4,y:4,ac:OAR|id:7,x:4,y:0,ac:OAR|id:8,x:5,y:4,ac:OAR|id:9,x:5,y

ROUND 27:id:0,x:1,y:4,ac:OAR|id:1,x:1,y:0,ac:OAR|id:2,x:2,y:4,ac:OAR|id:3,x:2,y:0,ac:OAR|id:4,x:3,y:4,ac:OAR|id:5,x:3,y:0,ac:OAR|id:6,x:4,y:4,ac:OAR|id:7,x:4,y:0,ac:OAR|id:8,x:5,y:4,ac:OAR|id:9,x:5,y

ROUND 28:id:0,x:1,y:4,ac:OAR|id:1,x:1,y:0,ac:OAR|id:2,x:2,y:4,ac:OAR|id:3,x:2,y:0,ac:OAR|id:4,x:3,y:4,ac:OAR|id:5,x:3,y:0,ac:OAR|id:6,x:4,y:4,ac:OAR|id:7,x:4,y:0,ac:OAR|id:8,x:5,y:4,ac:OAR|id:9,x:5,y

ROUND 29:id:0,x:1,y:4,ac:OAR|id:1,x:1,y:0,ac:OAR|id:2,x:2,y:4,ac:OAR|id:3,x:2,y:0,ac:OAR|id:4,x:3,y:4,ac:OAR|id:5,x:3,y:0,ac:OAR|id:6,x:4,y:4,ac:OAR|id:7,x:4,y:0,ac:OAR|id:8,x:5,y:4,ac:OAR|id:9,x:5,y

ROUND 30:id:0,x:1,y:4,ac:OAR|id:1,x:1,y:0,ac:OAR|id:2,x:2,y:4,ac:OAR|id:3,x:2,y:0,ac:OAR|id:4,x:3,y:4,ac:OAR|id:5,x:3,y:0,ac:OAR|id:6,x:4,y:4,ac:OAR|id:7,x:4,y:0,ac:OAR|id:8,x:5,y:4,ac:OAR|id:9,x:5,y

ROUND 31:id:0,x:1,y:4,ac:OAR|id:1,x:1,y:0,ac:OAR|id:2,x:2,y:4,ac:OAR|id:3,x:2,y:0,ac:OAR|id:4,x:3,y:4,ac:OAR|id:5,x:3,y:0,ac:OAR|id:6,x:4,y:4,ac:OAR|id:7,x:4,y:0,ac:OAR|id:8,x:5,y:4,ac:OAR|id:9,x:5,y

ROUND 32:id:0,x:1,y:4,ac:OAR|id:1,x:1,y:0,ac:OAR|id:2,x:2,y:4,ac:OAR|id:3,x:2,y:0,ac:OAR|id:4,x:3,y:4,ac:OAR|id:5,x:3,y:0,ac:OAR|id:6,x:4,y:4,ac:OAR|id:7,x:4,y:0,ac:OAR|id:8,x:5,y:4,ac:OAR|id:9,x:5,y

ROUND 33:id:0,x:1,y:4,ac:OAR|id:1,x:1,y:0,ac:OAR|id:2,x:2,y:4,ac:OAR|id:3,x:2,y:0,ac:OAR|id:4,x:3,y:4,ac:OAR|id:5,x:3,y:0,ac:OAR|id:6,x:4,y:4,ac:OAR|id:7,x:4,y:0,ac:OAR|id:8,x:5,y:4,ac:OAR|id:9,x:5,y

ROUND 34:id:0,x:1,y:4,ac:OAR|id:1,x:1,y:0,ac:OAR|id:2,x:2,y:4,ac:OAR|id:3,x:2,y:0,ac:OAR|id:4,x:3,y:4,ac:OAR|id:5,x:3,y:0,ac:OAR|id:6,x:4,y:4,ac:OAR|id:7,x:4,y:0,ac:OAR|id:8,x:5,y:4,ac:OAR|id:9,x:5,y

ROUND 35:id:0,x:1,y:4,ac:OAR|id:1,x:1,y:0,ac:OAR|id:2,x:2,y:4,ac:OAR|id:3,x:2,y:0,ac:OAR|id:4,x:3,y:4,ac:OAR|id:5,x:3,y:0,ac:OAR|id:6,x:4,y:4,ac:OAR|id:7,x:4,y:0,ac:OAR|id:8,x:5,y:4,ac:OAR|id:9,x:5,y

ROUND 36:id:0,x:1,y:4,ac:OAR|id:1,x:1,y:0,ac:OAR|id:2,x:2,y:4,ac:OAR|id:3,x:2,y:0,ac:OAR|id:4,x:3,y:4,ac:OAR|id:5,x:3,y:0,ac:OAR|id:6,x:4,y:4,ac:OAR|id:7,x:4,y:0,ac:OAR|id:8,x:5,y:4,ac:OAR|id:9,x:5,y

ROUND 37:id:0,x:1,y:4,ac:OAR|id:1,x:1,y:0,ac:OAR|id:2,x:2,y:4,ac:OAR|id:3,x:2,y:0,ac:OAR|id:4,x:3,y:4,ac:OAR|id:5,x:3,y:0,ac:OAR|id:6,x:4,y:4,ac:OAR|id:7,x:4,y:0,ac:OAR|id:8,x:5,y:4,ac:OAR|id:9,x:5,y

ROUND 38:id:0,x:1,y:4,ac:OAR|id:1,x:1,y:0,ac:OAR|id:2,x:2,y:4,ac:OAR|id:3,x:2,y:0,ac:OAR|id:4,x:3,y:4,ac:OAR|id:5,x:3,y:0,ac:OAR|id:6,x:4,y:4,ac:OAR|id:7,x:4,y:0,ac:OAR|id:8,x:5,y:4,ac:OAR|id:9,x:5,y

ROUND 39:id:0,x:1,y:4,ac:OAR|id:1,x:1,y:0,ac:OAR|id:2,x:2,y:4,ac:OAR|id:3,x:2,y:0,ac:OAR|id:4,x:3,y:4,ac:OAR|id:5,x:3,y:0,ac:OAR|id:6,x:4,y:4,ac:OAR|id:7,x:4,y:0,ac:OAR|id:8,x:5,y:4,ac:OAR|id:9,x:5,y

ROUND 40:id:0,x:1,y:4,ac:OAR|id:1,x:1,y:0,ac:OAR|id:2,x:2,y:4,ac:OAR|id:3,x:2,y:0,ac:OAR|id:4,x:3,y:4,ac:OAR|id:5,x:3,y:0,ac:OAR|id:6,x:4,y:4,ac:OAR|id:7,x:4,y:0,ac:OAR|id:8,x:5,y:4,ac:OAR|id:9,x:5,y

ROUND 41:id:0,x:1,y:4,ac:OAR|id:1,x:1,y:0,ac:OAR|id:2,x:2,y:4,ac:OAR|id:3,x:2,y:0,ac:OAR|id:4,x:3,y:4,ac:OAR|id:5,x:3,y:0,ac:OAR|id:6,x:4,y:4,ac:OAR|id:7,x:4,y:0,ac:OAR|id:8,x:5,y:4,ac:OAR|id:9,x:5,y

ROUND 42:id:0,x:1,y:4,ac:OAR|id:1,x:1,y:0,ac:OAR|id:2,x:2,y:4,ac:OAR|id:3,x:2,y:0,ac:OAR|id:4,x:3,y:4,ac:OAR|id:5,x:3,y:0,ac:OAR|id:6,x:4,y:4,ac:OAR|id:7,x:4,y:0,ac:OAR|id:8,x:5,y:4,ac:OAR|id:9,x:5,y

ROUND 43:id:0,x:1,y:4,ac:OAR|id:1,x:1,y:0,ac:OAR|id:2,x:2,y:4,ac:OAR|id:3,x:2,y:0,ac:OAR|id:4,x:3,y:4,ac:OAR|id:5,x:3,y:0,ac:OAR|id:6,x:4,y:4,ac:OAR|id:7,x:4,y:0,ac:OAR|id:8,x:5,y:4,ac:OAR|id:9,x:5,y

ROUND 44:id:0,x:1,y:4,ac:OAR|id:1,x:1,y:0,ac:OAR|id:2,x:2,y:4,ac:OAR|id:3,x:2,y:0,ac:OAR|id:4,x:3,y:4,ac:OAR|id:5,x:3,y:0,ac:OAR|id:6,x:4,y:4,ac:OAR|id:7,x:4,y:0,ac:OAR|id:8,x:5,y:4,ac:OAR|id:9,x:5,y

ROUND 45:id:0,x:1,y:4,ac:OAR|id:1,x:1,y:0,ac:OAR|id:2,x:2,y:4,ac:OAR|id:3,x:2,y:0,ac:OAR|id:4,x:3,y:4,ac:OAR|id:5,x:3,y:0,ac:OAR|id:6,x:4,y:4,ac:OAR|id:7,x:4,y:0,ac:OAR|id:8,x:5,y:4,ac:OAR|id:9,x:5,y

ROUND 46:id:0,x:1,y:4,ac:OAR|id:1,x:1,y:0,ac:OAR|id:2,x:2,y:4,ac:OAR|id:3,x:2,y:0,ac:OAR|id:4,x:3,y:4,ac:OAR|id:5,x:3,y:0,ac:OAR|id:6,x:4,y:4,ac:OAR|id:7,x:4,y:0,ac:OAR|id:8,x:5,y:4,ac:OAR|id:9,x:5,y

ROUND 47:id:0,x:1,y:4,ac:OAR|id:1,x:1,y:0,ac:OAR|id:2,x:2,y:4,ac:OAR|id:3,x:2,y:0,ac:OAR|id:4,x:3,y:4,ac:OAR|id:5,x:3,y:0,ac:OAR|id:6,x:4,y:4,ac:OAR|id:7,x:4,y:0,ac:OAR|id:8,x:5,y:4,ac:OAR|id:9,x:5,y

ROUND 48:id:0,x:1,y:4,ac:OAR|id:1,x:1,y:0,ac:OAR|id:2,x:2,y:4,ac:OAR|id:3,x:2,y:0,ac:OAR|id:4,x:3,y:4,ac:OAR|id:5,x:3,y:0,ac:OAR|id:6,x:4,y:4,ac:OAR|id:7,x:4,y:0,ac:OAR|id:8,x:5,y:4,ac:OAR|id:9,x:5,y

ROUND 49:id:0,x:1,y:4,ac:OAR|id:1,x:1,y:0,ac:OAR|id:2,x:2,y:4,ac:OAR|id:3,x:2,y:0,ac:OAR|id:4,x:3,y:4,ac:OAR|id:5,x:3,y:0,ac:OAR|id:6,x:4,y:4,ac:OAR|id:7,x:4,y:0,ac:OAR|id:8,x:5,y:4,ac:OAR|id:9,x:5,y

ROUND 50:id:0,x:1,y:4,ac:OAR|id:1,x:1,y:0,ac:OAR|id:2,x:2,y:4,ac:OAR|id:3,x:2,y:0,ac:OAR|id:4,x:3,y:4,ac:OAR|id:5,x:3,y:0,ac:OAR|id:6,x:4,y:4,ac:OAR|id:7,x:4,y:0,ac:OAR|id:8,x:5,y:4,ac:OAR|id:9,x:5,y

ROUND 51:id:0,x:1,y:4,ac:OAR|id:1,x:1,y:0,ac:OAR|id:2,x:2,y:4,ac:OAR|id:3,x:2,y:0,ac:OAR|id:4,x:3,y:4,ac:OAR|id:5,x:3,y:0,ac:OAR|id:6,x:4,y:4,ac:OAR|id:7,x:4,y:0,ac:OAR|id:8,x:5,y:4,ac:OAR|id:9,x:5,y

ROUND 52:id:0,x:1,y:4,ac:OAR|id:1,x:1,y:0,ac:OAR|id:2,x:2,y:4,ac:OAR|id:3,x:2,y:0,ac:OAR|id:4,x:3,y:4,ac:OAR|id:5,x:3,y:0,ac:OAR|id:6,x:4,y:4,ac:OAR|id:7,x:4,y:0,ac:OAR|id:8,x:5,y:4,ac:OAR|id:9,x:5,y

ROUND 53:id:0,x:1,y:4,ac:OAR|id:1,x:1,y:0,ac:OAR|id:2,x:2,y:4,ac:OAR|id:3,x:2,y:0,ac:OAR|id:4,x:3,y:4,ac:OAR|id:5,x:3,y:0,ac:OAR|id:6,x:4,y:4,ac:OAR|id:7,x:4,y:0,ac:OAR|id:8,x:5,y:4,ac:OAR|id:9,x:5,y

ROUND 54:id:0,x:1,y:4,ac:OAR|id:1,x:1,y:0,ac:OAR|id:2,x:2,y:4,ac:OAR|id:3,x:2,y:0,ac:OAR|id:4,x:3,y:4,ac:OAR|id:5,x:3,y:0,ac:OAR|id:6,x:4,y:4,ac:OAR|id:7,x:4,y:0,ac:OAR|id:8,x:5,y:4,ac:OAR|id:9,x:5,y

ROUND 55:id:0,x:1,y:4,ac:OAR|id:1,x:1,y:0,ac:OAR|id:2,x:2,y:4,ac:OAR|id:3,x:2,y:0,ac:OAR|id:4,x:3,y:4,ac:OAR|id:5,x:3,y:0,ac:OAR|id:6,x:4,y:4,ac:OAR|id:7,x:4,y:0,ac:OAR|id:8,x:5,y:4,ac:OAR|id:9,x:5,y

ROUND 56:id:0,x:1,y:4,ac:OAR|id:1,x:1,y:0,ac:OAR|id:2,x:2,y:4,ac:OAR|id:3,x:2,y:0,ac:OAR|id:4,x:3,y:4,ac:OAR|id:5,x:3,y:0,ac:OAR|id:6,x:4,y:4,ac:OAR|id:7,x:4,y:0,ac:OAR|id:8,x:5,y:4,ac:OAR|id:9,x:5,y

ROUND 57:id:0,x:1,y:4,ac:OAR|id:1,x:1,y:0,ac:OAR|id:2,x:2,y:4,ac:OAR|id:3,x:2,y:0,ac:OAR|id:4,x:3,y:4,ac:OAR|id:5,x:3,y:0,ac:OAR|id:6,x:4,y:4,ac:OAR|id:7,x:4,y:0,ac:OAR|id:8,x:5,y:4,ac:OAR|id:9,x:5,y

ROUND 58:id:0,x:1,y:4,ac:OAR|id:1,x:1,y:0,ac:OAR|id:2,x:2,y:4,ac:OAR|id:3,x:2,y:0,ac:OAR|id:4,x:3,y:4,ac:OAR|id:5,x:3,y:0,ac:OAR|id:6,x:4,y:4,ac:OAR|id:7,x:4,y:0,ac:OAR|id:8,x:5,y:4,ac:OAR|id:9,x:5,y

ROUND 59:id:0,x:1,y:4,ac:OAR|id:1,x:1,y:0,ac:OAR|id:2,x:2,y:4,ac:OAR|id:3,x:2,y:0,ac:OAR|id:4,x:3,y:4,ac:OAR|id:5,x:3,y:0,ac:OAR|id:6,x:4,y:4,ac:OAR|id:7,x:4,y:0,ac:OAR|id:8,x:5,y:4,ac:OAR|id:9,x:5,y

ROUND 60:id:0,x:1,y:4,ac:OAR|id:1,x:1,y:0,ac:OAR|id:2,x:2,y:4,ac:OAR|id:3,x:2,y:0,ac:OAR|id:4,x:3,y:4,ac:OAR|id:5,x:3,y:0,ac:OAR|id:6,x:4,y:4,ac:OAR|id:7,x:4,y:0,ac:OAR|id:8,x:5,y:4,ac:OAR|id:9,x:5,y

ROUND 61:id:0,x:1,y:4,ac:OAR|id:1,x:1,y:0,ac:OAR|id:2,x:2,y:4,ac:OAR|id:3,x:2,y:0,ac:OAR|id:4,x:3,y:4,ac:OAR|id:5,x:3,y:0,ac:OAR|id:6,x:4,y:4,ac:OAR|id:7,x:4,y:0,ac:OAR|id:8,x:5,y:4,ac:OAR|id:9,x:5,y

ROUND 62:id:0,x:1,y:4,ac:OAR|id:1,x:1,y:0,ac:OAR|id:2,x:2,y:4,ac:OAR|id:3,x:2,y:0,ac:OAR|id:4,x:3,y:4,ac:OAR|id:5,x:3,y:0,ac:OAR|id:6,x:4,y:4,ac:OAR|id:7,x:4,y:0,ac:OAR|id:8,x:5,y:4,ac:OAR|id:9,x:5,y

ROUND 63:id:0,x:1,y:4,ac:OAR|id:1,x:1,y:0,ac:OAR|id:2,x:2,y:4,ac:OAR|id:3,x:2,y:0,ac:OAR|id:4,x:3,y:4,ac:OAR|id:5,x:3,y:0,ac:OAR|id:6,x:4,y:4,ac:OAR|id:7,x:4,y:0,ac:OAR|id:8,x:5,y:4,ac:OAR|id:9,x:5,y

ROUND 64:id:0,x:1,y:4,ac:OAR|id:1,x:1,y:0,ac:OAR|id:2,x:2,y:4,ac:OAR|id:3,x:2,y:0,ac:OAR|id:4,x:3,y:4,ac:OAR|id:5,x:3,y:0,ac:OAR|id:6,x:4,y:4,ac:OAR|id:7,x:4,y:0,ac:OAR|id:8,x:5,y:4,ac:OAR|id:9,x:5,y

ROUND 65:id:0,x:1,y:4,ac:OAR|id:1,x:1,y:0,ac:OAR|id:2,x:2,y:4,ac:OAR|id:3,x:2,y:0,ac:OAR|id:4,x:3,y:4,ac:OAR|id:5,x:3,y:0,ac:OAR|id:6,x:4,y:4,ac:OAR|id:7,x:4,y:0,ac:OAR|id:8,x:5,y:4,ac:OAR|id:9,x:5,y

ROUND 66:id:0,x:1,y:4,ac:OAR|id:1,x:1,y:0,ac:OAR|id:2,x:2,y:4,ac:OAR|id:3,x:2,y:0,ac:OAR|id:4,x:3,y:4,ac:OAR|id:5,x:3,y:0,ac:OAR|id:6,x:4,y:4,ac:OAR|id:7,x:4,y:0,ac:OAR|id:8,x:5,y:4,ac:OAR|id:9,x:5,y

ROUND 67:id:0,x:1,y:4,ac:OAR|id:1,x:1,y:0,ac:OAR|id:2,x:2,y:4,ac:OAR|id:3,x:2,y:0,ac:OAR|id:4,x:3,y:4,ac:OAR|id:5,x:3,y:0,ac:OAR|id:6,x:4,y:4,ac:OAR|id:7,x:4,y:0,ac:OAR|id:8,x:5,y:4,ac:OAR|id:9,x:5,y

ROUND 68:id:0,x:1,y:4,ac:OAR|id:1,x:1,y:0,ac:OAR|id:2,x:2,y:4,ac:OAR|id:3,x:2,y:0,ac:OAR|id:4,x:3,y:4,ac:OAR|id:5,x:3,y:0,ac:OAR|id:6,x:4,y:4,ac:OAR|id:7,x:4,y:0,ac:OAR|id:8,x:5,y:4,ac:OAR|id:9,x:5,y

ROUND 69:id:0,x:1,y:4,ac:OAR|id:1,x:1,y:0,ac:OAR|id:2,x:2,y:4,ac:OAR|id:3,x:2,y:0,ac:OAR|id:4,x:3,y:4,ac:OAR|id:5,x:3,y:0,ac:OAR|id:6,x:4,y:4,ac:OAR|id:7,x:4,y:0,ac:OAR|id:8,x:5,y:4,ac:OAR|id:9,x:5,y

ROUND 70:id:0,x:1,y:4,ac:OAR|id:1,x:1,y:0,ac:OAR|id:2,x:2,y:4,ac:OAR|id:3,x:2,y:0,ac:OAR|id:4,x:3,y:4,ac:OAR|id:5,x:3,y:0,ac:OAR|id:6,x:4,y:4,ac:OAR|id:7,x:4,y:0,ac:OAR|id:8,x:5,y:4,ac:OAR|id:9,x:5,y

ROUND 71:id:0,x:1,y:4,ac:OAR|id:1,x:1,y:0,ac:OAR|id:2,x:2,y:4,ac:OAR|id:3,x:2,y:0,ac:OAR|id:4,x:3,y:4,ac:OAR|id:5,x:3,y:0,ac:OAR|id:6,x:4,y:4,ac:OAR|id:7,x:4,y:0,ac:OAR|id:8,x:5,y:4,ac:OAR|id:9,x:5,y

ROUND 72:id:0,x:1,y:4,ac:OAR|id:1,x:1,y:0,ac:OAR|id:2,x:2,y:4,ac:OAR|id:3,x:2,y:0,ac:OAR|id:4,x:3,y:4,ac:OAR|id:5,x:3,y:0,ac:OAR|id:6,x:4,y:4,ac:OAR|id:7,x:4,y:0,ac:OAR|id:8,x:5,y:4,ac:OAR|id:9,x:5,y

ROUND 73:id:0,x:1,y:4,ac:OAR|id:1,x:1,y:0,ac:OAR|id:2,x:2,y:4,ac:OAR|id:3,x:2,y:0,ac:OAR|id:4,x:3,y:4,ac:OAR|id:5,x:3,y:0,ac:OAR|id:6,x:4,y:4,ac:OAR|id:7,x:4,y:0,ac:OAR|id:8,x:5,y:4,ac:OAR|id:9,x:5,y

ROUND 74:id:0,x:1,y:4,ac:OAR|id:1,x:1,y:0,ac:OAR|id:2,x:2,y:4,ac:OAR|id:3,x:2,y:0,ac:OAR|id:4,x:3,y:4,ac:OAR|id:5,x:3,y:0,ac:OAR|id:6,x:4,y:4,ac:OAR|id:7,x:4,y:0,ac:OAR|id:8,x:5,y:4,ac:OAR|id:9,x:5,y

ROUND 75:id:0,x:1,y:4,ac:OAR|id:1,x:1,y:0,ac:OAR|id:2,x:2,y:4,ac:OAR|id:3,x:2,y:0,ac:OAR|id:4,x:3,y:4,ac:OAR|id:5,x:3,y:0,ac:OAR|id:6,x:4,y:4,ac:OAR|id:7,x:4,y:0,ac:OAR|id:8,x:5,y:4,ac:OAR|id:9,x:5,y

ROUND 76:id:0,x:1,y:4,ac:OAR|id:1,x:1,y:0,ac:OAR|id:2,x:2,y:4,ac:OAR|id:3,x:2,y:0,ac:OAR|id:4,x:3,y:4,ac:OAR|id:5,x:3,y:0,ac:OAR|id:6,x:4,y:4,ac:OAR|id:7,x:4,y:0,ac:OAR|id:8,x:5,y:4,ac:OAR|id:9,x:5,y

ROUND 77:id:0,x:1,y:4,ac:OAR|id:1,x:1,y:0,ac:OAR|id:2,x:2,y:4,ac:OAR|id:3,x:2,y:0,ac:OAR|id:4,x:3,y:4,ac:OAR|id:5,x:3,y:0,ac:OAR|id:6,x:4,y:4,ac:OAR|id:7,x:4,y:0,ac:OAR|id:8,x:5,y:4,ac:OAR|id:9,x:5,y

ROUND 78:id:0,x:1,y:4,ac:OAR|id:1,x:1,y:0,ac:OAR|id:2,x:2,y:4,ac:OAR|id:3,x:2,y:0,ac:OAR|id:4,x:3,y:4,ac:OAR|id:5,x:3,y:0,ac:OAR|id:6,x:4,y:4,ac:OAR|id:7,x:4,y:0,ac:OAR|id:8,x:5,y:4,ac:OAR|id:9,x:5,y
