POS 0.0 0.0 FWD 1.0 0.0 ADC -0.0 ADR -0.0 PC 0 OG 5 OR 5 R 0 C 4 S 1
POS 95.02666666666651 2.6111446338461533E-15 FWD 1.0 5.551115123125786E-17 ADC 0.46364760900080615 ADR -1.2590529510949406 PC 0 OG 8 OR 0 R 1 C 6 S 1
POS 152.80232794072444 -41.23438243736439 FWD 0.30671844721519287 0.9518002910999245 ADC -1.1408432303021492 ADR -1.1408432303021492 PC 0 OG 7 OR 0 R 1 C 7 S 0
POS 137.5991995422088 -100.04446762359613 FWD -0.7373235859237268 0.6755397320961786 ADC -2.1305445010539446 ADR -2.1305445010539446 PC 0 OG 9 OR 0 R 1 C 7 S 0
POS 73.13023539668251 -79.18530704423166 FWD -0.18094605306092942 -0.9834930227925723 ADC 1.9361619885327717 ADR 1.9361619885327717 PC 0 OG 0 OR 9 R 0 C 7 S 0
POS 12.304886029820377 -36.55516790976532 FWD -0.983493022792574 0.18094605306092063 ADC -2.8848292958572075 ADR -2.8848292958572075 PC 0 OG 9 OR 0 R 1 C 7 S 0
POS -23.49892323101953 17.334163370345024 FWD 0.5674864045179764 -0.8233827668145961 ADC 0.9342464268677054 ADR 0.9342464268677054 PC 0 OG 0 OR 6 R 1 C 7 S 0
POS -16.04772216509381 69.829687788893 FWD -0.32479650632819357 -0.9457839232493856 ADC 1.76709349775009 ADR 1.76709349775009 PC 0 OG 0 OR 9 R 1 C 7 S 0
POS -83.4636666860373 95.613097967472 FWD -0.864272639836817 0.5030236615006292 ADC -2.7769268033853876 ADR -2.7769268033853876 PC 0 OG 9 OR 0 R 1 C 7 S 0
POS -135.38855944487938 134.21074420900916 FWD 0.2554416022782353 -0.966824486566992 ADC 1.1043255329314619 ADR 1.1043255329314619 PC 0 OG 0 OR 7 R 1 C 7 S 0
POS -152.72181679954303 192.65013873330238 FWD -0.7486484593906345 -0.6629671818815992 ADC 2.129817087716388 ADR 2.129817087716388 PC 0 OG 0 OR 9 R 1 C 7 S 0
POS -216.8454847953293 170.72313437644124 FWD -0.16499650129097254 0.9862941521482007 ADC -1.9703542203134905 ADR -1.9703542203134905 PC 0 OG 9 OR 0 R 1 C 7 S 0
POS -280.28918156304877 141.64828598000054 FWD -0.8444213180788345 -0.5356796034702124 ADC 2.396702804134088 ADR 2.396702804134088 PC 0 OG 0 OR 9 R 1 C 7 S 0
POS -333.65094642806724 105.06284032336521 FWD 0.21831336003491145 0.9758787203491359 ADC -1.4760769562929712 ADR -1.4760769562929712 PC 0 OG 9 OR 0 R 1 C 7 S 0
POS -370.40548933584 39.442653094723006 FWD -0.9508567204294668 0.3096312277760737 ADC -2.872071759804532 ADR -2.872071759804532 PC 0 OG 9 OR 0 R 1 C 7 S 0
POS -413.03230220399695 88.11428351848431 FWD 0.4534148941249068 -0.8912995757800514 ADC 1.0039939872680608 ADR 1.0039939872680608 PC 0 OG 0 OR 7 R 1 C 7 S 0
POS -414.65488175867307 149.59854590237597 FWD -0.5084648189291983 -0.8610827648439479 ADC 1.9420754292488418 ADR 1.9420754292488418 PC 0 OG 0 OR 9 R 1 C 7 S 0
POS -484.58580508710827 154.92833456775708 FWD -0.6179371235879518 0.7862275187831117 ADC -2.3929866215543107 ADR -2.3929866215543107 PC 0 OG 9 OR 0 R 1 C 7 S 0
POS -547.083063370254 171.66349188682514 FWD -0.11899927965106336 -0.9928943405229622 ADC 1.527579362971617 ADR 1.527579362971617 PC 0 OG 0 OR 9 R 1 C 7 S 0
POS -604.4470611980124 219.52753961935787 FWD -0.9971084543323253 0.07599164624484196 ADC 3.0214480046602232 ADR 3.0214480046602232 PC 0 OG 0 OR 9 R 1 C 7 S 0
POS -625.3153153109172 158.28630552268604 FWD 0.7587963580100794 0.6513279412635692 ADC -0.8490759068807795 ADR -0.8490759068807795 PC 0 OG 5 OR 0 R 1 C 7 S 0
POS -606.327111222136 118.07506251728066 FWD 0.012386915233336052 0.9999232792224623 ADC -1.6647336913488824 ADR -1.6647336913488824 PC 0 OG 9 OR 0 R 1 C 7 S 0
POS -659.5002494973853 67.62350442075983 FWD -0.9966766303726556 -0.08145977209033195 ADC 3.001787260026323 ADR 3.001787260026323 PC 0 OG 0 OR 9 R 1 C 7 S 0
POS -689.7224575041449 10.41694075363974 FWD 0.647156046747676 0.7623575612256493 ADC -0.8757038460171318 ADR -0.8757038460171318 PC 0 OG 5 OR 0 R 1 C 7 S 0
POS -677.8681016168682 -32.353631326113494 FWD -0.17101111982566478 0.9852690987217513 ADC -1.7151910890956517 ADR -1.7151910890956517 PC 0 OG 9 OR 0 R 1 C 7 S 0
POS -739.89534652635 -70.37611015266093 FWD -0.9504081860253812 -0.311005273164209 ADC 2.882040958026274 ADR 2.882040958026274 PC 0 OG 0 OR 9 R 1 C 7 S 0
POS -782.5924648682526 -118.98607691567793 FWD 0.45212613559456183 0.8919540108729418 ADC -1.0091435297692333 ADR -1.0091435297692333 PC 0 OG 7 OR 0 R 1 C 7 S 0
POS -784.4598044253526 -180.43636165814925 FWD -0.5141325126325978 0.8577107667821896 ADC -1.9712290624125055 ADR -1.9712290624125055 PC 0 OG 9 OR 0 R 1 C 7 S 0
POS -854.131995622997 -184.2751356628524 FWD -0.5894417872936311 -0.8078108561984605 ADC 2.3364167383399885 ADR 2.3364167383399885 PC 0 OG 0 OR 9 R 1 C 7 S 0
POS -917.5970558435072 -198.207330783983 FWD -0.1739193307051059 0.9847599029241026 ADC -1.606685951253309 ADR -1.606685951253309 PC 0 OG 9 OR 0 R 1 C 7 S 0
POS -978.5685151617719 -239.9809114186779 FWD -0.9778851939884892 -0.2091424093245916 ADC 3.0917978948034404 ADR 3.0917978948034404 PC 0 OG 0 OR 9 R 1 C 7 S 0
POS -1015.9066118173118 -292.8187702089966 FWD 0.5435832360240684 0.8393552677582966 ADC -0.8052820123019283 ADR -0.8052820123019283 PC 0 OG 5 OR 0 R 1 C 7 S 0
POS -1008.0928292410517 -336.73407832688076 FWD -0.22854390684291573 0.9735336063254194 ADC -1.5816968566902163 ADR -1.5816968566902163 PC 0 OG 9 OR 0 R 1 C 7 S 0
POS -1071.037418413958 -375.95859063548613 FWD -0.9709845681575703 -0.23914215103125736 ADC 3.134999003092095 ADR 3.134999003092095 PC 0 OG 0 OR 9 R 1 C 7 S 0
POS -1109.9841479803945 -427.62216619392916 FWD 0.5174907359099663 0.8556888092334511 ADC -0.7672681372471897 ADR -0.7672681372471897 PC 0 OG 5 OR 0 R 1 C 7 S 0
POS -1102.6781060867686 -471.7387227665014 FWD -0.22149983812268748 0.9751604081952996 ADC -1.5078887896435893 ADR -1.5078887896435893 PC 0 OG 9 OR 0 R 1 C 7 S 0
POS -1164.4550018704492 -514.0968781325769 FWD -0.9871563357005922 -0.15975721857299463 ADC -3.0024647794128523 ADR -3.0024647794128523 PC 0 OG 9 OR 0 R 1 C 7 S 0
POS -1180.0876206465268 -451.3147627365039 FWD 0.8109903516616292 -0.5850595264686721 ADC 0.8873839542035645 ADR 0.8873839542035645 PC 0 OG 0 OR 5 R 1 C 7 S 0
POS -1158.571875188484 -412.53978940486263 FWD 0.05842562604856963 -0.9982917640754293 ADC 1.7561222429091017 ADR 1.7561222429091017 PC 0 OG 0 OR 9 R 1 C 7 S 0
POS -1210.9795347768738 -362.73137307811254 FWD -0.9919631705097756 0.12652694713852072 ADC -2.8058166315024566 ADR -2.8058166315024566 PC 0 OG 9 OR 0 R 1 C 7 S 0
POS -1243.7622506468472 -306.95264663520504 FWD 0.6119558222302997 -0.790891946879242 ADC 1.086509033741514 ADR 1.086509033741514 PC 0 OG 0 OR 7 R 1 C 7 S 0
POS -1236.4099930336263 -246.33991685141982 FWD -0.41503190393944767 -0.9098068579167763 ADC 2.139701138099955 ADR 2.139701138099955 PC 0 OG 0 OR 9 R 1 C 7 S 0
POS -1303.81321167982 -240.68733696586332 FWD -0.5429228101082502 0.8397826041685794 ADC -2.0120609906800264 ADR -2.0120609906800264 PC 0 OG 9 OR 0 R 1 C 7 S 0
POS -1373.085513193151 -240.75054728855858 FWD -0.5274684523139935 -0.8495746181551567 ADC 2.254245012477634 ADR 2.254245012477634 PC 0 OG 0 OR 9 R 1 C 7 S 0
POS -1438.860711029674 -247.3947936512565 FWD -0.3256788406850519 0.9454804560275377 ADC -1.7756137263564606 ADR -1.7756137263564606 PC 0 OG 9 OR 0 R 1 C 7 S 0
POS -1506.3188707738248 -272.7968589577339 FWD -0.8594788639119294 -0.5111712848827281 ADC 2.7401857387507587 ADR 2.7401857387507587 PC 0 OG 0 OR 9 R 1 C 7 S 0
POS -1558.6063127892814 -310.9019267425362 FWD 0.24629065107021073 0.9691960148470544 ADC -1.1720525142844076 ADR -1.1720525142844076 PC 0 OG 8 OR 0 R 1 C 7 S 0
POS -1581.118680211075 -376.34587339469135 FWD -0.7975369970869248 0.6032700376096682 ADC -2.3150929329229295 ADR -2.3150929329229295 PC 0 OG 9 OR 0 R 1 C 7 S 0
POS -1638.4521380782164 -345.14524959825036 FWD 0.09655101160493647 -0.9953280374620537 ADC 1.6341142688012968 ADR 1.6341142688012968 PC 0 OG 0 OR 9 R 1 C 7 S 0
POS -1686.5640571673287 -289.4172601664966 FWD -0.9994428156347201 -0.03337751153310719 ADC -3.0433796501443307 ADR -3.0433796501443307 PC 0 OG 9 OR 0 R 1 C 7 S 0
POS -1710.026366131458 -229.12221193303228 FWD 0.7303142570876896 -0.6831113275992838 ADC 0.8553193612629274 ADR 0.8553193612629274 PC 0 OG 0 OR 5 R 1 C 7 S 0
POS -1692.9056321328042 -188.102677541511 FWD -0.036529356833757166 -0.9993325803201415 ADC 1.6929021827104491 ADR 1.6929021827104491 PC 0 OG 0 OR 9 R 1 C 7 S 0
POS -1748.9111474507934 -141.28565592958464 FWD -0.9874425151664709 0.1579787303459363 ADC -2.9202077416304726 ADR -2.9202077416304726 PC 0 OG 9 OR 0 R 1 C 7 S 0
POS -1783.4494594260907 -86.57662752200763 FWD 0.5865194669952689 -0.8099351300169574 ADC 0.9819381956988885 ADR 0.9819381956988885 PC 0 OG 0 OR 6 R 1 C 7 S 0
POS -1776.0428336808086 -34.281467371860394 FWD -0.3477622994013117 -0.9375827340107712 ADC 1.9410404346744565 ADR 1.9410404346744565 PC 0 OG 0 OR 9 R 1 C 7 S 0
POS -1843.9243974992373 -16.601103806117887 FWD -0.7482158751822081 0.66345535202101 ADC -2.4090826795013127 ADR -2.4090826795013127 PC 0 OG 9 OR 0 R 1 C 7 S 0
POS -1902.4364942158707 11.008809653134557 FWD 0.059934740704203335 -0.9982022975613309 ADC 1.5062433253835257 ADR 1.5062433253835257 PC 0 OG 0 OR 9 R 1 C 7 S 0
POS -1949.8723214329575 68.99891618422349 FWD -0.9922569393800843 -0.12420211854903171 ADC 2.9889121233598344 ADR 2.9889121233598344 PC 0 OG 0 OR 9 R 1 C 7 S 0
POS -1982.5242402243687 13.143522687774233 FWD 0.6138074502513081 0.7894557707788246 ADC -0.9152162155043021 ADR -0.9152162155043021 PC 0 OG 6 OR 0 R 1 C 7 S 0
POS -1971.5669627623754 -38.81430273944161 FWD -0.25160837516137885 0.9678291303472173 ADC -1.8094350228335236 ADR -1.8094350228335236 PC 0 OG 9 OR 0 R 1 C 7 S 0
POS -2037.0107925181433 -68.10130222390575 FWD -0.8809262738118446 -0.473253526249915 ADC 2.6754489047552314 ADR 2.6754489047552314 PC 0 OG 0 OR 9 R 1 C 7 S 0
POS -2087.589037483648 -108.44747824609493 FWD 0.28826816430598573 0.9575497195695152 ADC -1.236492480582553 ADR -1.236492480582553 PC 0 OG 7 OR 0 R 1 C 7 S 0
POS -2106.492124621108 -165.55708498318864 FWD -0.8099546273030307 0.586492541905188 ADC -2.4514390862182656 ADR -2.4514390862182656 PC 0 OG 9 OR 0 R 1 C 7 S 0
POS -2161.9985769385694 -132.31544641747553 FWD 0.15801155592290497 -0.9874372629158891 ADC 1.4617841714840087 ADR 1.4617841714840087 PC 0 OG 0 OR 9 R 1 C 7 S 0
POS -2202.335727893812 -68.67269257998777 FWD -0.9643848072844052 -0.26450320126422 ADC 2.8993107919960894 ADR 2.8993107919960894 PC 0 OG 0 OR 9 R 1 C 7 S 0
POS -2242.6228492495898 -119.29798898671586 FWD 0.49489102964460085 0.8689550441635671 ADC -1.0096165318129642 ADR -1.0096165318129642 PC 0 OG 7 OR 0 R 1 C 7 S 0
POS -2241.5194581118835 -180.76424828091186 FWD -0.4723077358543187 0.88143371994278 ADC -1.9968629505389761 ADR -1.9968629505389761 PC 0 OG 9 OR 0 R 1 C 7 S 0
POS -2310.697020720129 -187.03792446014018 FWD -0.6074310137227726 -0.7943724337914331 ADC 2.2900659880716328 ADR 2.2900659880716328 PC 0 OG 0 OR 9 R 1 C 7 S 0
POS -2374.7970644321113 -201.07668453883437 FWD -0.19739906765532317 0.9803232161327249 ADC -1.699669473033826 ADR -1.699669473033826 PC 0 OG 9 OR 0 R 1 C 7 S 0
POS -2437.687541360421 -237.98916934610278 FWD -0.9468246520388781 -0.32175002453994833 ADC 2.8948513198915244 ADR 2.8948513198915244 PC 0 OG 0 OR 9 R 1 C 7 S 0
POS -2480.932496678196 -286.1124134488001 FWD 0.441994507852144 0.8970177562504217 ADC -1.0172876548458318 ADR -1.0172876548458318 PC 0 OG 6 OR 0 R 1 C 7 S 0
POS -2483.3400984290474 -338.71647706792714 FWD -0.5307342886439439 0.8475382674886172 ADC -2.017211147236362 ADR -2.017211147236362 PC 0 OG 9 OR 0 R 1 C 7 S 0
POS -2552.542403068242 -339.60301401773705 FWD -0.5353438531214907 -0.8446342160515615 ADC 2.246508021116817 ADR 2.246508021116817 PC 0 OG 0 OR 9 R 1 C 7 S 0
POS -2618.3849109787297 -346.61789623705386 FWD -0.32420369466906895 0.9459872960896066 ADC -1.7902675441563383 ADR -1.7902675441563383 PC 0 OG 9 OR 0 R 1 C 7 S 0
POS -2685.8311810704295 -371.5779344045183 FWD -0.852712084565467 -0.5223811834628195 ADC 2.708061526726087 ADR 2.708061526726087 PC 0 OG 0 OR 9 R 1 C 7 S 0
POS -2738.6130752958356 -408.99510192668674 FWD 0.23357922020513813 0.9723377745867737 ADC -1.2094171092121566 ADR -1.2094171092121566 PC 0 OG 7 OR 0 R 1 C 7 S 0
POS -2760.0287023427336 -465.39322523469497 FWD -0.8269491789733956 0.5622766715730139 ADC -2.4026570184385245 ADR -2.4026570184385245 PC 0 OG 9 OR 0 R 1 C 7 S 0
POS -2814.5275456761196 -430.52420089034314 FWD 0.18715172477646044 -0.9823310195210146 ADC 1.5117013874850582 ADR 1.5117013874850582 PC 0 OG 0 OR 9 R 1 C 7 S 0
POS -2854.2975570497406 -367.09432795847505 FWD -0.9695629808237578 -0.24484204339971816 ADC 3.0032420687825314 ADR 3.0032420687825314 PC 0 OG 0 OR 9 R 1 C 7 S 0
POS -2893.5471106686814 -418.5282207152758 FWD 0.5124550893204065 0.8587140277354355 ADC -0.910043990375025 ADR -0.910043990375025 PC 0 OG 6 OR 0 R 1 C 7 S 0
POS -2888.90119636408 -471.446491912781 FWD -0.36348178518950525 0.9316013051920067 ADC -1.80457122310021 ADR -1.80457122310021 PC 0 OG 9 OR 0 R 1 C 7 S 0
POS -2957.3318585134166 -493.0299963650094 FWD -0.8220596381476866 -0.5694013973713926 ADC 2.677464304759347 ADR 2.677464304759347 PC 0 OG 0 OR 9 R 1 C 7 S 0
POS -3012.1299725133713 -527.4267910623682 FWD 0.1786563553755734 0.9839115339723977 ADC -1.242116608592208 ADR -1.242116608592208 PC 0 OG 7 OR 0 R 1 C 7 S 0
POS -3037.4779192689343 -581.94287020911 FWD -0.8735729603700095 0.4866932123117988 ADC -2.4702447991492016 ADR -2.4702447991492016 PC 0 OG 9 OR 0 R 1 C 7 S 0
POS -3088.668306325183 -542.3762547810054 FWD 0.27356529335570895 -0.9618534349219765 ADC 1.4436991165621904 ADR 1.4436991165621904 PC 0 OG 0 OR 9 R 1 C 7 S 0
POS -3120.666763218492 -473.96995158701185 FWD -0.9194192886647798 -0.3932787454607104 ADC 2.867564308618784 ADR 2.867564308618784 PC 0 OG 0 OR 9 R 1 C 7 S 0
POS -3167.46833997364 -518.6419248659718 FWD 0.37203754595676597 0.9282176815803862 ADC -1.0491078407635541 ADR -1.0491078407635541 PC 0 OG 6 OR 0 R 1 C 7 S 0
POS -3174.6975502462137 -570.6543786664905 FWD -0.6193422573319178 0.785121116951394 ADC -2.0846386938814514 ADR -2.0846386938814514 PC 0 OG 9 OR 0 R 1 C 7 S 0
POS -3242.483192287676 -561.8608911827989 FWD -0.3793089260175004 -0.9252700895649066 ADC 2.1088631982024175 ADR 2.1088631982024175 PC 0 OG 0 OR 9 R 1 C 7 S 0
POS -3309.878999867528 -552.5104105059854 FWD -0.6001432331744034 0.799892555081602 ADC -2.070460027354027 ADR -2.070460027354027 PC 0 OG 9 OR 0 R 1 C 7 S 0
POS -3378.0868595705974 -545.8209798838631 FWD -0.41455382918676387 -0.9100247923582035 ADC 2.138075246254349 ADR 2.138075246254349 PC 0 OG 0 OR 9 R 1 C 7 S 0
POS -3445.503704437815 -540.076937077273 FWD -0.5447281744228122 0.8386126734017262 ADC -2.010822576462031 ADR -2.010822576462031 PC 0 OG 9 OR 0 R 1 C 7 S 0
POS -3514.7914748615394 -540.0335773434589 FWD -0.5266926703376805 -0.8500557811182531 ADC 2.2592099004241186 ADR 2.2592099004241186 PC 0 OG 0 OR 9 R 1 C 7 S 0
POS -3580.489030174375 -546.7725177270993 FWD -0.32184508615085045 0.9467923428717364 ADC -1.765270582044611 ADR -1.765270582044611 PC 0 OG 9 OR 0 R 1 C 7 S 0
POS -3647.8198226457803 -572.8342008751696 FWD -0.8667479474735157 -0.4987464240979054 ADC 2.7566775590098436 ADR 2.7566775590098436 PC 0 OG 0 OR 9 R 1 C 7 S 0
POS -3699.5533380537668 -611.6879801885885 FWD 0.2602163726658673 0.9655503298102168 ADC -1.1629116885310478 ADR -1.1629116885310478 PC 0 OG 7 OR 0 R 1 C 7 S 0
POS -3718.1817283534874 -669.3663214574782 FWD -0.7831188749656378 0.6218720348050342 ADC -2.313087942517271 ADR -2.313087942517271 PC 0 OG 9 OR 0 R 1 C 7 S 0
POS -3776.2879252181892 -639.5685456593999 FWD 0.07110064617091298 -0.9974691464471864 ADC 1.6480968237073825 ADR 1.6480968237073825 PC 0 OG 0 OR 9 R 1 C 7 S 0
POS -3826.0833595990466 -585.5398379427386 FWD -0.9999811514369725 0.0061397696037161125 ADC -3.000919386676016 ADR -3.000919386676016 PC 0 OG 9 OR 0 R 1 C 7 S 0
POS -3851.9097977817714 -526.2189489221084 FWD 0.7027519805181148 -0.7114349259615156 ADC 0.9118705717585318 ADR 0.9118705717585318 PC 0 OG 0 OR 6 R 1 C 7 S 0
