CP (nb=3) {{[50:1000|0,00] r50} {[500:-200|0,00] r50} {[-500:1250|0,00] r60}}
SAILORS (nb=4) {S{0[0:0]} S{1[0:1]} S{2[0:2]} S{3[1:0]}}
------------------------
TARGETED CHECKPOINT : {[50:1000|0,00] r50}
SHIP {pos=[0:0|0,00] nbO=6 nbR=1 nbS=0 nbW=0}
M{2:2:0} M{0:1:2} M{1:0:1} S{0[1:2]}O{0} S{1[0:2]}O{1} S{2[2:2]}O{2} 
SHIP {pos=[53:52|1,57] nbO=6 nbR=1 nbS=0 nbW=0}
M{3:-1:0} M{0:-1:0} M{1:2:-2} M{2:-1:0} S{0[0:2]}O{0} S{1[2:0]}O{1} S{2[1:2]}O{2} S{3[0:0]}O{3} 
SHIP {pos=[53:162|1,57] nbO=6 nbR=1 nbS=0 nbW=0}
M{1:-2:0} M{0:2:0} M{3:2:0} M{2:-1:0} S{0[2:2]}O{0} S{1[0:0]}O{1} S{2[0:2]}O{2} S{3[2:0]}O{3} 
SHIP {pos=[53:272|1,57] nbO=6 nbR=1 nbS=0 nbW=0}
M{1:2:0} M{0:-2:0} M{3:-2:0} M{2:2:0} S{0[0:2]}O{0} S{1[2:0]}O{1} S{2[2:2]}O{2} S{3[0:0]}O{3} 
SHIP {pos=[53:382|1,57] nbO=6 nbR=1 nbS=0 nbW=0}
M{1:-2:0} M{0:2:0} M{3:2:0} M{2:-2:0} S{0[2:2]}O{0} S{1[0:0]}O{1} S{2[0:2]}O{2} S{3[2:0]}O{3} 
SHIP {pos=[53:492|1,57] nbO=6 nbR=1 nbS=0 nbW=0}
M{1:2:0} M{0:-2:0} M{3:-2:0} M{2:2:0} S{0[0:2]}O{0} S{1[2:0]}O{1} S{2[2:2]}O{2} S{3[0:0]}O{3} 
SHIP {pos=[53:602|1,57] nbO=6 nbR=1 nbS=0 nbW=0}
M{1:-2:0} M{0:2:0} M{3:2:0} M{2:-2:0} S{0[2:2]}O{0} S{1[0:0]}O{1} S{2[0:2]}O{2} S{3[2:0]}O{3} 
SHIP {pos=[53:712|1,57] nbO=6 nbR=1 nbS=0 nbW=0}
M{1:2:0} M{0:-2:0} M{3:-2:0} M{2:2:0} S{0[0:2]}O{0} S{1[2:0]}O{1} S{2[2:2]}O{2} S{3[0:0]}O{3} 
SHIP {pos=[53:822|1,57] nbO=6 nbR=1 nbS=0 nbW=0}
M{1:-2:0} M{0:2:0} M{3:2:0} M{2:-2:0} S{0[2:2]}O{0} S{1[0:0]}O{1} S{2[0:2]}O{2} S{3[2:0]}O{3} 
SHIP {pos=[53:932|1,57] nbO=6 nbR=1 nbS=0 nbW=0}
M{1:2:0} M{0:-2:0} M{3:-2:0} M{2:2:0} S{0[0:2]}O{0} S{1[2:0]}O{1} S{2[2:2]}O{2} S{3[0:0]}O{3} 
NEW TARGETED CHECKPOINT : {[500:-200|0,00] r50}
SHIP {pos=[53:1042|1,57] nbO=6 nbR=1 nbS=0 nbW=0}
M{0:3:-1} M{1:-2:0} M{3:2:0} M{2:-1:-2} S{1[0:0]}O{1} S{2[1:0]}O{2} S{3[2:0]}O{3} S{0[3:1]}T{0:-0,18} 
SHIP {pos=[108:1089|-0,18] nbO=6 nbR=1 nbS=0 nbW=0}
M{0:0:0} M{1:2:0} M{2:-1:0} S{1[2:0]}O{1} S{2[0:0]}O{2} S{0[3:1]}T{0:-0,05} 
SHIP {pos=[147:1054|-1,28] nbO=6 nbR=1 nbS=0 nbW=0}
M{1:-2:0} M{0:-3:1} M{2:2:0} M{3:-1:2} S{0[0:2]}O{0} S{1[0:0]}O{1} S{2[2:0]}O{2} S{3[1:2]}O{3} 
SHIP {pos=[179:949|-1,28] nbO=6 nbR=1 nbS=0 nbW=0}
M{1:2:0} M{0:2:0} M{2:-2:0} M{3:-1:0} S{0[2:2]}O{0} S{1[2:0]}O{1} S{2[0:0]}O{2} S{3[0:2]}O{3} 
SHIP {pos=[211:844|-1,28] nbO=6 nbR=1 nbS=0 nbW=0}
M{1:-2:0} M{0:-2:0} M{2:2:0} M{3:2:0} S{0[0:2]}O{0} S{1[0:0]}O{1} S{2[2:0]}O{2} S{3[2:2]}O{3} 
SHIP {pos=[243:739|-1,28] nbO=6 nbR=1 nbS=0 nbW=0}
M{1:2:0} M{0:2:0} M{2:-2:0} M{3:-2:0} S{0[2:2]}O{0} S{1[2:0]}O{1} S{2[0:0]}O{2} S{3[0:2]}O{3} 
SHIP {pos=[275:634|-1,28] nbO=6 nbR=1 nbS=0 nbW=0}
M{1:-2:0} M{0:-2:0} M{2:2:0} M{3:2:0} S{0[0:2]}O{0} S{1[0:0]}O{1} S{2[2:0]}O{2} S{3[2:2]}O{3} 
SHIP {pos=[307:528|-1,28] nbO=6 nbR=1 nbS=0 nbW=0}
M{1:2:0} M{0:2:0} M{2:-2:0} M{3:-2:0} S{0[2:2]}O{0} S{1[2:0]}O{1} S{2[0:0]}O{2} S{3[0:2]}O{3} 
SHIP {pos=[339:423|-1,28] nbO=6 nbR=1 nbS=0 nbW=0}
M{1:-2:0} M{0:-2:0} M{2:2:0} M{3:2:0} S{0[0:2]}O{0} S{1[0:0]}O{1} S{2[2:0]}O{2} S{3[2:2]}O{3} 
SHIP {pos=[371:318|-1,28] nbO=6 nbR=1 nbS=0 nbW=0}
M{0:3:-1} M{1:2:0} M{3:-2:0} S{1[2:0]}O{1} S{3[0:2]}O{3} S{0[3:1]}T{0:-0,05} 
SHIP {pos=[386:265|-1,33] nbO=6 nbR=1 nbS=0 nbW=0}
M{1:-2:0} M{3:2:0} M{2:-1:0} M{0:-3:1} S{0[0:2]}O{0} S{1[0:0]}O{1} S{2[1:0]}O{2} S{3[2:2]}O{3} 
SHIP {pos=[412:158|-1,33] nbO=6 nbR=1 nbS=0 nbW=0}
M{1:2:0} M{0:2:0} M{2:-1:0} M{3:-2:0} S{0[2:2]}O{0} S{1[2:0]}O{1} S{2[0:0]}O{2} S{3[0:2]}O{3} 
SHIP {pos=[439:51|-1,33] nbO=6 nbR=1 nbS=0 nbW=0}
M{1:-2:0} M{0:-2:0} M{2:2:0} M{3:2:0} S{0[0:2]}O{0} S{1[0:0]}O{1} S{2[2:0]}O{2} S{3[2:2]}O{3} 
SHIP {pos=[466:-55|-1,33] nbO=6 nbR=1 nbS=0 nbW=0}
M{1:2:0} M{0:2:0} M{2:-2:0} M{3:-2:0} S{0[2:2]}O{0} S{1[2:0]}O{1} S{2[0:0]}O{2} S{3[0:2]}O{3} 
NEW TARGETED CHECKPOINT : {[-500:1250|0,00] r60}
SHIP {pos=[492:-162|-1,33] nbO=6 nbR=1 nbS=0 nbW=0}
M{0:1:-1} M{1:-2:0} M{2:2:0} M{3:1:-2} S{1[0:0]}O{1} S{2[2:0]}O{2} S{3[1:0]}O{3} S{0[3:1]}T{0:-0,15} 
SHIP {pos=[450:-222|-3,05] nbO=6 nbR=1 nbS=0 nbW=0}
M{1:2:0} M{0:-3:1} M{2:-2:0} M{3:0:0} S{0[0:2]}O{0} S{1[2:0]}O{1} S{2[0:0]}O{2} S{3[1:0]}O{3} 
SHIP {pos=[355:-178|-4,10] nbO=6 nbR=1 nbS=0 nbW=0}
M{0:3:-1} M{1:-2:0} M{2:2:2} S{1[0:0]}O{1} S{2[2:2]}O{2} S{0[3:1]}T{0:-0,07} 
SHIP {pos=[325:-132|-4,17] nbO=6 nbR=1 nbS=0 nbW=0}
M{1:2:0} M{2:-2:0} M{3:-1:0} M{0:-2:1} S{0[1:2]}O{0} S{1[2:0]}O{1} S{2[0:2]}O{2} S{3[0:0]}O{3} 
SHIP {pos=[268:-38|-4,17] nbO=6 nbR=1 nbS=0 nbW=0}
M{1:-2:0} M{0:-1:0} M{3:2:0} M{2:2:0} S{0[0:2]}O{0} S{1[0:0]}O{1} S{2[2:2]}O{2} S{3[2:0]}O{3} 
SHIP {pos=[212:57|-4,17] nbO=6 nbR=1 nbS=0 nbW=0}
M{1:2:0} M{0:2:0} M{3:-2:0} M{2:-2:0} S{0[2:2]}O{0} S{1[2:0]}O{1} S{2[0:2]}O{2} S{3[0:0]}O{3} 
SHIP {pos=[155:151|-4,17] nbO=6 nbR=1 nbS=0 nbW=0}
M{1:-2:0} M{0:-2:0} M{3:2:0} M{2:2:0} S{0[0:2]}O{0} S{1[0:0]}O{1} S{2[2:2]}O{2} S{3[2:0]}O{3} 
SHIP {pos=[99:246|-4,17] nbO=6 nbR=1 nbS=0 nbW=0}
M{1:2:0} M{0:2:0} M{3:-2:0} M{2:-2:0} S{0[2:2]}O{0} S{1[2:0]}O{1} S{2[0:2]}O{2} S{3[0:0]}O{3} 
SHIP {pos=[42:340|-4,17] nbO=6 nbR=1 nbS=0 nbW=0}
M{1:-2:0} M{0:-2:0} M{3:2:0} M{2:2:0} S{0[0:2]}O{0} S{1[0:0]}O{1} S{2[2:2]}O{2} S{3[2:0]}O{3} 
SHIP {pos=[-14:434|-4,17] nbO=6 nbR=1 nbS=0 nbW=0}
M{1:2:0} M{0:2:0} M{3:-2:0} M{2:-2:0} S{0[2:2]}O{0} S{1[2:0]}O{1} S{2[0:2]}O{2} S{3[0:0]}O{3} 
SHIP {pos=[-71:529|-4,17] nbO=6 nbR=1 nbS=0 nbW=0}
M{1:-2:0} M{0:-2:0} M{3:2:0} M{2:2:0} S{0[0:2]}O{0} S{1[0:0]}O{1} S{2[2:2]}O{2} S{3[2:0]}O{3} 
SHIP {pos=[-127:623|-4,17] nbO=6 nbR=1 nbS=0 nbW=0}
M{1:2:0} M{0:2:0} M{3:-2:0} M{2:-2:0} S{0[2:2]}O{0} S{1[2:0]}O{1} S{2[0:2]}O{2} S{3[0:0]}O{3} 
SHIP {pos=[-184:718|-4,17] nbO=6 nbR=1 nbS=0 nbW=0}
M{1:-2:0} M{0:-2:0} M{3:2:0} M{2:2:0} S{0[0:2]}O{0} S{1[0:0]}O{1} S{2[2:2]}O{2} S{3[2:0]}O{3} 
SHIP {pos=[-240:812|-4,17] nbO=6 nbR=1 nbS=0 nbW=0}
M{1:2:0} M{0:2:0} M{3:-2:0} M{2:-2:0} S{0[2:2]}O{0} S{1[2:0]}O{1} S{2[0:2]}O{2} S{3[0:0]}O{3} 
SHIP {pos=[-297:906|-4,17] nbO=6 nbR=1 nbS=0 nbW=0}
M{1:-2:0} M{0:-2:0} M{3:2:0} M{2:2:0} S{0[0:2]}O{0} S{1[0:0]}O{1} S{2[2:2]}O{2} S{3[2:0]}O{3} 
SHIP {pos=[-353:1001|-4,17] nbO=6 nbR=1 nbS=0 nbW=0}
M{1:2:0} M{0:2:0} M{3:-2:0} M{2:-2:0} S{0[2:2]}O{0} S{1[2:0]}O{1} S{2[0:2]}O{2} S{3[0:0]}O{3} 
SHIP {pos=[-410:1095|-4,17] nbO=6 nbR=1 nbS=0 nbW=0}
M{1:-2:0} M{0:-2:0} M{3:2:0} M{2:2:0} S{0[0:2]}O{0} S{1[0:0]}O{1} S{2[2:2]}O{2} S{3[2:0]}O{3} 
SHIP {pos=[-466:1189|-4,17] nbO=6 nbR=1 nbS=0 nbW=0}
M{1:2:0} M{0:2:0} M{3:-2:0} M{2:-2:0} S{0[2:2]}O{0} S{1[2:0]}O{1} S{2[0:2]}O{2} S{3[0:0]}O{3} 
