
SP:0.0 0.0 0.0
target:1500.0 300.0 circle
AI:0.197
MSR:
MSO:
0|0,0=>4,0
1|0,1=>5,0
2|0,2=>6,0
3|0,3=>7,0
4|0,4=>8,0
8|1,3=>9,0
MSO:
7|1,2=>4,4
12|2,2=>5,4
13|2,3=>6,4
18|3,3=>7,4
UO:
1,0|5
2,0|10
3,0|
SP:96.356 25.548 0.524
target:1500.0 300.0 circle
AI:-0.331
MSR:
MSO:
MSO:
UO:
4,0|0
5,0|1
6,0|2
7,0|3
8,0|4
1,0|5
9,0|8
2,0|10
3,0|15
4,4|7
1,4|9
5,4|12
6,4|13
2,4|14
7,4|18
3,4|19

SP:167.029 95.852 1.047
target:1500.0 300.0 circle
AI:-0.895
MSR:
12|5,4=>10,4
MSO:
MSO:
UO:
4,0|0
5,0|1
6,0|2
7,0|3
8,0|4
1,0|5
9,0|8
2,0|10
3,0|15
UR:
10,4,-0.785|12

SP:204.404 106.13 -0.436
target:1500.0 300.0 circle
AI:0.585
MSR:
MSO:
MSO:
16|3,1=>5,4
UO:
4,0|0
5,0|1
6,0|2
7,0|3
8,0|4
1,0|5
9,0|8
2,0|10
3,0|15
4,4|7
1,4|9
6,4|13
2,4|14
7,4|18
3,4|19
5,4|16
UR:
1
SP:339.55 116.866 0.672
target:1500.0 300.0 circle
AI:-0.516
MSR:
MSO:
MSO:
UO:
4,0|0
5,0|1
6,0|2
7,0|3
8,0|4
1,0|5
9,0|8
2,0|10
3,0|15
4,4|7
1,4|9
6,4|13
2,4|14
5,4|16
7,4|18
3,4|19
UR:
10,4,-0.516|1
SP:443.403 179.962 0.68
target:1500.0 300.0 circle
AI:-0.567
MSR:
MSO:
MSO:
UO:
4,0|0
5,0|1
6,0|2
7,0|3
8,0|4
1,0|5
9,0|8
2,0|10
3,0|15
4,4|7
1,4|9
6,4|13
2,4|14
5,4|16
7,4|18
3,4|19
UR:
10,4,-0.567|1
SP:523.138 241.671 0.637
target:1500.0 300.0 circle
AI:-0.577
MSR:
MSO:
MSO:
UO:
4,0|0
5,0|1
6,0|2
7,0|3
8,0|4
1,0|5
9,0|8
2,0|10
3,0|15
4,4|7
1,4|9
6,4|13
2,4|14
5,4|16
7,4|18
3,4|19
UR:
10,4,-0.577|
SP:605.762 299.449 0.583
target:1500.0 300.0 circle
AI:-0.583
MSR:
MSO:
MSO:
UO:
4,0|0
5,0|1
6,0|2
7,0|3
8,0|4
1,0|5
9,0|8
2,0|10
3,0|15
4,4|7
1,4|9
6,4|13
2,4|14
5,4|16
7,4|18
3,4|19
UR:
10,4,-0.583|
SP:691.499 352.491 0.524
target:1500.0 300.0 circle
AI:-0.589
MSR:
MSO:
MSO:
UO:
4,0|0
5,0|1
6,0|2
7,0|3
8,0|4
1,0|5
9,0|8
2,0|10
3,0|15
4,4|7
1,4|9
6,4|13
2,4|14
5,4|16
7,4|18
3,4|19
UR:
10,4,-0.589|
SP:780.366 400.099 0.459
target:1500.0 300.0 circle
AI:-0.597
MSR:
MSO:
MSO:
UO:
4,0|0
5,0|1
6,0|2
7,0|3
8,0|4
1,0|5
9,0|8
2,0|10
3,0|15
4,4|7
1,4|9
6,4|13
2,4|14
5,4|16
7,4|18
3,4|19
UR:
10,4,-0.597|
SP:872.314 441.43 0.385
target:1500.0 300.0 circle
AI:-0.607
MSR:
MSO:
MSO:
UO:
4,0|0
5,0|1
6,0|2
7,0|3
8,0|4
1,0|5
9,0|8
2,0|10
3,0|15
4,4|7
1,4|9
6,4|13
2,4|14
5,4|16
7,4|18
3,4|19
UR:
10,4,-0.607|1
SP:967.209 475.437 0.302
target:1500.0 300.0 circle
AI:-0.62
MSR:
MSO:
MSO:
UO:
4,0|0
5,0|1
6,0|2
7,0|3
8,0|4
1,0|5
9,0|8
2,0|10
3,0|15
4,4|7
1,4|9
6,4|13
2,4|14
5,4|16
7,4|18
3,4|19
UR:
10,4,-0.62|12
SP:1119.61 469.383 0.206
target:1500.0 300.0 circle
AI:-0.624
MSR:
MSO:
MSO:
UO:
4,0|0
5,0|1
6,0|2
7,0|3
8,0|4
1,0|5
9,0|8
2,0|10
3,0|15
4,4|7
1,4|9
6,4|13
2,4|14
5,4|16
7,4|18
3,4|19
UR:
10,4,-0.624|
SP:1222.654 483.014 0.105
target:1500.0 300.0 circle
AI:-0.688
MSR:
MSO:
MSO:
UO:
4,0|0
5,0|1
6,0|2
7,0|3
8,0|4
1,0|5
9,0|8
2,0|10
3,0|15
4,4|7
1,4|9
6,4|13
2,4|14
5,4|16
7,4|18
3,4|19
UR:
10,4,-0.688
SP:1323.347 485.362 -0.06
target:1500.0 300.0 circle
AI:-0.75
MSR:
MSO:
MSO:
UO:
4,0|0
5,0|1
6,0|2
7,0|3
8,0|4
1,0|5
9,0|8
2,0|10
3,0|15
4,4|7
1,4|9
6,4|13
2,4|14
5,4|16
7,4|18
3,4|19
UR:
10,4,-0.75|1
SP:1422.487 468.177 -0.286
target:1500.0 300.0 circle
AI:-0.853
MSR:
MSO:
MSO:
UO:
4,0|0
5,0|1
6,0|2
7,0|3
8,0|4
1,0|5
9,0|8
2,0|10
3,0|15
UR:
10,4,-0.785|12

SP:1439.959 439.716 -1.769
target:1500.0 300.0 circle
AI:0.604
MSR:
MSO:
MSO:
UO:
4,0|0
5,0|1
6,0|2
7,0|3
8,0|4
1,0|5
9,0|8
2,0|10
3,0|15
4,4|7
1,4|9
6,4|13
2,4|14
5,4|16
7,4|18
3,4|19
UR:
10,4,0.604|
SP:1473.609 350.264 -0.641
target:1500.0 300.0 circle
AI:-0.446
MSR:
MSO:
MSO:
UO:
4,0|0
4,4|7
UR:
10,4,-0.446|12

SP:1485.443 336.461 -1.087
target:300.0 1500.0 circle
AI:-2.83
MSR:
MSO:
MSO:
UO:
4,0|0
5,0|1
6,0|2
7,0|3
8,0|4
1,0|5
9,0|8
2,0|10
3,0|15
UR:
10,4,-0.785|12

SP:1477.152 304.11 -2.571
target:300.0 1500.0 circle
AI:-1.364
MSR:
MSO:
MSO:
UO:
4,0|0
5,0|1
6,0|2
7,0|3
8,0|4
1,0|5
9,0|8
2,0|10
3,0|15
UR:
10,4,-0.785|12

SP:1444.203 309.549 -4.054
target:300.0 1500.0 circle
AI:0.108
MSR:
MSO:
MSO:
UO:
4,0|0
5,0|1
6,0|2
7,0|3
8,0|4
1,0|5
9,0|8
2,0|10
3,0|15
4,4|7
1,4|9
6,4|13
2,4|14
5,4|16
7,4|18
3,4|19
UR:
10,4,0.108|
SP:1362.375 365.573 -3.423
target:300.0 1500.0 circle
AI:-0.537
MSR:
MSO:
MSO:
UO:
4,0|0
5,0|1
6,0|2
7,0|3
8,0|4
1,0|5
9,0|8
2,0|10
3,0|15
4,4|7
1,4|9
6,4|13
2,4|14
5,4|16
7,4|18
3,4|19
UR:
10,4,-0.53
SP:1265.697 394.216 -3.436
target:300.0 1500.0 circle
AI:-0.558
MSR:
MSO:
MSO:
UO:
4,0|0
5,0|1
6,0|2
7,0|3
8,0|4
1,0|5
9,0|8
2,0|10
3,0|15
4,4|7
1,4|9
6,4|13
2,4|14
5,4|16
7,4|18
3,4|19
UR:
10,4,-0.55
SP:1169.729 425.145 -3.471
target:300.0 1500.0 circle
AI:-0.561
MSR:
MSO:
MSO:
UO:
4,0|0
5,0|1
6,0|2
7,0|3
8,0|4
1,0|5
9,0|8
2,0|10
3,0|15
4,4|7
1,4|9
6,4|13
2,4|14
5,4|16
7,4|18
3,4|19
UR:
10,4,-0.56
SP:1103.408 443.224 -3.508
target:300.0 1500.0 circle
AI:-0.554
MSR:
MSO:
MSO:
UO:
4,0|0
5,0|1
6,0|2
7,0|3
8,0|4
1,0|5
9,0|8
2,0|10
3,0|15
4,4|7
1,4|9
6,4|13
2,4|14
5,4|16
7,4|18
3,4|19
UR:
10,4,-0.55
SP:1079.267 441.05 -3.539
target:300.0 1500.0 circle
AI:-0.539
MSR:
MSO:
MSO:
UO:
4,0|0
5,0|1
6,0|2
7,0|3
8,0|4
1,0|5
9,0|8
2,0|10
3,0|15
4,4|7
1,4|9
6,4|13
2,4|14
5,4|16
7,4|18
3,4|19
UR:
10,4,-0.539
SP:1033.103 454.138 -3.554
target:300.0 1500.0 circle
AI:-0.547
MSR:
MSO:
MSO:
UO:
4,0|0
5,0|1
6,0|2
7,0|3
8,0|4
1,0|5
9,0|8
2,0|10
3,0|15
4,4|7
1,4|9
6,4|13
2,4|14
5,4|16
7,4|18
3,4|19
UR:
10,4,-0.54
SP:941.209 495.639 -3.577
target:300.0 1500.0 circle
AI:-0.567
MSR:
MSO:
MSO:
UO:
4,0|0
5,0|1
6,0|2
7,0|3
8,0|4
1,0|5
9,0|8
2,0|10
3,0|15
4,4|7
1,4|9
6,4|13
2,4|14
5,4|16
7,4|18
3,4|19
UR:
10,4,-0.567
SP:850.739 540.147 -3.621
target:300.0 1500.0 circle
AI:-0.571
MSR:
MSO:
MSO:
UO:
4,0|0
5,0|1
6,0|2
7,0|3
8,0|4
1,0|5
9,0|8
2,0|10
3,0|15
4,4|7
1,4|9
6,4|13
2,4|14
5,4|16
7,4|18
3,4|19
UR:
10,4,-0.571
SP:762.374 588.697 -3.668
target:300.0 1500.0 circle
AI:-0.575
MSR:
MSO:
MSO:
UO:
4,0|0
5,0|1
6,0|2
7,0|3
8,0|4
1,0|5
9,0|8
2,0|10
3,0|15
4,4|7
1,4|9
6,4|13
2,4|14
5,4|16
7,4|18
3,4|19
UR:
10,4,-0.575
SP:676.511 641.543 -3.719
target:300.0 1500.0 circle
AI:-0.58
MSR:
MSO:
MSO:
UO:
4,0|0
5,0|1
6,0|2
7,0|3
8,0|4
1,0|5
9,0|8
2,0|10
3,0|15
4,4|7
1,4|9
6,4|13
2,4|14
5,4|16
7,4|18
3,4|19
UR:
10,4,-0.58|1
SP:593.615 698.927 -3.775
target:300.0 1500.0 circle
AI:-0.586
MSR:
MSO:
MSO:
UO:
4,0|0
5,0|1
6,0|2
7,0|3
8,0|4
1,0|5
9,0|8
2,0|10
3,0|15
4,4|7
1,4|9
6,4|13
2,4|14
5,4|16
7,4|18
3,4|19
UR:
10,4,-0.586
SP:537.163 747.984 -3.837
target:300.0 1500.0 circle
AI:-0.569
MSR:
MSO:
MSO:
UO:
4,0|0
5,0|1
6,0|2
7,0|3
8,0|4
1,0|5
9,0|8
2,0|10
3,0|15
4,4|7
1,4|9
6,4|13
2,4|14
5,4|16
7,4|18
3,4|19
UR:
10,4,-0.569
SP:530.693 774.607 -3.883
target:300.0 1500.0 circle
AI:-0.521
MSR:
MSO:
MSO:
UO:
4,0|0
5,0|1
6,0|2
7,0|3
8,0|4
1,0|5
9,0|8
2,0|10
3,0|15
4,4|7
1,4|9
6,4|13
2,4|14
5,4|16
7,4|18
3,4|19
UR:
10,4,-0.521
SP:525.69 802.885 -3.881
target:300.0 1500.0 circle
AI:-0.518
MSR:
MSO:
MSO:
UO:
4,0|0
5,0|1
6,0|2
7,0|3
8,0|4
1,0|5
9,0|8
2,0|10
3,0|15
4,4|7
1,4|9
6,4|13
2,4|14
5,4|16
7,4|18
3,4|19
UR:
10,4,-0.518|
SP:520.431 830.88 -3.876
target:300.0 1500.0 circle
AI:-0.518
MSR:
MSO:
MSO:
UO:
4,0|0
5,0|1
6,0|2
7,0|3
8,0|4
1,0|5
9,0|8
2,0|10
3,0|15
4,4|7
1,4|9
6,4|13
2,4|14
5,4|16
7,4|18
3,4|19
UR:
10,4,-0.518|
SP:514.823 858.489 -3.871
target:300.0 1500.0 circle
AI:-0.519
MSR:
MSO:
MSO:
UO:
4,0|0
5,0|1
6,0|2
7,0|3
8,0|4
1,0|5
9,0|8
2,0|10
3,0|15
4,4|7
1,4|9
6,4|13
2,4|14
5,4|16
7,4|18
3,4|19
UR:
10,4,-0.519
SP:508.878 885.721 -3.866
target:300.0 1500.0 circle
AI:-0.519
MSR:
MSO:
MSO:
UO:
4,0|0
5,0|1
6,0|2
7,0|3
8,0|4
1,0|5
9,0|8
2,0|10
3,0|15
4,4|7
1,4|9
6,4|13
2,4|14
5,4|16
7,4|18
3,4|19
UR:
10,4,-0.519
SP:502.614 912.592 -3.861
target:300.0 1500.0 circle
AI:-0.519
MSR:
MSO:
MSO:
UO:
4,0|0
5,0|1
6,0|2
7,0|3
8,0|4
1,0|5
9,0|8
2,0|10
3,0|15
4,4|7
1,4|9
6,4|13
2,4|14
5,4|16
7,4|18
3,4|19
UR:
10,4,-0.519
SP:496.05 939.122 -3.857
target:300.0 1500.0 circle
AI:-0.519
MSR:
MSO:
MSO:
UO:
4,0|0
5,0|1
6,0|2
7,0|3
8,0|4
1,0|5
9,0|8
2,0|10
3,0|15
4,4|7
1,4|9
6,4|13
2,4|14
5,4|16
7,4|18
3,4|19
UR:
10,4,-0.519|
SP:489.206 965.328 -3.853
target:300.0 1500.0 circle
AI:-0.52
MSR:
MSO:
MSO:
UO:
4,0|0
5,0|1
6,0|2
7,0|3
8,0|4
1,0|5
9,0|8
2,0|10
3,0|15
4,4|7
1,4|9
6,4|13
2,4|14
5,4|16
7,4|18
3,4|19
UR:
10,4,-0.52|1
SP:482.099 991.229 -3.849
target:300.0 1500.0 circle
AI:-0.52
MSR:
MSO:
MSO:
UO:
4,0|0
5,0|1
6,0|2
7,0|3
8,0|4
1,0|5
9,0|8
2,0|10
3,0|15
4,4|7
1,4|9
6,4|13
2,4|14
5,4|16
7,4|18
3,4|19
UR:
10,4,-0.52|1
SP:474.748 1016.845 -3.845
target:300.0 1500.0 circle
AI:-0.52
MSR:
MSO:
MSO:
UO:
4,0|0
5,0|1
6,0|2
7,0|3
8,0|4
1,0|5
9,0|8
2,0|10
3,0|15
4,4|7
1,4|9
6,4|13
2,4|14
5,4|16
7,4|18
3,4|19
UR:
10,4,-0.52|
SP:467.172 1042.195 -3.842
target:300.0 1500.0 circle
AI:-0.521
MSR:
MSO:
MSO:
UO:
4,0|0
5,0|1
6,0|2
7,0|3
8,0|4
1,0|5
9,0|8
2,0|10
3,0|15
4,4|7
1,4|9
6,4|13
2,4|14
5,4|16
7,4|18
3,4|19
UR:
10,4,-0.52
SP:459.387 1067.297 -3.839
target:300.0 1500.0 circle
AI:-0.521
MSR:
MSO:
MSO:
UO:
4,0|0
5,0|1
6,0|2
7,0|3
8,0|4
1,0|5
9,0|8
2,0|10
3,0|15
4,4|7
1,4|9
6,4|13
2,4|14
5,4|16
7,4|18
3,4|19
UR:
10,4,-0.52
SP:451.412 1092.173 -3.836
target:300.0 1500.0 circle
AI:-0.521
MSR:
MSO:
MSO:
UO:
4,0|0
5,0|1
6,0|2
7,0|3
8,0|4
1,0|5
9,0|8
2,0|10
3,0|15
4,4|7
1,4|9
6,4|13
2,4|14
5,4|16
7,4|18
3,4|19
UR:
10,4,-0.52
SP:430.766 1123.994 -3.833
target:300.0 1500.0 circle
AI:-0.544
MSR:
MSO:
MSO:
UO:
4,0|0
5,0|1
6,0|2
7,0|3
8,0|4
1,0|5
9,0|8
2,0|10
3,0|15
4,4|7
1,4|9
6,4|13
2,4|14
5,4|16
7,4|18
3,4|19
UR:
10,4,-0.54
SP:353.776 1189.106 -3.854
target:300.0 1500.0 circle
AI:-0.687
MSR:
MSO:
MSO:
UO:
4,0|0
5,0|1
6,0|2
7,0|3
8,0|4
1,0|5
9,0|8
2,0|10
3,0|15
4,4|7
1,4|9
6,4|13
2,4|14
5,4|16
7,4|18
3,4|19
UR:
10,4,-0.68
SP:283.127 1260.894 -4.018
target:300.0 1500.0 circle
AI:-0.765
MSR:
MSO:
MSO:
UO:
4,0|0
5,0|1
6,0|2
7,0|3
8,0|4
1,0|5
9,0|8
2,0|10
3,0|15
4,4|7
1,4|9
6,4|13
2,4|14
5,4|16
7,4|18
3,4|19
UR:
10,4,-0.76
SP:228.405 1345.294 -4.259
target:300.0 1500.0 circle
AI:-0.887
MSR:
MSO:
MSO:
UO:
4,0|0
5,0|1
6,0|2
7,0|3
8,0|4
1,0|5
9,0|8
2,0|10
3,0|15
UR:
10,4,-0.785|12

SP:237.673 1377.379 -5.743
target:300.0 1500.0 circle
AI:0.56
MSR:
MSO:
MSO:
UO:
4,0|0
5,0|1
6,0|2
7,0|3
8,0|4
1,0|5
9,0|8
2,0|10
3,0|15
4,4|7
1,4|9
6,4|13
2,4|14
5,4|16
7,4|18
3,4|19
UR:
10,4,0.56|12
SP:283.173 1461.879 -4.659
target:0.0 0.0 circle
AI:2.897
MSR:
MSO:
MSO:
3|7,0=>8,4
4|8,0=>9,4
UO:
4,4|7
1,4|9
6,4|13
2,4|14
5,4|16
7,4|18
3,4|19
8,4|3
9,4|4
UR:
10,4,0.785|12

SP:236.48 1488.857 -2.652
target:0.0 0.0 circle
AI:0.924
MSR:
MSO:
6|1,1=>7,0
MSO:
UO:
4,0|0
5,0|1
6,0|2
1,0|5
9,0|8
2,0|10
3,0|15
7,0|6
8,4|3
9,4|4
4,4|7
1,4|9
6,4|13
2,4|14
5,4|16
7,4|18
3,4|19
UR:

SP:197.113 1403.732 -1.343
target:0.0 0.0 circle
AI:-0.367
MSR:
MSO:
11|2,1=>8,0
MSO:
UO:
4,0|0
5,0|1
6,0|2
1,0|5
7,0|6
9,0|8
2,0|10
3,0|15
8,0|11
8,4|3
9,4|4
4,4|7
1,4|9
6,4|13
2,4|14
5,4|16
7,4|18
3
SP:227.381 1307.656 -1.187
target:0.0 0.0 circle
AI:-0.556
MSR:
MSO:
MSO:
UO:
4,0|0
5,0|1
6,0|2
1,0|5
7,0|6
9,0|8
2,0|10
8,0|11
3,0|15
8,4|3
9,4|4
4,4|7
1,4|9
6,4|13
2,4|14
5,4|16
7,4|18
3,4|19
UR:
10
SP:263.647 1213.575 -1.219
target:0.0 0.0 circle
AI:-0.565
MSR:
MSO:
MSO:
UO:
4,0|0
5,0|1
6,0|2
1,0|5
7,0|6
9,0|8
2,0|10
8,0|11
3,0|15
8,4|3
9,4|4
4,4|7
1,4|9
6,4|13
2,4|14
5,4|16
7,4|18
3,4|19
UR:
10
SP:296.392 1118.215 -1.261
target:0.0 0.0 circle
AI:-0.569
MSR:
MSO:
MSO:
UO:
4,0|0
5,0|1
6,0|2
1,0|5
7,0|6
9,0|8
2,0|10
8,0|11
3,0|15
8,4|3
9,4|4
4,4|7
1,4|9
6,4|13
2,4|14
5,4|16
7,4|18
3,4|19
UR:
10
SP:324.963 1021.523 -1.306
target:0.0 0.0 circle
AI:-0.572
MSR:
MSO:
MSO:
UO:
4,0|0
5,0|1
6,0|2
1,0|5
7,0|6
9,0|8
2,0|10
8,0|11
3,0|15
8,4|3
9,4|4
4,4|7
1,4|9
6,4|13
2,4|14
5,4|16
7,4|18
3,4|19
UR:
10
SP:359.372 917.634 -1.355
target:0.0 0.0 circle
AI:-0.589
MSR:
MSO:
MSO:
UO:
4,0|0
5,0|1
6,0|2
1,0|5
7,0|6
9,0|8
2,0|10
8,0|11
3,0|15
8,4|3
9,4|4
4,4|7
1,4|9
6,4|13
2,4|14
5,4|16
7,4|18
3,4|19
UR:
10,
SP:438.842 783.527 -1.42
target:0.0 0.0 circle
AI:-0.661
MSR:
MSO:
MSO:
UO:
4,0|0
5,0|1
6,0|2
1,0|5
7,0|6
9,0|8
2,0|10
8,0|11
3,0|15
8,4|3
9,4|4
4,4|7
1,4|9
6,4|13
2,4|14
5,4|16
7,4|18
3,4|19
UR:
10,4
SP:447.132 683.114 -1.558
target:0.0 0.0 circle
AI:-0.593
MSR:
MSO:
MSO:
UO:
4,0|0
5,0|1
6,0|2
1,0|5
7,0|6
9,0|8
2,0|10
8,0|11
3,0|15
8,4|3
9,4|4
4,4|7
1,4|9
6,4|13
2,4|14
5,4|16
7,4|18
3,4|19
UR:
10,
SP:445.003 582.323 -1.627
target:0.0 0.0 circle
AI:-0.597
MSR:
MSO:
MSO:
UO:
4,0|0
5,0|1
6,0|2
1,0|5
7,0|6
9,0|8
2,0|10
8,0|11
3,0|15
8,4|3
9,4|4
4,4|7
1,4|9
6,4|13
2,4|14
5,4|16
7,4|18
3,4|19
UR:
10,
SP:435.734 481.939 -1.7
target:0.0 0.0 circle
AI:-0.606
MSR:
MSO:
MSO:
UO:
4,0|0
5,0|1
6,0|2
1,0|5
7,0|6
9,0|8
2,0|10
8,0|11
3,0|15
8,4|3
9,4|4
4,4|7
1,4|9
6,4|13
2,4|14
5,4|16
7,4|18
3,4|19
UR:
10,4,
SP:418.7 382.584 -1.782
target:0.0 0.0 circle
AI:-0.619
MSR:
MSO:
MSO:
UO:
4,0|0
5,0|1
6,0|2
1,0|5
7,0|6
9,0|8
2,0|10
8,0|11
3,0|15
8,4|3
9,4|4
4,4|7
1,4|9
6,4|13
2,4|14
5,4|16
7,4|18
3,4|19
UR:
10,4,
SP:392.915 285.143 -1.878
target:0.0 0.0 circle
AI:-0.636
MSR:
MSO:
MSO:
UO:
4,0|0
5,0|1
6,0|2
1,0|5
7,0|6
9,0|8
2,0|10
8,0|11
3,0|15
8,4|3
9,4|4
4,4|7
1,4|9
6,4|13
2,4|14
5,4|16
7,4|18
3,4|19
UR:
10,
SP:357.171 190.915 -1.99
target:0.0 0.0 circle
AI:-0.66
MSR:
MSO:
MSO:
UO:
4,0|0
5,0|1
6,0|2
1,0|5
7,0|6
9,0|8
2,0|10
8,0|11
3,0|15
8,4|3
9,4|4
4,4|7
1,4|9
6,4|13
2,4|14
5,4|16
7,4|18
3,4|19
UR:
10,4,
SP:334.804 101.883 -2.127
target:0.0 0.0 circle
AI:-0.719
MSR:
MSO:
MSO:
UO:
4,0|0
5,0|1
6,0|2
1,0|5
7,0|6
9,0|8
2,0|10
8,0|11
3,0|15
8,4|3
9,4|4
4,4|7
1,4|9
6,4|13
2,4|14
5,4|16
7,4|18
3,4|19
UR:
10,
SP:313.631 21.927 -2.323
target:0.0 0.0 circle
AI:-0.749
MSR:
MSO:
MSO:
UO:
4,0|0
5,0|1
6,0|2
1,0|5
7,0|6
9,0|8
2,0|10
8,0|11
3,0|15
8,4|3
9,4|4
4,4|7
1,4|9
6,4|13
2,4|14
5,4|16
7,4|18
3,4|19
UR:
10,4
SP:277.15 -43.457 -2.548
target:0.0 0.0 circle
AI:-0.749
MSR:
MSO:
MSO:
UO:
4,0|0
5,0|1
6,0|2
1,0|5
7,0|6
9,0|8
2,0|10
8,0|11
3,0|15
8,4|3
9,4|4
4,4|7
1,4|9
6,4|13
2,4|14
5,4|16
7,4|18
3,4|19
UR:
10,4
SP:227.987 -90.087 -2.774
target:0.0 0.0 circle
AI:-0.744
MSR:
MSO:
MSO:
UO:
4,0|0
5,0|1
6,0|2
1,0|5
7,0|6
9,0|8
2,0|10
8,0|11
3,0|15
8,4|3
9,4|4
4,4|7
1,4|9
6,4|13
2,4|14
5,4|16
7,4|18
3,4|19
UR:
10,
SP:155.109 -115.838 -2.994
target:0.0 0.0 circle
AI:-0.789
MSR:
MSO:
MSO:
UO:
4,0|0
5,0|1
6,0|2
1,0|5
7,0|6
9,0|8
2,0|10
8,0|11
3,0|15
UR:
10,4,-0.785|12

