CP (nb=8) {{[300:1800|0,00] r150} {[1900:3800|0,00] r150} {[2000:5240|0,00] r150} {[3600:5160|0,00] r150} {[3300:3500|0,00] r150} {[2400:2000|0,00] r150} {[1800:360|0,00] r150} {[360:320|0,00] r150}}
SAILORS (nb=7)
SHIP {pos=[360:320|1,57] nbO=4 nbR=1 nbS=1 nbW=1}
---------------------------------------------------------------------------------------------
=================================== | TARGETED CHECKPOINT : {[300:1800|0,00] r150}
******* NEW VISIBLE ENTITIES ****** | Reef{[1172:1548|0,00] Poly{ o=0,00 | Pts[28:-748] Pts[568:-48] Pts[68:712] Pts[-252:332] Pts[-412:-248] }} !
******* NEW VISIBLE ENTITIES ****** | Reef{[1655:114
shipPos = [   360 :   320 |  1,57 ] | nbOars = 2 : 2 | nbSails = 1 Opened : 0 Closed | R = -0,06 | ----- | W: d= 0,00  #  s= 150 |
shipPos = [   365 :   489 |  1,51 ] | nbOars = 2 : 2 | ----------------------------- | R = -0,00 | ----- | W: d= 0,00  #  s= 150 |
shipPos = [   375 :   663 |  1,51 ] | nbOars = 2 : 2 | ----------------------------- | R = -0,00 | ----- | W: d= 0,00  #  s= 150 |
shipPos = [   386 :   837 |  1,51 ] | nbOars = 2 : 2 | ----------------------------- | R = -0,00 | ----- | W: d= 0,00  #  s= 150 |
shipPos = [   397 :  1011 |  1,51 ] | nbOars = 2 : 2 | ----------------------------- | R = -0,00 | ----- | W: d= 0,00  #  s= 150 |
shipPos = [   407 :  1184 |  1,51 ] | nbOars = 2 : 2 | ----------------------------- | R = -0,00 | ----- | W: d= 0,00  #  s= 150 |
shipPos = [   418 :  1358 |  1,51 ] | nbOars = 2 : 2 | ----------------------------- | R = -0,00 | ----- | W: d= 0,00  #  s= 150 |
shipPos = [   429 :  1532 |  1,51 ] | nbOars = 2 : 2 | nbSails = 0 Opened : 1 Closed | R =  0,51 | ----- | W: d= 0,00  #  s= 150 |
=================================== | NEW TARGETED CHECKPOINT : {[1900:3800|0,00] r150}
shipPos = [   398 :  1692 |  2,02 ] | nbOars = 2 : 2 | ----------------------------- | R = -0,79 | ----- | W: d= 0,00  #  s= 150 |
******* NEW VISIBLE ENTITIES ****** | Reef{[1876:2096|0,00] Poly{ o=0,00 | Pts[-136:-596] Pts[164:-336] Pts[324:64] Pts[284:704] Pts[-636:164] }} !
******* NEW VISIBLE ENTITIES ****** | Reef{[1950:30
shipPos = [   388 :  1853 |  1,23 ] | nbOars = 2 : 2 | nbSails = 1 Opened : 0 Closed | R = -0,26 | ----- | W: d= 0,00  #  s= 150 |
shipPos = [   493 :  2060 |  0,97 ] | nbOars = 2 : 2 | ----------------------------- | R = -0,01 | ----- | W: d= 0,00  #  s= 150 |
shipPos = [   636 :  2265 |  0,96 ] | nbOars = 2 : 2 | ----------------------------- | R = -0,00 | ----- | W: d= 0,00  #  s= 150 |
shipPos = [   781 :  2471 |  0,96 ] | nbOars = 2 : 2 | ----------------------------- | R = -0,00 | ----- | W: d= 0,00  #  s= 150 |
shipPos = [   926 :  2676 |  0,96 ] | nbOars = 2 : 2 | ----------------------------- | R = -0,00 | ----- | W: d= 0,00  #  s= 150 |
shipPos = [  1071 :  2882 |  0,96 ] | nbOars = 2 : 2 | ----------------------------- | R = -0,00 | ----- | W: d= 0,00  #  s= 150 |
shipPos = [  1216 :  3087 |  0,96 ] | nbOars = 2 : 2 | ----------------------------- | R = -0,00 | ----- | W: d= 0,00  #  s= 150 |
******* NEW VISIBLE ENTITIES ****** | Reef{[2265:3790|0,00] Poly{ o=0,00 | Pts[15:-390] Pts[95:10] Pts[35:370] Pts[-145:10] }} !
******* NEW VISIBLE ENTITIES ****** | Reef{[2160:4175|0,00] Poly{ o=0,
shipPos = [  1361 :  3293 |  0,96 ] | nbOars = 2 : 2 | ----------------------------- | R = -0,00 | ----- | W: d= 0,00  #  s= 150 |
******* NEW VISIBLE ENTITIES ****** | Reef{[2592:3408|0,00] Poly{ o=0,00 | Pts[-112:-208] Pts[168:-408] Pts[148:352] Pts[-52:272] Pts[-152:-8] }} !
******* NEW VISIBLE ENTITIES ****** | Reef{[2196:46
shipPos = [  1506 :  3498 |  0,96 ] | nbOars = 2 : 2 | ----------------------------- | R = -0,00 | ----- | W: d= 0,00  #  s= 150 |
******* NEW VISIBLE ENTITIES ****** | Reef{[2724:4940|0,00] Poly{ o=0,00 | Pts[-284:-440] Pts[336:140] Pts[376:460] Pts[36:320] Pts[-464:-480] }} !
shipPos = [  1651 :  3704 |  0,96 ] | nbOars = 2 : 2 | ----------------------------- | --------- | ----- | W: d= 0,00  #  s= 150 |
=================================== | NEW TARGETED CHECKPOINT : {[2000:5240|0,00] r150}
******* NEW VISIBLE ENTITIES ****** | Reef{[3023:4403|0,00] Poly{ o=0,00 | Pts[-583:97] Pts[-223:-643] Pts[17:-283] Pts[377:-43] Pts[377:197] Pts[37:677] }} !
shipPos = [  1796 :  3909 |  0,96 ] | nbOars = 2 : 2 | ----------------------------- | R =  0,53 | ----- | W: d= 0,00  #  s= 150 |
shipPos = [  1873 :  4109 |  1,48 ] | nbOars = 2 : 2 | ----------------------------- | --------- | ----- | W: d= 0,00  #  s= 150 |
shipPos = [  1889 :  4286 |  1,48 ] | nbOars = 2 : 2 | nbSails = 0 Opened : 1 Closed | R =  0,33 | ----- | W: d= 0,00  #  s= 150 |
shipPos = [  1876 :  4450 |  1,82 ] | nbOars = 2 : 2 | nbSails = 1 Opened : 0 Closed | R = -0,55 | ----- | W: d= 0,00  #  s= 150 |
shipPos = [  1885 :  4617 |  1,26 ] | nbOars = 2 : 2 | ----------------------------- | R = -0,07 | ----- | W: d= 0,00  #  s= 150 |
shipPos = [  1958 :  4820 |  1,19 ] | nbOars = 2 : 2 | ----------------------------- | R = -0,02 | ----- | W: d= 0,00  #  s= 150 |
shipPos = [  2043 :  5025 |  1,16 ] | nbOars = 2 : 2 | ----------------------------- | --------- | ----- | W: d= 0,00  #  s= 150 |
=================================== | NEW TARGETED CHECKPOINT : {[3600:5160|0,00] r150}
shipPos = [  2132 :  5231 |  1,16 ] | nbOars = 2 : 2 | ----------------------------- | R = -0,79 | ----- | W: d= 0,00  #  s= 150 |
shipPos = [  2323 :  5411 |  0,38 ] | nbOars = 2 : 2 | ----------------------------- | R = -0,34 | ----- | W: d= 0,00  #  s= 150 |
shipPos = [  2626 :  5476 |  0,04 ] | nbOars = 2 : 2 | ----------------------------- | R = -0,10 | ----- | W: d= 0,00  #  s= 150 |
shipPos = [  2940 :  5472 | -0,06 ] | nbOars = 2 : 2 | ----------------------------- | R = -0,08 | ----- | W: d= 0,00  #  s= 150 |
shipPos = [  3253 :  5439 | -0,15 ] | nbOars = 2 : 2 | ----------------------------- | R = -0,79 | ----- | W: d= 0,00  #  s= 150 |
shipPos = [  3498 :  5298 | -0,93 ] | nbOars = 2 : 2 | ----------------------------- | R = -0,00 | ----- | W: d= 0,00  #  s= 150 |
=================================== | NEW TARGETED CHECKPOINT : {[3300:3500|0,00] r150}
shipPos = [  3649 :  5094 | -0,94 ] | nbOars = 2 : 2 | ----------------------------- | R = -0,79 | ----- | W: d= 0,00  #  s= 150 |
shipPos = [  3704 :  4906 | -1,72 ] | nbOars = 2 : 2 | nbSails = 0 Opened : 1 Closed | R = -0,27 | ----- | W: d= 0,00  #  s= 150 |
shipPos = [  3658 :  4748 | -1,99 ] | nbOars = 2 : 2 | ----------------------------- | R =  0,02 | ----- | W: d= 0,00  #  s= 150 |
shipPos = [  3593 :  4596 | -1,97 ] | nbOars = 2 : 2 | ----------------------------- | R =  0,00 | ----- | W: d= 0,00  #  s= 150 |
shipPos = [  3529 :  4444 | -1,97 ] | nbOars = 2 : 2 | ----------------------------- | R =  0,00 | ----- | W: d= 0,00  #  s= 150 |
shipPos = [  3466 :  4292 | -1,96 ] | nbOars = 2 : 2 | ----------------------------- | R =  0,00 | ----- | W: d= 0,00  #  s= 150 |
shipPos = [  3402 :  4139 | -1,96 ] | nbOars = 2 : 2 | ----------------------------- | R =  0,00 | ----- | W: d= 0,00  #  s= 150 |
shipPos = [  3339 :  3987 | -1,96 ] | nbOars = 2 : 2 | ----------------------------- | R =  0,00 | ----- | W: d= 0,00  #  s= 150 |
shipPos = [  3276 :  3835 | -1,96 ] | nbOars = 2 : 2 | ----------------------------- | --------- | ----- | W: d= 0,00  #  s= 150 |
shipPos = [  3212 :  3682 | -1,96 ] | nbOars = 2 : 2 | ----------------------------- | R =  0,79 | ----- | W: d= 0,00  #  s= 150 |
=================================== | NEW TARGETED CHECKPOINT : {[2400:2000|0,00] r150}
shipPos = [  3211 :  3522 | -1,18 ] | nbOars = 2 : 2 | ----------------------------- | R = -0,79 | ----- | W: d= 0,00  #  s= 150 |
shipPos = [  3212 :  3361 | -1,96 ] | nbOars = 2 : 2 | ----------------------------- | R = -0,05 | ----- | W: d= 0,00  #  s= 150 |
shipPos = [  3145 :  3210 | -2,01 ] | nbOars = 2 : 2 | ----------------------------- | R = -0,00 | ----- | W: d= 0,00  #  s= 150 |
shipPos = [  3074 :  3061 | -2,02 ] | nbOars = 2 : 2 | ----------------------------- | R = -0,00 | ----- | W: d= 0,00  #  s= 150 |
shipPos = [  3003 :  2912 | -2,02 ] | nbOars = 2 : 2 | ----------------------------- | R = -0,00 | ----- | W: d= 0,00  #  s= 150 |
shipPos = [  2932 :  2763 | -2,02 ] | nbOars = 2 : 2 | ----------------------------- | R = -0,00 | ----- | W: d= 0,00  #  s= 150 |
shipPos = [  2861 :  2614 | -2,02 ] | nbOars = 2 : 2 | ----------------------------- | --------- | ----- | W: d= 0,00  #  s= 150 |
shipPos = [  2790 :  2465 | -2,02 ] | nbOars = 2 : 2 | ----------------------------- | --------- | ----- | W: d= 0,00  #  s= 150 |
shipPos = [  2718 :  2316 | -2,02 ] | nbOars = 2 : 2 | ----------------------------- | R = -0,00 | ----- | W: d= 0,00  #  s= 150 |
shipPos = [  2647 :  2168 | -2,02 ] | nbOars = 2 : 2 | ----------------------------- | R = -0,53 | ----- | W: d= 0,00  #  s= 150 |
=================================== | NEW TARGETED CHECKPOINT : {[1800:360|0,00] r150}
shipPos = [  2541 :  2044 | -2,55 ] | nbOars = 2 : 2 | ----------------------------- | R =  0,49 | ----- | W: d= 0,00  #  s= 150 |
shipPos = [  2432 :  1922 | -2,06 ] | nbOars = 2 : 2 | ----------------------------- | R =  0,02 | ----- | W: d= 0,00  #  s= 150 |
shipPos = [  2356 :  1776 | -2,03 ] | nbOars = 2 : 2 | ----------------------------- | R =  0,00 | ----- | W: d= 0,00  #  s= 150 |
shipPos = [  2283 :  1628 | -2,03 ] | nbOars = 2 : 2 | ----------------------------- | R =  0,00 | ----- | W: d= 0,00  #  s= 150 |
shipPos = [  2209 :  1480 | -2,03 ] | nbOars = 2 : 2 | ----------------------------- | R =  0,00 | ----- | W: d= 0,00  #  s= 150 |
shipPos = [  2135 :  1333 | -2,03 ] | nbOars = 2 : 2 | ----------------------------- | R =  0,00 | ----- | W: d= 0,00  #  s= 150 |
shipPos = [  2062 :  1185 | -2,03 ] | nbOars = 2 : 2 | ----------------------------- | R =  0,00 | ----- | W: d= 0,00  #  s= 150 |
shipPos = [  1988 :  1037 | -2,03 ] | nbOars = 2 : 2 | ----------------------------- | --------- | ----- | W: d= 0,00  #  s= 150 |
shipPos = [  1914 :   890 | -2,03 ] | nbOars = 2 : 2 | ----------------------------- | --------- | ----- | W: d= 0,00  #  s= 150 |
shipPos = [  1841 :   742 | -2,03 ] | nbOars = 2 : 2 | ----------------------------- | --------- | ----- | W: d= 0,00  #  s= 150 |
shipPos = [  1767 :   594 | -2,03 ] | nbOars = 2 : 2 | ----------------------------- | --------- | ----- | W: d= 0,00  #  s= 150 |
=================================== | NEW TARGETED CHECKPOINT : {[360:320|0,00] r150}
shipPos = [  1694 :   447 | -2,03 ] | nbOars = 2 : 2 | ----------------------------- | R = -0,79 | ----- | W: d= 0,00  #  s= 150 |
shipPos = [  1573 :   341 | -2,82 ] | nbOars = 2 : 2 | ----------------------------- | R = -0,31 | ----- | W: d= 0,00  #  s= 150 |
shipPos = [  1411 :   313 | -3,12 ] | nbOars = 2 : 2 | ----------------------------- | R = -0,02 | ----- | W: d= 0,00  #  s= 150 |
shipPos = [  1246 :   312 | -3,15 ] | nbOars = 2 : 2 | ----------------------------- | R = -0,00 | ----- | W: d= 0,00  #  s= 150 |
shipPos = [  1081 :   313 | -3,15 ] | nbOars = 2 : 2 | ----------------------------- | R = -0,00 | ----- | W: d= 0,00  #  s= 150 |
shipPos = [   916 :   315 | -3,15 ] | nbOars = 2 : 2 | ----------------------------- | R = -0,00 | ----- | W: d= 0,00  #  s= 150 |
shipPos = [   751 :   316 | -3,15 ] | nbOars = 2 : 2 | ----------------------------- | R = -0,00 | ----- | W: d= 0,00  #  s= 150 |
shipPos = [   586 :   318 | -3,15 ] | nbOars = 2 : 2 | ----------------------------- | --------- | ----- | W: d= 0,00  #  s= 150 |
