POS 0.0 0.0 FWD 1.0 0.0 ADC 1.5208379310729538 ADR 1.5208379310729538 PC 0 OG 0 OR 3 R 1 C 3
POS 54.569586665253055 51.124496129766676 FWD 0.049937616943891365 0.9987523388778448 ADC 0.0547741500768435 ADR 0.0547741500768435 PC 0 OG 3 OR 1 R 0 C 3
POS 111.10547002732552 139.65512148058494 FWD 0.8899137060292843 0.4561289245610549 ADC 1.1680612702443454 ADR 1.1680612702443454 PC 0 OG 0 OR 2 R 1 C 3
POS 136.86009732923785 184.74461020332419 FWD -0.07084592474043346 0.9974872705692404 ADC 0.03523767772442511 ADR 0.03523767772442511 PC 0 OG 3 OR 1 R 0 C 3
POS 182.3094356435139 279.4459057558735 FWD 0.828426353894348 0.5600980058644348 ADC 1.1578910686964508 ADR 1.1578910686964508 PC 0 OG 0 OR 2 R 1 C 3
POS 202.70102154284083 327.2579346934144 FWD -0.18060235339185665 0.9835561956234747 ADC 0.04160225921197429 ADR 0.04160225921197429 PC 0 OG 3 OR 1 R 0 C 3
POS 237.4107725747778 426.4003116864931 FWD 0.7614834747635787 0.6481843238323388 ADC 1.1813922489801187 ADR 1.1813922489801187 PC 0 OG 0 OR 2 R 1 C 3
POS 251.78214112436095 476.226328045027 FWD -0.3105708672383014 0.9505502282482758 ADC 0.051930242991605514 ADR 0.051930242991605514 PC 0 OG 3 OR 1 R 0 C 3
POS 272.91534462837245 579.1212523231218 FWD 0.6679152116169538 0.7442373748278702 ADC 1.2184835847202824 ADR 1.2184835847202824 PC 0 OG 0 OR 2 R 1 C 3
POS 279.52288943582073 630.357413338841 FWD -0.4680470954067532 0.8837035229539948 ADC 0.06858904869512152 ADR 0.06858904869512152 PC 0 OG 3 OR 1 R 0 C 3
POS 282.8084282510253 735.3487604453076 FWD 0.531286152588588 0.8471924362667643 ADC 1.2815925136966184 ADR 1.2815925136966184 PC 0 OG 0 OR 2 R 1 C 3
POS 279.0009083760499 786.5201662353463 FWD -0.6604925183203599 0.7508326266504599 ADC 0.0989866541001138 ADR 0.0989866541001138 PC 0 OG 3 OR 1 R 0 C 3
POS 257.8118877394712 889.4036106615487 FWD 0.31999386950931097 0.9474196132002219 ADC 1.4074489001027246 ADR 1.4074489001027246 PC 0 OG 0 OR 3 R 1 C 3
POS 230.3123305322802 960.1015001871134 FWD -0.8827699508142409 0.46980550650181047 ADC 0.27130491282063346 ADR 0.27130491282063346 PC 0 OG 0 OR 1 R 1 C 3
POS 204.60390503017052 969.6251524149786 FWD -0.9763826401198874 0.21604846695248384 ADC 0.023767625204180694 ADR 0.023767625204180694 PC 0 OG 3 OR 1 R 0 C 3
POS 126.75949696968861 1040.1533444111583 FWD -0.3010878592304272 0.9535964036341782 ADC 1.7469240714781658 ADR 1.7469240714781658 PC 0 OG 0 OR 3 R 1 C 3
POS 60.07807351890606 1068.3643235114614 FWD -0.8860876736245831 -0.4635176745827222 ADC 0.9424723591812022 ADR 0.9424723591812022 PC 0 OG 0 OR 2 R 1 C 3
POS 29.19110564223501 1025.3105483404256 FWD -0.14584096963093973 -0.9893080468575535 ADC 0.5132066093273411 ADR 0.5132066093273411 PC 1 OG 0 OR 1 R 1 C 2
POS 32.11410790170807 998.2688355469318 FWD 0.35867086691723826 -0.933464091020558 ADC 0.005418778342571319 ADR 0.005418778342571319 PC 0 OG 3 OR 1 R 0 C 2
POS 16.258950348846938 894.429576538064 FWD -0.6290681828857521 -0.7773501278579801 ADC 1.0965375897307967 ADR 1.0965375897307967 PC 0 OG 0 OR 2 R 1 C 2
POS 9.088760201728427 842.63765575198 FWD 0.40427284350431875 -0.9146384356700371 ADC 0.023861656307606456 ADR 0.023861656307606456 PC 0 OG 3 OR 1 R 0 C 2
POS -1.625747543243678 738.1427895799054 FWD -0.5899636988157709 -0.8074297703699155 ADC 1.1220352787939114 ADR 1.1220352787939114 PC 0 OG 0 OR 2 R 1 C 2
POS -5.565638384683064 686.1315868478346 FWD 0.47152685526835697 -0.8818517022497229 ADC 0.027447907613463503 ADR 0.027447907613463503 PC 0 OG 3 OR 1 R 0 C 2
POS -8.437295170886978 581.128104430159 FWD -0.5279425488846524 -0.8492800863538343 ADC 1.133184712867292 ADR 1.133184712867292 PC 0 OG 0 OR 2 R 1 C 2
POS -8.189785608501749 529.0242844835892 FWD 0.5455192601070639 -0.8380982859141531 ADC 0.03175640312555821 ADR 0.03175640312555821 PC 0 OG 3 OR 1 R 0 C 2
POS -2.033003551362621 424.16212845369614 FWD -0.45305477641633957 -0.891482680463474 ADC 1.1475652672166783 ADR 1.1475652672166783 PC 0 OG 0 OR 2 R 1 C 2
POS 3.050475546204779 372.37938414420876 FWD 0.6267507253922373 -0.7792198202178281 ADC 0.03759909948060677 ADR 0.03759909948060677 PC 0 OG 3 OR 1 R 0 C 2
POS 19.68338636859822 268.66186387829106 FWD -0.36144879674488567 -0.9323919601389077 ADC 1.1675001854174003 ADR 1.1675001854174003 PC 0 OG 0 OR 2 R 1 C 2
POS 30.411628093682918 217.8527209144539 FWD 0.7157370407359694 -0.6983698794467852 ADC 0.04595090538742407 ADR 0.04595090538742407 PC 0 OG 3 OR 1 R 0 C 2
POS 59.37173770895053 116.88099326949154 FWD -0.24693753647083005 -0.9690313994302339 ADC 1.1968471863689145 ADR 1.1968471863689145 PC 0 OG 0 OR 2 R 1 C 2
POS 76.7808261782723 68.11965504927048 FWD 0.8118586637706964 -0.5838540143395944 ADC 0.058762062710378093 ADR 0.058762062710378093 PC 0 OG 3 OR 1 R 0 C 2
POS 120.47130530109773 -27.405837708185203 FWD -0.09970307663428797 -0.995017234277707 ADC 1.2438607163239246 ADR 1.2438607163239246 PC 0 OG 0 OR 2 R 1 C 2
POS 145.88574616594636 -72.22422657024357 FWD 0.9102931688469508 -0.4139641853476902 ADC 0.08051264033179122 ADR 0.08051264033179122 PC 0 OG 3 OR 1 R 0 C 2
POS 207.39953135487627 -157.37134610030714 FWD 0.09664308365542224 -0.9953191017867441 ADC 1.3293310532271598 ADR 1.3293310532271598 PC 0 OG 0 OR 3 R 1 C 2
POS 259.8540261376104 -213.13679475909834 FWD 0.9895533737690899 -0.14416698811521245 ADC 0.1993200196594886 ADR 0.1993200196594886 PC 0 OG 3 OR 1 R 0 C 2
POS 342.64120112531805 -277.7917357156212 FWD 0.36992441278965976 -0.9290618541422446 ADC 1.650993286213195 ADR 1.650993286213195 PC 0 OG 0 OR 3 R 1 C 2
POS 410.9924472412839 -304.6671609074857 FWD 0.8964407773830948 0.4431635506726526 ADC 0.4069532347718611 ADR 0.4069532347718611 PC 0 OG 0 OR 1 R 1 C 2
POS 432.55815879280857 -287.9103228666176 FWD 0.6478193887801935 0.761793961331052 ADC 0.050321119534824134 ADR 0.050321119534824134 PC 0 OG 3 OR 1 R 0 C 2
POS 531.3144878663288 -252.11695475939203 FWD 0.983642617352368 0.18013106708222992 ADC 1.9307211163432105 ADR 1.9307211163432105 PC 0 OG 0 OR 3 R 1 C 2
POS 581.5379851440564 -202.96780776046344 FWD -0.17785384445463778 0.9840569140109252 ADC 1.3556094390892408 ADR 1.3556094390892408 PC 0 OG 0 OR 3 R 1 C 2
POS 524.2034056107716 -152.58356141090317 FWD -0.9993382555143007 0.036373768922595175 ADC 1.1352107818112362 ADR 1.1352107818112362 PC 0 OG 0 OR 2 R 1 C 2
POS 479.13934062145626 -178.71853598534898 FWD -0.4546394252477748 -0.8906755823589041 ADC -2.0688150529816256 ADR -2.0688150529816256 PC 1 OG 3 OR 0 R 1 C 1
POS 410.77476489068226 -183.83939537413204 FWD -0.5653110253948385 0.8248778361472906 ADC -0.03490972500398076 ADR -0.03490972500398076 PC 0 OG 3 OR 1 R 0 C 1
POS 402.1240646092155 -79.15346930392423 FWD 0.4317096484248702 0.9020126271050062 ADC 1.042688679905255 ADR 1.042688679905255 PC 0 OG 0 OR 2 R 1 C 1
POS 398.4625396028991 -26.738825151277645 FWD -0.5615860236483072 0.8274183573277081 ADC 0.016914706882241816 ADR 0.016914706882241816 PC 0 OG 3 OR 1 R 0 C 1
POS 390.28394102263513 77.98504155445332 FWD 0.43577230517923 0.9000569415535775 ADC 1.1005245789252096 ADR 1.1005245789252096 PC 0 OG 0 OR 2 R 1 C 1
POS 385.3852322188944 130.0213880920402 FWD -0.6048905532617063 0.7963086201811123 ADC 0.01931609339911796 ADR 0.01931609339911796 PC 0 OG 3 OR 1 R 0 C 1
POS 371.6362938914168 234.16045101947404 FWD 0.38717821769852084 0.922004895724419 ADC 1.106715373405037 ADR 1.106715373405037 PC 0 OG 0 OR 2 R 1 C 1
POS 363.81706671055184 285.80795629006394 FWD -0.651186074382901 0.7589181092382675 ADC 0.021397557635085152 ADR 0.021397557635085152 PC 0 OG 3 OR 1 R 0 C 1
POS 343.8980015825482 388.9448002255032 FWD 0.3316493248009387 0.9434027376253905 ADC 1.113386665366721 ADR 1.113386665366721 PC 0 OG 0 OR 2 R 1 C 1
POS 332.8587878297975 439.9673868873107 FWD -0.6999556199570084 0.7141863412937831 ADC 0.023955819039026473 ADR 0.023955819039026473 PC 0 OG 3 OR 1 R 0 C 1
POS 306.16178655293476 541.560929277366 FWD 0.26852570461776964 0.9632725190513484 ADC 1.1216914944809961 ADR 1.1216914944809961 PC 0 OG 0 OR 2 R 1 C 1
POS 291.57743078253554 591.6424944680608 FWD -0.7511677332882315 0.6601113818641672 ADC 0.027191553399660534 ADR 0.027191553399660534 PC 0 OG 3 OR 1 R 0 C 1
POS 257.3933648720293 690.9673522346992 FWD 0.1960893593774961 0.9805860304628672 ADC 1.1323225573903348 ADR 1.1323225573903348 PC 0 OG 0 OR 2 R 1 C 1
POS 238.88417415826038 739.6780369924412 FWD -0.8045719418429318 0.5938551931229481 ADC 0.03140819266601124 ADR 0.03140819266601124 PC 0 OG 3 OR 1 R 0 C 1
POS 196.37906530616402 835.7368390566362 FWD 0.11200771249231188 0.99370733736963 ADC 1.1463920309637543 ADR 1.1463920309637543 PC 0 OG 0 OR 2 R 1 C 1
POS 173.50016569086296 882.4751666463961 FWD -0.859427476789375 0.5112576768513586 ADC 0.037116482654101196 ADR 0.037116482654101196 PC 0 OG 3 OR 1 R 0 C 1
POS 121.69111632820574 973.852407448877 FWD 0.013048397638393073 0.9999148660356393 ADC 1.1658351193283607 ADR 1.1658351193283607 PC 0 OG 0 OR 2 R 1 C 1
POS 93.92482090631545 1017.745352547524 FWD -0.9138985851014017 0.40594257740431244 ADC 0.045242340769787386 ADR 0.045242340769787386 PC 0 OG 3 OR 1 R 0 C 1
POS 31.664585879261043 1102.3481945028195 FWD -0.10539270804084917 0.9944306798826232 ADC 1.1943179538876665 ADR 1.1943179538876665 PC 0 OG 0 OR 2 R 1 C 1
POS -1.5711110806568844 1142.0661691832177 FWD -0.9635332380541919 0.2675886753298875 ADC 0.05763417982880534 ADR 0.05763417982880534 PC 0 OG 3 OR 1 R 0 C 1
POS -75.5607195523746 1216.6283282904942 FWD -0.2500280284264035 0.9682385992105487 ADC 1.2396232305631851 ADR 1.2396232305631851 PC 0 OG 0 OR 2 R 1 C 1
POS -114.83619759127265 1250.0111018769626 FWD -0.9969232877092024 0.07838340655441604 ADC 0.07849271712778666 ADR 0.07849271712778666 PC 0 OG 3 OR 1 R 0 C 1
POS -201.71949175934185 1309.0472850788065 FWD -0.430579622543332 0.9025525960576711 ADC 1.3210936522852925 ADR 1.3210936522852925 PC 0 OG 0 OR 3 R 1 C 1
POS -269.9811623415205 1343.869727899627 FWD -0.9809638305241283 -0.19419053324873847 ADC 0.19203378941936303 ADR 0.19203378941936303 PC 0 OG 3 OR 1 R 0 C 1
POS -369.59419085000206 1377.2047287831626 FWD -0.658655850229934 0.7524443308032048 ADC 1.6247381004549177 ADR 1.6247381004549177 PC 0 OG 0 OR 3 R 1 C 1
POS -443.2323194640949 1380.7066478051825 FWD -0.715838059567486 -0.6982663334821867 ADC 0.3880907041786382 ADR 0.3880907041786382 PC 0 OG 0 OR 1 R 1 C 1
POS -458.7914642200436 1358.2406817054766 FWD -0.3983643192590556 -0.917227272349263 ADC 0.04596376714392046 ADR 0.04596376714392046 PC 0 OG 3 OR 1 R 0 C 1
