Sailor13{Dest=null;Pos=oar(LEFT,5,0);[X=5;Y=0]} Sailor15{Dest=null;Pos=oar(RIGHT,5,2);[X=5;Y=2]} Sailor16{Dest=null;Pos=oar(LEFT,1,0);[X=1;Y=0]} Sailor18{Dest=null;Pos=oar(RIGHT,1,2);[X=1;Y=2]} Sailor
19{Dest=null;Pos=oar(LEFT,2,0);[X=2;Y=0]} Sailor20{Dest=null;Pos=oar(RIGHT,4,2);[X=4;Y=2]} Sailor21{Dest=null;Pos=oar(RIGHT,2,2);[X=2;Y=2]} Sailor22{Dest=null;Pos=oar(LEFT,3,0);[X=3;Y=0]} Sailor24{Des
t=null;Pos=oar(RIGHT,3,2);[X=3;Y=2]} Sailor25{Dest=null;Pos=oar(LEFT,4,0);[X=4;Y=0]} Rudder_Rotation=-0,00 Oar_Rotation=0,00 pos(3778,51;-936,59;4,08) Wanted_Rotation=-0.039568378529629133 Rudder_Rota
tion=-0,04 Oar_Rotation=0,00 pos(3758,61;-962,91;4,04) Wanted_Rotation=0.10168383818047563 Rudder_Rotation=0,10 pos(3758,61;-962,91;4,15) Wanted_Rotation=-1.7763568394002505E-15 Rudder_Rotation=-0,00 
Oar_Rotation=0,00 pos(3670,17;-1102,21;4,15) Wanted_Rotation=0.23148495210489273 Rudder_Rotation=0,23 pos(3670,17;-1102,21;4,38) Wanted_Rotation=-2.8421709430404007E-14 Rudder_Rotation=-0,00 Oar_Rotat
ion=0,00 pos(3615,09;-1263,49;4,38) Wanted_Rotation=0.009592107034901725 Rudder_Rotation=0,01 Oar_Rotation=0,00 pos(3602,67;-1304,57;4,39) Wanted_Rotation=-0.011978798656718095 Rudder_Rotation=-0,01 O
ar_Rotation=0,00 pos(3590,82;-1342,28;4,38) CP0passed Wanted_Rotation=-1.5189780563903121 Rudder_Rotation=-0,79 Oar_Rotation=-0,73 pos(3486,45;-1404,05;2,96) Wanted_Rotation=-0.11982864821279948 Rudde
r_Rotation=-0,12 Oar_Rotation=0,00 pos(3326,23;-1365,04;2,84) Wanted_Rotation=-0.019745115687323622 Rudder_Rotation=-0,02 Oar_Rotation=0,00 pos(3169,05;-1314,84;2,82) Wanted_Rotation=0.067773869700302
3 Rudder_Rotation=0,07 Oar_Rotation=0,00 pos(3010,76;-1268,37;2,89) Wanted_Rotation=-0.020034801408514102 Rudder_Rotation=-0,02 Oar_Rotation=0,00 pos(2851,36;-1225,75;2,87) Wanted_Rotation=-0.02054670
7092816252 Rudder_Rotation=-0,02 Oar_Rotation=0,00 pos(2692,86;-1179,91;2,85) Wanted_Rotation=-0.02070252838133202 Rudder_Rotation=-0,02 Oar_Rotation=0,00 pos(2535,34;-1130,81;2,83) Wanted_Rotation=-0
.020859248575567424 Rudder_Rotation=-0,02 Oar_Rotation=0,00 pos(2378,87;-1078,44;2,81) Wanted_Rotation=-0.02101828358408886 Rudder_Rotation=-0,02 Oar_Rotation=0,00 pos(2223,54;-1022,81;2,79) Wanted_Ro
tation=0.06608677313474454 Rudder_Rotation=0,07 Oar_Rotation=0,00 pos(2067,03;-970,64;2,85) Wanted_Rotation=-0.02164238047503142 Rudder_Rotation=-0,02 Oar_Rotation=0,00 pos(1909,36;-922,02;2,83) Wante
d_Rotation=-0.022062299813921715 Rudder_Rotation=-0,02 Oar_Rotation=0,00 pos(1752,79;-869,97;2,81) Wanted_Rotation=-0.02219266532709563 Rudder_Rotation=-0,02 Oar_Rotation=0,00 pos(1597,41;-814,46;2,79
) Wanted_Rotation=-0.022323614178006768 Rudder_Rotation=-0,02 Oar_Rotation=0,00 pos(1566,59;-802,67;2,76) Wanted_Rotation=-0.0044698817276764835 Rudder_Rotation=-0,00 Oar_Rotation=0,00 pos(1413,29;-74
1,64;2,76) Wanted_Rotation=-0.022431978644406048 Rudder_Rotation=-0,02 Oar_Rotation=0,00 pos(1382,80;-729,03;2,74) Wanted_Rotation=0.08276362052916264 Rudder_Rotation=0,08 pos(1382,80;-729,03;2,82) Wa
nted_Rotation=-0.08726646259972304 Rudder_Rotation=-0,09 pos(1382,80;-729,03;2,73) Wanted_Rotation=-1.199040866595169E-14 Rudder_Rotation=-0,00 Oar_Rotation=0,00 pos(1231,34;-663,56;2,73) Wanted_Rotat
ion=-0.28438406067957134 Rudder_Rotation=-0,28 pos(1231,34;-663,56;2,45) Wanted_Rotation=-6.661338147750939E-15 Rudder_Rotation=-0,00 Oar_Rotation=0,00 pos(1129,51;-605,55;2,45) Wanted_Rotation=0.0258
62388435753836 Rudder_Rotation=0,03 pos(1167,06;-676,18;2,48) Wanted_Rotation=0.026456537547545955 Rudder_Rotation=0,03 pos(1204,62;-746,82;2,50) Wanted_Rotation=0.02659913537462344 Rudder_Rotation=0,
03 Oar_Rotation=0,00 pos(1215,46;-798,10;2,53) Wanted_Rotation=0.1878323325293053 Rudder_Rotation=0,19 Oar_Rotation=0,00 pos(1110,08;-786,79;2,72) Wanted_Rotation=0.29290303114291116 Rudder_Rotation=0
,29 Oar_Rotation=0,00 pos(989,66;-811,88;3,01) Wanted_Rotation=-0.8126901853649119 Rudder_Rotation=-0,79 Oar_Rotation=-0,03 pos(887,80;-802,41;2,22) Wanted_Rotation=0.43507679767413143 Rudder_Rotation
=0,44 Oar_Rotation=0,00 pos(800,45;-767,24;2,66) Wanted_Rotation=0.027077269869834386 Rudder_Rotation=0,03 Oar_Rotation=0,00 pos(690,88;-763,20;2,69) Wanted_Rotation=-0.04014734902953332 Rudder_Rotati
on=-0,04 Oar_Rotation=0,00 pos(581,78;-758,25;2,65) Wanted_Rotation=-0.009686236443503526 Rudder_Rotation=-0,01 Oar_Rotation=0,00 pos(474,61;-749,64;2,64) Wanted_Rotation=-0.023527554698928865 Rudder_
Rotation=-0,02 Oar_Rotation=0,00 pos(368,78;-738,65;2,61) Wanted_Rotation=-0.19869549146083343 Rudder_Rotation=-0,20 Oar_Rotation=0,00 pos(273,01;-712,54;2,41) Wanted_Rotation=0.0556077311386296 Rudde
r_Rotation=0,06 Oar_Rotation=0,00 pos(184,44;-676,83;2,47) Wanted_Rotation=-0.03322050572901192 Rudder_Rotation=-0,03 Oar_Rotation=0,00 pos(94,63;-642,58;2,44) Wanted_Rotation=-0.014134874739331837 Ru
dder_Rotation=-0,01 Oar_Rotation=0,00 pos(-8,42;-575,66;2,42) Wanted_Rotation=-1.1745374868198453 Rudder_Rotation=-0,79 Oar_Rotation=-0,39 pos(-50,66;-441,82;1,32) Wanted_Rotation=0.3540235605319505 S
ailor17{Dest=null;Pos=sail(MIDDLE,3,1,false);[X=3;Y=1]} Lift_Sail Rudder_Rotation=0,35 Oar_Rotation=0,00 pos(-0,06;-344,11;1,68) Wanted_Rotation=0.5948079401624066 Lower_Sail Rudder_Rotation=0,59 Oar_
Rotation=0,00 pos(-25,79;-264,99;2,27) Wanted_Rotation=0.11564421785800783 Rudder_Rotation=0,12 Oar_Rotation=0,00 pos(-101,54;-215,81;2,39) Wanted_Rotation=-0.03157150079873883 Rudder_Rotation=-0,03 O
ar_Rotation=0,00 pos(-182,38;-171,53;2,36) Wanted_Rotation=-1.2704793118129178 Rudder_Rotation=-0,79 Oar_Rotation=-0,49 pos(-155,06;-121,32;0,94) Wanted_Rotation=1.0989947284364465 Lift_Sail Rudder_Ro
tation=0,79 Oar_Rotation=0,31 pos(-98,96;-46,87;2,04) Wanted_Rotation=0.2921289235020348 Lower_Sail Rudder_Rotation=0,29 Oar_Rotation=0,00 pos(-156,23;16,81;2,33) Wanted_Rotation=1.640874999158104E-4 
Rudder_Rotation=0,00 Oar_Rotation=0,00 pos(-232,63;65,50;2,33) Wanted_Rotation=-0.021872859142643697 Rudder_Rotation=-0,02 Oar_Rotation=0,00 pos(-307,74;115,40;2,31) Wanted_Rotation=-0.172193836388860
43 Rudder_Rotation=-0,17 Oar_Rotation=0,00 pos(-370,61;175,42;2,14) Wanted_Rotation=-0.8184189095145686 Rudder_Rotation=-0,79 Oar_Rotation=-0,03 pos(-361,78;262,99;1,35) Wanted_Rotation=0.675372711227
826 Lift_Sail Rudder_Rotation=0,68 Oar_Rotation=0,00 pos(-339,93;346,13;2,03) Wanted_Rotation=0.12387632217444722 Lower_Sail Rudder_Rotation=0,12 Oar_Rotation=0,00 pos(-384,26;418,62;2,15) Wanted_Rota
tion=-0.020614026548348763 Rudder_Rotation=-0,02 Oar_Rotation=0,00 pos(-436,03;486,71;2,13) Wanted_Rotation=-0.015509501526636882 Rudder_Rotation=-0,02 Oar_Rotation=0,00 pos(-485,27;556,40;2,12) Wante
d_Rotation=-0.01599478172307245 Rudder_Rotation=-0,02 Oar_Rotation=0,00 pos(-532,29;627,44;2,10) Wanted_Rotation=-0.1569424369848348 Rudder_Rotation=-0,16 Oar_Rotation=0,00 pos(-566,79;705,05;1,94) Wa
nted_Rotation=0.011873868610000282 Rudder_Rotation=0,01 Oar_Rotation=0,00 pos(-590,29;787,70;1,96) Wanted_Rotation=-0.014715787771218514 Rudder_Rotation=-0,01 Oar_Rotation=0,00 pos(-613,59;870,43;1,94
) Wanted_Rotation=-0.012552274449743495 Rudder_Rotation=-0,01 Oar_Rotation=0,00 pos(-634,80;953,97;1,93) Wanted_Rotation=-0.012675421356003524 Rudder_Rotation=-0,01 Oar_Rotation=0,00 pos(-654,05;1038,
24;1,92) Wanted_Rotation=-0.1449357367895322 Rudder_Rotation=-0,14 Oar_Rotation=0,00 pos(-661,00;1126,34;1,77) Wanted_Rotation=0.009793208531664765 Rudder_Rotation=0,01 Oar_Rotation=0,00 pos(-657,04;1
217,25;1,78) Wanted_Rotation=-0.010701749178319286 Rudder_Rotation=-0,01 Oar_Rotation=0,00 pos(-653,01;1308,17;1,77) Wanted_Rotation=-0.009245697268011166 Rudder_Rotation=-0,01 Oar_Rotation=0,00 pos(-
647,38;1399,42;1,76) Wanted_Rotation=-0.13596595309588205 Rudder_Rotation=-0,14 Oar_Rotation=0,00 pos(-630,00;1492,41;1,62) Wanted_Rotation=0.010692825138069628 Rudder_Rotation=0,01 Oar_Rotation=0,00 
pos(-602,23;1586,49;1,64) Wanted_Rotation=-0.007077856312828978 Rudder_Rotation=-0,01 Oar_Rotation=0,00 pos(-574,78;1680,54;1,63) Wanted_Rotation=-0.005860540909647383 Rudder_Rotation=-0,01 Oar_Rotati
on=0,00 pos(-546,25;1774,66;1,62) Wanted_Rotation=-0.005971444750067445 Rudder_Rotation=-0,01 Oar_Rotation=0,00 pos(-516,75;1868,82;1,62) Wanted_Rotation=-0.00598339843449297 Rudder_Rotation=-0,01 Oar
_Rotation=0,00 pos(-486,27;1963,04;1,61) Wanted_Rotation=-0.006004608657964539 Rudder_Rotation=-0,01 Oar_Rotation=0,00 pos(-454,80;2057,29;1,60) Wanted_Rotation=-0.006027017945695268 Rudder_Rotation=-
0,01 Oar_Rotation=0,00 pos(-422,33;2151,57;1,60) Wanted_Rotation=-0.0060513337771196385 Rudder_Rotation=-0,01 Oar_Rotation=0,00 pos(-385,59;2113,93;1,59) Wanted_Rotation=0.01439355105218637 Rudder_Rot
ation=0,01 Oar_Rotation=0,00 pos(-348,99;2076,28;1,61) Wanted_Rotation=0.09153832244025834 Rudder_Rotation=0,09 Oar_Rotation=0,00 pos(-314,12;2038,52;1,70) Wanted_Rotation=0.20936742484562937 Rudder_R
otation=0,21 pos(-276,56;1967,88;1,91) Wanted_Rotation=0.18907181892977942 Rudder_Rotation=0,19 pos(-239,00;1897,25;2,10) Wanted_Rotation=0.20693030523806144 Rudder_Rotation=0,21 pos(-201,44;1826,61;2
,30) Wanted_Rotation=0.26859340720518377 Rudder_Rotation=0,27 pos(-163,88;1755,98;2,57) Wanted_Rotation=0.08829280307016485 Rudder_Rotation=0,09 pos(-126,33;1685,34;2,66) Wanted_Rotation=-0.0019173397
592965324 Rudder_Rotation=-0,00 pos(-88,77;1614,71;2,66) Wanted_Rotation=0.0239755940610914 Rudder_Rotation=0,02 pos(-51,21;1544,07;2,68) Wanted_Rotation=0.013596800755550587 Rudder_Rotation=0,01 pos(
-13,65;1473,43;2,70) Wanted_Rotation=0.01702536194328752 Rudder_Rotation=0,02 pos(23,90;1402,80;2,71) Wanted_Rotation=0.015062533786395993 Rudder_Rotation=0,02 pos(61,46;1332,16;2,73) Wanted_Rotation=
0.015345267802602813 Rudder_Rotation=0,02 pos(99,02;1261,53;2,74) Wanted_Rotation=0.014661741657964633 Rudder_Rotation=0,01 pos(136,58;1190,89;2,76) Wanted_Rotation=0.014428387454900049 Rudder_Rotatio
n=0,01 pos(174,13;1120,25;2,77) Wanted_Rotation=0.013991583035601551 Rudder_Rotation=0,01 pos(211,69;1049,62;2,79) Wanted_Rotation=0.013667562890920637 Rudder_Rotation=0,01 pos(249,25;978,98;2,80) Wan
ted_Rotation=0.013297445678172815 Rudder_Rotation=0,01 pos(286,81;908,35;2,81) Wanted_Rotation=0.012965022686884264 Rudder_Rotation=0,01 pos(324,37;837,71;2,83) Wanted_Rotation=0.012624833022461424 Ru
dder_Rotation=0,01 pos(361,92;767,08;2,84) Wanted_Rotation=0.012302828459138326 Rudder_Rotation=0,01 pos(399,48;696,44;2,85) Wanted_Rotation=-0.18541878455452965 Rudder_Rotation=-0,19 pos(437,04;625,8
0;2,67) Wanted_Rotation=0.1288259236175714 Rudder_Rotation=0,13 pos(474,60;555,17;2,80) Wanted_Rotation=-0.03170658758130329 Rudder_Rotation=-0,03 pos(512,15;484,53;2,76) Wanted_Rotation=0.03604068160
782814 Rudder_Rotation=0,04 pos(549,71;413,90;2,80) Wanted_Rotation=-0.0010298303615510207 Rudder_Rotation=-0,00 pos(587,27;343,26;2,80) Wanted_Rotation=0.018322160050129876 Rudder_Rotation=0,02 pos(6
24,83;272,62;2,82) Wanted_Rotation=0.006927622327397964 Rudder_Rotation=0,01 pos(662,39;201,99;2,82) Wanted_Rotation=0.013068806509193842 Rudder_Rotation=0,01 pos(699,94;131,35;2,84) Wanted_Rotation=0
.008974341024076904 Rudder_Rotation=0,01 pos(737,50;60,72;2,85) Wanted_Rotation=0.011065677485612602 Rudder_Rotation=0,01 pos(775,06;-9,92;2,86) Wanted_Rotation=0.00933777057403029 Rudder_Rotation=0,0
1 pos(812,62;-80,55;2,87) Wanted_Rotation=0.01005256602808402 Rudder_Rotation=0,01 pos(850,17;-151,19;2,88) Wanted_Rotation=-0.1912347752101563 Rudder_Rotation=-0,19 pos(887,73;-221,83;2,69) Wanted_Ro
tation=0.1341519202107576 Rudder_Rotation=0,13 pos(925,29;-292,46;2,82) Wanted_Rotation=-0.04096503189703016 Rudder_Rotation=-0,04 pos(962,85;-363,10;2,78) Wanted_Rotation=0.039126098063450576 Rudder_
Rotation=0,04 pos(1000,40;-433,73;2,82) Wanted_Rotation=-0.007077871641692712 Rudder_Rotation=-0,01 pos(1037,96;-504,37;2,81) Wanted_Rotation=0.018570894861019815 Rudder_Rotation=0,02 pos(1075,52;-575
,00;2,83) Wanted_Rotation=0.0030276477813688807 Rudder_Rotation=0,00 pos(1113,08;-645,64;2,83) Wanted_Rotation=0.012020212544530673 Rudder_Rotation=0,01 pos(1150,64;-716,28;2,84) Wanted_Rotation=0.006
146694106739514 Rudder_Rotation=0,01 pos(1188,19;-786,91;2,85) Wanted_Rotation=0.009528927361174278 Rudder_Rotation=0,01 Oar_Rotation=0,00 pos(1194,10;-848,21;2,86) Wanted_Rotation=-0.0020771386791996
75 Rudder_Rotation=-0,00 Oar_Rotation=0,00 pos(1073,22;-872,76;2,86) Wanted_Rotation=-0.2428616308154573 Rudder_Rotation=-0,24 Oar_Rotation=0,00 pos(959,46;-878,64;2,61) Wanted_Rotation=0.122232156932
61325 Rudder_Rotation=0,12 Oar_Rotation=0,00 pos(849,74;-875,12;2,74) Wanted_Rotation=-0.07201281456364772 Rudder_Rotation=-0,07 Oar_Rotation=0,00 pos(738,07;-875,43;2,66) Wanted_Rotation=0.0087729378
71625697 Rudder_Rotation=0,01 Oar_Rotation=0,00 pos(628,70;-870,98;2,67) Wanted_Rotation=-0.031846665961623444 Rudder_Rotation=-0,03 Oar_Rotation=0,00 pos(520,20;-864,88;2,64) Wanted_Rotation=-0.19660
251927194183 Rudder_Rotation=-0,20 Oar_Rotation=0,00 pos(421,53;-842,88;2,45) Wanted_Rotation=0.058811906067589015 Rudder_Rotation=0,06 Oar_Rotation=0,00 pos(329,51;-811,42;2,50) Wanted_Rotation=-0.03
551696916242342 Rudder_Rotation=-0,04 Oar_Rotation=0,00 pos(236,24;-781,52;2,47) Wanted_Rotation=-0.013151463521280937 Rudder_Rotation=-0,01 Oar_Rotation=0,00 pos(145,46;-748,45;2,46) Wanted_Rotation=
-0.01943824113341308 Rudder_Rotation=-0,02 Oar_Rotation=0,00 pos(36,86;-676,57;2,44) Wanted_Rotation=-1.1783525113506583 Rudder_Rotation=-0,79 Oar_Rotation=-0,39 pos(-7,64;-542,64;1,34) Wanted_Rotatio
n=0.32505518305778186 Lift_Sail Rudder_Rotation=0,33 Oar_Rotation=0,00 pos(39,91;-439,11;1,66) Wanted_Rotation=0.614567554870197 Lower_Sail Rudder_Rotation=0,61 Oar_Rotation=0,00 pos(15,00;-359,82;2,2
8) Wanted_Rotation=0.12502976100651797 Rudder_Rotation=0,13 Oar_Rotation=0,00 pos(-61,87;-311,74;2,40) Wanted_Rotation=-0.03201553880566688 Rudder_Rotation=-0,03 Oar_Rotation=0,00 pos(-145,06;-267,71;
2,37) Wanted_Rotation=-1.154257829439819 Rudder_Rotation=-0,79 Oar_Rotation=-0,37 pos(-165,48;-159,36;1,27) Wanted_Rotation=0.8596747993074906 Lift_Sail Rudder_Rotation=0,79 Oar_Rotation=0,07 pos(-138
,26;-74,90;2,05) Wanted_Rotation=0.2762214388787322 Lower_Sail Rudder_Rotation=0,28 Oar_Rotation=0,00 pos(-196,36;-11,74;2,33) Wanted_Rotation=-0.003896284068995448 Rudder_Rotation=-0,00 Oar_Rotation=
0,00 pos(-272,27;37,42;2,33) Wanted_Rotation=-0.1771542393017893 Rudder_Rotation=-0,18 Oar_Rotation=0,00 pos(-337,24;96,79;2,15) Wanted_Rotation=-0.8669791314300758 Rudder_Rotation=-0,79 Oar_Rotation=
-0,08 pos(-339,87;202,41;1,36) Wanted_Rotation=0.6733953603708954 Lift_Sail Rudder_Rotation=0,67 Oar_Rotation=0,00 pos(-319,47;284,80;2,04) Wanted_Rotation=0.12435464624511161 Lower_Sail Rudder_Rotati
on=0,12 Oar_Rotation=0,00 pos(-365,08;356,54;2,16) Wanted_Rotation=-0.020761400940565666 Rudder_Rotation=-0,02 Oar_Rotation=0,00 pos(-418,12;423,81;2,14) Wanted_Rotation=-0.015494575658033582 Rudder_R
otation=-0,02 Oar_Rotation=0,00 pos(-468,63;492,70;2,13) Wanted_Rotation=-0.016010105588773915 Rudder_Rotation=-0,02 Oar_Rotation=0,00 pos(-516,94;562,96;2,11) Wanted_Rotation=-0.015797780299172115 Ru
Rudder_Rotation=0,01 Oar_Rotation=0,00 pos(-619,07;795,67;1,95) Wanted_Rotation=-0.01457351685712216 Rudder_Rotation=-0,01 Oar_Rotation=0,00 pos(-641,41;878,78;1,93) Wanted_Rotation=-0.012446717660101
303 Rudder_Rotation=-0,01 Oar_Rotation=0,00 pos(-661,66;962,68;1,92) Wanted_Rotation=-0.14516504610299868 Rudder_Rotation=-0,15 Oar_Rotation=0,00 pos(-669,63;1050,49;1,78) Wanted_Rotation=0.0099333160
09259507 Rudder_Rotation=0,01 Oar_Rotation=0,00 pos(-666,70;1141,18;1,79) Wanted_Rotation=-0.010697231501323123 Rudder_Rotation=-0,01 Oar_Rotation=0,00 pos(-663,72;1231,88;1,78) Wanted_Rotation=-0.009
22822242326693 Rudder_Rotation=-0,01 Oar_Rotation=0,00 pos(-659,14;1322,92;1,77) Wanted_Rotation=-0.009331094495213854 Rudder_Rotation=-0,01 Oar_Rotation=0,00 pos(-653,05;1414,25;1,76) Wanted_Rotation
=-0.1358388582366319 Rudder_Rotation=-0,14 Oar_Rotation=0,00 pos(-635,22;1507,30;1,62) Wanted_Rotation=0.010691713609814357 Rudder_Rotation=0,01 Oar_Rotation=0,00 pos(-607,00;1601,40;1,63) Wanted_Rota
tion=-0.007047701212422874 Rudder_Rotation=-0,01 Oar_Rotation=0,00 pos(-579,10;1695,48;1,63) Wanted_Rotation=-0.005832044041895856 Rudder_Rotation=-0,01 Oar_Rotation=0,00 pos(-550,13;1789,62;1,62) Wan
ted_Rotation=-0.005943386666963868 Rudder_Rotation=-0,01 Oar_Rotation=0,00 pos(-520,20;1883,81;1,61) Wanted_Rotation=-0.005955835903531381 Rudder_Rotation=-0,01 Oar_Rotation=0,00 pos(-489,28;1978,04;1
,61) Wanted_Rotation=-0.00597754716412402 Rudder_Rotation=-0,01 Oar_Rotation=0,00 pos(-457,38;2072,31;1,60) Wanted_Rotation=-0.006000464331029576 Rudder_Rotation=-0,01 Oar_Rotation=0,00 pos(-424,50;21
66,61;1,60) Wanted_Rotation=-0.006025296242487044 Rudder_Rotation=-0,01 Oar_Rotation=0,00 pos(-387,68;2128,96;1,59) Wanted_Rotation=-0.003542453032994608 Rudder_Rotation=-0,00 Oar_Rotation=0,00 pos(-3
50,70;2091,32;1,59) Wanted_Rotation=0.07895035376926135 Rudder_Rotation=0,08 pos(-313,14;2020,69;1,67) Wanted_Rotation=0.26140290624047624 Rudder_Rotation=0,26 pos(-275,58;1950,05;1,93) Wanted_Rotatio
n=0.22250149592708057 Rudder_Rotation=0,22 pos(-238,02;1879,41;2,15) Wanted_Rotation=0.2577521000190619 Rudder_Rotation=0,26 pos(-200,46;1808,78;2,41) Wanted_Rotation=0.2359423690188599 Rudder_Rotatio
n=0,24 pos(-162,91;1738,14;2,64) Wanted_Rotation=0.002347948489206275 Rudder_Rotation=0,00 pos(-125,35;1667,51;2,65) Wanted_Rotation=0.02249422191597994 Rudder_Rotation=0,02 pos(-87,79;1596,87;2,67) W
anted_Rotation=0.014674386746841184 Rudder_Rotation=0,01 pos(-50,23;1526,23;2,68) Wanted_Rotation=0.0169995313313408 Rudder_Rotation=0,02 pos(-12,68;1455,60;2,70) Wanted_Rotation=0.015533040233978723 
Rudder_Rotation=0,02 pos(24,88;1384,96;2,72) Wanted_Rotation=0.015579836111258683 Rudder_Rotation=0,02 pos(62,44;1314,33;2,73) Wanted_Rotation=0.015004124798546403 Rudder_Rotation=0,02 pos(100,00;1243
,69;2,75) Wanted_Rotation=0.014709929862168791 Rudder_Rotation=0,01 pos(137,55;1173,06;2,76) Wanted_Rotation=0.014296848824596697 Rudder_Rotation=0,01 pos(175,11;1102,42;2,77) Wanted_Rotation=0.013951
64902703161 Rudder_Rotation=0,01 pos(212,67;1031,78;2,79) Wanted_Rotation=0.013584207638543622 Rudder_Rotation=0,01 pos(250,23;961,15;2,80) Wanted_Rotation=0.013240663996201163 Rudder_Rotation=0,01 po
s(287,79;890,51;2,82) Wanted_Rotation=0.01289704008193504 Rudder_Rotation=0,01 pos(325,34;819,88;2,83) Wanted_Rotation=0.012566756904921705 Rudder_Rotation=0,01 pos(362,90;749,24;2,84) Wanted_Rotation
=-0.18410273768856256 Rudder_Rotation=-0,18 pos(400,46;678,60;2,66) Wanted_Rotation=0.12610343266903867 Rudder_Rotation=0,13 pos(438,02;607,97;2,78) Wanted_Rotation=-0.028912373418036985 Rudder_Rotati
on=-0,03 pos(475,57;537,33;2,75) Wanted_Rotation=0.034202979509956766 Rudder_Rotation=0,03 pos(513,13;466,70;2,79) Wanted_Rotation=5.97962682941322E-4 Rudder_Rotation=0,00 pos(550,69;396,06;2,79) Want
ed_Rotation=0.017591316930587575 Rudder_Rotation=0,02 pos(588,25;325,43;2,81) Wanted_Rotation=0.0077938313564125394 Rudder_Rotation=0,01 pos(625,81;254,79;2,81) Wanted_Rotation=0.012860756614735291 Ru
dder_Rotation=0,01 pos(663,36;184,15;2,83) Wanted_Rotation=0.009481231836782511 Rudder_Rotation=0,01 pos(700,92;113,52;2,84) Wanted_Rotation=0.01107871501689972 Rudder_Rotation=0,01 pos(738,48;42,88;2
,85) Wanted_Rotation=0.009680812753071866 Rudder_Rotation=0,01 pos(776,04;-27,75;2,86) Wanted_Rotation=0.010156292818400137 Rudder_Rotation=0,01 pos(813,59;-98,39;2,87) Wanted_Rotation=-0.190123293318
74123 Rudder_Rotation=-0,19 pos(851,15;-169,02;2,68) Wanted_Rotation=0.13181862240911313 Rudder_Rotation=0,13 pos(888,71;-239,66;2,81) Wanted_Rotation=-0.03843618484254674 Rudder_Rotation=-0,04 pos(92
6,27;-310,30;2,77) Wanted_Rotation=0.03728433521816088 Rudder_Rotation=0,04 pos(963,82;-380,93;2,81) Wanted_Rotation=-0.005472018467385764 Rudder_Rotation=-0,01 pos(1001,38;-451,57;2,80) Wanted_Rotati
on=0.01770140944799159 Rudder_Rotation=0,02 pos(1038,94;-522,20;2,82) Wanted_Rotation=0.003921239348938954 Rudder_Rotation=0,00 pos(1076,50;-592,84;2,82) Wanted_Rotation=0.011680499870853622 Rudder_Ro
