nbSailors :13
 nbOar :10
[Checkpoint{position=P{ 3556.2644175317155 , -1430.219146482121 }, shape=type : circle [ radius : 100.0 ] }, Checkpoint{position=P{ 2290.4051326412828 , 6279.555940023068 }, shape=type : circle [ radi
OT{aT=[-1.5707963267948966, -1.2566370614359172, -0.9424777960769379, -0.6283185307179586, -0.3141592653589793, 0.0, 0.3141592653589793, 0.6283185307179586, 0.9424777960769379, 1.2566370614359172, 1.5

 - - - 

P{ 3460.207612456746 , -765.5709342560549 }
S0: move: 0x, 1y

S0 is now on (0,1)
S1: move: 5x, 0y

S1 is now on (5,1)
S2: move: 5x, 0y

S2 is now on (5,2)
S7: move: 3x, -1y

S7 is now on (5,0)
S10: move: 1x, 1y

S10 is now on (4,2)
Checkpoint done
P{ 3460.207612456746 , -765.5709342560549 }

S1: turn : 0.05626253104680323

S0: watch

 - - - 

P{ 3460.207612456746 , -765.5709342560549 }
P{ 3479.15739823213 , -929.4572528713468 }

Votre Capitaine a detecté un iceberg...
S1: turn : 0.009250504049917119

S0: watch

 - - - 

P{ 3479.15739823213 , -929.4572528713468 }
P{ 3503.505883663358 , -1092.650258653135 }

S1: turn : 0.002255979520848328

S0: watch

 - - - 

P{ 3503.505883663358 , -1092.650258653135 }
P{ 3528.798636858698 , -1255.7001439345452 }

S1: turn : 0.0010640322236152855

S0: watch

 - - - 

P{ 3528.798636858698 , -1255.7001439345452 }
Checkpoint done
P{ 3554.3629945453 , -1418.7076929859004 }

S1: turn : -0.7853981633974483

S0: watch

 - - - 

P{ 3554.3629945453 , -1418.7076929859004 }
Obstacle détecté sur votre trajet
P{ 3499.566283572718 , -1453.1067227686085 }

S1: turn : -0.1108568115737345

S0: watch

 - - - 

P{ 3499.566283572718 , -1453.1067227686085 }
Obstacle détecté sur votre trajet
P{ 3406.0737277983026 , -1447.2898472396005 }

S1: turn : -0.011716893280063978

S0: watch

 - - - 

P{ 3406.0737277983026 , -1447.2898472396005 }
Obstacle détecté sur votre trajet
P{ 3262.1266539655767 , -1527.936784570719 }

S1: turn : -0.019574188564209116

S0: watch

 - - - 

P{ 3262.1266539655767 , -1527.936784570719 }
Obstacle détecté sur votre trajet
P{ 3116.940050970267 , -1606.3267146621358 }

S1: turn : -0.01939271295461964

S0: watch

 - - - 

P{ 3116.940050970267 , -1606.3267146621358 }
Obstacle détecté sur votre trajet
P{ 2970.2536823909363 , -1681.8730987160045 }

S1: turn : -0.019244554178824202

S0: watch

 - - - 

P{ 2970.2536823909363 , -1681.8730987160045 }
Obstacle détecté sur votre trajet
P{ 2822.135234028372 , -1754.5716895620217 }

S1: turn : -0.01909858013639454

S0: watch

 - - - 

P{ 2822.135234028372 , -1754.5716895620217 }
Obstacle détecté sur votre trajet
P{ 2672.65025884822 , -1824.41733902256 }

S1: turn : -0.018954856254945085

S0: watch

 - - - 

P{ 2672.65025884822 , -1824.41733902256 }
Obstacle détecté sur votre trajet
P{ 2521.8634050221403 , -1891.4062162566752 }

S1: turn : 0.09105844441697863

S0: watch

 - - - 

P{ 2521.8634050221403 , -1891.4062162566752 }
Obstacle détecté sur votre trajet
P{ 2429.6960556752338 , -1875.730991325749 }

S1: turn : -0.011241186410638204

S0: watch

 - - - 

P{ 2429.6960556752338 , -1875.730991325749 }
Obstacle détecté sur votre trajet
P{ 2310.399616615495 , -1761.7438299056982 }

