
SP:0.0 0.0 0.0
target:50.0 1000.0 circle
AI:1.521
MSR:
1|0,1=>3,1
MSO:
MSO:
3|1,0=>1,2
UO:
0,0|0
0,2|2
1,2|3
4|1

SP:61.183 46.314 1.309
target:50.0 1000.0 circle
AI:0.274
MSR:
MSO:
MSO:
UO:
0,0|0
0,2|2
4|1

SP:68.095 100.705 1.583
target:50.0 1000.0 circle
AI:0.008
MSR:
MSO:
MSO:
UO:
0,0|0
0,2|2
4|1

SP:67.222 155.698 1.591
target:50.0 1000.0 circle
AI:0.0
MSR:
MSO:
MSO:
UO:
0,0|0
0,2|2
4|1

SP:66.108 210.687 1.591
target:50.0 1000.0 circle
AI:0.0
MSR:
MSO:
MSO:
UO:
0,0|0
0,2|2
4|1

SP:64.986 265.676 1.591
target:50.0 1000.0 circle
AI:0.0
MSR:
MSO:
MSO:
UO:
0,0|0
0,2|2
4|1

SP:63.863 320.664 1.591
target:50.0 1000.0 circle
AI:0.0
MSR:
MSO:
MSO:
UO:
0,0|0
0,2|2
4|1

SP:62.741 375.653 1.591
target:50.0 1000.0 circle
AI:0.0
MSR:
MSO:
MSO:
UO:
0,0|0
0,2|2
4|1

SP:61.619 430.641 1.591
target:50.0 1000.0 circle
AI:0.0
MSR:
MSO:
MSO:
UO:
0,0|0
0,2|2
4|1

SP:60.497 485.63 1.591
target:50.0 1000.0 circle
AI:0.0
MSR:
MSO:
MSO:
UO:
0,0|0
0,2|2
4|1

SP:59.375 540.618 1.591
target:50.0 1000.0 circle
AI:0.0
MSR:
MSO:
MSO:
UO:
0,0|0
0,2|2
4|1

SP:58.253 595.607 1.591
target:50.0 1000.0 circle
AI:0.0
MSR:
MSO:
MSO:
UO:
0,0|0
0,2|2
4|1

SP:57.13 650.595 1.591
target:50.0 1000.0 circle
AI:0.0
MSR:
MSO:
MSO:
UO:
0,0|0
0,2|2
4|1

SP:56.008 705.584 1.591
target:50.0 1000.0 circle
AI:0.0
MSR:
MSO:
MSO:
UO:
0,0|0
0,2|2
4|1

SP:54.886 760.572 1.591
target:50.0 1000.0 circle
AI:0.0
MSR:
MSO:
MSO:
UO:
0,0|0
0,2|2
4|1

SP:53.764 815.561 1.591
target:50.0 1000.0 circle
AI:0.0
MSR:
MSO:
MSO:
UO:
0,0|0
0,2|2
4|1

SP:52.642 870.55 1.591
target:50.0 1000.0 circle
AI:0.0
MSR:
MSO:
MSO:
UO:
0,0|0
0,2|2
4|1

SP:51.52 925.538 1.591
target:50.0 1000.0 circle
AI:0.0
MSR:
MSO:
MSO:
UO:
0,0|0
0,2|2
4|1

SP:50.397 980.527 1.591
target:500.0 -200.0 circle
AI:-2.798
MSR:
MSO:
2|0,2=>1,0
3|1,2=>2,0
MSO:
UO:
0,0|0
1,0|2
2,0|3
4|1

SP:109.344 1007.197 -0.765
target:500.0 -200.0 circle
AI:-0.493
MSR:
MSO:
MSO:
2|1,0=>0,2
UO:
0,0|0
0,2|2
4|1

SP:138.35 961.121 -1.258
target:500.0 -200.0 circle
AI:-0.011
MSR:
MSO:
MSO:
UO:
0,0|0
0,2|2
4|1

SP:154.997 908.702 -1.269
target:500.0 -200.0 circle
AI:0.0
MSR:
MSO:
MSO:
UO:
0,0|0
0,2|2
4|1

SP:171.346 856.188 -1.269
target:500.0 -200.0 circle
AI:0.0
MSR:
MSO:
MSO:
UO:
0,0|0
0,2|2
4|1

SP:187.688 803.672 -1.269
target:500.0 -200.0 circle
AI:0.0
MSR:
MSO:
MSO:
UO:
0,0|0
0,2|2
4|1

SP:204.029 751.155 -1.269
target:500.0 -200.0 circle
AI:0.0
MSR:
MSO:
MSO:
UO:
0,0|0
0,2|2
4|1

SP:220.371 698.639 -1.269
target:500.0 -200.0 circle
AI:0.0
MSR:
MSO:
MSO:
UO:
0,0|0
0,2|2
4|1

SP:236.712 646.123 -1.269
target:500.0 -200.0 circle
AI:0.0
MSR:
MSO:
MSO:
UO:
0,0|0
0,2|2
4|1

SP:253.054 593.607 -1.269
target:500.0 -200.0 circle
AI:0.0
MSR:
MSO:
MSO:
UO:
0,0|0
0,2|2
4|1

SP:269.395 541.09 -1.269
target:500.0 -200.0 circle
AI:0.0
MSR:
MSO:
MSO:
UO:
0,0|0
0,2|2
4|1

SP:285.737 488.574 -1.269
target:500.0 -200.0 circle
AI:0.0
MSR:
MSO:
MSO:
UO:
0,0|0
0,2|2
4|1

SP:302.078 436.058 -1.269
target:500.0 -200.0 circle
AI:0.0
MSR:
MSO:
MSO:
UO:
0,0|0
0,2|2
4|1

SP:318.42 383.542 -1.269
target:500.0 -200.0 circle
AI:0.0
MSR:
MSO:
MSO:
UO:
0,0|0
0,2|2
4|1

SP:334.761 331.025 -1.269
target:500.0 -200.0 circle
AI:0.0
MSR:
MSO:
MSO:
UO:
0,0|0
0,2|2
4|1

SP:351.103 278.509 -1.269
target:500.0 -200.0 circle
AI:0.0
MSR:
MSO:
MSO:
UO:
0,0|0
0,2|2
4|1

SP:367.444 225.993 -1.269
target:500.0 -200.0 circle
AI:0.0
MSR:
MSO:
MSO:
UO:
0,0|0
0,2|2
4|1

SP:383.785 173.477 -1.269
target:500.0 -200.0 circle
AI:0.0
MSR:
MSO:
MSO:
UO:
0,0|0
0,2|2
4|1

SP:400.127 120.96 -1.269
target:500.0 -200.0 circle
AI:0.0
MSR:
MSO:
MSO:
UO:
0,0|0
0,2|2
4|1

SP:416.468 68.444 -1.269
target:500.0 -200.0 circle
AI:0.0
MSR:
MSO:
MSO:
UO:
0,0|0
0,2|2
4|1

SP:432.81 15.928 -1.269
target:500.0 -200.0 circle
AI:0.0
MSR:
MSO:
MSO:
UO:
0,0|0
0,2|2
4|1

SP:449.151 -36.588 -1.269
target:500.0 -200.0 circle
AI:0.0
MSR:
MSO:
MSO:
UO:
0,0|0
0,2|2
4|1

SP:465.493 -89.105 -1.269
target:500.0 -200.0 circle
AI:0.0
MSR:
MSO:
MSO:
UO:
0,0|0
0,2|2
4|1

SP:481.834 -141.621 -1.269
target:500.0 -200.0 circle
AI:0.0
MSR:
MSO:
MSO:
UO:
0,0|0
0,2|2
4|1

SP:498.176 -194.137 -1.269
target:-500.0 1250.0 circle
AI:-2.838
MSR:
MSO:
2|0,2=>1,0
MSO:
UO:
0,0|0
2,0|3
1,0|2
4|1

SP:448.948 -236.121 -3.625
target:-500.0 1250.0 circle
AI:-0.519
MSR:
MSO:
MSO:
2|1,0=>0,2
UO:
0,0|0
0,2|2
4|1

SP:408.806 -199.429 -4.144
target:-500.0 1250.0 circle
AI:-0.008
MSR:
MSO:
MSO:
UO:
0,0|0
0,2|2
4|1

SP:379.395 -152.953 -4.152
target:-500.0 1250.0 circle
AI:0.0
MSR:
MSO:
MSO:
UO:
0,0|0
0,2|2
4|1

SP:350.181 -106.353 -4.152
target:-500.0 1250.0 circle
AI:0.0
MSR:
MSO:
MSO:
UO:
0,0|0
0,2|2
4|1

SP:320.97 -59.751 -4.152
target:-500.0 1250.0 circle
AI:0.0
MSR:
MSO:
MSO:
UO:
0,0|0
0,2|2
4|1

SP:291.76 -13.149 -4.152
target:-500.0 1250.0 circle
AI:0.0
MSR:
MSO:
MSO:
UO:
0,0|0
0,2|2
4|1

SP:262.549 33.453 -4.152
target:-500.0 1250.0 circle
AI:0.0
MSR:
MSO:
MSO:
UO:
0,0|0
0,2|2
4|1

SP:233.338 80.054 -4.152
target:-500.0 1250.0 circle
AI:0.0
MSR:
MSO:
MSO:
UO:
0,0|0
0,2|2
4|1

SP:204.128 126.656 -4.152
target:-500.0 1250.0 circle
AI:0.0
MSR:
MSO:
MSO:
UO:
0,0|0
0,2|2
4|1

SP:174.917 173.258 -4.152
target:-500.0 1250.0 circle
AI:0.0
MSR:
MSO:
MSO:
UO:
0,0|0
0,2|2
4|1

SP:145.706 219.86 -4.152
target:-500.0 1250.0 circle
AI:0.0
MSR:
MSO:
MSO:
UO:
0,0|0
0,2|2
4|1

SP:116.496 266.462 -4.152
target:-500.0 1250.0 circle
AI:0.0
MSR:
MSO:
MSO:
UO:
0,0|0
0,2|2
4|1

SP:87.285 313.064 -4.152
target:-500.0 1250.0 circle
AI:0.0
MSR:
MSO:
MSO:
UO:
0,0|0
0,2|2
4|1

SP:58.074 359.666 -4.152
target:-500.0 1250.0 circle
AI:0.0
MSR:
MSO:
MSO:
UO:
0,0|0
0,2|2
4|1

SP:28.863 406.267 -4.152
target:-500.0 1250.0 circle
AI:0.0
MSR:
MSO:
MSO:
UO:
0,0|0
0,2|2
4|1

SP:-0.347 452.869 -4.152
target:-500.0 1250.0 circle
AI:0.0
MSR:
MSO:
MSO:
UO:
0,0|0
0,2|2
4|1

SP:-29.558 499.471 -4.152
target:-500.0 1250.0 circle
AI:0.0
MSR:
MSO:
MSO:
UO:
0,0|0
0,2|2
4|1

SP:-58.769 546.073 -4.152
target:-500.0 1250.0 circle
AI:0.0
MSR:
MSO:
MSO:
UO:
0,0|0
0,2|2
4|1

SP:-87.979 592.675 -4.152
target:-500.0 1250.0 circle
AI:0.0
MSR:
MSO:
MSO:
UO:
0,0|0
0,2|2
4|1

SP:-117.19 639.277 -4.152
target:-500.0 1250.0 circle
AI:0.0
MSR:
MSO:
MSO:
UO:
0,0|0
0,2|2
4|1

SP:-146.401 685.879 -4.152
target:-500.0 1250.0 circle
AI:0.0
MSR:
MSO:
MSO:
UO:
0,0|0
0,2|2
4|1

SP:-175.612 732.481 -4.152
target:-500.0 1250.0 circle
AI:0.0
MSR:
MSO:
MSO:
UO:
0,0|0
0,2|2
4|1

SP:-204.822 779.082 -4.152
target:-500.0 1250.0 circle
AI:0.0
MSR:
MSO:
MSO:
UO:
0,0|0
0,2|2
4|1

SP:-234.033 825.684 -4.152
target:-500.0 1250.0 circle
AI:0.0
MSR:
MSO:
MSO:
UO:
0,0|0
0,2|2
4|1

SP:-263.244 872.286 -4.152
target:-500.0 1250.0 circle
AI:0.0
MSR:
MSO:
MSO:
UO:
0,0|0
0,2|2
4|1

SP:-292.454 918.888 -4.152
target:-500.0 1250.0 circle
AI:0.0
MSR:
MSO:
MSO:
UO:
0,0|0
0,2|2
4|1

SP:-321.665 965.49 -4.152
target:-500.0 1250.0 circle
AI:0.0
MSR:
MSO:
MSO:
UO:
0,0|0
0,2|2
4|1

SP:-350.876 1012.092 -4.152
target:-500.0 1250.0 circle
AI:0.0
MSR:
MSO:
MSO:
UO:
0,0|0
0,2|2
4|1

SP:-380.087 1058.694 -4.152
target:-500.0 1250.0 circle
AI:0.0
MSR:
MSO:
MSO:
UO:
0,0|0
0,2|2
4|1

SP:-409.297 1105.296 -4.152
target:-500.0 1250.0 circle
AI:0.0
MSR:
MSO:
MSO:
UO:
0,0|0
0,2|2
4|1

