{CP0{Position=pos(1500,00, 300,00, 0,00);Shape=circle(50,00)};CP1{Position=pos(300,00, 1500,00, 0,00);Shape=circle(50,00)};CP2{Position=pos(0,00, 0,00, 0,00);Shape=circle(70,00)}Deck[Width=5;Length=11
] oar[Side=LEFT;X=1;Y=0]oar[Side=LEFT;X=2;Y=0]oar[Side=LEFT;X=3;Y=0]oar[Side=LEFT;X=4;Y=0]oar[Side=LEFT;X=5;Y=0]oar[Side=LEFT;X=6;Y=0]oar[Side=LEFT;X=7;Y=0]oar[Side=LEFT;X=8;Y=0]oar[Side=LEFT;X=9;Y=0]
oar[Side=RIGHT;X=1;Y=4]oar[Side=RIGHT;X=2;Y=4]oar[Side=RIGHT;X=3;Y=4]oar[Side=RIGHT;X=4;Y=4]oar[Side=RIGHT;X=5;Y=4]oar[Side=RIGHT;X=6;Y=4]oar[Side=RIGHT;X=7;Y=4]oar[Side=RIGHT;X=8;Y=4]oar[Side=RIGHT;X
=9;Y=4]rudder[Side=RIGHT;X=10;Y=4]sail[Side=MIDDLE;X=5;Y=2]Shippos(0,00, 0,00, 0,00)Sailor0 {Dest=rudder[Side=RIGHT;X=10;Y=4];Pos=null;[X=5;Y=0]}Sailor2 {Dest=null;Pos=oar[Side=LEFT;X=1;Y=0];[X=1;Y=0]
}Sailor3 {Dest=null;Pos=oar[Side=RIGHT;X=1;Y=4];[X=1;Y=4]}Sailor4 {Dest=oar[Side=LEFT;X=2;Y=0];Pos=null;[X=2;Y=1]}Sailor5 {Dest=null;Pos=oar[Side=RIGHT;X=2;Y=4];[X=2;Y=4]}Sailor6 {Dest=null;Pos=oar[Si
de=LEFT;X=3;Y=0];[X=3;Y=0]}Sailor7 {Dest=null;Pos=oar[Side=RIGHT;X=3;Y=4];[X=3;Y=4]}Sailor8 {Dest=oar[Side=LEFT;X=4;Y=0];Pos=null;[X=4;Y=1]}Sailor9 {Dest=null;Pos=oar[Side=RIGHT;X=4;Y=4];[X=4;Y=4]}Sai
lor10 {Dest=null;Pos=oar[Side=LEFT;X=5;Y=0];[X=5;Y=0]}Sailor11 {Dest=oar[Side=RIGHT;X=5;Y=4];Pos=null;[X=5;Y=3]}Sailor12 {Dest=oar[Side=LEFT;X=6;Y=0];Pos=null;[X=6;Y=1]}Sailor13 {Dest=null;Pos=oar[Sid
e=RIGHT;X=6;Y=4];[X=6;Y=4]}Sailor14 {Dest=oar[Side=LEFT;X=7;Y=0];Pos=null;[X=7;Y=4]}Sailor15 {Dest=oar[Side=RIGHT;X=7;Y=4];Pos=null;[X=7;Y=1]}Sailor16 {Dest=oar[Side=LEFT;X=8;Y=0];Pos=null;[X=8;Y=1]}S
ailor17 {Dest=oar[Side=RIGHT;X=8;Y=4];Pos=null;[X=8;Y=2]}Sailor18 {Dest=oar[Side=LEFT;X=9;Y=0];Pos=null;[X=8;Y=3]}Sailor19 {Dest=oar[Side=RIGHT;X=9;Y=4];Pos=null;[X=8;Y=4]}Wanted_Rotation=0,20Rudder_R
otation=0,20Oar_Rotation=0,00Shippos(55,00, 0,00, 0,00)Sailor0 {Dest=rudder[Side=RIGHT;X=10;Y=4];Pos=null;[X=10;Y=0]}Sailor4 {Dest=null;Pos=oar[Side=LEFT;X=1;Y=0];[X=1;Y=0]}Sailor8 {Dest=null;Pos=oar[
Side=LEFT;X=2;Y=0];[X=2;Y=0]}Sailor11 {Dest=null;Pos=oar[Side=RIGHT;X=1;Y=4];[X=1;Y=4]}Sailor12 {Dest=null;Pos=oar[Side=LEFT;X=3;Y=0];[X=3;Y=0]}Sailor14 {Dest=oar[Side=LEFT;X=4;Y=0];Pos=null;[X=4;Y=2]
}Sailor15 {Dest=oar[Side=RIGHT;X=2;Y=4];Pos=null;[X=2;Y=1]}Sailor16 {Dest=null;Pos=oar[Side=LEFT;X=5;Y=0];[X=5;Y=0]}Sailor17 {Dest=oar[Side=RIGHT;X=3;Y=4];Pos=null;[X=3;Y=2]}Sailor18 {Dest=null;Pos=oa
r[Side=LEFT;X=6;Y=0];[X=6;Y=0]}Sailor19 {Dest=null;Pos=oar[Side=RIGHT;X=4;Y=4];[X=4;Y=4]}Wanted_Rotation=0,20Rudder_Rotation=0,20Oar_Rotation=0,00Shippos(116,32, -16,26, -0,52)Sailor0 {Dest=null;Pos=r
udder[Side=RIGHT;X=10;Y=4];[X=10;Y=4]}Sailor14 {Dest=null;Pos=oar[Side=LEFT;X=1;Y=0];[X=1;Y=0]}Sailor15 {Dest=null;Pos=oar[Side=RIGHT;X=1;Y=4];[X=1;Y=4]}Sailor17 {Dest=null;Pos=oar[Side=RIGHT;X=2;Y=4]
;[X=2;Y=4]}Wanted_Rotation=0,75Rudder_Rotation=0,75Oar_Rotation=0,00Shippos(142,79, -18,03, 0,40)Wanted_Rotation=-0,17Rudder_Rotation=-0,17Oar_Rotation=0,00Shippos(142,79, -18,03, 0,23)Wanted_Rotation
=-0,00Rudder_Rotation=-0,00Oar_Rotation=0,00Shippos(142,79, -18,03, 0,23)Wanted_Rotation=-0,00Rudder_Rotation=-0,00Oar_Rotation=0,00Shippos(142,79, -18,03, 0,23)Wanted_Rotation=-0,00Rudder_Rotation=-0
,00Oar_Rotation=0,00Shippos(142,79, -18,03, 0,23)Wanted_Rotation=-0,00Rudder_Rotation=-0,00Oar_Rotation=0,00Shippos(142,79, -18,03, 0,23)Wanted_Rotation=-0,00Rudder_Rotation=-0,00Oar_Rotation=0,00Ship
pos(142,79, -18,03, 0,23)Wanted_Rotation=-0,00Rudder_Rotation=-0,00Oar_Rotation=0,00Shippos(142,79, -18,03, 0,23)Wanted_Rotation=-0,00Rudder_Rotation=-0,00Oar_Rotation=0,00Shippos(142,79, -18,03, 0,23
)Wanted_Rotation=-0,00Rudder_Rotation=-0,00Oar_Rotation=0,00Shippos(142,79, -18,03, 0,23)Wanted_Rotation=-0,00Rudder_Rotation=-0,00Oar_Rotation=0,00Shippos(142,79, -18,03, 0,23)Wanted_Rotation=-0,00Ru
dder_Rotation=-0,00Oar_Rotation=0,00Shippos(142,79, -18,03, 0,23)Wanted_Rotation=-0,00Rudder_Rotation=-0,00Oar_Rotation=0,00Shippos(142,79, -18,03, 0,23)Wanted_Rotation=-0,00Rudder_Rotation=-0,00Oar_R
otation=0,00Shippos(142,79, -18,03, 0,23)Wanted_Rotation=-0,00Rudder_Rotation=-0,00Oar_Rotation=0,00Shippos(142,79, -18,03, 0,23)Wanted_Rotation=-0,00Rudder_Rotation=-0,00Oar_Rotation=0,00Shippos(142,
79, -18,03, 0,23)Wanted_Rotation=-0,00Rudder_Rotation=-0,00Oar_Rotation=0,00Shippos(142,79, -18,03, 0,23)Wanted_Rotation=-0,00Rudder_Rotation=-0,00Oar_Rotation=0,00Shippos(142,79, -18,03, 0,23)Wanted_
Rotation=-0,00Rudder_Rotation=-0,00Oar_Rotation=0,00Shippos(142,79, -18,03, 0,23)Wanted_Rotation=-0,00Rudder_Rotation=-0,00Oar_Rotation=0,00Shippos(142,79, -18,03, 0,23)Wanted_Rotation=-0,00Rudder_Rot
ation=-0,00Oar_Rotation=0,00Shippos(142,79, -18,03, 0,23)Wanted_Rotation=-0,00Rudder_Rotation=-0,00Oar_Rotation=0,00Shippos(142,79, -18,03, 0,23)Wanted_Rotation=-0,00Rudder_Rotation=-0,00Oar_Rotation=
0,00Shippos(142,79, -18,03, 0,23)Wanted_Rotation=-0,00Rudder_Rotation=-0,00Oar_Rotation=0,00Shippos(142,79, -18,03, 0,23)Wanted_Rotation=-0,00Rudder_Rotation=-0,00Oar_Rotation=0,00Shippos(142,79, -18,
03, 0,23)Wanted_Rotation=-0,00Rudder_Rotation=-0,00Oar_Rotation=0,00Shippos(142,79, -18,03, 0,23)Wanted_Rotation=-0,00Rudder_Rotation=-0,00Oar_Rotation=0,00Shippos(142,79, -18,03, 0,23)Wanted_Rotation
=-0,00Rudder_Rotation=-0,00Oar_Rotation=0,00Shippos(142,79, -18,03, 0,23)Wanted_Rotation=-0,00Rudder_Rotation=-0,00Oar_Rotation=0,00Shippos(142,79, -18,03, 0,23)Wanted_Rotation=-0,00Rudder_Rotation=-0
,00Oar_Rotation=0,00Shippos(142,79, -18,03, 0,23)Wanted_Rotation=-0,00Rudder_Rotation=-0,00Oar_Rotation=0,00Shippos(142,79, -18,03, 0,23)Wanted_Rotation=-0,00Rudder_Rotation=-0,00Oar_Rotation=0,00Ship
pos(142,79, -18,03, 0,23)Wanted_Rotation=-0,00Rudder_Rotation=-0,00Oar_Rotation=0,00Shippos(142,79, -18,03, 0,23)Wanted_Rotation=-0,00Rudder_Rotation=-0,00Oar_Rotation=0,00Shippos(142,79, -18,03, 0,23
)Wanted_Rotation=-0,00Rudder_Rotation=-0,00Oar_Rotation=0,00Shippos(142,79, -18,03, 0,23)Wanted_Rotation=-0,00Rudder_Rotation=-0,00Oar_Rotation=0,00Shippos(142,79, -18,03, 0,23)Wanted_Rotation=-0,00Ru
dder_Rotation=-0,00Oar_Rotation=0,00Shippos(142,79, -18,03, 0,23)Wanted_Rotation=-0,00Rudder_Rotation=-0,00Oar_Rotation=0,00Shippos(142,79, -18,03, 0,23)Wanted_Rotation=-0,00Rudder_Rotation=-0,00Oar_R
otation=0,00Shippos(142,79, -18,03, 0,23)Wanted_Rotation=-0,00Rudder_Rotation=-0,00Oar_Rotation=0,00Shippos(142,79, -18,03, 0,23)Wanted_Rotation=-0,00Rudder_Rotation=-0,00Oar_Rotation=0,00Shippos(142,
79, -18,03, 0,23)Wanted_Rotation=-0,00Rudder_Rotation=-0,00Oar_Rotation=0,00Shippos(142,79, -18,03, 0,23)Wanted_Rotation=-0,00Rudder_Rotation=-0,00Oar_Rotation=0,00Shippos(142,79, -18,03, 0,23)Wanted_
Rotation=-0,00Rudder_Rotation=-0,00Oar_Rotation=0,00Shippos(142,79, -18,03, 0,23)Wanted_Rotation=-0,00Rudder_Rotation=-0,00Oar_Rotation=0,00Shippos(142,79, -18,03, 0,23)Wanted_Rotation=-0,00Rudder_Rot
ation=-0,00Oar_Rotation=0,00Shippos(142,79, -18,03, 0,23)Wanted_Rotation=-0,00Rudder_Rotation=-0,00Oar_Rotation=0,00Shippos(142,79, -18,03, 0,23)Wanted_Rotation=-0,00Rudder_Rotation=-0,00Oar_Rotation=
0,00Shippos(142,79, -18,03, 0,23)Wanted_Rotation=-0,00Rudder_Rotation=-0,00Oar_Rotation=0,00Shippos(142,79, -18,03, 0,23)Wanted_Rotation=-0,00Rudder_Rotation=-0,00Oar_Rotation=0,00Shippos(142,79, -18,
03, 0,23)Wanted_Rotation=-0,00Rudder_Rotation=-0,00Oar_Rotation=0,00Shippos(142,79, -18,03, 0,23)Wanted_Rotation=-0,00Rudder_Rotation=-0,00Oar_Rotation=0,00Shippos(142,79, -18,03, 0,23)Wanted_Rotation
=-0,00Rudder_Rotation=-0,00Oar_Rotation=0,00Shippos(142,79, -18,03, 0,23)Wanted_Rotation=-0,00Rudder_Rotation=-0,00Oar_Rotation=0,00Shippos(142,79, -18,03, 0,23)Wanted_Rotation=-0,00Rudder_Rotation=-0
,00Oar_Rotation=0,00Shippos(142,79, -18,03, 0,23)Wanted_Rotation=-0,00Rudder_Rotation=-0,00Oar_Rotation=0,00Shippos(142,79, -18,03, 0,23)Wanted_Rotation=-0,00Rudder_Rotation=-0,00Oar_Rotation=0,00Ship
pos(142,79, -18,03, 0,23)Wanted_Rotation=-0,00Rudder_Rotation=-0,00Oar_Rotation=0,00Shippos(142,79, -18,03, 0,23)Wanted_Rotation=-0,00Rudder_Rotation=-0,00Oar_Rotation=0,00Shippos(142,79, -18,03, 0,23
)Wanted_Rotation=-0,00Rudder_Rotation=-0,00Oar_Rotation=0,00Shippos(142,79, -18,03, 0,23)Wanted_Rotation=-0,00Rudder_Rotation=-0,00Oar_Rotation=0,00Shippos(142,79, -18,03, 0,23)Wanted_Rotation=-0,00Ru
dder_Rotation=-0,00Oar_Rotation=0,00Shippos(142,79, -18,03, 0,23)Wanted_Rotation=-0,00Rudder_Rotation=-0,00Oar_Rotation=0,00Shippos(142,79, -18,03, 0,23)Wanted_Rotation=-0,00Rudder_Rotation=-0,00Oar_R
otation=0,00Shippos(142,79, -18,03, 0,23)Wanted_Rotation=-0,00Rudder_Rotation=-0,00Oar_Rotation=0,00Shippos(142,79, -18,03, 0,23)Wanted_Rotation=-0,00Rudder_Rotation=-0,00Oar_Rotation=0,00Shippos(142,
79, -18,03, 0,23)Wanted_Rotation=-0,00Rudder_Rotation=-0,00Oar_Rotation=0,00Shippos(142,79, -18,03, 0,23)Wanted_Rotation=-0,00Rudder_Rotation=-0,00Oar_Rotation=0,00Shippos(142,79, -18,03, 0,23)Wanted_
Rotation=-0,00Rudder_Rotation=-0,00Oar_Rotation=0,00Shippos(142,79, -18,03, 0,23)Wanted_Rotation=-0,00Rudder_Rotation=-0,00Oar_Rotation=0,00Shippos(142,79, -18,03, 0,23)Wanted_Rotation=-0,00Rudder_Rot
ation=-0,00Oar_Rotation=0,00Shippos(142,79, -18,03, 0,23)Wanted_Rotation=-0,00Rudder_Rotation=-0,00Oar_Rotation=0,00Shippos(142,79, -18,03, 0,23)Wanted_Rotation=-0,00Rudder_Rotation=-0,00Oar_Rotation=
0,00Shippos(142,79, -18,03, 0,23)Wanted_Rotation=-0,00Rudder_Rotation=-0,00Oar_Rotation=0,00Shippos(142,79, -18,03, 0,23)Wanted_Rotation=-0,00Rudder_Rotation=-0,00Oar_Rotation=0,00Shippos(142,79, -18,
03, 0,23)Wanted_Rotation=-0,00Rudder_Rotation=-0,00Oar_Rotation=0,00Shippos(142,79, -18,03, 0,23)Wanted_Rotation=-0,00Rudder_Rotation=-0,00Oar_Rotation=0,00Shippos(142,79, -18,03, 0,23)Wanted_Rotation
=-0,00Rudder_Rotation=-0,00Oar_Rotation=0,00Shippos(142,79, -18,03, 0,23)Wanted_Rotation=-0,00Rudder_Rotation=-0,00Oar_Rotation=0,00Shippos(142,79, -18,03, 0,23)Wanted_Rotation=-0,00Rudder_Rotation=-0
,00Oar_Rotation=0,00Shippos(142,79, -18,03, 0,23)Wanted_Rotation=-0,00Rudder_Rotation=-0,00Oar_Rotation=0,00Shippos(142,79, -18,03, 0,23)Wanted_Rotation=-0,00Rudder_Rotation=-0,00Oar_Rotation=0,00Ship
pos(142,79, -18,03, 0,23)Wanted_Rotation=-0,00Rudder_Rotation=-0,00Oar_Rotation=0,00Shippos(142,79, -18,03, 0,23)Wanted_Rotation=-0,00Rudder_Rotation=-0,00Oar_Rotation=0,00Shippos(142,79, -18,03, 0,23
)Wanted_Rotation=-0,00Rudder_Rotation=-0,00Oar_Rotation=0,00Shippos(142,79, -18,03, 0,23)Wanted_Rotation=-0,00Rudder_Rotation=-0,00Oar_Rotation=0,00Shippos(142,79, -18,03, 0,23)Wanted_Rotation=-0,00Ru
dder_Rotation=-0,00Oar_Rotation=0,00Shippos(142,79, -18,03, 0,23)Wanted_Rotation=-0,00Rudder_Rotation=-0,00Oar_Rotation=0,00Shippos(142,79, -18,03, 0,23)Wanted_Rotation=-0,00Rudder_Rotation=-0,00Oar_R
otation=0,00Shippos(142,79, -18,03, 0,23)Wanted_Rotation=-0,00Rudder_Rotation=-0,00Oar_Rotation=0,00Shippos(142,79, -18,03, 0,23)Wanted_Rotation=-0,00Rudder_Rotation=-0,00Oar_Rotation=0,00Shippos(142,
79, -18,03, 0,23)Wanted_Rotation=-0,00Rudder_Rotation=-0,00Oar_Rotation=0,00Shippos(142,79, -18,03, 0,23)Wanted_Rotation=-0,00Rudder_Rotation=-0,00Oar_Rotation=0,00Shippos(142,79, -18,03, 0,23)Wanted_
Rotation=-0,00Rudder_Rotation=-0,00Oar_Rotation=0,00Shippos(142,79, -18,03, 0,23)Wanted_Rotation=-0,00Rudder_Rotation=-0,00Oar_Rotation=0,00Shippos(142,79, -18,03, 0,23)Wanted_Rotation=-0,00Rudder_Rot
ation=-0,00Oar_Rotation=0,00Shippos(142,79, -18,03, 0,23)Wanted_Rotation=-0,00Rudder_Rotation=-0,00Oar_Rotation=0,00Shippos(142,79, -18,03, 0,23)Wanted_Rotation=-0,00Rudder_Rotation=-0,00Oar_Rotation=
0,00Shippos(142,79, -18,03, 0,23)Wanted_Rotation=-0,00Rudder_Rotation=-0,00Oar_Rotation=0,00Shippos(142,79, -18,03, 0,23)Wanted_Rotation=-0,00Rudder_Rotation=-0,00Oar_Rotation=0,00Shippos(142,79, -18,
03, 0,23)Wanted_Rotation=-0,00Rudder_Rotation=-0,00Oar_Rotation=0,00Shippos(142,79, -18,03, 0,23)Wanted_Rotation=-0,00Rudder_Rotation=-0,00Oar_Rotation=0,00Shippos(142,79, -18,03, 0,23)Wanted_Rotation
=-0,00Rudder_Rotation=-0,00Oar_Rotation=0,00Shippos(142,79, -18,03, 0,23)Wanted_Rotation=-0,00Rudder_Rotation=-0,00Oar_Rotation=0,00Shippos(142,79, -18,03, 0,23)Wanted_Rotation=-0,00Rudder_Rotation=-0
,00Oar_Rotation=0,00Shippos(142,79, -18,03, 0,23)Wanted_Rotation=-0,00Rudder_Rotation=-0,00Oar_Rotation=0,00Shippos(142,79, -18,03, 0,23)Wanted_Rotation=-0,00Rudder_Rotation=-0,00Oar_Rotation=0,00Ship
pos(142,79, -18,03, 0,23)Wanted_Rotation=-0,00Rudder_Rotation=-0,00Oar_Rotation=0,00Shippos(142,79, -18,03, 0,23)Wanted_Rotation=-0,00Rudder_Rotation=-0,00Oar_Rotation=0,00Shippos(142,79, -18,03, 0,23
)Wanted_Rotation=-0,00Rudder_Rotation=-0,00Oar_Rotation=0,00Shippos(142,79, -18,03, 0,23)Wanted_Rotation=-0,00Rudder_Rotation=-0,00Oar_Rotation=0,00Shippos(142,79, -18,03, 0,23)Wanted_Rotation=-0,00Ru
dder_Rotation=-0,00Oar_Rotation=0,00Shippos(142,79, -18,03, 0,23)Wanted_Rotation=-0,00Rudder_Rotation=-0,00Oar_Rotation=0,00Shippos(142,79, -18,03, 0,23)Wanted_Rotation=-0,00Rudder_Rotation=-0,00Oar_R
otation=0,00Shippos(142,79, -18,03, 0,23)Wanted_Rotation=-0,00Rudder_Rotation=-0,00Oar_Rotation=0,00Shippos(142,79, -18,03, 0,23)Wanted_Rotation=-0,00Rudder_Rotation=-0,00Oar_Rotation=0,00Shippos(142,
79, -18,03, 0,23)Wanted_Rotation=-0,00Rudder_Rotation=-0,00Oar_Rotation=0,00Shippos(142,79, -18,03, 0,23)Wanted_Rotation=-0,00Rudder_Rotation=-0,00Oar_Rotation=0,00Shippos(142,79, -18,03, 0,23)Wanted_
Rotation=-0,00Rudder_Rotation=-0,00Oar_Rotation=0,00Shippos(142,79, -18,03, 0,23)Wanted_Rotation=-0,00Rudder_Rotation=-0,00Oar_Rotation=0,00Shippos(142,79, -18,03, 0,23)Wanted_Rotation=-0,00Rudder_Rot
ation=-0,00Oar_Rotation=0,00Shippos(142,79, -18,03, 0,23)Wanted_Rotation=-0,00Rudder_Rotation=-0,00Oar_Rotation=0,00Shippos(142,79, -18,03, 0,23)Wanted_Rotation=-0,00Rudder_Rotation=-0,00Oar_Rotation=
0,00Shippos(142,79, -18,03, 0,23)Wanted_Rotation=-0,00Rudder_Rotation=-0,00Oar_Rotation=0,00Shippos(142,79, -18,03, 0,23)Wanted_Rotation=-0,00Rudder_Rotation=-0,00Oar_Rotation=0,00Shippos(142,79, -18,
03, 0,23)Wanted_Rotation=-0,00Rudder_Rotation=-0,00Oar_Rotation=0,00Shippos(142,79, -18,03, 0,23)Wanted_Rotation=-0,00Rudder_Rotation=-0,00Oar_Rotation=0,00Shippos(142,79, -18,03, 0,23)Wanted_Rotation
=-0,00Rudder_Rotation=-0,00Oar_Rotation=0,00Shippos(142,79, -18,03, 0,23)Wanted_Rotation=-0,00Rudder_Rotation=-0,00Oar_Rotation=0,00Shippos(142,79, -18,03, 0,23)Wanted_Rotation=-0,00Rudder_Rotation=-0
,00Oar_Rotation=0,00Shippos(142,79, -18,03, 0,23)Wanted_Rotation=-0,00Rudder_Rotation=-0,00Oar_Rotation=0,00Shippos(142,79, -18,03, 0,23)Wanted_Rotation=-0,00Rudder_Rotation=-0,00Oar_Rotation=0,00Ship
pos(142,79, -18,03, 0,23)Wanted_Rotation=-0,00Rudder_Rotation=-0,00Oar_Rotation=0,00Shippos(142,79, -18,03, 0,23)Wanted_Rotation=-0,00Rudder_Rotation=-0,00Oar_Rotation=0,00Shippos(142,79, -18,03, 0,23
)Wanted_Rotation=-0,00Rudder_Rotation=-0,00Oar_Rotation=0,00Shippos(142,79, -18,03, 0,23)Wanted_Rotation=-0,00Rudder_Rotation=-0,00Oar_Rotation=0,00Shippos(142,79, -18,03, 0,23)Wanted_Rotation=-0,00Ru
dder_Rotation=-0,00Oar_Rotation=0,00Shippos(142,79, -18,03, 0,23)Wanted_Rotation=-0,00Rudder_Rotation=-0,00Oar_Rotation=0,00Shippos(142,79, -18,03, 0,23)Wanted_Rotation=-0,00Rudder_Rotation=-0,00Oar_R
otation=0,00Shippos(142,79, -18,03, 0,23)Wanted_Rotation=-0,00Rudder_Rotation=-0,00Oar_Rotation=0,00Shippos(142,79, -18,03, 0,23)Wanted_Rotation=-0,00Rudder_Rotation=-0,00Oar_Rotation=0,00Shippos(142,
79, -18,03, 0,23)Wanted_Rotation=-0,00Rudder_Rotation=-0,00Oar_Rotation=0,00Shippos(142,79, -18,03, 0,23)Wanted_Rotation=-0,00Rudder_Rotation=-0,00Oar_Rotation=0,00Shippos(142,79, -18,03, 0,23)Wanted_
Rotation=-0,00Rudder_Rotation=-0,00Oar_Rotation=0,00Shippos(142,79, -18,03, 0,23)Wanted_Rotation=-0,00Rudder_Rotation=-0,00Oar_Rotation=0,00Shippos(142,79, -18,03, 0,23)Wanted_Rotation=-0,00Rudder_Rot
ation=-0,00Oar_Rotation=0,00Shippos(142,79, -18,03, 0,23)Wanted_Rotation=-0,00Rudder_Rotation=-0,00Oar_Rotation=0,00Shippos(142,79, -18,03, 0,23)Wanted_Rotation=-0,00Rudder_Rotation=-0,00Oar_Rotation=
0,00Shippos(142,79, -18,03, 0,23)Wanted_Rotation=-0,00Rudder_Rotation=-0,00Oar_Rotation=0,00Shippos(142,79, -18,03, 0,23)Wanted_Rotation=-0,00Rudder_Rotation=-0,00Oar_Rotation=0,00Shippos(142,79, -18,
03, 0,23)Wanted_Rotation=-0,00Rudder_Rotation=-0,00Oar_Rotation=0,00Shippos(142,79, -18,03, 0,23)Wanted_Rotation=-0,00Rudder_Rotation=-0,00Oar_Rotation=0,00Shippos(142,79, -18,03, 0,23)Wanted_Rotation
=-0,00Rudder_Rotation=-0,00Oar_Rotation=0,00Shippos(142,79, -18,03, 0,23)Wanted_Rotation=-0,00Rudder_Rotation=-0,00Oar_Rotation=0,00Shippos(142,79, -18,03, 0,23)Wanted_Rotation=-0,00Rudder_Rotation=-0
,00Oar_Rotation=0,00Shippos(142,79, -18,03, 0,23)Wanted_Rotation=-0,00Rudder_Rotation=-0,00Oar_Rotation=0,00Shippos(142,79, -18,03, 0,23)Wanted_Rotation=-0,00Rudder_Rotation=-0,00Oar_Rotation=0,00Ship
pos(142,79, -18,03, 0,23)Wanted_Rotation=-0,00Rudder_Rotation=-0,00Oar_Rotation=0,00Shippos(142,79, -18,03, 0,23)Wanted_Rotation=-0,00Rudder_Rotation=-0,00Oar_Rotation=0,00Shippos(142,79, -18,03, 0,23
)Wanted_Rotation=-0,00Rudder_Rotation=-0,00Oar_Rotation=0,00Shippos(142,79, -18,03, 0,23)Wanted_Rotation=-0,00Rudder_Rotation=-0,00Oar_Rotation=0,00Shippos(142,79, -18,03, 0,23)Wanted_Rotation=-0,00Ru
dder_Rotation=-0,00Oar_Rotation=0,00Shippos(142,79, -18,03, 0,23)Wanted_Rotation=-0,00Rudder_Rotation=-0,00Oar_Rotation=0,00Shippos(142,79, -18,03, 0,23)Wanted_Rotation=-0,00Rudder_Rotation=-0,00Oar_R
otation=0,00Shippos(142,79, -18,03, 0,23)Wanted_Rotation=-0,00Rudder_Rotation=-0,00Oar_Rotation=0,00Shippos(142,79, -18,03, 0,23)Wanted_Rotation=-0,00Rudder_Rotation=-0,00Oar_Rotation=0,00Shippos(142,
79, -18,03, 0,23)Wanted_Rotation=-0,00Rudder_Rotation=-0,00Oar_Rotation=0,00Shippos(142,79, -18,03, 0,23)Wanted_Rotation=-0,00Rudder_Rotation=-0,00Oar_Rotation=0,00Shippos(142,79, -18,03, 0,23)Wanted_
Rotation=-0,00Rudder_Rotation=-0,00Oar_Rotation=0,00Shippos(142,79, -18,03, 0,23)Wanted_Rotation=-0,00Rudder_Rotation=-0,00Oar_Rotation=0,00Shippos(142,79, -18,03, 0,23)Wanted_Rotation=-0,00Rudder_Rot
ation=-0,00Oar_Rotation=0,00Shippos(142,79, -18,03, 0,23)Wanted_Rotation=-0,00Rudder_Rotation=-0,00Oar_Rotation=0,00Shippos(142,79, -18,03, 0,23)Wanted_Rotation=-0,00Rudder_Rotation=-0,00Oar_Rotation=
0,00Shippos(142,79, -18,03, 0,23)Wanted_Rotation=-0,00Rudder_Rotation=-0,00Oar_Rotation=0,00Shippos(142,79, -18,03, 0,23)Wanted_Rotation=-0,00Rudder_Rotation=-0,00Oar_Rotation=0,00Shippos(142,79, -18,
03, 0,23)Wanted_Rotation=-0,00Rudder_Rotation=-0,00Oar_Rotation=0,00Shippos(142,79, -18,03, 0,23)Wanted_Rotation=-0,00Rudder_Rotation=-0,00Oar_Rotation=0,00Shippos(142,79, -18,03, 0,23)Wanted_Rotation
=-0,00Rudder_Rotation=-0,00Oar_Rotation=0,00Shippos(142,79, -18,03, 0,23)Wanted_Rotation=-0,00Rudder_Rotation=-0,00Oar_Rotation=0,00Shippos(142,79, -18,03, 0,23)Wanted_Rotation=-0,00Rudder_Rotation=-0
,00Oar_Rotation=0,00Shippos(142,79, -18,03, 0,23)Wanted_Rotation=-0,00Rudder_Rotation=-0,00Oar_Rotation=0,00Shippos(142,79, -18,03, 0,23)Wanted_Rotation=-0,00Rudder_Rotation=-0,00Oar_Rotation=0,00Ship
pos(142,79, -18,03, 0,23)Wanted_Rotation=-0,00Rudder_Rotation=-0,00Oar_Rotation=0,00Shippos(142,79, -18,03, 0,23)Wanted_Rotation=-0,00Rudder_Rotation=-0,00Oar_Rotation=0,00Shippos(142,79, -18,03, 0,23
)Wanted_Rotation=-0,00Rudder_Rotation=-0,00Oar_Rotation=0,00Shippos(142,79, -18,03, 0,23)Wanted_Rotation=-0,00Rudder_Rotation=-0,00Oar_Rotation=0,00Shippos(142,79, -18,03, 0,23)Wanted_Rotation=-0,00Ru
dder_Rotation=-0,00Oar_Rotation=0,00Shippos(142,79, -18,03, 0,23)Wanted_Rotation=-0,00Rudder_Rotation=-0,00Oar_Rotation=0,00Shippos(142,79, -18,03, 0,23)Wanted_Rotation=-0,00Rudder_Rotation=-0,00Oar_R
otation=0,00Shippos(142,79, -18,03, 0,23)Wanted_Rotation=-0,00Rudder_Rotation=-0,00Oar_Rotation=0,00Shippos(142,79, -18,03, 0,23)Wanted_Rotation=-0,00Rudder_Rotation=-0,00Oar_Rotation=0,00Shippos(142,
79, -18,03, 0,23)Wanted_Rotation=-0,00Rudder_Rotation=-0,00Oar_Rotation=0,00Shippos(142,79, -18,03, 0,23)Wanted_Rotation=-0,00Rudder_Rotation=-0,00Oar_Rotation=0,00Shippos(142,79, -18,03, 0,23)Wanted_
Rotation=-0,00Rudder_Rotation=-0,00Oar_Rotation=0,00Shippos(142,79, -18,03, 0,23)Wanted_Rotation=-0,00Rudder_Rotation=-0,00Oar_Rotation=0,00Shippos(142,79, -18,03, 0,23)Wanted_Rotation=-0,00Rudder_Rot
