Micro : 23 actions
MOVING[sailorId=36,xdistance=5,ydistance=0],
OAR[sailorId=29],
MOVING[sailorId=31,xdistance=5,ydistance=0],
LIFT_SAIL[sailorId=31],
OAR[sailorId=33],
MOVING[sailorId=37,xdistance=0,ydistance=1],
OAR[sailorId=37],
MOVING[sailorId=28,xdistance=3,ydistance=0],
OAR[sailorId=28],
MOVING[sailorId=32,xdistance=3,ydistance=1],
OAR[sailorId=32],
MOVING[sailorId=23,xdistance=5,ydistance=0],
MOVING[sailorId=27,xdistance=5,ydistance=0],
MOVING[sailorId=35,xdistance=3,ydistance=2],
OAR[sailorId=34],
MOVING[sailorId=24,xdistance=3,ydistance=0],
OAR[sailorId=24],
MOVING[sailorId=30,xdistance=3,ydistance=-1],
OAR[sailorId=30],
MOVING[sailorId=19,xdistance=5,ydistance=0],
MOVING[sailorId=25,xdistance=5,ydistance=0],
MOVING[sailorId=20,xdistance=5,ydistance=0],
MOVING[sailorId=26,xdistance=5,ydistance=0],
Micro : 24 actions
MOVING[sailorId=36,xdistance=3,ydistance=0],
TURN[sailorId=36,rotation=-0.06991366158009071],
OAR[sailorId=29],
OAR[sailorId=33],
OAR[sailorId=37],
OAR[sailorId=28],
OAR[sailorId=23],
MOVING[sailorId=27,xdistance=0,ydistance=1],
OAR[sailorId=27],
MOVING[sailorId=31,xdistance=0,ydistance=2],
OAR[sailorId=31],
MOVING[sailorId=32,xdistance=3,ydistance=0],
OAR[sailorId=32],
OAR[sailorId=34],
OAR[sailorId=24],
OAR[sailorId=19],
MOVING[sailorId=25,xdistance=0,ydistance=-1],
OAR[sailorId=25],
MOVING[sailorId=30,xdistance=2,ydistance=0],
OAR[sailorId=30],
MOVING[sailorId=20,xdistance=3,ydistance=-1],
OAR[sailorId=20],
MOVING[sailorId=26,xdistance=3,ydistance=-2],
OAR[sailorId=26],
Micro : 18 actions
TURN[sailorId=36,rotation=-0.01916408800532321],
OAR[sailorId=33],
OAR[sailorId=37],
OAR[sailorId=28],
OAR[sailorId=23],
OAR[sailorId=27],
OAR[sailorId=31],
OAR[sailorId=32],
MOVING[sailorId=26,xdistance=0,ydistance=4],
OAR[sailorId=26],
OAR[sailorId=29],
OAR[sailorId=34],
OAR[sailorId=24],
OAR[sailorId=19],
OAR[sailorId=25],
OAR[sailorId=30],
OAR[sailorId=20],
MOVING[sailorId=35,xdistance=3,ydistance=-2],
Micro : 17 actions
TURN[sailorId=36,rotation=-0.017806032466630095],
OAR[sailorId=29],
OAR[sailorId=33],
OAR[sailorId=37],
OAR[sailorId=28],
OAR[sailorId=23],
OAR[sailorId=27],
OAR[sailorId=31],
OAR[sailorId=32],
OAR[sailorId=34],
OAR[sailorId=24],
OAR[sailorId=19],
OAR[sailorId=25],
OAR[sailorId=30],
OAR[sailorId=20],
MOVING[sailorId=35,xdistance=0,ydistance=-1],
OAR[sailorId=35],
Micro : 17 actions
TURN[sailorId=36,rotation=-0.021582912664346143],
OAR[sailorId=33],
OAR[sailorId=37],
OAR[sailorId=28],
OAR[sailorId=23],
OAR[sailorId=27],
OAR[sailorId=31],
OAR[sailorId=32],
OAR[sailorId=26],
OAR[sailorId=29],
OAR[sailorId=34],
OAR[sailorId=24],
OAR[sailorId=19],
