InitShipPos : (1008.4, 1818.7, ori=0.0) | ShipDeck : (12, 5) | [Sl{id=0, x=0, y=0}, Sl{id=1, x=0, y=1}, Sl{id=2, x=0, y=2}, Sl{id=3, x=0, y=3}, Sl{id=4, x=0, y=4}, Sl{id=5, x=1, y=0}, Sl{id=6, x=1, y=
[Rudder(11,2), Watch(0,2), Sail(7,2), Oar(2,4), Oar(3,4), Oar(4,4), Oar(5,4), Oar(6,4), Oar(7,4), Oar(8,4), Oar(9,4), Oar(2,0), Oar(3,0), Oar(4,0), Oar(5,0), Oar(6,0), Oar(7,0), Oar(8,0), Oar(9,0)] | 
Ship(1008.4, 1818.7, ori=0.0) | CP{pos=(2292.9, 2238.9)} [{Si:17,T:MOV,xd:4,yd:0},{Si:17,T:LIFT_SAIL},{Si:10,T:OAR},{Si:14,T:OAR},{Si:15,T:OAR},{Si:18,T:MOV,xd:0,yd:1},{Si:18,T:OAR},{Si:16,T:MOV,xd:1,
Ship(1090.9, 1818.7, ori=0.0) | CP{pos=(2292.9, 2238.9)} [{Si:10,T:OAR},{Si:14,T:OAR},{Si:15,T:OAR},{Si:18,T:OAR},{Si:16,T:OAR},{Si:13,T:OAR},{Si:11,T:OAR},{Si:9,T:OAR},{Si:2,T:USE_WATCH}]
Ship(1173.4, 1818.7, ori=0.0) | CP{pos=(2292.9, 2238.9)} [{Si:10,T:OAR},{Si:14,T:OAR},{Si:15,T:OAR},{Si:18,T:OAR},{Si:16,T:OAR},{Si:13,T:OAR},{Si:11,T:OAR},{Si:9,T:OAR},{Si:2,T:USE_WATCH}]
Ship(1255.9, 1818.7, ori=0.0) | CP{pos=(2292.9, 2238.9)} [{Si:10,T:OAR},{Si:14,T:OAR},{Si:15,T:OAR},{Si:18,T:OAR},{Si:16,T:OAR},{Si:13,T:OAR},{Si:11,T:OAR},{Si:9,T:OAR},{Si:2,T:USE_WATCH}]
Ship(1338.4, 1818.7, ori=0.0) | CP{pos=(2292.9, 2238.9)} [{Si:10,T:OAR},{Si:14,T:OAR},{Si:15,T:OAR},{Si:18,T:OAR},{Si:16,T:OAR},{Si:13,T:OAR},{Si:11,T:OAR},{Si:9,T:OAR},{Si:2,T:USE_WATCH}]
Ship(1420.9, 1818.7, ori=0.0) | CP{pos=(2292.9, 2238.9)} [{Si:10,T:OAR},{Si:14,T:OAR},{Si:15,T:OAR},{Si:18,T:OAR},{Si:16,T:OAR},{Si:13,T:OAR},{Si:11,T:OAR},{Si:9,T:OAR},{Si:2,T:USE_WATCH}]
Ship(1503.4, 1818.7, ori=0.0) | CP{pos=(2292.9, 2238.9)} [{Si:10,T:OAR},{Si:14,T:OAR},{Si:15,T:OAR},{Si:18,T:OAR},{Si:16,T:OAR},{Si:13,T:OAR},{Si:11,T:OAR},{Si:9,T:OAR},{Si:2,T:USE_WATCH}]
Ship(1585.9, 1818.7, ori=0.0) | CP{pos=(2292.9, 2238.9)} [{Si:10,T:OAR},{Si:14,T:OAR},{Si:15,T:OAR},{Si:18,T:OAR},{Si:16,T:OAR},{Si:13,T:OAR},{Si:11,T:OAR},{Si:9,T:OAR},{Si:2,T:USE_WATCH}]
Ship(1668.4, 1818.7, ori=0.0) | CP{pos=(2292.9, 2238.9)} [{Si:10,T:OAR},{Si:14,T:OAR},{Si:15,T:OAR},{Si:18,T:OAR},{Si:16,T:OAR},{Si:13,T:OAR},{Si:11,T:OAR},{Si:9,T:OAR},{Si:2,T:USE_WATCH}]
Ship(1750.9, 1818.7, ori=0.0) | CP{pos=(2292.9, 2238.9)} [{Si:10,T:OAR},{Si:14,T:OAR},{Si:15,T:OAR},{Si:18,T:OAR},{Si:16,T:OAR},{Si:13,T:OAR},{Si:2,T:USE_WATCH}]
Ship(1812.8, 1818.7, ori=0.0) | CP{pos=(2292.9, 2238.9)} [{Si:10,T:OAR},{Si:14,T:OAR},{Si:2,T:USE_WATCH}]
Ship(1833.4, 1818.7, ori=0.0) | CP{pos=(2292.9, 2238.9)} [{Si:10,T:OAR},{Si:14,T:OAR},{Si:2,T:USE_WATCH}]
Ship(1854.0, 1818.7, ori=0.0) | CP{pos=(2292.9, 2238.9)} [{Si:17,T:MOV,xd:4,yd:0},{Si:17,T:TURN,rotation:0.7636094131520386},{Si:10,T:OAR},{Si:14,T:OAR},{Si:15,T:OAR},{Si:18,T:OAR},{Si:16,T:OAR},{Si:1
Ship(1928.9, 1848.4, ori=0.76) | CP{pos=(2292.9, 2238.9)} [{Si:17,T:TURN,rotation:0.056755797146838205},{Si:10,T:OAR},{Si:14,T:OAR},{Si:15,T:OAR},{Si:18,T:OAR},{Si:16,T:OAR},{Si:13,T:OAR},{Si:11,T:OAR
Ship(1986.8, 1907.1, ori=0.82) | CP{pos=(2292.9, 2238.9)} [{Si:10,T:OAR},{Si:14,T:OAR},{Si:15,T:OAR},{Si:18,T:OAR},{Si:16,T:OAR},{Si:13,T:OAR},{Si:11,T:OAR},{Si:9,T:OAR},{Si:2,T:USE_WATCH}]
Ship(2043.1, 1967.5, ori=0.82) | CP{pos=(2292.9, 2238.9)} [{Si:10,T:OAR},{Si:14,T:OAR},{Si:15,T:OAR},{Si:18,T:OAR},{Si:16,T:OAR},{Si:13,T:OAR},{Si:11,T:OAR},{Si:9,T:OAR},{Si:2,T:USE_WATCH}]
Ship(2099.3, 2027.8, ori=0.82) | CP{pos=(2292.9, 2238.9)} [{Si:10,T:OAR},{Si:14,T:OAR},{Si:15,T:OAR},{Si:18,T:OAR},{Si:16,T:OAR},{Si:13,T:OAR},{Si:11,T:OAR},{Si:9,T:OAR},{Si:2,T:USE_WATCH}]
Ship(2155.6, 2088.2, ori=0.82) | CP{pos=(2292.9, 2238.9)} [{Si:10,T:OAR},{Si:14,T:OAR},{Si:15,T:OAR},{Si:18,T:OAR},{Si:16,T:OAR},{Si:13,T:OAR},{Si:11,T:OAR},{Si:9,T:OAR},{Si:2,T:USE_WATCH}]
Ship(2211.9, 2148.5, ori=0.82) | CP{pos=(2292.9, 2238.9)} [{Si:10,T:OAR},{Si:14,T:OAR},{Si:2,T:USE_WATCH}]
Ship(2225.9, 2163.6, ori=0.82) | CP{pos=(2292.9, 2238.9)} [{Si:17,T:TURN,rotation:0.023454379740504017},{Si:10,T:OAR},{Si:14,T:OAR},{Si:2,T:USE_WATCH}]
Ship(2239.8, 2178.8, ori=0.84) | CP{pos=(5024.0, 1620.6)} [{Si:17,T:TURN,rotation:-0.7853981633974483},{Si:10,T:OAR},{Si:14,T:OAR},{Si:15,T:OAR},{Si:18,T:OAR},{Si:16,T:OAR},{Si:13,T:OAR},{Si:11,T:OAR}
Ship(2312.0, 2214.2, ori=0.06) | CP{pos=(5024.0, 1620.6)} [{Si:17,T:TURN,rotation:-0.0584214266419308},{Si:10,T:OAR},{Si:14,T:OAR},{Si:15,T:OAR},{Si:18,T:OAR},{Si:16,T:OAR},{Si:13,T:OAR},{Si:11,T:OAR}
Ship(2394.5, 2216.6, ori=0.0) | CP{pos=(5024.0, 1620.6)} [{Si:10,T:OAR},{Si:14,T:OAR},{Si:15,T:OAR},{Si:18,T:OAR},{Si:16,T:OAR},{Si:13,T:OAR},{Si:11,T:OAR},{Si:9,T:OAR},{Si:2,T:USE_WATCH}]
Ship(2477.0, 2216.6, ori=0.0) | CP{pos=(5024.0, 1620.6)} [{Si:10,T:OAR},{Si:14,T:OAR},{Si:15,T:OAR},{Si:18,T:OAR},{Si:16,T:OAR},{Si:13,T:OAR},{Si:11,T:OAR},{Si:9,T:OAR},{Si:2,T:USE_WATCH}]
Ship(2559.5, 2216.6, ori=0.0) | CP{pos=(5024.0, 1620.6)} [{Si:10,T:OAR},{Si:14,T:OAR},{Si:15,T:OAR},{Si:18,T:OAR},{Si:16,T:OAR},{Si:13,T:OAR},{Si:11,T:OAR},{Si:9,T:OAR},{Si:2,T:USE_WATCH}]
Ship(2642.0, 2216.6, ori=0.0) | CP{pos=(5024.0, 1620.6)} [{Si:10,T:OAR},{Si:14,T:OAR},{Si:15,T:OAR},{Si:18,T:OAR},{Si:16,T:OAR},{Si:13,T:OAR},{Si:11,T:OAR},{Si:9,T:OAR},{Si:2,T:USE_WATCH}]
Ship(2724.5, 2216.6, ori=0.0) | CP{pos=(5024.0, 1620.6)} [{Si:10,T:OAR},{Si:14,T:OAR},{Si:15,T:OAR},{Si:18,T:OAR},{Si:16,T:OAR},{Si:13,T:OAR},{Si:11,T:OAR},{Si:9,T:OAR},{Si:2,T:USE_WATCH}]
Ship(2807.0, 2216.6, ori=0.0) | CP{pos=(5024.0, 1620.6)} [{Si:10,T:OAR},{Si:14,T:OAR},{Si:15,T:OAR},{Si:18,T:OAR},{Si:16,T:OAR},{Si:13,T:OAR},{Si:11,T:OAR},{Si:9,T:OAR},{Si:2,T:USE_WATCH}]
Ship(2889.5, 2216.6, ori=0.0) | CP{pos=(5024.0, 1620.6)} [{Si:10,T:OAR},{Si:14,T:OAR},{Si:15,T:OAR},{Si:18,T:OAR},{Si:16,T:OAR},{Si:13,T:OAR},{Si:2,T:USE_WATCH}]
Ship(2951.4, 2216.6, ori=0.0) | CP{pos=(5024.0, 1620.6)} [{Si:10,T:OAR},{Si:14,T:OAR},{Si:2,T:USE_WATCH}]
Ship(2972.0, 2216.6, ori=0.0) | CP{pos=(5024.0, 1620.6)} [{Si:10,T:OAR},{Si:14,T:OAR},{Si:2,T:USE_WATCH}]
Ship(2992.6, 2216.6, ori=0.0) | CP{pos=(5024.0, 1620.6)} [{Si:10,T:OAR},{Si:14,T:OAR},{Si:2,T:USE_WATCH}]
Ship(3013.2, 2216.6, ori=0.0) | CP{pos=(5024.0, 1620.6)} [{Si:17,T:TURN,rotation:-0.7853981633974483},{Si:10,T:OAR},{Si:14,T:OAR},{Si:2,T:USE_WATCH}]
Ship(3031.8, 2209.0, ori=-0.79) | CP{pos=(5024.0, 1620.6)} [{Si:17,T:TURN,rotation:-0.7853981633974483},{Si:10,T:OAR},{Si:14,T:OAR},{Si:2,T:USE_WATCH}]
Ship(3039.6, 2190.4, ori=-1.57) | CP{pos=(5024.0, 1620.6)} [{Si:17,T:TURN,rotation:0.7853981633974483},{Si:14,T:OAR},{Si:18,T:OAR},{Si:13,T:OAR},{Si:9,T:OAR},{Si:10,T:OAR},{Si:11,T:MOV,xd:1,yd:4},{Si:
Ship(3078.7, 2150.7, ori=0.0) | CP{pos=(5024.0, 1620.6)} [{Si:10,T:OAR},{Si:14,T:OAR},{Si:15,T:OAR},{Si:18,T:OAR},{Si:16,T:OAR},{Si:13,T:OAR},{Si:9,T:MOV,xd:0,yd:-4},{Si:9,T:OAR},{Si:11,T:MOV,xd:-1,yd
Ship(3161.2, 2150.7, ori=0.0) | CP{pos=(5024.0, 1620.6)} [{Si:10,T:OAR},{Si:14,T:OAR},{Si:15,T:OAR},{Si:18,T:OAR},{Si:16,T:OAR},{Si:13,T:OAR},{Si:9,T:OAR},{Si:11,T:OAR},{Si:2,T:USE_WATCH}]
Ship(3243.7, 2150.7, ori=0.0) | CP{pos=(5024.0, 1620.6)} [{Si:10,T:OAR},{Si:14,T:OAR},{Si:15,T:OAR},{Si:18,T:OAR},{Si:16,T:OAR},{Si:13,T:OAR},{Si:9,T:OAR},{Si:11,T:OAR},{Si:2,T:USE_WATCH}]
Ship(3326.2, 2150.7, ori=0.0) | CP{pos=(5024.0, 1620.6)} [{Si:10,T:OAR},{Si:14,T:OAR},{Si:15,T:OAR},{Si:18,T:OAR},{Si:16,T:OAR},{Si:13,T:OAR},{Si:9,T:OAR},{Si:11,T:OAR},{Si:2,T:USE_WATCH}]
Ship(3408.7, 2150.7, ori=0.0) | CP{pos=(5024.0, 1620.6)} [{Si:10,T:OAR},{Si:14,T:OAR},{Si:15,T:OAR},{Si:18,T:OAR},{Si:16,T:OAR},{Si:13,T:OAR},{Si:9,T:OAR},{Si:11,T:OAR},{Si:2,T:USE_WATCH}]
Ship(3491.2, 2150.7, ori=0.0) | CP{pos=(5024.0, 1620.6)} [{Si:10,T:OAR},{Si:14,T:OAR},{Si:15,T:OAR},{Si:18,T:OAR},{Si:16,T:OAR},{Si:13,T:OAR},{Si:9,T:OAR},{Si:11,T:OAR},{Si:2,T:USE_WATCH}]
Ship(3573.7, 2150.7, ori=0.0) | CP{pos=(5024.0, 1620.6)} [{Si:10,T:OAR},{Si:14,T:OAR},{Si:15,T:OAR},{Si:18,T:OAR},{Si:16,T:OAR},{Si:13,T:OAR},{Si:9,T:OAR},{Si:11,T:OAR},{Si:2,T:USE_WATCH}]
Ship(3656.2, 2150.7, ori=0.0) | CP{pos=(5024.0, 1620.6)} [{Si:10,T:OAR},{Si:14,T:OAR},{Si:15,T:OAR},{Si:18,T:OAR},{Si:16,T:OAR},{Si:13,T:OAR},{Si:9,T:OAR},{Si:11,T:OAR},{Si:2,T:USE_WATCH}]
Ship(3738.7, 2150.7, ori=0.0) | CP{pos=(5024.0, 1620.6)} [{Si:10,T:OAR},{Si:14,T:OAR},{Si:15,T:OAR},{Si:18,T:OAR},{Si:16,T:OAR},{Si:13,T:OAR},{Si:9,T:OAR},{Si:11,T:OAR},{Si:2,T:USE_WATCH}]
Ship(3821.2, 2150.7, ori=0.0) | CP{pos=(5024.0, 1620.6)} [{Si:10,T:OAR},{Si:14,T:OAR},{Si:15,T:OAR},{Si:18,T:OAR},{Si:16,T:OAR},{Si:13,T:OAR},{Si:9,T:OAR},{Si:11,T:OAR},{Si:2,T:USE_WATCH}]
Ship(3903.7, 2150.7, ori=0.0) | CP{pos=(5024.0, 1620.6)} [{Si:10,T:OAR},{Si:14,T:OAR},{Si:15,T:OAR},{Si:18,T:OAR},{Si:16,T:OAR},{Si:13,T:OAR},{Si:9,T:OAR},{Si:11,T:OAR},{Si:2,T:USE_WATCH}]
Ship(3986.2, 2150.7, ori=0.0) | CP{pos=(5024.0, 1620.6)} [{Si:10,T:OAR},{Si:14,T:OAR},{Si:15,T:OAR},{Si:18,T:OAR},{Si:16,T:OAR},{Si:13,T:OAR},{Si:9,T:OAR},{Si:11,T:OAR},{Si:2,T:USE_WATCH}]
Ship(4068.7, 2150.7, ori=0.0) | CP{pos=(5024.0, 1620.6)} [{Si:10,T:OAR},{Si:14,T:OAR},{Si:15,T:OAR},{Si:18,T:OAR},{Si:16,T:OAR},{Si:13,T:OAR},{Si:9,T:OAR},{Si:11,T:OAR},{Si:2,T:USE_WATCH}]
Ship(4151.2, 2150.7, ori=0.0) | CP{pos=(5024.0, 1620.6)} [{Si:10,T:OAR},{Si:14,T:OAR},{Si:15,T:OAR},{Si:18,T:OAR},{Si:16,T:OAR},{Si:13,T:OAR},{Si:9,T:OAR},{Si:11,T:OAR},{Si:2,T:USE_WATCH}]
Ship(4233.7, 2150.7, ori=0.0) | CP{pos=(5024.0, 1620.6)} [{Si:10,T:OAR},{Si:14,T:OAR},{Si:15,T:OAR},{Si:18,T:OAR},{Si:16,T:OAR},{Si:13,T:OAR},{Si:9,T:OAR},{Si:11,T:OAR},{Si:2,T:USE_WATCH}]
Ship(4316.2, 2150.7, ori=0.0) | CP{pos=(5024.0, 1620.6)} [{Si:10,T:OAR},{Si:14,T:OAR},{Si:15,T:OAR},{Si:18,T:OAR},{Si:16,T:OAR},{Si:13,T:OAR},{Si:9,T:OAR},{Si:11,T:OAR},{Si:2,T:USE_WATCH}]
Ship(4398.7, 2150.7, ori=0.0) | CP{pos=(5024.0, 1620.6)} [{Si:10,T:OAR},{Si:14,T:OAR},{Si:15,T:OAR},{Si:18,T:OAR},{Si:2,T:USE_WATCH}]
Ship(4439.9, 2150.7, ori=0.0) | CP{pos=(5024.0, 1620.6)} [{Si:10,T:OAR},{Si:14,T:OAR},{Si:2,T:USE_WATCH}]
Ship(4460.6, 2150.7, ori=0.0) | CP{pos=(5024.0, 1620.6)} [{Si:10,T:OAR},{Si:14,T:OAR},{Si:2,T:USE_WATCH}]
Ship(4481.2, 2150.7, ori=0.0) | CP{pos=(5024.0, 1620.6)} [{Si:17,T:TURN,rotation:-0.7853981633974483},{Si:10,T:OAR},{Si:14,T:OAR},{Si:15,T:OAR},{Si:18,T:OAR},{Si:16,T:OAR},{Si:13,T:OAR},{Si:9,T:OAR},{
Ship(4555.6, 2120.3, ori=-0.79) | CP{pos=(5024.0, 1620.6)} [{Si:17,T:TURN,rotation:-0.7853981633974483},{Si:10,T:OAR},{Si:14,T:OAR},{Si:2,T:USE_WATCH}]
Ship(4563.3, 2101.7, ori=-1.57) | CP{pos=(5024.0, 1620.6)} [{Si:10,T:OAR},{Si:14,T:OAR},{Si:2,T:USE_WATCH}]
Ship(4563.3, 2081.1, ori=-1.57) | CP{pos=(5024.0, 1620.6)} [{Si:17,T:TURN,rotation:0.7853981633974394},{Si:10,T:OAR},{Si:14,T:OAR},{Si:15,T:OAR},{Si:18,T:OAR},{Si:16,T:OAR},{Si:13,T:OAR},{Si:9,T:OAR},
Ship(4593.8, 2006.7, ori=-0.79) | CP{pos=(5024.0, 1620.6)} [{Si:17,T:TURN,rotation:0.7853981633974438},{Si:10,T:OAR},{Si:14,T:OAR},{Si:2,T:USE_WATCH}]
Ship(4612.3, 1998.9, ori=0.0) | CP{pos=(5024.0, 1620.6)} [{Si:10,T:OAR},{Si:14,T:OAR},{Si:2,T:USE_WATCH}]
Ship(4633.0, 1998.9, ori=0.0) | CP{pos=(5024.0, 1620.6)} [{Si:10,T:OAR},{Si:14,T:OAR},{Si:2,T:USE_WATCH}]
Ship(4653.6, 1998.9, ori=0.0) | CP{pos=(5024.0, 1620.6)} [{Si:17,T:TURN,rotation:-0.7853981633974483},{Si:10,T:OAR},{Si:14,T:OAR},{Si:15,T:OAR},{Si:18,T:OAR},{Si:16,T:OAR},{Si:13,T:OAR},{Si:9,T:OAR},{
Ship(4728.0, 1968.5, ori=-0.79) | CP{pos=(5024.0, 1620.6)} [{Si:17,T:TURN,rotation:-0.7853981633974483},{Si:10,T:OAR},{Si:14,T:OAR},{Si:2,T:USE_WATCH}]
Ship(4735.8, 1949.9, ori=-1.57) | CP{pos=(5024.0, 1620.6)} [{Si:10,T:OAR},{Si:14,T:OAR},{Si:2,T:USE_WATCH}]
Ship(4735.8, 1929.3, ori=-1.57) | CP{pos=(5024.0, 1620.6)} [{Si:10,T:OAR},{Si:14,T:OAR},{Si:2,T:USE_WATCH}]
Ship(4735.8, 1908.7, ori=-1.57) | CP{pos=(5024.0, 1620.6)} [{Si:17,T:TURN,rotation:0.7853981633974427},{Si:10,T:OAR},{Si:14,T:OAR},{Si:15,T:OAR},{Si:18,T:OAR},{Si:16,T:OAR},{Si:13,T:OAR},{Si:9,T:OAR},
Ship(4766.2, 1834.3, ori=-0.79) | CP{pos=(5024.0, 1620.6)} [{Si:17,T:TURN,rotation:0.09336938695519037},{Si:10,T:OAR},{Si:14,T:OAR},{Si:15,T:OAR},{Si:18,T:OAR},{Si:16,T:OAR},{Si:13,T:OAR},{Si:9,T:OAR}
Ship(4827.2, 1778.7, ori=-0.69) | CP{pos=(5024.0, 1620.6)} [{Si:10,T:OAR},{Si:14,T:OAR},{Si:15,T:OAR},{Si:18,T:OAR},{Si:16,T:OAR},{Si:13,T:OAR},{Si:9,T:OAR},{Si:11,T:OAR},{Si:2,T:USE_WATCH}]
Ship(4890.7, 1726.1, ori=-0.69) | CP{pos=(5024.0, 1620.6)} [{Si:17,T:TURN,rotation:0.022873116794738246},{Si:10,T:OAR},{Si:14,T:OAR},{Si:2,T:USE_WATCH}]
Ship(4906.7, 1713.1, ori=-0.67) | CP{pos=(5024.0, 1620.6)} [{Si:10,T:OAR},{Si:14,T:OAR},{Si:2,T:USE_WATCH}]
Ship(4922.9, 1700.3, ori=-0.67) | CP{pos=(5024.0, 1620.6)} [{Si:10,T:OAR},{Si:14,T:OAR},{Si:2,T:USE_WATCH}]
Ship(4939.1, 1687.5, ori=-0.67) | CP{pos=(5024.0, 1620.6)} [{Si:10,T:OAR},{Si:14,T:OAR},{Si:2,T:USE_WATCH}]
Ship(4955.3, 1674.7, ori=-0.67) | CP{pos=(3661.5, 3841.5)} [{Si:17,T:TURN,rotation:0.7853981633974483},{Si:14,T:OAR},{Si:18,T:OAR},{Si:13,T:OAR},{Si:11,T:OAR},{Si:9,T:MOV,xd:1,yd:4},{Si:9,T:OAR},{Si:2
Ship(4999.4, 1683.9, ori=1.1) | CP{pos=(3661.5, 3841.5)} [{Si:17,T:TURN,rotation:0.4728061187981538},{Si:10,T:OAR},{Si:14,T:OAR},{Si:15,T:OAR},{Si:18,T:OAR},{Si:16,T:OAR},{Si:13,T:OAR},{Si:11,T:MOV,xd
Ship(5018.8, 1763.3, ori=1.57) | CP{pos=(3661.5, 3841.5)} [{Si:9,T:MOV,xd:2,yd:-2},{Si:9,T:LOWER_SAIL},{Si:10,T:OAR},{Si:14,T:OAR},{Si:15,T:OAR},{Si:18,T:OAR},{Si:16,T:OAR},{Si:13,T:OAR},{Si:11,T:OAR}
Ship(5018.8, 1845.8, ori=1.57) | CP{pos=(3661.5, 3841.5)} [{Si:10,T:OAR},{Si:14,T:OAR},{Si:15,T:OAR},{Si:18,T:OAR},{Si:16,T:OAR},{Si:13,T:OAR},{Si:11,T:OAR},{Si:12,T:OAR},{Si:2,T:USE_WATCH}]
Ship(5018.8, 1928.3, ori=1.57) | CP{pos=(3661.5, 3841.5)} [{Si:10,T:OAR},{Si:14,T:OAR},{Si:15,T:OAR},{Si:18,T:OAR},{Si:16,T:OAR},{Si:13,T:OAR},{Si:11,T:OAR},{Si:12,T:OAR},{Si:2,T:USE_WATCH}]
Ship(5018.8, 2010.8, ori=1.57) | CP{pos=(3661.5, 3841.5)} [{Si:10,T:OAR},{Si:14,T:OAR},{Si:15,T:OAR},{Si:18,T:OAR},{Si:16,T:OAR},{Si:13,T:OAR},{Si:11,T:OAR},{Si:12,T:OAR},{Si:2,T:USE_WATCH}]
Ship(5018.8, 2093.3, ori=1.57) | CP{pos=(3661.5, 3841.5)} [{Si:10,T:OAR},{Si:14,T:OAR},{Si:15,T:OAR},{Si:18,T:OAR},{Si:2,T:USE_WATCH}]
Ship(5018.8, 2134.6, ori=1.57) | CP{pos=(3661.5, 3841.5)} [{Si:10,T:OAR},{Si:14,T:OAR},{Si:2,T:USE_WATCH}]
Ship(5018.8, 2155.2, ori=1.57) | CP{pos=(3661.5, 3841.5)} [{Si:10,T:OAR},{Si:14,T:OAR},{Si:2,T:USE_WATCH}]
Ship(5018.8, 2175.8, ori=1.57) | CP{pos=(3661.5, 3841.5)} [{Si:17,T:TURN,rotation:0.7853981633974385},{Si:10,T:OAR},{Si:14,T:OAR},{Si:15,T:OAR},{Si:18,T:OAR},{Si:16,T:OAR},{Si:13,T:OAR},{Si:11,T:OAR},
Ship(4988.3, 2250.2, ori=2.36) | CP{pos=(3661.5, 3841.5)} [{Si:17,T:TURN,rotation:0.785398163397443},{Si:10,T:OAR},{Si:14,T:OAR},{Si:2,T:USE_WATCH}]
Ship(4969.7, 2258.0, ori=3.14) | CP{pos=(3661.5, 3841.5)} [{Si:10,T:OAR},{Si:14,T:OAR},{Si:15,T:OAR},{Si:18,T:OAR},{Si:16,T:OAR},{Si:13,T:OAR},{Si:11,T:OAR},{Si:12,T:OAR},{Si:2,T:USE_WATCH}]
Ship(4887.2, 2258.0, ori=3.14) | CP{pos=(3661.5, 3841.5)} [{Si:10,T:OAR},{Si:14,T:OAR},{Si:15,T:OAR},{Si:18,T:OAR},{Si:16,T:OAR},{Si:13,T:OAR},{Si:2,T:USE_WATCH}]
Ship(4825.4, 2258.0, ori=3.14) | CP{pos=(3661.5, 3841.5)} [{Si:17,T:TURN,rotation:-0.7853981633974483},{Si:10,T:OAR},{Si:15,T:OAR},{Si:16,T:OAR},{Si:11,T:OAR},{Si:9,T:MOV,xd:-1,yd:-2},{Si:9,T:OAR},{Si
Ship(4785.7, 2297.1, ori=1.57) | CP{pos=(3661.5, 3841.5)} [{Si:10,T:OAR},{Si:14,T:OAR},{Si:15,T:OAR},{Si:18,T:OAR},{Si:16,T:OAR},{Si:13,T:OAR},{Si:11,T:OAR},{Si:12,T:OAR},{Si:2,T:USE_WATCH}]
Ship(4785.7, 2379.6, ori=1.57) | CP{pos=(3661.5, 3841.5)} [{Si:17,T:TURN,rotation:0.7853981633974483},{Si:14,T:OAR},{Si:18,T:OAR},{Si:13,T:OAR},{Si:12,T:OAR},{Si:10,T:OAR},{Si:9,T:MOV,xd:0,yd:4},{Si:9
Ship(4746.6, 2419.3, ori=3.14) | CP{pos=(3661.5, 3841.5)} [{Si:10,T:OAR},{Si:14,T:OAR},{Si:15,T:OAR},{Si:18,T:OAR},{Si:16,T:OAR},{Si:13,T:OAR},{Si:2,T:USE_WATCH}]
Ship(4684.7, 2419.3, ori=3.14) | CP{pos=(3661.5, 3841.5)} [{Si:10,T:OAR},{Si:14,T:OAR},{Si:15,T:OAR},{Si:18,T:OAR},{Si:2,T:USE_WATCH}]
Ship(4643.5, 2419.3, ori=3.14) | CP{pos=(3661.5, 3841.5)} [{Si:10,T:OAR},{Si:14,T:OAR},{Si:2,T:USE_WATCH}]
Ship(4622.8, 2419.3, ori=3.14) | CP{pos=(3661.5, 3841.5)} [{Si:10,T:OAR},{Si:14,T:OAR},{Si:2,T:USE_WATCH}]
Ship(4602.2, 2419.3, ori=3.14) | CP{pos=(3661.5, 3841.5)} [{Si:17,T:TURN,rotation:-0.7853981633974483},{Si:10,T:OAR},{Si:14,T:OAR},{Si:15,T:OAR},{Si:18,T:OAR},{Si:16,T:OAR},{Si:13,T:OAR},{Si:11,T:OAR}
Ship(4527.8, 2449.8, ori=2.36) | CP{pos=(3661.5, 3841.5)} [{Si:17,T:TURN,rotation:-0.7853981633974483},{Si:10,T:OAR},{Si:14,T:OAR},{Si:2,T:USE_WATCH}]
Ship(4520.0, 2468.3, ori=1.57) | CP{pos=(3661.5, 3841.5)} [{Si:10,T:OAR},{Si:14,T:OAR},{Si:15,T:OAR},{Si:18,T:OAR},{Si:16,T:OAR},{Si:13,T:OAR},{Si:11,T:OAR},{Si:12,T:OAR},{Si:2,T:USE_WATCH}]
Ship(4520.0, 2550.8, ori=1.57) | CP{pos=(3661.5, 3841.5)} [{Si:10,T:OAR},{Si:14,T:OAR},{Si:15,T:OAR},{Si:18,T:OAR},{Si:16,T:OAR},{Si:13,T:OAR},{Si:11,T:OAR},{Si:12,T:OAR},{Si:2,T:USE_WATCH}]
Ship(4520.0, 2633.3, ori=1.57) | CP{pos=(3661.5, 3841.5)} [{Si:10,T:OAR},{Si:14,T:OAR},{Si:15,T:OAR},{Si:18,T:OAR},{Si:16,T:OAR},{Si:13,T:OAR},{Si:11,T:OAR},{Si:12,T:OAR},{Si:2,T:USE_WATCH}]
Ship(4520.0, 2715.8, ori=1.57) | CP{pos=(3661.5, 3841.5)} [{Si:10,T:OAR},{Si:14,T:OAR},{Si:15,T:OAR},{Si:18,T:OAR},{Si:16,T:OAR},{Si:13,T:OAR},{Si:11,T:OAR},{Si:12,T:OAR},{Si:2,T:USE_WATCH}]
