$INIT$$N_RND$$N_RND$$N_RND$$N_RND$$N_RND$$N_RND$$N_RND$$N_RND$$N_RND$$N_RND$$Validated:CP: {P(2292.9171668667423|2238.8955582232875|0.0),C100.0}$N_RND$$N_RND$$N_RND$$N_RND$$N_RND$$N_RND$[Sommet(x: 319
5,094190,y: 2034,030764,distance: 0), Sommet(x: 4145,094190,y: 2070,648259,distance: 961), Sommet(x: 5024,009604,y: 1620,648259,distance: 2018)]Point2D(x: 4145,094190, y: 2070,648259)$N_RND$[Sommet(x:
 3195,094190,y: 2034,030764,distance: 0), Sommet(x: 4145,094190,y: 2070,648259,distance: 961), Sommet(x: 5024,009604,y: 1620,648259,distance: 2018)]Point2D(x: 4145,094190, y: 2070,648259)$N_RND$[Somme
t(x: 3359,971757,y: 2040,385926,distance: 0), Sommet(x: 4209,971757,y: 2070,648259,distance: 858), Sommet(x: 5024,009604,y: 1620,648259,distance: 1846)]Point2D(x: 4209,971757, y: 2070,648259)$N_RND$[S
ommet(x: 3524,858332,y: 2046,501300,distance: 0), Sommet(x: 4174,858332,y: 2070,648259,distance: 655), Sommet(x: 5024,009604,y: 1620,648259,distance: 1689)]Point2D(x: 4174,858332, y: 2070,648259)$N_RN
D$[Sommet(x: 3689,749305,y: 2052,498088,distance: 0), Sommet(x: 4139,749305,y: 2070,648259,distance: 453), Sommet(x: 5024,009604,y: 1620,648259,distance: 1514)]Point2D(x: 4139,749305, y: 2070,648259)$
N_RND$[Sommet(x: 3854,625653,y: 2058,882994,distance: 0), Sommet(x: 4204,625653,y: 2070,648259,distance: 351), Sommet(x: 5024,009604,y: 1620,648259,distance: 1344)]Point2D(x: 4204,625653, y: 2070,6482
59)$N_RND$[Sommet(x: 4019,512471,y: 2064,985052,distance: 0), Sommet(x: 4169,512471,y: 2070,648259,distance: 150), Sommet(x: 5024,009604,y: 1620,648259,distance: 1187)]Point2D(x: 4169,512471, y: 2070,
648259)$N_RND$$N_RND$$N_RND$$N_RND$$N_RND$$N_RND$$N_RND$$N_RND$$Validated:CP: {P(5024.009603841534|1620.6482593037217|0.0),C100.0}[Sommet(x: 5022,952088,y: 1621,200837,distance: 0), Sommet(x: 4711,464
586,y: 2371,200837,distance: 873), Sommet(x: 3661,464586,y: 3841,536615,distance: 2777)]Point2D(x: 4711,464586, y: 2371,200837)$N_RND$[Sommet(x: 5022,952088,y: 1621,200837,distance: 0), Sommet(x: 4711
,464586,y: 2371,200837,distance: 873), Sommet(x: 3661,464586,y: 3841,536615,distance: 2777)]Point2D(x: 4711,464586, y: 2371,200837)$N_RND$[Sommet(x: 5022,952088,y: 1621,200837,distance: 0), Sommet(x: 
4711,464586,y: 2371,200837,distance: 873), Sommet(x: 3661,464586,y: 3841,536615,distance: 2777)]Point2D(x: 4711,464586, y: 2371,200837)$N_RND$[Sommet(x: 5022,952088,y: 1621,200837,distance: 0), Sommet
(x: 4711,464586,y: 2371,200837,distance: 873), Sommet(x: 3661,464586,y: 3841,536615,distance: 2777)]Point2D(x: 4711,464586, y: 2371,200837)$N_RND$[Sommet(x: 5022,952088,y: 1621,200837,distance: 0), So
mmet(x: 4711,464586,y: 2371,200837,distance: 873), Sommet(x: 3661,464586,y: 3841,536615,distance: 2777)]Point2D(x: 4711,464586, y: 2371,200837)$N_RND$[Sommet(x: 4959,665874,y: 1773,581463,distance: 0)
, Sommet(x: 4711,464586,y: 2373,581463,distance: 690), Sommet(x: 3661,464586,y: 3841,536615,distance: 2591)]Point2D(x: 4711,464586, y: 2373,581463)$N_RND$[Sommet(x: 4896,485752,y: 1926,006092,distance
: 0), Sommet(x: 4711,464586,y: 2376,006092,distance: 516), Sommet(x: 3661,464586,y: 3841,536615,distance: 2415)]Point2D(x: 4711,464586, y: 2376,006092)$N_RND$[Sommet(x: 4833,575876,y: 2078,542439,dist
ance: 0), Sommet(x: 4711,464586,y: 2078,542439,distance: 122), Sommet(x: 4561,464586,y: 2228,542439,distance: 341), Sommet(x: 4411,464586,y: 2378,542439,distance: 560), Sommet(x: 4261,464586,y: 2528,5
42439,distance: 779), Sommet(x: 3661,464586,y: 3128,542439,distance: 1627), Sommet(x: 3661,464586,y: 3841,536615,distance: 2339)]Point2D(x: 4711,464586, y: 2078,542439)$N_RND$[Sommet(x: 4833,575876,y:
 2078,542439,distance: 0), Sommet(x: 4711,464586,y: 2078,542439,distance: 122), Sommet(x: 4561,464586,y: 2228,542439,distance: 341), Sommet(x: 4411,464586,y: 2378,542439,distance: 560), Sommet(x: 4261
,464586,y: 2528,542439,distance: 779), Sommet(x: 3661,464586,y: 3128,542439,distance: 1627), Sommet(x: 3661,464586,y: 3841,536615,distance: 2339)]Point2D(x: 4711,464586, y: 2078,542439)$N_RND$[Sommet(
x: 4833,575876,y: 2078,542439,distance: 0), Sommet(x: 4711,464586,y: 2078,542439,distance: 122), Sommet(x: 4561,464586,y: 2228,542439,distance: 341), Sommet(x: 4411,464586,y: 2378,542439,distance: 560
), Sommet(x: 4261,464586,y: 2528,542439,distance: 779), Sommet(x: 3661,464586,y: 3128,542439,distance: 1627), Sommet(x: 3661,464586,y: 3841,536615,distance: 2339)]Point2D(x: 4711,464586, y: 2078,54243
9)$N_RND$[Sommet(x: 4730,450876,y: 2078,542439,distance: 0), Sommet(x: 4711,464586,y: 2078,542439,distance: 18), Sommet(x: 4561,464586,y: 2228,542439,distance: 237), Sommet(x: 4411,464586,y: 2378,5424
39,distance: 456), Sommet(x: 4261,464586,y: 2528,542439,distance: 675), Sommet(x: 3661,464586,y: 3128,542439,distance: 1523), Sommet(x: 3661,464586,y: 3841,536615,distance: 2235)]Point2D(x: 4711,46458
6, y: 2078,542439)$N_RND$[Sommet(x: 4730,450876,y: 2078,542439,distance: 0), Sommet(x: 4711,464586,y: 2078,542439,distance: 18), Sommet(x: 4561,464586,y: 2228,542439,distance: 237), Sommet(x: 4411,464
586,y: 2378,542439,distance: 456), Sommet(x: 4261,464586,y: 2528,542439,distance: 675), Sommet(x: 3661,464586,y: 3128,542439,distance: 1523), Sommet(x: 3661,464586,y: 3841,536615,distance: 2235)]Point
2D(x: 4711,464586, y: 2078,542439)$N_RND$[Sommet(x: 4730,450876,y: 2078,542439,distance: 0), Sommet(x: 4711,464586,y: 2078,542439,distance: 18), Sommet(x: 4561,464586,y: 2228,542439,distance: 237), So
mmet(x: 4411,464586,y: 2378,542439,distance: 456), Sommet(x: 4261,464586,y: 2528,542439,distance: 675), Sommet(x: 3661,464586,y: 3128,542439,distance: 1523), Sommet(x: 3661,464586,y: 3841,536615,dista
nce: 2235)]Point2D(x: 4711,464586, y: 2078,542439)$N_RND$[Sommet(x: 4730,450876,y: 2078,542439,distance: 0), Sommet(x: 4711,464586,y: 2078,542439,distance: 18), Sommet(x: 4561,464586,y: 2228,542439,di
stance: 237), Sommet(x: 4411,464586,y: 2378,542439,distance: 456), Sommet(x: 4261,464586,y: 2528,542439,distance: 675), Sommet(x: 3661,464586,y: 3128,542439,distance: 1523), Sommet(x: 3661,464586,y: 3
841,536615,distance: 2235)]Point2D(x: 4711,464586, y: 2078,542439)$N_RND$[Sommet(x: 4730,450876,y: 2078,542439,distance: 0), Sommet(x: 4711,464586,y: 2078,542439,distance: 18), Sommet(x: 4561,464586,y
: 2228,542439,distance: 237), Sommet(x: 4411,464586,y: 2378,542439,distance: 456), Sommet(x: 4261,464586,y: 2528,542439,distance: 675), Sommet(x: 3661,464586,y: 3128,542439,distance: 1523), Sommet(x: 
3661,464586,y: 3841,536615,distance: 2235)]Point2D(x: 4711,464586, y: 2078,542439)$N_RND$[Sommet(x: 4730,450876,y: 2078,542439,distance: 0), Sommet(x: 4711,464586,y: 2078,542439,distance: 18), Sommet(
x: 4561,464586,y: 2228,542439,distance: 237), Sommet(x: 4411,464586,y: 2378,542439,distance: 456), Sommet(x: 4261,464586,y: 2528,542439,distance: 675), Sommet(x: 3661,464586,y: 3128,542439,distance: 1
523), Sommet(x: 3661,464586,y: 3841,536615,distance: 2235)]Point2D(x: 4711,464586, y: 2078,542439)$N_RND$[Sommet(x: 4730,450876,y: 2078,542439,distance: 0), Sommet(x: 4711,464586,y: 2078,542439,distan
ce: 18), Sommet(x: 4561,464586,y: 2228,542439,distance: 237), Sommet(x: 4411,464586,y: 2378,542439,distance: 456), Sommet(x: 4261,464586,y: 2528,542439,distance: 675), Sommet(x: 3661,464586,y: 3128,54
2439,distance: 1523), Sommet(x: 3661,464586,y: 3841,536615,distance: 2235)]Point2D(x: 4711,464586, y: 2078,542439)$N_RND$[Sommet(x: 4730,450876,y: 2078,542439,distance: 0), Sommet(x: 4711,464586,y: 20
78,542439,distance: 18), Sommet(x: 4561,464586,y: 2228,542439,distance: 237), Sommet(x: 4411,464586,y: 2378,542439,distance: 456), Sommet(x: 4261,464586,y: 2528,542439,distance: 675), Sommet(x: 3661,4
64586,y: 3128,542439,distance: 1523), Sommet(x: 3661,464586,y: 3841,536615,distance: 2235)]Point2D(x: 4711,464586, y: 2078,542439)$N_RND$[Sommet(x: 4730,450876,y: 2078,542439,distance: 0), Sommet(x: 4
711,464586,y: 2078,542439,distance: 18), Sommet(x: 4561,464586,y: 2228,542439,distance: 237), Sommet(x: 4411,464586,y: 2378,542439,distance: 456), Sommet(x: 4261,464586,y: 2528,542439,distance: 675), 
Sommet(x: 3661,464586,y: 3128,542439,distance: 1523), Sommet(x: 3661,464586,y: 3841,536615,distance: 2235)]Point2D(x: 4711,464586, y: 2078,542439)$N_RND$[Sommet(x: 4730,450876,y: 2078,542439,distance:
 0), Sommet(x: 4711,464586,y: 2078,542439,distance: 18), Sommet(x: 4561,464586,y: 2228,542439,distance: 237), Sommet(x: 4411,464586,y: 2378,542439,distance: 456), Sommet(x: 4261,464586,y: 2528,542439,
distance: 675), Sommet(x: 3661,464586,y: 3128,542439,distance: 1523), Sommet(x: 3661,464586,y: 3841,536615,distance: 2235)]Point2D(x: 4711,464586, y: 2078,542439)$N_RND$[Sommet(x: 4730,450876,y: 2078,
542439,distance: 0), Sommet(x: 4711,464586,y: 2078,542439,distance: 18), Sommet(x: 4561,464586,y: 2228,542439,distance: 237), Sommet(x: 4411,464586,y: 2378,542439,distance: 456), Sommet(x: 4261,464586
,y: 2528,542439,distance: 675), Sommet(x: 3661,464586,y: 3128,542439,distance: 1523), Sommet(x: 3661,464586,y: 3841,536615,distance: 2235)]Point2D(x: 4711,464586, y: 2078,542439)$N_RND$[Sommet(x: 4730
,450876,y: 2078,542439,distance: 0), Sommet(x: 4711,464586,y: 2078,542439,distance: 18), Sommet(x: 4561,464586,y: 2228,542439,distance: 237), Sommet(x: 4411,464586,y: 2378,542439,distance: 456), Somme
t(x: 4261,464586,y: 2528,542439,distance: 675), Sommet(x: 3661,464586,y: 3128,542439,distance: 1523), Sommet(x: 3661,464586,y: 3841,536615,distance: 2235)]Point2D(x: 4711,464586, y: 2078,542439)$N_RND
$[Sommet(x: 4730,450876,y: 2078,542439,distance: 0), Sommet(x: 4711,464586,y: 2078,542439,distance: 18), Sommet(x: 4561,464586,y: 2228,542439,distance: 237), Sommet(x: 4411,464586,y: 2378,542439,dista
nce: 456), Sommet(x: 4261,464586,y: 2528,542439,distance: 675), Sommet(x: 3661,464586,y: 3128,542439,distance: 1523), Sommet(x: 3661,464586,y: 3841,536615,distance: 2235)]Point2D(x: 4711,464586, y: 20
78,542439)$N_RND$[Sommet(x: 4730,450876,y: 2078,542439,distance: 0), Sommet(x: 4711,464586,y: 2078,542439,distance: 18), Sommet(x: 4561,464586,y: 2228,542439,distance: 237), Sommet(x: 4411,464586,y: 2
378,542439,distance: 456), Sommet(x: 4261,464586,y: 2528,542439,distance: 675), Sommet(x: 3661,464586,y: 3128,542439,distance: 1523), Sommet(x: 3661,464586,y: 3841,536615,distance: 2235)]Point2D(x: 47
11,464586, y: 2078,542439)$N_RND$[Sommet(x: 4730,450876,y: 2078,542439,distance: 0), Sommet(x: 4711,464586,y: 2078,542439,distance: 18), Sommet(x: 4561,464586,y: 2228,542439,distance: 237), Sommet(x: 
4411,464586,y: 2378,542439,distance: 456), Sommet(x: 4261,464586,y: 2528,542439,distance: 675), Sommet(x: 3661,464586,y: 3128,542439,distance: 1523), Sommet(x: 3661,464586,y: 3841,536615,distance: 223
5)]Point2D(x: 4711,464586, y: 2078,542439)$N_RND$[Sommet(x: 4730,450876,y: 2078,542439,distance: 0), Sommet(x: 4711,464586,y: 2078,542439,distance: 18), Sommet(x: 4561,464586,y: 2228,542439,distance: 
237), Sommet(x: 4411,464586,y: 2378,542439,distance: 456), Sommet(x: 4261,464586,y: 2528,542439,distance: 675), Sommet(x: 3661,464586,y: 3128,542439,distance: 1523), Sommet(x: 3661,464586,y: 3841,5366
15,distance: 2235)]Point2D(x: 4711,464586, y: 2078,542439)$N_RND$[Sommet(x: 4730,450876,y: 2078,542439,distance: 0), Sommet(x: 4711,464586,y: 2078,542439,distance: 18), Sommet(x: 4561,464586,y: 2228,5
42439,distance: 237), Sommet(x: 4411,464586,y: 2378,542439,distance: 456), Sommet(x: 4261,464586,y: 2528,542439,distance: 675), Sommet(x: 3661,464586,y: 3128,542439,distance: 1523), Sommet(x: 3661,464
586,y: 3841,536615,distance: 2235)]Point2D(x: 4711,464586, y: 2078,542439)$N_RND$[Sommet(x: 4730,450876,y: 2078,542439,distance: 0), Sommet(x: 4711,464586,y: 2078,542439,distance: 18), Sommet(x: 4561,
464586,y: 2228,542439,distance: 237), Sommet(x: 4411,464586,y: 2378,542439,distance: 456), Sommet(x: 4261,464586,y: 2528,542439,distance: 675), Sommet(x: 3661,464586,y: 3128,542439,distance: 1523), So
mmet(x: 3661,464586,y: 3841,536615,distance: 2235)]Point2D(x: 4711,464586, y: 2078,542439)$N_RND$[Sommet(x: 4730,450876,y: 2078,542439,distance: 0), Sommet(x: 4711,464586,y: 2078,542439,distance: 18),
 Sommet(x: 4561,464586,y: 2228,542439,distance: 237), Sommet(x: 4411,464586,y: 2378,542439,distance: 456), Sommet(x: 4261,464586,y: 2528,542439,distance: 675), Sommet(x: 3661,464586,y: 3128,542439,dis
tance: 1523), Sommet(x: 3661,464586,y: 3841,536615,distance: 2235)]Point2D(x: 4711,464586, y: 2078,542439)$N_RND$[Sommet(x: 4730,450876,y: 2078,542439,distance: 0), Sommet(x: 4711,464586,y: 2078,54243
9,distance: 18), Sommet(x: 4561,464586,y: 2228,542439,distance: 237), Sommet(x: 4411,464586,y: 2378,542439,distance: 456), Sommet(x: 4261,464586,y: 2528,542439,distance: 675), Sommet(x: 3661,464586,y:
 3128,542439,distance: 1523), Sommet(x: 3661,464586,y: 3841,536615,distance: 2235)]Point2D(x: 4711,464586, y: 2078,542439)$N_RND$[Sommet(x: 4730,450876,y: 2078,542439,distance: 0), Sommet(x: 4711,4645
86,y: 2078,542439,distance: 18), Sommet(x: 4561,464586,y: 2228,542439,distance: 237), Sommet(x: 4411,464586,y: 2378,542439,distance: 456), Sommet(x: 4261,464586,y: 2528,542439,distance: 675), Sommet(x
: 3661,464586,y: 3128,542439,distance: 1523), Sommet(x: 3661,464586,y: 3841,536615,distance: 2235)]Point2D(x: 4711,464586, y: 2078,542439)$N_RND$[Sommet(x: 4730,450876,y: 2078,542439,distance: 0), Som
met(x: 4711,464586,y: 2078,542439,distance: 18), Sommet(x: 4561,464586,y: 2228,542439,distance: 237), Sommet(x: 4411,464586,y: 2378,542439,distance: 456), Sommet(x: 4261,464586,y: 2528,542439,distance
: 675), Sommet(x: 3661,464586,y: 3128,542439,distance: 1523), Sommet(x: 3661,464586,y: 3841,536615,distance: 2235)]Point2D(x: 4711,464586, y: 2078,542439)$N_RND$[Sommet(x: 4730,450876,y: 2078,542439,d
istance: 0), Sommet(x: 4711,464586,y: 2078,542439,distance: 18), Sommet(x: 4561,464586,y: 2228,542439,distance: 237), Sommet(x: 4411,464586,y: 2378,542439,distance: 456), Sommet(x: 4261,464586,y: 2528
,542439,distance: 675), Sommet(x: 3661,464586,y: 3128,542439,distance: 1523), Sommet(x: 3661,464586,y: 3841,536615,distance: 2235)]Point2D(x: 4711,464586, y: 2078,542439)$N_RND$[Sommet(x: 4730,450876,
y: 2078,542439,distance: 0), Sommet(x: 4711,464586,y: 2078,542439,distance: 18), Sommet(x: 4561,464586,y: 2228,542439,distance: 237), Sommet(x: 4411,464586,y: 2378,542439,distance: 456), Sommet(x: 426
1,464586,y: 2528,542439,distance: 675), Sommet(x: 3661,464586,y: 3128,542439,distance: 1523), Sommet(x: 3661,464586,y: 3841,536615,distance: 2235)]Point2D(x: 4711,464586, y: 2078,542439)$N_RND$[Sommet
(x: 4730,450876,y: 2078,542439,distance: 0), Sommet(x: 4711,464586,y: 2078,542439,distance: 18), Sommet(x: 4561,464586,y: 2228,542439,distance: 237), Sommet(x: 4411,464586,y: 2378,542439,distance: 456
), Sommet(x: 4261,464586,y: 2528,542439,distance: 675), Sommet(x: 3661,464586,y: 3128,542439,distance: 1523), Sommet(x: 3661,464586,y: 3841,536615,distance: 2235)]Point2D(x: 4711,464586, y: 2078,54243
9)$N_RND$[Sommet(x: 4730,450876,y: 2078,542439,distance: 0), Sommet(x: 4711,464586,y: 2078,542439,distance: 18), Sommet(x: 4561,464586,y: 2228,542439,distance: 237), Sommet(x: 4411,464586,y: 2378,5424
39,distance: 456), Sommet(x: 4261,464586,y: 2528,542439,distance: 675), Sommet(x: 3661,464586,y: 3128,542439,distance: 1523), Sommet(x: 3661,464586,y: 3841,536615,distance: 2235)]Point2D(x: 4711,46458
6, y: 2078,542439)$N_RND$[Sommet(x: 4730,450876,y: 2078,542439,distance: 0), Sommet(x: 4711,464586,y: 2078,542439,distance: 18), Sommet(x: 4561,464586,y: 2228,542439,distance: 237), Sommet(x: 4411,464
586,y: 2378,542439,distance: 456), Sommet(x: 4261,464586,y: 2528,542439,distance: 675), Sommet(x: 3661,464586,y: 3128,542439,distance: 1523), Sommet(x: 3661,464586,y: 3841,536615,distance: 2235)]Point
2D(x: 4711,464586, y: 2078,542439)$N_RND$[Sommet(x: 4730,450876,y: 2078,542439,distance: 0), Sommet(x: 4711,464586,y: 2078,542439,distance: 18), Sommet(x: 4561,464586,y: 2228,542439,distance: 237), So
mmet(x: 4411,464586,y: 2378,542439,distance: 456), Sommet(x: 4261,464586,y: 2528,542439,distance: 675), Sommet(x: 3661,464586,y: 3128,542439,distance: 1523), Sommet(x: 3661,464586,y: 3841,536615,dista
nce: 2235)]Point2D(x: 4711,464586, y: 2078,542439)$N_RND$[Sommet(x: 4730,450876,y: 2078,542439,distance: 0), Sommet(x: 4711,464586,y: 2078,542439,distance: 18), Sommet(x: 4561,464586,y: 2228,542439,di
stance: 237), Sommet(x: 4411,464586,y: 2378,542439,distance: 456), Sommet(x: 4261,464586,y: 2528,542439,distance: 675), Sommet(x: 3661,464586,y: 3128,542439,distance: 1523), Sommet(x: 3661,464586,y: 3
841,536615,distance: 2235)]Point2D(x: 4711,464586, y: 2078,542439)$N_RND$[Sommet(x: 4730,450876,y: 2078,542439,distance: 0), Sommet(x: 4711,464586,y: 2078,542439,distance: 18), Sommet(x: 4561,464586,y
: 2228,542439,distance: 237), Sommet(x: 4411,464586,y: 2378,542439,distance: 456), Sommet(x: 4261,464586,y: 2528,542439,distance: 675), Sommet(x: 3661,464586,y: 3128,542439,distance: 1523), Sommet(x: 
3661,464586,y: 3841,536615,distance: 2235)]Point2D(x: 4711,464586, y: 2078,542439)$N_RND$[Sommet(x: 4730,450876,y: 2078,542439,distance: 0), Sommet(x: 4711,464586,y: 2078,542439,distance: 18), Sommet(
x: 4561,464586,y: 2228,542439,distance: 237), Sommet(x: 4411,464586,y: 2378,542439,distance: 456), Sommet(x: 4261,464586,y: 2528,542439,distance: 675), Sommet(x: 3661,464586,y: 3128,542439,distance: 1
523), Sommet(x: 3661,464586,y: 3841,536615,distance: 2235)]Point2D(x: 4711,464586, y: 2078,542439)$N_RND$[Sommet(x: 4730,450876,y: 2078,542439,distance: 0), Sommet(x: 4711,464586,y: 2078,542439,distan
ce: 18), Sommet(x: 4561,464586,y: 2228,542439,distance: 237), Sommet(x: 4411,464586,y: 2378,542439,distance: 456), Sommet(x: 4261,464586,y: 2528,542439,distance: 675), Sommet(x: 3661,464586,y: 3128,54
2439,distance: 1523), Sommet(x: 3661,464586,y: 3841,536615,distance: 2235)]Point2D(x: 4711,464586, y: 2078,542439)$N_RND$[Sommet(x: 4730,450876,y: 2078,542439,distance: 0), Sommet(x: 4711,464586,y: 20
78,542439,distance: 18), Sommet(x: 4561,464586,y: 2228,542439,distance: 237), Sommet(x: 4411,464586,y: 2378,542439,distance: 456), Sommet(x: 4261,464586,y: 2528,542439,distance: 675), Sommet(x: 3661,4
64586,y: 3128,542439,distance: 1523), Sommet(x: 3661,464586,y: 3841,536615,distance: 2235)]Point2D(x: 4711,464586, y: 2078,542439)$N_RND$[Sommet(x: 4730,450876,y: 2078,542439,distance: 0), Sommet(x: 4
711,464586,y: 2078,542439,distance: 18), Sommet(x: 4561,464586,y: 2228,542439,distance: 237), Sommet(x: 4411,464586,y: 2378,542439,distance: 456), Sommet(x: 4261,464586,y: 2528,542439,distance: 675), 
Sommet(x: 3661,464586,y: 3128,542439,distance: 1523), Sommet(x: 3661,464586,y: 3841,536615,distance: 2235)]Point2D(x: 4711,464586, y: 2078,542439)$N_RND$[Sommet(x: 4730,450876,y: 2078,542439,distance:
 0), Sommet(x: 4711,464586,y: 2078,542439,distance: 18), Sommet(x: 4561,464586,y: 2228,542439,distance: 237), Sommet(x: 4411,464586,y: 2378,542439,distance: 456), Sommet(x: 4261,464586,y: 2528,542439,
distance: 675), Sommet(x: 3661,464586,y: 3128,542439,distance: 1523), Sommet(x: 3661,464586,y: 3841,536615,distance: 2235)]Point2D(x: 4711,464586, y: 2078,542439)$N_RND$[Sommet(x: 4730,450876,y: 2078,
542439,distance: 0), Sommet(x: 4711,464586,y: 2078,542439,distance: 18), Sommet(x: 4561,464586,y: 2228,542439,distance: 237), Sommet(x: 4411,464586,y: 2378,542439,distance: 456), Sommet(x: 4261,464586
,y: 2528,542439,distance: 675), Sommet(x: 3661,464586,y: 3128,542439,distance: 1523), Sommet(x: 3661,464586,y: 3841,536615,distance: 2235)]Point2D(x: 4711,464586, y: 2078,542439)$N_RND$[Sommet(x: 4730
,450876,y: 2078,542439,distance: 0), Sommet(x: 4711,464586,y: 2078,542439,distance: 18), Sommet(x: 4561,464586,y: 2228,542439,distance: 237), Sommet(x: 4411,464586,y: 2378,542439,distance: 456), Somme
t(x: 4261,464586,y: 2528,542439,distance: 675), Sommet(x: 3661,464586,y: 3128,542439,distance: 1523), Sommet(x: 3661,464586,y: 3841,536615,distance: 2235)]Point2D(x: 4711,464586, y: 2078,542439)$N_RND
$[Sommet(x: 4730,450876,y: 2078,542439,distance: 0), Sommet(x: 4711,464586,y: 2078,542439,distance: 18), Sommet(x: 4561,464586,y: 2228,542439,distance: 237), Sommet(x: 4411,464586,y: 2378,542439,dista
