Micro : 10 actions
MOVING[sailorId=7,xdistance=2,ydistance=0],
TURN[sailorId=7,rotation=-0.06440382794926858],
OAR[sailorId=3],
MOVING[sailorId=4,xdistance=1,ydistance=0],
LIFT_SAIL[sailorId=4],
OAR[sailorId=5],
OAR[sailorId=8],
OAR[sailorId=6],
MOVING[sailorId=0,xdistance=3,ydistance=0],
OAR[sailorId=0],
Micro : 9 actions
TURN[sailorId=7,rotation=-0.16461268366790438],
OAR[sailorId=5],
OAR[sailorId=8],
MOVING[sailorId=0,xdistance=0,ydistance=2],
OAR[sailorId=0],
OAR[sailorId=3],
OAR[sailorId=6],
MOVING[sailorId=4,xdistance=1,ydistance=-1],
OAR[sailorId=4],
Micro : 6 actions
TURN[sailorId=7,rotation=0.1990501720613207],
OAR[sailorId=3],
OAR[sailorId=5],
OAR[sailorId=8],
OAR[sailorId=6],
OAR[sailorId=4],
Micro : 7 actions
TURN[sailorId=7,rotation=-0.03789628202794049],
OAR[sailorId=5],
OAR[sailorId=8],
OAR[sailorId=0],
OAR[sailorId=3],
OAR[sailorId=6],
OAR[sailorId=4],
