Round 0: [9426.336375488936, 335.2864583333386, 3.141592653589793]
Round 1: [9426.336375488936, 335.2864583333386, 3.141592653589793]
Round 2: [9426.336375488936, 335.2864583333386, 2.667179035293472]
Round 3: [9304.19959988523, 384.88562371621, 2.846297777683766]
Round 4: [9144.589457270393, 433.4371699436961, 2.846297777683766]
Round 5: [8984.979314655555, 481.98871617118226, 2.846297777683766]
Round 6: [8793.797531878607, 540.1439875861404, 2.846297777683766]
Round 7: [8602.615749101658, 598.2992590010956, 2.846297777683766]
Round 8: [8411.43396632471, 656.4545304160508, 2.846297777683766]
Round 9: [8220.252183547762, 714.609801831006, 2.846297777683766]
Round 10: [8029.070400770814, 772.7650732459613, 2.846297777683766]
Round 11: [7837.888617993865, 830.9203446609165, 2.846297777683766]
Round 12: [7646.706835216917, 889.0756160758717, 2.846297777683766]
Round 13: [7455.525052439969, 947.230887490827, 2.846297777683766]
Round 14: [7264.343269663021, 1005.3861589057822, 2.846297777683766]
Round 15: [7073.161486886072, 1063.5414303207451, 2.846297777683766]
Round 16: [6881.979704109124, 1121.6967017357117, 2.846297777683766]
Round 17: [6690.797921332176, 1179.8519731506783, 2.846297777683766]
Round 18: [6499.616138555228, 1238.007244565645, 2.846297777683766]
Round 19: [6308.4343557782795, 1296.1625159806115, 2.846297777683766]
Round 20: [6117.252573001331, 1354.317787395578, 2.846297777683766]
Round 21: [5990.966012353072, 1392.7326881454771, 2.846297777683766]
Round 22: [5833.107811542703, 1440.751314082834, 2.846297777683766]
Round 23: [5675.249610732333, 1488.7699400201907, 2.846297777683766]
Round 24: [5517.391409921964, 1536.7885659575475, 2.846297777683766]
Round 25: [5359.533209111594, 1584.8071918949042, 2.846297777683766]
Round 26: [5206.98339322208, 1715.1821994577062, 2.0608996142863223]
Round 27: [5124.548967329894, 1944.397068768628, 1.7706048687086096]
Round 28: [5068.45932370262, 2221.3683037418627, 1.7706048687086096]
Round 29: [5012.369680075346, 2498.339538715097, 1.7706048687086096]
Round 30: [4956.280036448072, 2775.3107736883317, 1.7706048687086096]
Round 31: [4959.689993737924, 3024.41139953277, 1.339104015746102]
Round 32: [5024.401840831819, 3298.6964729119027, 1.339104015746102]
Round 33: [5089.113687925714, 3572.9815462910356, 1.339104015746102]
Round 34: [5153.825535019609, 3847.2666196701684, 1.339104015746102]
Round 35: [5218.537382113504, 4121.551693049297, 1.339104015746102]
Round 36: [5283.2492292073985, 4395.836766428384, 1.339104015746102]
Round 37: [5322.4995156017185, 4521.749414384609, 1.1967049148662268]
Round 38: [5382.794959033906, 4675.3380191094, 1.1967049148662268]
Round 39: [5437.826644873671, 4795.2413570871095, 1.0831807222801482]
Round 40: [5515.132563978254, 4941.011020842637, 1.0831807222801482]
Round 41: [5626.668156663486, 5151.324875600533, 1.0831807222801482]
Round 42: [5753.664933169653, 5390.792663109499, 1.0831807222801482]
Round 43: [5880.661709675819, 5630.260450618464, 1.0831807222801482]
Round 44: [6007.658486181986, 5869.72823812743, 1.0831807222801482]
Round 45: [6134.655262688152, 6109.1960256363955, 1.0831807222801482]
Round 46: [6261.652039194319, 6348.663813145361, 1.0831807222801482]
Round 47: [6388.648815700485, 6588.131600654327, 1.0831807222801482]
Round 48: [6515.645592206652, 6827.599388163292, 1.0831807222801482]
Round 49: [6636.27078665133, 7029.09030876703, 0.9780051108573451]
Round 50: [6784.085580900155, 7248.528448633664, 0.9780051108573451]
Round 51: [6931.90037514898, 7467.966588500298, 0.9780051108573451]
Round 52: [7079.715169397805, 7687.4047283669315, 0.9780051108573451]
Round 53: [7227.52996364663, 7906.842868233565, 0.9780051108573451]
Round 54: [7375.344757895455, 8126.281008100199, 0.9780051108573451]
Round 55: [7523.15955214428, 8345.719147966769, 0.9780051108573451]
Round 56: [7670.9743463931045, 8565.157287833312, 0.9780051108573451]
Round 57: [7818.789140641929, 8784.595427699855, 0.9780051108573451]
Round 58: [7966.603934890754, 9004.033567566397, 0.9780051108573451]
Round 59: [8094.321548747515, 9192.524763475774, 0.9780051108573451]
Round 60: [8217.627586420691, 9374.222727784798, 0.9780051108573451]
Round 61: [8340.93362409401, 9555.920692093821, 0.9780051108573451]
Round 62: [8464.23966176733, 9737.618656402845, 0.9780051108573451]
Round 63: [8593.182713453036, 9927.996861090098, 0.9780051108573451]
Round 64: [8660.198997886442, 10041.625881045902, 1.099054126206318]
Round 65: [8701.770505507679, 10166.37666368224, 1.4022437141439648]
Round 66: [8729.450187663619, 10329.038383812622, 1.4022437141439648]
Round 67: [8733.049645776397, 10427.67934176415, 1.6690685499341118]
Round 68: [8733.049645776397, 10427.67934176415, 0.9606238600138051]
Round 69: [8827.596100026154, 10562.90496059725, 0.9606238600138051]
Round 70: [8922.142554275912, 10698.130579430352, 0.9606238600138051]
Round 71: [9016.68900852567, 10833.356198263453, 0.9606238600138051]
Round 72: [9111.235462775427, 10968.581817096554, 0.9606238600138051]
Round 73: [9205.781917025184, 11103.807435929655, 0.9606238600138051]
Round 74: [9300.328371274942, 11239.033054762756, 0.9606238600138051]
Round 75: [9371.436401003028, 11378.391500224305, 0.9606238600138051]
Round 76: [9397.046312541986, 11525.772491494015, 0.9606238600138051]
Round 77: [9552.008102289215, 11645.696074663323, 0.2934651214002004]
Round 78: [9743.269910753548, 11703.493556876896, 0.2934651214002004]
Round 79: [9934.53171921788, 11761.291039090469, 0.2934651214002004]
Round 80: [10125.793527682214, 11819.088521304042, 0.2934651214002004]
Round 81: [10317.055336146546, 11876.886003517615, 0.2934651214002004]
Round 82: [10508.317144610879, 11934.683485731188, 0.2934651214002004]
Round 83: [10699.578953075212, 11992.48096794476, 0.2934651214002004]
Round 84: [10890.840761539544, 12050.278450158334, 0.2934651214002004]
Round 85: [11082.102570003877, 12108.075932371907, 0.2934651214002004]
Round 86: [11273.36437846821, 12165.87341458548, 0.2934651214002004]
Round 87: [11464.626186932543, 12223.670896799053, 0.2934651214002004]
Round 88: [11655.887995396875, 12281.468379012626, 0.2934651214002004]
Round 89: [11847.149803861208, 12339.265861226198, 0.2934651214002004]
Round 90: [12038.41161232554, 12397.063343439771, 0.2934651214002004]
Round 91: [12229.673420789873, 12454.860825653344, 0.2934651214002004]
Round 92: [12420.935229254206, 12512.658307866917, 0.2934651214002004]
Round 93: [12612.197037718539, 12570.45579008049, 0.2934651214002004]
Round 94: [12803.458846182872, 12628.253272294063, 0.2934651214002004]
Round 95: [12994.720654647204, 12686.050754507636, 0.2934651214002004]
Round 96: [13185.982463111537, 12743.84823672121, 0.2934651214002004]
Round 97: [13377.24427157587, 12801.645718934782, 0.2934651214002004]
Round 98: [13568.506080040203, 12859.443201148355, 0.2934651214002004]
Round 99: [13759.767888504535, 12917.240683361928, 0.2934651214002004]
