$INIT$$N_RND$$N_RND$[Sommet(x: 9224,444882,y: 182,240005,distance: 0), Sommet(x: 5747,848761,y: 1382,240005,distance: 3492), Sommet(x: 5547,848761,y: 1782,240005,distance: 3770), Sommet(x: 4947,848761
,y: 2994,791667,distance: 4604)]Point2D(x: 5747,848761, y: 1382,240005)$N_RND$[Sommet(x: 9224,444882,y: 182,240005,distance: 0), Sommet(x: 5747,848761,y: 1382,240005,distance: 3492), Sommet(x: 5547,84
8761,y: 1782,240005,distance: 3770), Sommet(x: 4947,848761,y: 2994,791667,distance: 4604)]Point2D(x: 5747,848761, y: 1382,240005)$N_RND$[Sommet(x: 9031,549536,y: 248,820766,distance: 0), Sommet(x: 554
7,848761,y: 1448,820766,distance: 3496), Sommet(x: 4947,848761,y: 2994,791667,distance: 4468)]Point2D(x: 5547,848761, y: 1448,820766)$N_RND$[Sommet(x: 8838,666877,y: 315,329936,distance: 0), Sommet(x:
 5547,848761,y: 1515,329936,distance: 3300), Sommet(x: 4947,848761,y: 2994,791667,distance: 4214)]Point2D(x: 5547,848761, y: 1515,329936)$N_RND$[Sommet(x: 8645,450504,y: 383,813495,distance: 0), Somme
t(x: 5747,848761,y: 1383,813495,distance: 2906), Sommet(x: 5547,848761,y: 1783,813495,distance: 3184), Sommet(x: 4947,848761,y: 2994,791667,distance: 4018)]Point2D(x: 5747,848761, y: 1383,813495)$N_RN
D$[Sommet(x: 8452,216059,y: 452,404994,distance: 0), Sommet(x: 5547,848761,y: 1452,404994,distance: 2911), Sommet(x: 4947,848761,y: 2994,791667,distance: 3882)]Point2D(x: 5547,848761, y: 1452,404994)$
N_RND$[Sommet(x: 8259,337109,y: 518,893266,distance: 0), Sommet(x: 5547,848761,y: 1518,893266,distance: 2716), Sommet(x: 4947,848761,y: 2994,791667,distance: 3630)]Point2D(x: 5547,848761, y: 1518,8932
66)$N_RND$[Sommet(x: 8066,056661,y: 587,780284,distance: 0), Sommet(x: 5747,848761,y: 1387,780284,distance: 2323), Sommet(x: 5547,848761,y: 1587,780284,distance: 2521), Sommet(x: 4947,848761,y: 2994,7
91667,distance: 3435)]Point2D(x: 5747,848761, y: 1387,780284)$N_RND$[Sommet(x: 7872,754639,y: 656,797723,distance: 0), Sommet(x: 5547,848761,y: 1456,797723,distance: 2328), Sommet(x: 4947,848761,y: 29
94,791667,distance: 3298)]Point2D(x: 5547,848761, y: 1456,797723)$N_RND$[Sommet(x: 7679,879816,y: 723,262771,distance: 0), Sommet(x: 5547,848761,y: 1523,262771,distance: 2133), Sommet(x: 4947,848761,y
: 2994,791667,distance: 3047)]Point2D(x: 5547,848761, y: 1523,262771)$N_RND$[Sommet(x: 7486,502593,y: 792,776281,distance: 0), Sommet(x: 5747,848761,y: 1392,776281,distance: 1740), Sommet(x: 5547,8487
61,y: 1592,776281,distance: 1938), Sommet(x: 4947,848761,y: 2994,791667,distance: 2852)]Point2D(x: 5747,848761, y: 1392,776281)$N_RND$[Sommet(x: 7293,098505,y: 862,455308,distance: 0), Sommet(x: 5547,
848761,y: 1462,455308,distance: 1746), Sommet(x: 4947,848761,y: 2994,791667,distance: 2715)]Point2D(x: 5547,848761, y: 1462,455308)$N_RND$[Sommet(x: 7100,229280,y: 928,888904,distance: 0), Sommet(x: 5
697,848761,y: 1428,888904,distance: 1281), Sommet(x: 5547,848761,y: 2028,888904,distance: 1498), Sommet(x: 4947,848761,y: 2994,791667,distance: 2066)]Point2D(x: 5697,848761, y: 1428,888904)$N_RND$[Som
met(x: 6907,159900,y: 996,481288,distance: 0), Sommet(x: 5547,848761,y: 1496,481288,distance: 1281), Sommet(x: 4947,848761,y: 2994,791667,distance: 1968)]Point2D(x: 5547,848761, y: 1496,481288)$N_RND$
[Sommet(x: 6713,687626,y: 1066,542136,distance: 0), Sommet(x: 5547,848761,y: 1566,542136,distance: 1059), Sommet(x: 4947,848761,y: 2994,791667,distance: 1733)]Point2D(x: 5547,848761, y: 1566,542136)$N
_RND$[Sommet(x: 6519,279735,y: 1143,891627,distance: 0), Sommet(x: 5697,848761,y: 1493,891627,distance: 722), Sommet(x: 5547,848761,y: 1643,891627,distance: 849), Sommet(x: 4947,848761,y: 2994,791667,
distance: 1507)]Point2D(x: 5697,848761, y: 1493,891627)$N_RND$[Sommet(x: 6324,269722,y: 1227,257287,distance: 0), Sommet(x: 5547,848761,y: 1577,257287,distance: 704), Sommet(x: 4947,848761,y: 2994,791
667,distance: 1380)]Point2D(x: 5547,848761, y: 1577,257287)$N_RND$[Sommet(x: 6129,114569,y: 1312,789589,distance: 0), Sommet(x: 5547,848761,y: 1512,789589,distance: 577), Sommet(x: 4947,848761,y: 2994
,791667,distance: 1258)]Point2D(x: 5547,848761, y: 1512,789589)$N_RND$[Sommet(x: 5934,799129,y: 1390,015646,distance: 0), Sommet(x: 5647,848761,y: 1490,015646,distance: 242), Sommet(x: 4947,848761,y: 
2994,791667,distance: 634)]Point2D(x: 5647,848761, y: 1490,015646)$N_RND$[Sommet(x: 5741,864317,y: 1456,821585,distance: 0), Sommet(x: 5647,848761,y: 1456,821585,distance: 94), Sommet(x: 4947,848761,y
: 2994,791667,distance: 486)]Point2D(x: 5647,848761, y: 1456,821585)$N_RND$$N_RND$$N_RND$$N_RND$$N_RND$$N_RND$$N_RND$$Validated:CP: {P(4947.848761408083|2994.7916666666765|0.0),C350.0}[Sommet(x: 5027,
233614,y: 2804,559133,distance: 0), Sommet(x: 5177,233614,y: 4604,559133,distance: 1234), Sommet(x: 8689,700130,y: 10117,187500,distance: 6850)]Point2D(x: 5177,233614, y: 4604,559133)$N_RND$[Sommet(x:
 4983,443111,y: 3080,786117,distance: 0), Sommet(x: 5283,443111,y: 4780,786117,distance: 1139), Sommet(x: 8689,700130,y: 10117,187500,distance: 6097)]Point2D(x: 5283,443111, y: 4780,786117)$N_RND$[Som
met(x: 5019,796850,y: 3362,331758,distance: 0), Sommet(x: 5019,796850,y: 4462,331758,distance: 620), Sommet(x: 5319,796850,y: 5062,331758,distance: 1102), Sommet(x: 5619,796850,y: 5662,331758,distance
: 1584), Sommet(x: 8689,700130,y: 10117,187500,distance: 5805)]Point2D(x: 5019,796850, y: 4462,331758)$N_RND$[Sommet(x: 5044,791904,y: 3645,258541,distance: 0), Sommet(x: 5344,791904,y: 4745,258541,di
stance: 779), Sommet(x: 8689,700130,y: 10117,187500,distance: 5745)]Point2D(x: 5344,791904, y: 4745,258541)$N_RND$[Sommet(x: 5081,862180,y: 3925,602929,distance: 0), Sommet(x: 5681,862180,y: 5325,6029
29,distance: 1118), Sommet(x: 8689,700130,y: 10117,187500,distance: 5590)]Point2D(x: 5681,862180, y: 5325,602929)$N_RND$[Sommet(x: 5173,185762,y: 4188,229788,distance: 0), Sommet(x: 5173,185762,y: 468
8,229788,distance: 260), Sommet(x: 5473,185762,y: 5288,229788,distance: 742), Sommet(x: 5773,185762,y: 5888,229788,distance: 1224), Sommet(x: 8689,700130,y: 10117,187500,distance: 5391)]Point2D(x: 517
3,185762, y: 4688,229788)$N_RND$$N_RND$$N_RND$[Sommet(x: 5443,643488,y: 4955,006958,distance: 0), Sommet(x: 8443,643488,y: 9955,006958,distance: 4690), Sommet(x: 8689,700130,y: 10117,187500,distance: 
4918)]Point2D(x: 8443,643488, y: 9955,006958)$N_RND$[Sommet(x: 5583,545777,y: 5182,763226,distance: 0), Sommet(x: 5583,545777,y: 5582,763226,distance: 160), Sommet(x: 5783,545777,y: 5982,763226,distan
ce: 400), Sommet(x: 5983,545777,y: 6382,763226,distance: 640), Sommet(x: 6183,545777,y: 6782,763226,distance: 880), Sommet(x: 6183,545777,y: 6982,763226,distance: 942), Sommet(x: 6383,545777,y: 7182,7
63226,distance: 1120), Sommet(x: 6583,545777,y: 7582,763226,distance: 1360), Sommet(x: 6783,545777,y: 7982,763226,distance: 1600), Sommet(x: 6983,545777,y: 8182,763226,distance: 1778), Sommet(x: 8383,
545777,y: 9982,763226,distance: 3317), Sommet(x: 8689,700130,y: 10117,187500,distance: 3593)]Point2D(x: 5583,545777, y: 5582,763226)$N_RND$[Sommet(x: 5657,142403,y: 5448,576115,distance: 0), Sommet(x:
 5657,142403,y: 5848,576115,distance: 160), Sommet(x: 5657,142403,y: 6048,576115,distance: 222), Sommet(x: 5857,142403,y: 6248,576115,distance: 400), Sommet(x: 6057,142403,y: 6648,576115,distance: 640
), Sommet(x: 6257,142403,y: 7048,576115,distance: 880), Sommet(x: 6457,142403,y: 7448,576115,distance: 1120), Sommet(x: 6857,142403,y: 8048,576115,distance: 1538), Sommet(x: 7057,142403,y: 8248,576115
,distance: 1716), Sommet(x: 8457,142403,y: 10048,576115,distance: 3255), Sommet(x: 8689,700130,y: 10117,187500,distance: 3463)]Point2D(x: 5657,142403, y: 5848,576115)$N_RND$[Sommet(x: 5657,142403,y: 5
733,576077,distance: 0), Sommet(x: 5857,142403,y: 6133,576077,distance: 240), Sommet(x: 6057,142403,y: 6533,576077,distance: 480), Sommet(x: 6257,142403,y: 6933,576077,distance: 720), Sommet(x: 6257,1
42403,y: 7133,576077,distance: 782), Sommet(x: 6457,142403,y: 7333,576077,distance: 960), Sommet(x: 6657,142403,y: 7733,576077,distance: 1200), Sommet(x: 6857,142403,y: 8133,576077,distance: 1440), So
mmet(x: 7057,142403,y: 8333,576077,distance: 1618), Sommet(x: 8657,142403,y: 10133,576077,distance: 3274), Sommet(x: 8689,700130,y: 10117,187500,distance: 3364)]Point2D(x: 5857,142403, y: 6133,576077)
$N_RND$[Sommet(x: 5724,937026,y: 6013,639040,distance: 0), Sommet(x: 5924,937026,y: 6413,639040,distance: 240), Sommet(x: 6124,937026,y: 6813,639040,distance: 480), Sommet(x: 6324,937026,y: 7213,63904
0,distance: 720), Sommet(x: 6724,937026,y: 7813,639040,distance: 1138), Sommet(x: 6924,937026,y: 8213,639040,distance: 1378), Sommet(x: 7124,937026,y: 8413,639040,distance: 1556), Sommet(x: 8524,93702
6,y: 10013,639040,distance: 3179), Sommet(x: 8689,700130,y: 10117,187500,distance: 3309)]Point2D(x: 5924,937026, y: 6413,639040)both inside stream Point2D(x: 5924,937026, y: 6413,639040)$N_RND$[Sommet
(x: 5856,442558,y: 6274,750114,distance: 0), Sommet(x: 6056,442558,y: 6674,750114,distance: 240), Sommet(x: 6256,442558,y: 7074,750114,distance: 480), Sommet(x: 6656,442558,y: 7674,750114,distance: 89
8), Sommet(x: 6856,442558,y: 8074,750114,distance: 1138), Sommet(x: 7056,442558,y: 8274,750114,distance: 1316), Sommet(x: 8456,442558,y: 10074,750114,distance: 2937), Sommet(x: 8689,700130,y: 10117,18
7500,distance: 3152)]Point2D(x: 6056,442558, y: 6674,750114)both inside stream Point2D(x: 6056,442558, y: 6674,750114)$N_RND$[Sommet(x: 5987,948091,y: 6535,861188,distance: 0), Sommet(x: 6187,948091,y
: 6935,861188,distance: 240), Sommet(x: 6587,948091,y: 7535,861188,distance: 658), Sommet(x: 6787,948091,y: 7935,861188,distance: 898), Sommet(x: 6987,948091,y: 8335,861188,distance: 1138), Sommet(x: 
7187,948091,y: 8535,861188,distance: 1316), Sommet(x: 8587,948091,y: 10135,861188,distance: 2775), Sommet(x: 8689,700130,y: 10117,187500,distance: 2900)]Point2D(x: 6187,948091, y: 6935,861188)both ins
ide stream Point2D(x: 6187,948091, y: 6935,861188)$N_RND$[Sommet(x: 6119,453623,y: 6796,972262,distance: 0), Sommet(x: 6319,453623,y: 7196,972262,distance: 240), Sommet(x: 6719,453623,y: 7796,972262,d
istance: 658), Sommet(x: 6919,453623,y: 8196,972262,distance: 898), Sommet(x: 7119,453623,y: 8396,972262,distance: 1076), Sommet(x: 8519,453623,y: 9996,972262,distance: 2535), Sommet(x: 8689,700130,y:
 10117,187500,distance: 2674)]Point2D(x: 6319,453623, y: 7196,972262)both inside stream Point2D(x: 6319,453623, y: 7196,972262)$N_RND$[Sommet(x: 6250,959155,y: 7058,083336,distance: 0), Sommet(x: 6650
,959155,y: 7658,083336,distance: 418), Sommet(x: 6850,959155,y: 8058,083336,distance: 658), Sommet(x: 7050,959155,y: 8258,083336,distance: 836), Sommet(x: 8450,959155,y: 10058,083336,distance: 2457), 
Sommet(x: 8689,700130,y: 10117,187500,distance: 2674)]Point2D(x: 6650,959155, y: 7658,083336)both inside stream Point2D(x: 6650,959155, y: 7658,083336)$N_RND$[Sommet(x: 6395,278776,y: 7308,042993,dist
ance: 0), Sommet(x: 6795,278776,y: 7908,042993,distance: 418), Sommet(x: 6995,278776,y: 8308,042993,distance: 658), Sommet(x: 7195,278776,y: 8508,042993,distance: 836), Sommet(x: 8595,278776,y: 10108,
042993,distance: 2459), Sommet(x: 8689,700130,y: 10117,187500,distance: 2542)]Point2D(x: 6795,278776, y: 7908,042993)both inside stream Point2D(x: 6795,278776, y: 7908,042993)$N_RND$[Sommet(x: 6551,91
4502,y: 7545,944687,distance: 0), Sommet(x: 6751,914502,y: 7945,944687,distance: 240), Sommet(x: 6951,914502,y: 8145,944687,distance: 418), Sommet(x: 8351,914502,y: 9745,944687,distance: 1877), Sommet
(x: 8551,914502,y: 9945,944687,distance: 2074), Sommet(x: 8689,700130,y: 10117,187500,distance: 2200)]Point2D(x: 6751,914502, y: 7945,944687)both inside stream Point2D(x: 6751,914502, y: 7945,944687)$
N_RND$[Sommet(x: 6696,485424,y: 7795,672251,distance: 0), Sommet(x: 6896,485424,y: 8195,672251,distance: 240), Sommet(x: 7096,485424,y: 8395,672251,distance: 418), Sommet(x: 8496,485424,y: 9995,672251
,distance: 1877), Sommet(x: 8689,700130,y: 10117,187500,distance: 2041)]Point2D(x: 6896,485424, y: 8195,672251)both inside stream Point2D(x: 6896,485424, y: 8195,672251)$N_RND$[Sommet(x: 6827,990957,y
: 8056,783324,distance: 0), Sommet(x: 7127,990957,y: 8556,783324,distance: 276), Sommet(x: 7277,990957,y: 8856,783324,distance: 395), Sommet(x: 7427,990957,y: 9006,783324,distance: 502), Sommet(x: 847
7,990957,y: 10056,783324,distance: 1391), Sommet(x: 8689,700130,y: 10117,187500,distance: 1542)]Point2D(x: 7127,990957, y: 8556,783324)both inside stream Point2D(x: 7127,990957, y: 8556,783324)$N_RND$
[Sommet(x: 6967,579021,y: 8311,170557,distance: 0), Sommet(x: 7267,579021,y: 8811,170557,distance: 276), Sommet(x: 7417,579021,y: 9111,170557,distance: 395), Sommet(x: 7567,579021,y: 9261,170557,dista
nce: 502), Sommet(x: 8689,700130,y: 10117,187500,distance: 1559)]Point2D(x: 7267,579021, y: 8811,170557)both inside stream Point2D(x: 7267,579021, y: 8811,170557)$N_RND$[Sommet(x: 7115,133467,y: 8558,
426709,distance: 0), Sommet(x: 7415,133467,y: 9058,426709,distance: 276), Sommet(x: 7565,133467,y: 9208,426709,distance: 383), Sommet(x: 8689,700130,y: 10117,187500,distance: 1354)]Point2D(x: 7415,133
467, y: 9058,426709)both inside stream Point2D(x: 7415,133467, y: 9058,426709)$N_RND$[Sommet(x: 7262,687914,y: 8805,682860,distance: 0), Sommet(x: 7362,687914,y: 8905,682860,distance: 37), Sommet(x: 8
562,687914,y: 10105,682860,distance: 709), Sommet(x: 8689,700130,y: 10117,187500,distance: 825)]Point2D(x: 7362,687914, y: 8905,682860)$N_RND$[Sommet(x: 7350,239008,y: 8923,739844,distance: 0), Sommet
(x: 7450,239008,y: 9023,739844,distance: 37), Sommet(x: 8550,239008,y: 10123,739844,distance: 653), Sommet(x: 8689,700130,y: 10117,187500,distance: 798)]Point2D(x: 7450,239008, y: 9023,739844)$N_RND$[
Sommet(x: 7437,305845,y: 9013,769238,distance: 0), Sommet(x: 8689,700130,y: 10117,187500,distance: 759)]Point2D(x: 8689,700130, y: 10117,187500)$N_RND$[Sommet(x: 7617,441905,y: 9183,020624,distance: 0
), Sommet(x: 8689,700130,y: 10117,187500,distance: 674)]Point2D(x: 8689,700130, y: 10117,187500)$N_RND$[Sommet(x: 7801,078281,y: 9343,917236,distance: 0), Sommet(x: 8689,700130,y: 10117,187500,distanc
e: 575)]Point2D(x: 8689,700130, y: 10117,187500)$N_RND$[Sommet(x: 7985,001624,y: 9504,060667,distance: 0), Sommet(x: 8689,700130,y: 10117,187500,distance: 77)]Point2D(x: 8689,700130, y: 10117,187500)$
N_RND$[Sommet(x: 8168,955489,y: 9664,123279,distance: 0), Sommet(x: 8689,700130,y: 10117,187500,distance: 52)]Point2D(x: 8689,700130, y: 10117,187500)$N_RND$[Sommet(x: 8352,913538,y: 9824,174805,dista
nce: 0), Sommet(x: 8689,700130,y: 10117,187500,distance: 59)]Point2D(x: 8689,700130, y: 10117,187500)$N_RND$$N_RND$$Validated:CP: {P(8689.700130378087|10117.1875|0.0),C150.0}[Sommet(x: 8671,038437,y: 
10100,953475,distance: 0), Sommet(x: 8821,038437,y: 10850,953475,distance: 749), Sommet(x: 9171,038437,y: 11200,953475,distance: 1159), Sommet(x: 9521,038437,y: 11550,953475,distance: 1569), Sommet(x:
 15938,722295,y: 13502,604167,distance: 8285)]Point2D(x: 8821,038437, y: 10850,953475)$N_RND$[Sommet(x: 8671,038437,y: 10100,953475,distance: 0), Sommet(x: 8821,038437,y: 10850,953475,distance: 749), 
Sommet(x: 9171,038437,y: 11200,953475,distance: 1159), Sommet(x: 9521,038437,y: 11550,953475,distance: 1569), Sommet(x: 15938,722295,y: 13502,604167,distance: 8285)]Point2D(x: 8821,038437, y: 10850,95
3475)$N_RND$[Sommet(x: 8726,478190,y: 10378,152243,distance: 0), Sommet(x: 9026,478190,y: 11178,152243,distance: 599), Sommet(x: 9326,478190,y: 11478,152243,distance: 978), Sommet(x: 9626,478190,y: 11
778,152243,distance: 1357), Sommet(x: 15938,722295,y: 13502,604167,distance: 7851)]Point2D(x: 9026,478190, y: 11178,152243)$N_RND$[Sommet(x: 8803,059962,y: 10647,489978,distance: 0), Sommet(x: 9103,05
9962,y: 11147,489978,distance: 419), Sommet(x: 9403,059962,y: 11447,489978,distance: 798), Sommet(x: 9703,059962,y: 11747,489978,distance: 1177), Sommet(x: 15938,722295,y: 13502,604167,distance: 7659)
]Point2D(x: 9103,059962, y: 11147,489978)$N_RND$[Sommet(x: 8921,197911,y: 10893,205168,distance: 0), Sommet(x: 9221,197911,y: 11393,205168,distance: 419), Sommet(x: 9521,197911,y: 11693,205168,distanc
e: 758), Sommet(x: 15938,722295,y: 13502,604167,distance: 7392)]Point2D(x: 9221,197911, y: 11393,205168)$N_RND$[Sommet(x: 9059,056165,y: 11122,968925,distance: 0), Sommet(x: 9359,056165,y: 11322,96892
5,distance: 293), Sommet(x: 9659,056165,y: 11622,968925,distance: 632), Sommet(x: 15938,722295,y: 13502,604167,distance: 7109)]Point2D(x: 9359,056165, y: 11322,968925)$N_RND$[Sommet(x: 9229,761018,y: 
11304,726800,distance: 0), Sommet(x: 9529,761018,y: 11504,726800,distance: 344), Sommet(x: 9829,761018,y: 11804,726800,distance: 723), Sommet(x: 15938,722295,y: 13502,604167,distance: 7094)]Point2D(x:
 9529,761018, y: 11504,726800)$N_RND$[Sommet(x: 9373,555125,y: 11441,849816,distance: 0), Sommet(x: 9673,555125,y: 11641,849816,distance: 344), Sommet(x: 15938,722295,y: 13502,604167,distance: 6809)]P
oint2D(x: 9673,555125, y: 11641,849816)$N_RND$$N_RND$$N_RND$$N_RND$$N_RND$$N_RND$$N_RND$$N_RND$$N_RND$$N_RND$$N_RND$$N_RND$$N_RND$$N_RND$$N_RND$$N_RND$$N_RND$$N_RND$$N_RND$$N_RND$$N_RND$$N_RND$$N_RND$
$N_RND$$N_RND$$N_RND$$N_RND$$N_RND$$N_RND$$N_RND$$N_RND$$N_RND$
