Jeu initialisé ! 
 
à gau pr éviter R
135-225
temp checkpoint x: 9400.26075619297y:107.8645833333388
----------------------- Fin tour ------------------------------- 

à gau pr éviter R
135-225
temp checkpoint x: 9400.26075619297y:107.8645833333388
----------------------- Fin tour ------------------------------- 

à gau pr éviter R
45-135
temp checkpoint x: 9227.32820489957y:279.97213462674836
----------------------- Fin tour ------------------------------- 

à gau pr éviter R
45-135
temp checkpoint x: 9227.32820489957y:279.97213462674836
----------------------- Fin tour ------------------------------- 

à gau pr éviter R
135-225
temp checkpoint x: 9295.22065360617y:212.90468592015765
----------------------- Fin tour ------------------------------- 

à gau pr éviter R
135-225
temp checkpoint x: 9295.22065360617y:212.90468592015765
----------------------- Fin tour ------------------------------- 

à gau pr éviter R
45-135
temp checkpoint x: 9122.288102312768y:385.01223721356695
----------------------- Fin tour ------------------------------- 

à gau pr éviter R
45-135
temp checkpoint x: 9122.288102312768y:385.01223721356695
----------------------- Fin tour ------------------------------- 

Nous utilisons le gouvernail !

Nous utilisons le gouvernail !

----------------------- Fin tour ------------------------------- 

----------------------- Fin tour ------------------------------- 

----------------------- Fin tour ------------------------------- 

----------------------- Fin tour ------------------------------- 

----------------------- Fin tour ------------------------------- 

----------------------- Fin tour ------------------------------- 

Nous utilisons le gouvernail !

Nous utilisons le gouvernail !

Nous utilisons le gouvernail !

Nous utilisons le gouvernail !

Nous utilisons le gouvernail !

Nous utilisons le gouvernail !

Nous utilisons le gouvernail !

Nous utilisons le gouvernail !

Nous utilisons le gouvernail !

Nous utilisons le gouvernail !

Nous utilisons le gouvernail !

Nous utilisons le gouvernail !

Nous utilisons le gouvernail !

à gau pr éviter R
135-225
temp checkpoint x: 7095.445722057869y:1805.95676273825
----------------------- Fin tour ------------------------------- 

à gau pr éviter R
135-225
temp checkpoint x: 7047.655903886974y:1829.7412188765827
----------------------- Fin tour ------------------------------- 

à gau pr éviter R
135-225
temp checkpoint x: 6935.470799504668y:1866.200837523498
----------------------- Fin tour ------------------------------- 

à gau pr éviter R
135-225
temp checkpoint x: 6854.335975498404y:1866.5441953753493
----------------------- Fin tour ------------------------------- 

à gau pr éviter R
135-225
temp checkpoint x: 6811.9208794587275y:1853.3743812299354
----------------------- Fin tour ------------------------------- 

à gau pr éviter R
225-315
temp checkpoint x: 6922.304428319082y:1967.2527309967609
----------------------- Fin tour ------------------------------- 

à gau pr éviter R
225-315
temp checkpoint x: 6930.403923157246y:1979.5681910675105
----------------------- Fin tour ------------------------------- 

à gau pr éviter R
225-315
temp checkpoint x: 6939.573867901525y:2009.5445528322864
----------------------- Fin tour ------------------------------- 

à gau pr éviter R
225-315
temp checkpoint x: 6939.292310639544y:2046.3958188250024
----------------------- Fin tour ------------------------------- 

à gau pr éviter R
225-315
temp checkpoint x: 6929.868760441384y:2075.624463680513
----------------------- Fin tour ------------------------------- 

à gau pr éviter R
-45-45315.54098540973524
temp checkpoint x: 6802.307982249269y:2206.8436336156965
----------------------- Fin tour ------------------------------- 

à gau pr éviter R
-45-45333.54098540973416
