InitShipPos : (120.0, 1728.0, ori=0.0) | ShipDeck : (5, 3) | [Sl{id=0, x=0, y=0}, Sl{id=1, x=0, y=1}, Sl{id=2, x=0, y=2}, Sl{id=3, x=1, y=0}, Sl{id=4, x=1, y=1}, Sl{id=5, x=1, y=2}, Sl{id=6, x=2, y=0}
[Oar(1,0), Oar(2,0), Oar(3,0), Oar(1,2), Oar(2,2), Oar(3,2), Rudder(4,1), Watch(0,1), Sail(2,1)] | [CP{pos=(480.0, 1488.0)}, CP{pos=(800.0, 856.0)}, CP{pos=(120.0, 1488.0)}]
Ship(120.0, 1728.0, ori=0.0) | CP{pos=(480.0, 1488.0)} [{Si:7,T:LIFT_SAIL},{Si:3,T:OAR},{Si:5,T:OAR},{Si:6,T:OAR},{Si:8,T:OAR},{Si:4,T:MOV,xd:2,yd:-1},{Si:4,T:OAR},{Si:2,T:MOV,xd:3,yd:0},{Si:2,T:OAR},
Ship(310.0, 1728.0, ori=0.0) | CP{pos=(480.0, 1488.0)} [{Si:2,T:MOV,xd:1,yd:-1},{Si:2,T:TURN,rotation:-0.7853981633974483},{Si:3,T:OAR},{Si:6,T:OAR},{Si:5,T:OAR},{Si:1,T:USE_WATCH}]
Ship(386.2, 1672.8, ori=-1.31) | CP{pos=(480.0, 1488.0)} [{Si:2,T:TURN,rotation:-0.2617993877991487},{Si:3,T:OAR},{Si:5,T:OAR},{Si:6,T:OAR},{Si:8,T:OAR},{Si:1,T:USE_WATCH}]
Ship(401.2, 1560.8, ori=-1.57) | CP{pos=(800.0, 856.0)} [{Si:2,T:TURN,rotation:-0.7853981633974483},{Si:3,T:OAR},{Si:6,T:OAR},{Si:4,T:OAR},{Si:1,T:USE_WATCH}]
Ship(356.8, 1538.1, ori=-3.93) | CP{pos=(800.0, 856.0)} [{Si:2,T:TURN,rotation:-0.7853981633974483},{Si:7,T:LOWER_SAIL},{Si:3,T:OAR},{Si:5,T:OAR},{Si:6,T:OAR},{Si:8,T:OAR},{Si:4,T:OAR},{Si:1,T:MOV,xd:
Ship(294.7, 1686.4, ori=-4.71) | CP{pos=(800.0, 856.0)} [{Si:3,T:OAR},{Si:5,T:OAR},{Si:6,T:OAR},{Si:8,T:OAR},{Si:4,T:OAR},{Si:1,T:OAR},{Si:0,T:USE_WATCH}]
Ship(294.7, 1851.4, ori=-4.71) | CP{pos=(800.0, 856.0)} [{Si:2,T:TURN,rotation:0.7853981633974483},{Si:5,T:OAR},{Si:0,T:USE_WATCH}]
Ship(279.3, 1871.8, ori=-3.4) | CP{pos=(800.0, 856.0)} [{Si:2,T:TURN,rotation:-0.061665395882712914},{Si:3,T:OAR},{Si:5,T:OAR},{Si:0,T:USE_WATCH}]
Ship(226.6, 1887.7, ori=-3.47) | CP{pos=(800.0, 856.0)} [{Si:3,T:OAR},{Si:5,T:OAR},{Si:0,T:USE_WATCH}]
Ship(174.5, 1905.1, ori=-3.47) | CP{pos=(800.0, 856.0)} [{Si:3,T:OAR},{Si:5,T:OAR},{Si:0,T:USE_WATCH}]
Ship(122.3, 1922.6, ori=-3.47) | CP{pos=(800.0, 856.0)} [{Si:2,T:TURN,rotation:0.6095611164916344},{Si:3,T:OAR},{Si:5,T:OAR},{Si:0,T:USE_WATCH}]
Ship(68.2, 1923.8, ori=-2.86) | CP{pos=(800.0, 856.0)} [{Si:2,T:TURN,rotation:-0.026922785399081217},{Si:3,T:OAR},{Si:5,T:OAR},{Si:0,T:USE_WATCH}]
Ship(15.2, 1909.0, ori=-2.88) | CP{pos=(800.0, 856.0)} [{Si:3,T:OAR},{Si:5,T:OAR},{Si:0,T:USE_WATCH}]
Ship(-37.9, 1894.9, ori=-2.88) | CP{pos=(800.0, 856.0)} [{Si:3,T:OAR},{Si:5,T:OAR},{Si:0,T:USE_WATCH}]
Ship(-91.1, 1880.8, ori=-2.88) | CP{pos=(800.0, 856.0)} [{Si:3,T:OAR},{Si:5,T:OAR},{Si:0,T:USE_WATCH}]
Ship(-144.3, 1866.7, ori=-2.88) | CP{pos=(800.0, 856.0)} [{Si:3,T:OAR},{Si:5,T:OAR},{Si:0,T:USE_WATCH}]
Ship(-197.4, 1852.6, ori=-2.88) | CP{pos=(800.0, 856.0)} [{Si:3,T:OAR},{Si:5,T:OAR},{Si:0,T:USE_WATCH}]
Ship(-250.6, 1838.5, ori=-2.88) | CP{pos=(800.0, 856.0)} [{Si:3,T:OAR},{Si:5,T:OAR},{Si:0,T:USE_WATCH}]
Ship(-303.8, 1824.4, ori=-2.88) | CP{pos=(800.0, 856.0)} [{Si:3,T:OAR},{Si:5,T:OAR},{Si:0,T:USE_WATCH}]
Ship(-356.9, 1810.3, ori=-2.88) | CP{pos=(800.0, 856.0)} [{Si:2,T:TURN,rotation:0.7853981633974483},{Si:5,T:OAR},{Si:8,T:OAR},{Si:1,T:OAR},{Si:0,T:USE_WATCH}]
Ship(-366.3, 1746.3, ori=-0.53) | CP{pos=(800.0, 856.0)} [{Si:2,T:TURN,rotation:0.5262246159867735},{Si:7,T:LIFT_SAIL},{Si:3,T:OAR},{Si:5,T:OAR},{Si:6,T:OAR},{Si:8,T:OAR},{Si:4,T:OAR},{Si:1,T:OAR},{Si
Ship(-186.1, 1697.4, ori=0.0) | CP{pos=(800.0, 856.0)} [{Si:2,T:TURN,rotation:-0.7853981633974483},{Si:3,T:OAR},{Si:5,T:OAR},{Si:0,T:USE_WATCH}]
Ship(-116.0, 1669.2, ori=-0.79) | CP{pos=(800.0, 856.0)} [{Si:2,T:TURN,rotation:0.7853981633974483},{Si:5,T:OAR},{Si:8,T:OAR},{Si:1,T:OAR},{Si:0,T:USE_WATCH}]
Ship(-40.7, 1695.8, ori=1.57) | CP{pos=(800.0, 856.0)} [{Si:7,T:LOWER_SAIL},{Si:3,T:OAR},{Si:5,T:OAR},{Si:6,T:OAR},{Si:8,T:OAR},{Si:4,T:OAR},{Si:1,T:OAR},{Si:0,T:USE_WATCH}]
Ship(-40.7, 1860.8, ori=1.57) | CP{pos=(800.0, 856.0)} [{Si:2,T:TURN,rotation:0.7853981633974483},{Si:5,T:OAR},{Si:0,T:USE_WATCH}]
Ship(-56.2, 1881.2, ori=2.88) | CP{pos=(800.0, 856.0)} [{Si:2,T:TURN,rotation:0.5334847129205507},{Si:3,T:OAR},{Si:5,T:OAR},{Si:0,T:USE_WATCH}]
Ship(-110.5, 1881.1, ori=3.41) | CP{pos=(800.0, 856.0)} [{Si:3,T:OAR},{Si:5,T:OAR},{Si:0,T:USE_WATCH}]
Ship(-163.5, 1866.4, ori=3.41) | CP{pos=(800.0, 856.0)} [{Si:3,T:OAR},{Si:5,T:OAR},{Si:0,T:USE_WATCH}]
Ship(-216.5, 1851.6, ori=3.41) | CP{pos=(800.0, 856.0)} [{Si:3,T:OAR},{Si:5,T:OAR},{Si:0,T:USE_WATCH}]
Ship(-269.5, 1836.8, ori=3.41) | CP{pos=(800.0, 856.0)} [{Si:3,T:OAR},{Si:5,T:OAR},{Si:0,T:USE_WATCH}]
Ship(-322.5, 1822.1, ori=3.41) | CP{pos=(800.0, 856.0)} [{Si:3,T:OAR},{Si:5,T:OAR},{Si:0,T:USE_WATCH}]
Ship(-375.4, 1807.3, ori=3.41) | CP{pos=(800.0, 856.0)} [{Si:2,T:TURN,rotation:0.7853981633974483},{Si:5,T:OAR},{Si:8,T:OAR},{Si:1,T:OAR},{Si:0,T:USE_WATCH}]
Ship(-384.0, 1743.2, ori=5.77) | CP{pos=(800.0, 856.0)} [{Si:2,T:TURN,rotation:0.5137128382760272},{Si:7,T:LIFT_SAIL},{Si:3,T:OAR},{Si:5,T:OAR},{Si:6,T:OAR},{Si:8,T:OAR},{Si:4,T:OAR},{Si:1,T:OAR},{Si:
Ship(-203.4, 1695.4, ori=6.28) | CP{pos=(800.0, 856.0)} [{Si:2,T:TURN,rotation:-0.7853981633974483},{Si:3,T:OAR},{Si:5,T:OAR},{Si:0,T:USE_WATCH}]
Ship(-133.3, 1667.2, ori=5.5) | CP{pos=(800.0, 856.0)} [{Si:2,T:TURN,rotation:-0.7853981633974483},{Si:3,T:OAR},{Si:6,T:OAR},{Si:4,T:OAR},{Si:0,T:USE_WATCH}]
Ship(-147.5, 1609.7, ori=3.14) | CP{pos=(800.0, 856.0)} [{Si:2,T:TURN,rotation:-0.7853981633974483},{Si:3,T:OAR},{Si:6,T:OAR},{Si:5,T:OAR},{Si:4,T:OAR},{Si:8,T:OAR},{Si:0,T:USE_WATCH}]
Ship(-234.5, 1678.0, ori=1.83) | CP{pos=(800.0, 856.0)} [{Si:2,T:TURN,rotation:0.7853981633974483},{Si:5,T:OAR},{Si:0,T:USE_WATCH}]
Ship(-239.9, 1684.8, ori=3.14) | CP{pos=(800.0, 856.0)} [{Si:2,T:TURN,rotation:0.4148998602648062},{Si:7,T:LOWER_SAIL},{Si:3,T:OAR},{Si:5,T:OAR},{Si:0,T:USE_WATCH}]
Ship(-293.4, 1673.6, ori=3.56) | CP{pos=(800.0, 856.0)} [{Si:3,T:OAR},{Si:5,T:OAR},{Si:0,T:USE_WATCH}]
Ship(-343.7, 1651.5, ori=3.56) | CP{pos=(800.0, 856.0)} [{Si:3,T:OAR},{Si:5,T:OAR},{Si:0,T:USE_WATCH}]
Ship(-394.1, 1629.3, ori=3.56) | CP{pos=(800.0, 856.0)} [{Si:2,T:TURN,rotation:0.7853981633974483},{Si:5,T:OAR},{Si:8,T:OAR},{Si:1,T:OAR},{Si:0,T:USE_WATCH}]
Ship(-393.4, 1564.6, ori=5.91) | CP{pos=(800.0, 856.0)} [{Si:2,T:TURN,rotation:0.37049830313272025},{Si:7,T:LIFT_SAIL},{Si:3,T:OAR},{Si:5,T:OAR},{Si:6,T:OAR},{Si:8,T:OAR},{Si:4,T:OAR},{Si:1,T:OAR},{Si
Ship(-208.3, 1529.6, ori=0.0) | CP{pos=(800.0, 856.0)} [{Si:2,T:TURN,rotation:-0.7853981633974483},{Si:3,T:OAR},{Si:5,T:OAR},{Si:0,T:USE_WATCH}]
Ship(-138.2, 1501.4, ori=-0.79) | CP{pos=(800.0, 856.0)} [{Si:2,T:TURN,rotation:0.7853981633974483},{Si:5,T:OAR},{Si:8,T:OAR},{Si:1,T:OAR},{Si:0,T:USE_WATCH}]
Ship(-62.9, 1528.1, ori=1.57) | CP{pos=(800.0, 856.0)} [{Si:7,T:LOWER_SAIL},{Si:3,T:OAR},{Si:5,T:OAR},{Si:6,T:OAR},{Si:8,T:OAR},{Si:4,T:OAR},{Si:1,T:OAR},{Si:0,T:USE_WATCH}]
Ship(-62.9, 1693.1, ori=1.57) | CP{pos=(800.0, 856.0)} [{Si:3,T:OAR},{Si:5,T:OAR},{Si:6,T:OAR},{Si:8,T:OAR},{Si:4,T:OAR},{Si:1,T:OAR},{Si:0,T:USE_WATCH}]
Ship(-62.9, 1858.1, ori=1.57) | CP{pos=(800.0, 856.0)} [{Si:2,T:TURN,rotation:0.7853981633974483},{Si:5,T:OAR},{Si:0,T:USE_WATCH}]
Ship(-78.4, 1878.5, ori=2.88) | CP{pos=(800.0, 856.0)} [{Si:2,T:TURN,rotation:0.5291911467503496},{Si:3,T:OAR},{Si:5,T:OAR},{Si:0,T:USE_WATCH}]
Ship(-132.7, 1878.4, ori=3.41) | CP{pos=(800.0, 856.0)} [{Si:3,T:OAR},{Si:5,T:OAR},{Si:0,T:USE_WATCH}]
Ship(-185.8, 1863.9, ori=3.41) | CP{pos=(800.0, 856.0)} [{Si:3,T:OAR},{Si:5,T:OAR},{Si:0,T:USE_WATCH}]
Ship(-238.8, 1849.4, ori=3.41) | CP{pos=(800.0, 856.0)} [{Si:3,T:OAR},{Si:5,T:OAR},{Si:0,T:USE_WATCH}]
Ship(-291.9, 1834.9, ori=3.41) | CP{pos=(800.0, 856.0)} [{Si:3,T:OAR},{Si:5,T:OAR},{Si:0,T:USE_WATCH}]
Ship(-344.9, 1820.3, ori=3.41) | CP{pos=(800.0, 856.0)} [{Si:2,T:TURN,rotation:0.7853981633974483},{Si:5,T:OAR},{Si:8,T:OAR},{Si:1,T:OAR},{Si:0,T:USE_WATCH}]
Ship(-353.7, 1756.2, ori=5.77) | CP{pos=(800.0, 856.0)} [{Si:2,T:TURN,rotation:0.5180064044462096},{Si:7,T:LIFT_SAIL},{Si:3,T:OAR},{Si:5,T:OAR},{Si:6,T:OAR},{Si:8,T:OAR},{Si:4,T:OAR},{Si:1,T:OAR},{Si:
Ship(-173.3, 1708.1, ori=0.0) | CP{pos=(800.0, 856.0)} [{Si:2,T:TURN,rotation:-0.7853981633974483},{Si:3,T:OAR},{Si:5,T:OAR},{Si:0,T:USE_WATCH}]
Ship(-103.2, 1679.9, ori=-0.79) | CP{pos=(800.0, 856.0)} [{Si:2,T:TURN,rotation:0.7853981633974483},{Si:5,T:OAR},{Si:8,T:OAR},{Si:1,T:OAR},{Si:0,T:USE_WATCH}]
Ship(-27.9, 1706.5, ori=1.57) | CP{pos=(800.0, 856.0)} [{Si:7,T:LOWER_SAIL},{Si:3,T:OAR},{Si:5,T:OAR},{Si:6,T:OAR},{Si:8,T:OAR},{Si:4,T:OAR},{Si:1,T:OAR},{Si:0,T:USE_WATCH}]
Ship(-27.9, 1871.5, ori=1.57) | CP{pos=(800.0, 856.0)} [{Si:2,T:TURN,rotation:0.7853981633974483},{Si:5,T:OAR},{Si:0,T:USE_WATCH}]
Ship(-43.3, 1891.9, ori=2.88) | CP{pos=(800.0, 856.0)} [{Si:2,T:TURN,rotation:0.5240942813549916},{Si:3,T:OAR},{Si:5,T:OAR},{Si:0,T:USE_WATCH}]
Ship(-97.7, 1892.0, ori=3.4) | CP{pos=(800.0, 856.0)} [{Si:3,T:OAR},{Si:5,T:OAR},{Si:0,T:USE_WATCH}]
Ship(-150.8, 1877.8, ori=3.4) | CP{pos=(800.0, 856.0)} [{Si:3,T:OAR},{Si:5,T:OAR},{Si:0,T:USE_WATCH}]
Ship(-203.9, 1863.5, ori=3.4) | CP{pos=(800.0, 856.0)} [{Si:3,T:OAR},{Si:5,T:OAR},{Si:0,T:USE_WATCH}]
Ship(-257.1, 1849.2, ori=3.4) | CP{pos=(800.0, 856.0)} [{Si:3,T:OAR},{Si:5,T:OAR},{Si:0,T:USE_WATCH}]
Ship(-310.2, 1835.0, ori=3.4) | CP{pos=(800.0, 856.0)} [{Si:3,T:OAR},{Si:5,T:OAR},{Si:0,T:USE_WATCH}]
Ship(-363.3, 1820.7, ori=3.4) | CP{pos=(800.0, 856.0)} [{Si:2,T:TURN,rotation:0.7853981633974483},{Si:5,T:OAR},{Si:8,T:OAR},{Si:1,T:OAR},{Si:0,T:USE_WATCH}]
Ship(-372.5, 1756.7, ori=5.76) | CP{pos=(800.0, 856.0)} [{Si:2,T:TURN,rotation:0.5231032698415383},{Si:7,T:LIFT_SAIL},{Si:3,T:OAR},{Si:5,T:OAR},{Si:6,T:OAR},{Si:8,T:OAR},{Si:4,T:OAR},{Si:1,T:OAR},{Si:
Ship(-192.2, 1708.1, ori=0.0) | CP{pos=(800.0, 856.0)} [{Si:2,T:TURN,rotation:-0.7853981633974483},{Si:3,T:OAR},{Si:5,T:OAR},{Si:0,T:USE_WATCH}]
Ship(-122.1, 1679.8, ori=-0.79) | CP{pos=(800.0, 856.0)} [{Si:2,T:TURN,rotation:0.7853981633974483},{Si:5,T:OAR},{Si:8,T:OAR},{Si:1,T:OAR},{Si:0,T:USE_WATCH}]
Ship(-46.8, 1706.5, ori=1.57) | CP{pos=(800.0, 856.0)} [{Si:7,T:LOWER_SAIL},{Si:3,T:OAR},{Si:5,T:OAR},{Si:6,T:OAR},{Si:8,T:OAR},{Si:4,T:OAR},{Si:1,T:OAR},{Si:0,T:USE_WATCH}]
Ship(-46.8, 1871.5, ori=1.57) | CP{pos=(800.0, 856.0)} [{Si:2,T:TURN,rotation:0.7853981633974483},{Si:5,T:OAR},{Si:0,T:USE_WATCH}]
Ship(-62.2, 1891.9, ori=2.88) | CP{pos=(800.0, 856.0)} [{Si:2,T:TURN,rotation:0.5175155169914545},{Si:3,T:OAR},{Si:5,T:OAR},{Si:0,T:USE_WATCH}]
Ship(-116.6, 1892.2, ori=3.4) | CP{pos=(800.0, 856.0)} [{Si:3,T:OAR},{Si:5,T:OAR},{Si:0,T:USE_WATCH}]
Ship(-169.8, 1878.3, ori=3.4) | CP{pos=(800.0, 856.0)} [{Si:3,T:OAR},{Si:5,T:OAR},{Si:0,T:USE_WATCH}]
Ship(-223.0, 1864.4, ori=3.4) | CP{pos=(800.0, 856.0)} [{Si:3,T:OAR},{Si:5,T:OAR},{Si:0,T:USE_WATCH}]
Ship(-276.2, 1850.4, ori=3.4) | CP{pos=(800.0, 856.0)} [{Si:3,T:OAR},{Si:5,T:OAR},{Si:0,T:USE_WATCH}]
Ship(-329.5, 1836.5, ori=3.4) | CP{pos=(800.0, 856.0)} [{Si:2,T:TURN,rotation:0.7853981633974483},{Si:5,T:OAR},{Si:8,T:OAR},{Si:1,T:OAR},{Si:0,T:USE_WATCH}]
Ship(-339.0, 1772.6, ori=5.75) | CP{pos=(800.0, 856.0)} [{Si:2,T:TURN,rotation:0.5296820342050701},{Si:7,T:LIFT_SAIL},{Si:3,T:OAR},{Si:5,T:OAR},{Si:6,T:OAR},{Si:8,T:OAR},{Si:4,T:OAR},{Si:1,T:OAR},{Si:
Ship(-159.0, 1723.4, ori=0.0) | CP{pos=(800.0, 856.0)} [{Si:2,T:TURN,rotation:-0.7853981633974483},{Si:3,T:OAR},{Si:5,T:OAR},{Si:0,T:USE_WATCH}]
Ship(-88.9, 1695.2, ori=-0.79) | CP{pos=(800.0, 856.0)} [{Si:2,T:TURN,rotation:0.7853981633974483},{Si:5,T:OAR},{Si:8,T:OAR},{Si:1,T:OAR},{Si:0,T:USE_WATCH}]
Ship(-13.6, 1721.8, ori=1.57) | CP{pos=(800.0, 856.0)} [{Si:7,T:LOWER_SAIL},{Si:3,T:OAR},{Si:5,T:OAR},{Si:6,T:OAR},{Si:8,T:OAR},{Si:4,T:OAR},{Si:1,T:OAR},{Si:0,T:USE_WATCH}]
Ship(-13.6, 1886.8, ori=1.57) | CP{pos=(800.0, 856.0)} [{Si:2,T:TURN,rotation:0.7853981633974483},{Si:5,T:OAR},{Si:0,T:USE_WATCH}]
Ship(-29.1, 1907.2, ori=2.88) | CP{pos=(800.0, 856.0)} [{Si:2,T:TURN,rotation:0.5084297256997008},{Si:3,T:OAR},{Si:5,T:OAR},{Si:0,T:USE_WATCH}]
Ship(-83.5, 1907.7, ori=3.39) | CP{pos=(800.0, 856.0)} [{Si:3,T:OAR},{Si:5,T:OAR},{Si:0,T:USE_WATCH}]
Ship(-136.8, 1894.3, ori=3.39) | CP{pos=(800.0, 856.0)} [{Si:3,T:OAR},{Si:5,T:OAR},{Si:0,T:USE_WATCH}]
Ship(-190.1, 1880.9, ori=3.39) | CP{pos=(800.0, 856.0)} [{Si:3,T:OAR},{Si:5,T:OAR},{Si:0,T:USE_WATCH}]
Ship(-243.5, 1867.5, ori=3.39) | CP{pos=(800.0, 856.0)} [{Si:3,T:OAR},{Si:5,T:OAR},{Si:0,T:USE_WATCH}]
Ship(-296.8, 1854.0, ori=3.39) | CP{pos=(800.0, 856.0)} [{Si:3,T:OAR},{Si:5,T:OAR},{Si:0,T:USE_WATCH}]
Ship(-350.1, 1840.6, ori=3.39) | CP{pos=(800.0, 856.0)} [{Si:2,T:TURN,rotation:0.7853981633974483},{Si:5,T:OAR},{Si:8,T:OAR},{Si:1,T:OAR},{Si:0,T:USE_WATCH}]
Ship(-360.3, 1776.7, ori=5.74) | CP{pos=(800.0, 856.0)} [{Si:2,T:TURN,rotation:0.5387678254968797},{Si:7,T:LIFT_SAIL},{Si:3,T:OAR},{Si:5,T:OAR},{Si:6,T:OAR},{Si:8,T:OAR},{Si:4,T:OAR},{Si:1,T:OAR},{Si:
Ship(-180.6, 1726.7, ori=6.28) | CP{pos=(800.0, 856.0)} [{Si:2,T:TURN,rotation:-0.7853981633974483},{Si:3,T:OAR},{Si:5,T:OAR},{Si:0,T:USE_WATCH}]
Ship(-110.5, 1698.5, ori=5.5) | CP{pos=(800.0, 856.0)} [{Si:2,T:TURN,rotation:-0.7853981633974483},{Si:3,T:OAR},{Si:6,T:OAR},{Si:4,T:OAR},{Si:0,T:USE_WATCH}]
Ship(-124.8, 1641.1, ori=3.14) | CP{pos=(800.0, 856.0)} [{Si:2,T:TURN,rotation:-0.7853981633974483},{Si:3,T:OAR},{Si:6,T:OAR},{Si:5,T:OAR},{Si:4,T:OAR},{Si:8,T:OAR},{Si:0,T:USE_WATCH}]
Ship(-211.7, 1709.4, ori=1.83) | CP{pos=(800.0, 856.0)} [{Si:2,T:TURN,rotation:0.7853981633974483},{Si:5,T:OAR},{Si:0,T:USE_WATCH}]
Ship(-217.2, 1716.1, ori=3.14) | CP{pos=(800.0, 856.0)} [{Si:2,T:TURN,rotation:0.39429730263955953},{Si:7,T:LOWER_SAIL},{Si:3,T:OAR},{Si:5,T:OAR},{Si:0,T:USE_WATCH}]
Ship(-270.8, 1705.5, ori=3.54) | CP{pos=(800.0, 856.0)} [{Si:3,T:OAR},{Si:5,T:OAR},{Si:0,T:USE_WATCH}]
Ship(-321.5, 1684.4, ori=3.54) | CP{pos=(800.0, 856.0)} [{Si:3,T:OAR},{Si:5,T:OAR},{Si:0,T:USE_WATCH}]
Ship(-372.3, 1663.3, ori=3.54) | CP{pos=(800.0, 856.0)} [{Si:2,T:TURN,rotation:0.7853981633974483},{Si:5,T:OAR},{Si:8,T:OAR},{Si:1,T:OAR},{Si:0,T:USE_WATCH}]
Ship(-373.0, 1598.6, ori=5.89) | CP{pos=(800.0, 856.0)} [{Si:2,T:TURN,rotation:-0.7853981633974483},{Si:3,T:OAR},{Si:5,T:OAR},{Si:0,T:USE_WATCH}]
