Round 1: Position [0.0, 0.0, 0.0]
Round 2: Position [0.0, 0.0, 0.0]
Round 3: Position [54.99999999999991, 1.5112910922709948E-15, 5.551115123125786E-17]
Round 4: Position [127.7372834337376, 8.053752090061431, 0.2227771048921004]
Round 5: Position [217.13865046541568, 28.306488958078752, 0.2227771048921004]
Round 6: Position [324.4202909034295, 52.60977319969937, 0.2227771048921004]
Round 7: Position [431.7019313414443, 76.9130574413203, 0.2227771048921004]
Round 8: Position [556.8638451857922, 105.26688905654488, 0.2227771048921004]
Round 9: Position [682.0257590301438, 133.6207206717692, 0.2227771048921004]
Round 10: Position [807.1876728744954, 161.97455228699235, 0.2227771048921004]
Round 11: Position [932.349586718847, 190.3283839022155, 0.2227771048921004]
Round 12: Position [1057.5115005631956, 218.68221551743866, 0.2227771048921004]
Round 13: Position [1182.6734144075358, 247.03604713266182, 0.2227771048921004]
Round 14: Position [1307.835328251876, 275.38987874788694, 0.2227771048921004]
Round 15: Position [1432.9972420962163, 303.74371036311294, 0.2227771048921004]
Round 16: Position [1558.1591559405565, 332.09754197833894, 0.2227771048921004]
Round 17: Position [1582.2492255488214, 344.69912267299406, 0.7463758804903999]
Round 18: Position [1599.227503699193, 385.7170376414565, 1.6190405064875582]
Round 19: Position [1546.880830227439, 499.39518555930863, 2.3933674152383135]
Round 20: Position [1452.8256559067238, 586.7053718375591, 2.3933674152383135]
Round 21: Position [1358.7704815860086, 674.0155581158097, 2.3933674152383135]
Round 22: Position [1264.7153072652934, 761.3257443940602, 2.3933674152383135]
Round 23: Position [1170.6601329445782, 848.6359306723107, 2.3933674152383135]
Round 24: Position [1076.604958623863, 935.9461169505612, 2.3933674152383135]
Round 25: Position [982.5497843031427, 1023.2563032288117, 2.3933674152383135]
Round 26: Position [888.4946099824161, 1110.5664895070622, 2.3933674152383135]
Round 27: Position [794.4394356616896, 1197.8766757853127, 2.3933674152383135]
Round 28: Position [700.384261340963, 1285.1868620635632, 2.3933674152383135]
Round 29: Position [601.8524229642729, 1367.3146207481839, 2.501205391041096]
Round 30: Position [498.94648825380943, 1443.994559753182, 2.501205391041096]
Round 31: Position [396.04055354334594, 1520.6744987581803, 2.501205391041096]
Round 32: Position [288.86589069908456, 1591.127661106678, 2.6200943992812045]
Round 33: Position [280.5638644361133, 1594.9865563817175, 2.7946273244806266]
Round 34: Position [271.7178744743105, 1597.345194635131, 2.9691602496800487]
Round 35: Position [262.5967017423783, 1598.131909837116, 3.1436931748794708]
Round 36: Position [253.4774884582403, 1597.3227980443578, 3.318226100078893]
Round 37: Position [244.63731730299043, 1594.94244370925, 3.492759025278315]
Round 38: Position [236.34479240383857, 1591.0631726937474, 3.667291950477737]
Round 39: Position [228.85187793362545, 1585.8028546846476, 3.841824875677159]
Round 40: Position [222.38624230693065, 1579.3213217828102, 4.016357800876581]
Round 41: Position [217.14434059050188, 1571.815512085643, 4.190890726076003]
Round 42: Position [213.28544531546254, 1563.5134858226718, 4.365423651275425]
Round 43: Position [210.92680706204905, 1554.6674958608696, 4.5399565764748475]
Round 44: Position [210.1400918600633, 1545.546323128937, 4.71448950167427]
Round 45: Position [210.94920365282047, 1536.4271098447991, 4.889022426873692]
Round 46: Position [213.32955798792787, 1527.586938689549, 5.063555352073114]
Round 47: Position [217.20882900343074, 1519.2944137903967, 5.238088277272536]
Round 48: Position [222.4691470125288, 1511.801499320183, 5.412621202471958]
Round 49: Position [228.95067991436485, 1505.335863693487, 5.58715412767138]
Round 50: Position [236.45648961153086, 1500.0939619770572, 5.761687052870802]
Round 51: Position [244.75851587450123, 1496.2350667020164, 5.936219978070224]
Round 52: Position [253.6045058363037, 1493.8764284486015, 6.110752903269646]
Round 53: Position [377.005659301542, 1517.0361130864137, 0.550703608676281]
Round 54: Position [429.49956609480193, 1518.734401258288, -0.4964939425203172]
Round 55: Position [454.7417872113424, 1456.1098335493375, -1.8927573441157828]
Round 56: Position [414.1336014299934, 1334.3706874541317, -1.8927573441157828]
Round 57: Position [373.5254156486444, 1212.631541358926, -1.8927573441157828]
Round 58: Position [332.9172298672954, 1090.8923952637201, -1.8927573441157828]
Round 59: Position [292.3090440859464, 969.1532491685091, -1.8927573441157828]
Round 60: Position [251.70085830459743, 847.4141030732919, -1.8927573441157828]
Round 61: Position [211.09267252324844, 725.6749569780748, -1.8927573441157828]
Round 62: Position [170.48448674189945, 603.9358108828576, -1.8927573441157828]
Round 63: Position [129.87630096055045, 482.19666478764185, -1.8927573441157828]
Round 64: Position [89.2681151792001, 360.45751869243037, -1.8927573441157828]
Round 65: Position [48.65992939784995, 238.71837259721846, -1.8927573441157828]
