CP (nb=3) {{[1600:350|0,00] r50} {[345:1550|0,00] r50} {[0:0|0,00] r70}}
SAILORS (nb=20) {S{0[0:0]} S{1[0:1]} S{2[0:2]} S{3[0:3]} S{4[0:4]} S{5[1:0]} S{6[1:1]} S{7[1:2]} S{8[1:3]} S{9[1:4]} S{10[2:0]} S{11[2:1]} S{12[2:2]} S{13[2:3]} S{14[2:4]} S{15[3:0]} S{16[3:1]} S{17[
SHIP {pos=[0:0|0,00] nbO=18 nbR=1 nbS=1 nbW=0}
------------------------
=================================== | TARGETED CHECKPOINT : {[1600:350|0,00] r50}
shipPos = [     0 :     0 |  0,00 ] | nbOars = 8 : 8 | ----------------------------- | ------ | ----- |
shipPos = [   147 :     0 |  0,00 ] | nbOars = 9 : 9 | ----------------------------- | ------ | ----- |
shipPos = [   312 :     0 |  0,00 ] | nbOars = 9 : 9 | ----------------------------- | ------ | ----- |
shipPos = [   477 :     0 |  0,00 ] | nbOars = 9 : 9 | ----------------------------- | ------ | ----- |
shipPos = [   642 :     0 |  0,00 ] | nbOars = 9 : 9 | ----------------------------- | ------ | ----- |
shipPos = [   807 :     0 |  0,00 ] | nbOars = 9 : 8 | ----------------------------- | Rudder | ----- |
shipPos = [   962 :    -8 | -0,11 ] | nbOars = 8 : 9 | ----------------------------- | Rudder | ----- |
shipPos = [  1118 :   -18 | -0,01 ] | nbOars = 8 : 9 | ----------------------------- | Rudder | ----- |
shipPos = [  1273 :    -9 |  0,13 ] | nbOars = 8 : 9 | ----------------------------- | Rudder | ----- |
shipPos = [  1425 :    25 |  0,31 ] | nbOars = 8 : 9 | ----------------------------- | Rudder | ----- |
shipPos = [  1566 :    90 |  0,55 ] | nbOars = 8 : 9 | ----------------------------- | Rudder | ----- |
shipPos = [  1690 :   183 |  0,74 ] | nbOars = 6 : 9 | ----------------------------- | Rudder | ----- |
shipPos = [  1739 :   289 |  1,54 ] | nbOars = 6 : 9 | ----------------------------- | Rudder | ----- |
shipPos = [  1710 :   422 |  2,03 ] | nbOars = 2 : 9 | ----------------------------- | Rudder | ----- |
shipPos = [  1626 :   462 |  3,37 ] | nbOars = 0 : 9 | ----------------------------- | ------ | ----- |
shipPos = [  1585 :   409 |  4,77 ] | nbOars = 0 : 7 | ----------------------------- | Rudder | ----- |
=================================== | NEW TARGETED CHECKPOINT : {[345:1550|0,00] r50}
shipPos = [  1614 :   365 |  5,84 ] | nbOars = 0 : 1 | ----------------------------- | Rudder | ----- |
shipPos = [  1623 :   365 |  0,51 ] | nbOars = 3 : 9 | ----------------------------- | Rudder | ----- |
shipPos = [  1661 :   459 |  1,87 ] | nbOars = 9 : 8 | ----------------------------- | Rudder | ----- |
shipPos = [  1624 :   611 |  1,75 ] | nbOars = 8 : 9 | ----------------------------- | Rudder | ----- |
shipPos = [  1579 :   759 |  1,98 ] | nbOars = 9 : 8 | ----------------------------- | Rudder | ----- |
shipPos = [  1524 :   905 |  1,87 ] | nbOars = 8 : 9 | ----------------------------- | Rudder | ----- |
shipPos = [  1460 :  1047 |  2,12 ] | nbOars = 9 : 8 | ----------------------------- | Rudder | ----- |
shipPos = [  1386 :  1184 |  2,02 ] | nbOars = 8 : 9 | ----------------------------- | Rudder | ----- |
shipPos = [  1301 :  1314 |  2,28 ] | nbOars = 8 : 9 | ----------------------------- | Rudder | ----- |
shipPos = [  1194 :  1427 |  2,38 ] | nbOars = 8 : 9 | ----------------------------- | Rudder | ----- |
shipPos = [  1076 :  1530 |  2,47 ] | nbOars = 8 : 9 | ----------------------------- | Rudder | ----- |
shipPos = [   949 :  1619 |  2,59 ] | nbOars = 8 : 9 | ----------------------------- | Rudder | ----- |
shipPos = [   811 :  1691 |  2,73 ] | nbOars = 8 : 9 | ----------------------------- | Rudder | ----- |
shipPos = [   663 :  1740 |  2,91 ] | nbOars = 8 : 9 | ----------------------------- | Rudder | ----- |
shipPos = [   508 :  1757 |  3,16 ] | nbOars = 8 : 9 | ----------------------------- | Rudder | ----- |
shipPos = [   354 :  1740 |  3,35 ] | nbOars = 6 : 9 | ----------------------------- | Rudder | ----- |
shipPos = [   244 :  1678 |  3,97 ] | nbOars = 5 : 9 | ----------------------------- | Rudder | ----- |
shipPos = [   196 :  1562 |  4,68 ] | nbOars = 4 : 9 | ----------------------------- | Rudder | ----- |
shipPos = [   239 :  1454 |  5,51 ] | nbOars = 3 : 9 | ----------------------------- | Rudder | ----- |
shipPos = [   340 :  1424 |  0,21 ] | nbOars = 0 : 9 | ----------------------------- | ------ | ----- |
shipPos = [   382 :  1477 |  1,61 ] | nbOars = 2 : 7 | ----------------------------- | ------ | ----- |
=================================== | NEW TARGETED CHECKPOINT : {[0:0|0,00] r70}
shipPos = [   363 :  1538 |  2,13 ] | nbOars = 1 : 9 | ----------------------------- | Rudder | ----- |
shipPos = [   289 :  1533 |  4,31 ] | nbOars = 9 : 9 | ----------------------------- | ------ | ----- |
shipPos = [   225 :  1381 |  4,31 ] | nbOars = 9 : 9 | ----------------------------- | ------ | ----- |
shipPos = [   160 :  1229 |  4,31 ] | nbOars = 9 : 9 | ----------------------------- | ------ | ----- |
shipPos = [    96 :  1077 |  4,31 ] | nbOars = 9 : 9 | ----------------------------- | ------ | ----- |
shipPos = [    31 :   925 |  4,31 ] | nbOars = 9 : 8 | ----------------------------- | Rudder | ----- |
shipPos = [   -41 :   787 |  4,16 ] | nbOars = 9 : 8 | ----------------------------- | Rudder | ----- |
shipPos = [  -129 :   659 |  4,07 ] | nbOars = 8 : 9 | ----------------------------- | Rudder | ----- |
shipPos = [  -214 :   528 |  4,21 ] | nbOars = 8 : 9 | ----------------------------- | Rudder | ----- |
shipPos = [  -276 :   385 |  4,40 ] | nbOars = 8 : 9 | ----------------------------- | Rudder | ----- |
shipPos = [  -306 :   233 |  4,64 ] | nbOars = 8 : 9 | ----------------------------- | Rudder | ----- |
shipPos = [  -308 :    77 |  4,76 ] | nbOars = 6 : 9 | ----------------------------- | Rudder | ----- |
shipPos = [  -257 :   -37 |  5,51 ] | nbOars = 8 : 9 | ----------------------------- | Rudder | ----- |
shipPos = [  -135 :  -133 |  5,73 ] | nbOars = 6 : 9 | ----------------------------- | Rudder | ----- |
shipPos = [   -12 :  -163 |  0,08 ] | nbOars = 5 : 9 | ----------------------------- | Rudder | ----- |
shipPos = [   102 :  -110 |  0,80 ] | nbOars = 4 : 9 | ----------------------------- | Rudder | ----- |
shipPos = [   143 :    -2 |  1,62 ] | nbOars = 3 : 9 | ----------------------------- | Rudder | ----- |
shipPos = [    89 :    89 |  2,61 ] | nbOars = 0 : 9 | ----------------------------- | ------ | ----- |
shipPos = [    22 :    79 |  4,00 ] | nbOars = 2 : 7 | ----------------------------- | ------ | ----- |
