cp:[2292.9171668667423,2238.8955582232875,0.0, C100.0, 5024.009603841534,1620.6482593037217,0.0, C100.0, 3661.4645858343365,3841.536614645855,0.0, C100.0] d:12,5 E:R11,2.,W:0,2.,Sf7,2.,O2,4.
W0.00.0[OS30001022.2222222222222,2562.962962962962,0.0R5.0,12.0,0.0]
1008.4033613445396,1818.7274909963983,0.0cc2292.9171668667423,2238.8955582232875,0.0, C100.0 S:[(0ft23), (1tt24), (2tt02), (3tt34), (4tt44), (5tt20), (6ft52), (7ft53), (8tt54), (9ft31), (10t
W0.00.0[OS30001022.2222222222222,2562.962962962962,0.0R5.0,12.0,0.0]
1096.0188481955047,1845.0238147245582,0.589048623cc2292.9171668667423,2238.8955582232875,0.0, C100.0 S:[(0tt24), (1tt20), (2tt02), (3tt34), (4tt40), (5ft43), (6tt54), (7tt50), (8tt44), (9tt3
W0.00.0[OS30001022.2222222222222,2562.962962962962,0.0R5.0,12.0,0.0]
1225.318729462139,1908.2560281120168,0.317915002cc2292.9171668667423,2238.8955582232875,0.0, C100.0 S:[(0tt24), (1tt20), (2tt02), (3tt34), (4tt40), (5tt44), (6tt50), (7tt54), (8tt30), (9ft62
W0.00.0[OS30001022.2222222222222,2562.962962962962,0.0R5.0,12.0,0.0]
1382.4912991627014,1958.4664083992461,0.300335619cc2292.9171668667423,2238.8955582232875,0.0, C100.0 S:[(0tt24), (1tt20), (2tt02), (3tt34), (4tt40), (5tt44), (6tt50), (7tt54), (8tt30), (9tt6
W0.00.0[OS30001022.2222222222222,2562.962962962962,0.0R5.0,12.0,0.0]
1540.1054459220757,2007.2801435699344,0.300335619cc2292.9171668667423,2238.8955582232875,0.0, C100.0 S:[(0tt24), (1tt20), (2tt02), (3tt34), (4tt40), (5tt44), (6tt50), (7tt54), (8tt30), (9tt6
W0.00.0[OS30001022.2222222222222,2562.962962962962,0.0R5.0,12.0,0.0]
1697.71959268145,2056.0938787406226,0.300335619cc2292.9171668667423,2238.8955582232875,0.0, C100.0 S:[(0tt24), (1tt20), (2tt02), (3tt34), (4tt40), (5tt44), (6tt50), (7tt54), (8tt30), (9tt64)
W0.00.0[OS30001022.2222222222222,2562.962962962962,0.0R5.0,12.0,0.0]
1855.3337394408243,2104.907613911311,0.300335619cc2292.9171668667423,2238.8955582232875,0.0, C100.0 S:[(0tt24), (1tt20), (2tt02), (3tt34), (4tt40), (5tt44), (6tt50), (7tt54), (8tt30), (9tt64
W0.00.0[R3193.2773109243703,2466.98679471789,0.0C250.0]
2012.9478862001986,2153.721349081999,0.300335619cc2292.9171668667423,2238.8955582232875,0.0, C100.0 S:[(0tt24), (1tt20), (2tt02), (3tt34), (4tt40), (5tt44), (6tt50), (7tt54), (8tt30), (9tt64
W0.00.0[R3193.2773109243703,2466.98679471789,0.0C250.0]
2170.5620329595904,2202.5350842526873,0.300335619cc2292.9171668667423,2238.8955582232875,0.0, C100.0 S:[(0tt24), (1tt20), (2tt02), (3ff34), (4ff40), (5ff44), (6ff50), (7ff54), (8ff30), (9ff6
W0.00.0[R3193.2773109243703,2466.98679471789,0.0C250.0]
2190.2638013045207,2208.6368011490063,0.300335619cc2292.9171668667423,2238.8955582232875,0.0, C100.0 S:[(0tt24), (1tt20), (2tt02), (3ff34), (4ff40), (5ff44), (6ff50), (7ff54), (8ff30), (9ff6
W0.00.0[R3193.2773109243703,2466.98679471789,0.0C250.0, OS30001345.0484004373463,2500.473228041814,-0.2677347359938305R5.0,12.0,0.0]
2209.965569649451,2214.7385180453252,0.300335619cc5024.009603841534,1620.6482593037217,0.0, C100.0 S:[(0tt24), (1tt20), (2tt02), (3tt34), (4tt40), (5tt44), (6tt50), (7tt54), (8tt30), (9tt64)
W0.00.0[R3193.2773109243703,2466.98679471789,0.0C250.0]
2373.0011547542886,2222.681249882528,-0.208061cc5024.009603841534,1620.6482593037217,0.0, C100.0 S:[(0tt24), (1tt20), (2tt02), (3tt34), (4tt40), (5tt44), (6tt50), (7tt54), (8tt30), (9tt64), 
W0.00.0[R3193.2773109243703,2466.98679471789,0.0C250.0]
2534.4426458933553,2188.598337172682,-0.208061cc5024.009603841534,1620.6482593037217,0.0, C100.0 S:[(0tt24), (1tt20), (2tt02), (3tt34), (4tt40), (5tt44), (6tt50), (7tt54), (8tt30), (9tt64), 
W0.00.0[R3193.2773109243703,2466.98679471789,0.0C250.0, S4171.668667466992,2286.914765906367,0.0R200.0,1000.0,0.010.0]
2695.884137032422,2154.515424462836,-0.208061cc5024.009603841534,1620.6482593037217,0.0, C100.0 S:[(0tt24), (1tt20), (2tt02), (3tt34), (4tt40), (5tt44), (6tt50), (7tt54), (8tt30), (9tt64), (
W0.00.0[R3193.2773109243703,2466.98679471789,0.0C250.0, S3805.5222088835535,3151.2605042016826,4.537856055185257R200.0,1000.0,0.010.0, S4171.668667466992,2286.914765906367,0.0R200.0,1000.0,0
2857.024875459268,2119.0474213596235,-0.22541488cc5024.009603841534,1620.6482593037217,0.0, C100.0 S:[(0tt24), (1tt20), (2tt02), (3tt34), (4tt40), (5tt44), (6tt50), (7tt54), (8tt30), (9tt64)
W0.00.0[R3193.2773109243703,2466.98679471789,0.0C250.0, S3805.5222088835535,3151.2605042016826,4.537856055185257R200.0,1000.0,0.010.0, S4171.668667466992,2286.914765906367,0.0R200.0,1000.0,0
3017.850616480922,2082.1681449997004,-0.22541488cc5024.009603841534,1620.6482593037217,0.0, C100.0 S:[(0tt24), (1tt20), (2tt02), (3tt34), (4tt40), (5tt44), (6tt50), (7tt54), (8tt30), (9tt64)
W0.00.0[R3193.2773109243703,2466.98679471789,0.0C250.0, R4261.7046818727495,1788.7154861944798,0.7330382858376184R500.0,150.0,0.0, S3805.5222088835535,3151.2605042016826,4.537856055185257R20
3178.6763575025757,2045.2888686397773,-0.22541488cc5024.009603841534,1620.6482593037217,0.0, C100.0 S:[(0tt24), (1tt20), (2tt02), (3tt34), (4tt40), (5tt44), (6tt50), (7tt54), (8tt30), (9tt64
W0.00.0[R3193.2773109243703,2466.98679471789,0.0C250.0, R4261.7046818727495,1788.7154861944798,0.7330382858376184R500.0,150.0,0.0, S3805.5222088835535,3151.2605042016826,4.537856055185257R20
3335.2729239818464,1994.0425667869113,-0.408952566cc5024.009603841534,1620.6482593037217,0.0, C100.0 S:[(0tt24), (1tt20), (2tt02), (3tt34), (4tt40), (5tt44), (6tt50), (7tt54), (8tt30), (9tt6
W0.00.0[R3193.2773109243703,2466.98679471789,0.0C250.0, R4261.7046818727495,1788.7154861944798,0.7330382858376184R500.0,150.0,0.0, S3805.5222088835535,3151.2605042016826,4.537856055185257R20
3486.666667041208,1928.4305666460887,-0.408952566cc5024.009603841534,1620.6482593037217,0.0, C100.0 S:[(0tt24), (1tt20), (2tt02), (3tt34), (4tt40), (5tt44), (6tt50), (7tt54), (8tt30), (9tt64
W0.00.0[R3193.2773109243703,2466.98679471789,0.0C250.0, R4261.7046818727495,1788.7154861944798,0.7330382858376184R500.0,150.0,0.0, S3805.5222088835535,3151.2605042016826,4.537856055185257R20
3638.0604101005692,1862.818566505266,-0.408952566cc5024.009603841534,1620.6482593037217,0.0, C100.0 S:[(0tt24), (1tt20), (2tt02), (3tt34), (4tt40), (5tt44), (6tt50), (7tt54), (8tt30), (9tt64
W0.00.0[R3193.2773109243703,2466.98679471789,0.0C250.0, R4261.7046818727495,1788.7154861944798,0.7330382858376184R500.0,150.0,0.0, S3805.5222088835535,3151.2605042016826,4.537856055185257R20
3789.4541531599307,1797.2065663644435,-0.408952566cc5024.009603841534,1620.6482593037217,0.0, C100.0 S:[(0tt24), (1tt20), (2tt02), (3tt34), (4tt40), (5tt44), (6tt50), (7tt54), (8tt30), (9tt6
W0.00.0[R3193.2773109243703,2466.98679471789,0.0C250.0, R4261.7046818727495,1788.7154861944798,0.7330382858376184R500.0,150.0,0.0, S3805.5222088835535,3151.2605042016826,4.537856055185257R20
3940.847896219292,1731.5945662236209,-0.408952566cc5024.009603841534,1620.6482593037217,0.0, C100.0 S:[(0tt24), (1tt20), (2tt02), (3tt34), (4tt40), (5tt44), (6tt50), (7tt54), (8tt30), (9tt64
W0.00.0[R3193.2773109243703,2466.98679471789,0.0C250.0, R4261.7046818727495,1788.7154861944798,0.7330382858376184R500.0,150.0,0.0, S4171.668667466992,2286.914765906367,0.0R200.0,1000.0,0.010
4092.2416392786536,1665.9825660827983,-0.408952566cc5024.009603841534,1620.6482593037217,0.0, C100.0 S:[(0tt24), (1tt20), (2tt02), (3tt34), (4tt40), (5tt44), (6tt50), (7tt54), (8tt30), (9tt6
W0.00.0[R4261.7046818727495,1788.7154861944798,0.7330382858376184R500.0,150.0,0.0, S4171.668667466992,2286.914765906367,0.0R200.0,1000.0,0.010.0]
4243.635382338015,1600.3705659419757,-0.408952566cc5024.009603841534,1620.6482593037217,0.0, C100.0 S:[(0tt24), (1tt20), (2tt02), (3tt34), (4tt40), (5tt44), (6tt50), (7tt54), (8tt30), (9tt64
W0.00.0[R4261.7046818727495,1788.7154861944798,0.7330382858376184R500.0,150.0,0.0, S4171.668667466992,2286.914765906367,0.0R200.0,1000.0,0.010.0]
4393.739001992218,1531.883154183736,-0.447540894cc5024.009603841534,1620.6482593037217,0.0, C100.0 S:[(0tt24), (1tt20), (2tt02), (3tt34), (4tt40), (5tt44), (6tt50), (7tt54), (8tt30), (9tt64)
W0.00.0[R4261.7046818727495,1788.7154861944798,0.7330382858376184R500.0,150.0,0.0, R5048.0192076830845,2530.0120048019226,0.8377580409572781Pnull, S4171.668667466992,2286.914765906367,0.0R20
4554.382892930285,1506.4940063034305,0.139916266cc5024.009603841534,1620.6482593037217,0.0, C100.0 S:[(0tt24), (1tt20), (2tt02), (3tt34), (4tt40), (5tt44), (6tt50), (7tt54), (8tt30), (9tt64)
W0.00.0[R4261.7046818727495,1788.7154861944798,0.7330382858376184R500.0,150.0,0.0, R5048.0192076830845,2530.0120048019226,0.8377580409572781Pnull, S4171.668667466992,2286.914765906367,0.0R20
4716.388711597578,1537.4309907949232,0.238449949cc5024.009603841534,1620.6482593037217,0.0, C100.0 S:[(0tt24), (1tt20), (2tt02), (3tt34), (4tt40), (5tt44), (6tt50), (7tt54), (8tt30), (9tt64)
W0.00.0[R4261.7046818727495,1788.7154861944798,0.7330382858376184R500.0,150.0,0.0, R5048.0192076830845,2530.0120048019226,0.8377580409572781Pnull, S4171.668667466992,2286.914765906367,0.0R20
4876.205994405682,1578.4423612320688,0.264195423cc5024.009603841534,1620.6482593037217,0.0, C100.0 S:[(0tt24), (1tt20), (2tt02), (3tt34), (4tt40), (5tt44), (6tt50), (7tt54), (8tt30), (9tt64)
W0.00.0[R4261.7046818727495,1788.7154861944798,0.7330382858376184R500.0,150.0,0.0, R5048.0192076830845,2530.0120048019226,0.8377580409572781Pnull, S4171.668667466992,2286.914765906367,0.0R20
5035.4809753103655,1621.5292555018914,0.264195423cc3661.4645858343365,3841.536614645855,0.0, C100.0 S:[(0tt24), (1tt34), (2tt02), (3tt44), (4tt54), (5tt64), (6ft73), (7tt74), (8ft80), (9tt84
W0.00.0[R4261.7046818727495,1788.7154861944798,0.7330382858376184R500.0,150.0,0.0, R5048.0192076830845,2530.0120048019226,0.8377580409572781Pnull, S4171.668667466992,2286.914765906367,0.0R20
5065.758472637436,1687.07148486911,2.029550145cc3661.4645858343365,3841.536614645855,0.0, C100.0 S:[(0tt24), (1tt30), (2tt02), (3tt44), (4tt50), (5tt64), (6tt70), (7tt74), (8tt80), (9tt84), 
W0.00.0[R4261.7046818727495,1788.7154861944798,0.7330382858376184R500.0,150.0,0.0, R5048.0192076830845,2530.0120048019226,0.8377580409572781Pnull, S4171.668667466992,2286.914765906367,0.0R20
4999.198069109663,1815.1764972436674,2.070827642cc3661.4645858343365,3841.536614645855,0.0, C100.0 S:[(0tt24), (1tt30), (2tt02), (3tt44), (4tt50), (5tt64), (6tt70), (7tt74), (8tt80), (9tt84)
W0.00.0[R4261.7046818727495,1788.7154861944798,0.7330382858376184R500.0,150.0,0.0, R5048.0192076830845,2530.0120048019226,0.8377580409572781Pnull, S4171.668667466992,2286.914765906367,0.0R20
4920.088320789184,1959.975142681649,2.070827642cc3661.4645858343365,3841.536614645855,0.0, C100.0 S:[(0tt24), (1tt30), (2tt02), (3tt44), (4tt50), (5tt64), (6tt70), (7tt74), (8tt80), (9tt84),
W0.00.0[R4261.7046818727495,1788.7154861944798,0.7330382858376184R500.0,150.0,0.0, R5048.0192076830845,2530.0120048019226,0.8377580409572781Pnull, R4169.183228847102,3083.704592948289,0.6108
4840.978572468704,2104.7737881196217,2.070827642cc3661.4645858343365,3841.536614645855,0.0, C100.0 S:[(0tt24), (1tt30), (2tt02), (3tt44), (4tt50), (5tt64), (6tt70), (7tt74), (8tt80), (9tt84)
W0.00.0[R4261.7046818727495,1788.7154861944798,0.7330382858376184R500.0,150.0,0.0, R5048.0192076830845,2530.0120048019226,0.8377580409572781Pnull, R4169.183228847102,3083.704592948289,0.6108
4773.618940904366,2255.2061756875305,1.911170029cc3661.4645858343365,3841.536614645855,0.0, C100.0 S:[(0tt24), (1tt30), (2tt02), (3tt44), (4tt50), (5tt64), (6tt70), (7tt74), (8tt80), (9tt84)
W0.00.0[R4261.7046818727495,1788.7154861944798,0.7330382858376184R500.0,150.0,0.0, S3805.5222088835535,3151.2605042016826,4.537856055185257R200.0,1000.0,0.010.0, R5048.0192076830845,2530.012
4718.535443549449,2410.7401215615796,1.911170029cc3661.4645858343365,3841.536614645855,0.0, C100.0 S:[(0tt24), (1tt30), (2tt02), (3tt44), (4tt50), (5tt64), (6tt70), (7tt74), (8tt80), (9tt84)
W0.00.0[R4261.7046818727495,1788.7154861944798,0.7330382858376184R500.0,150.0,0.0, S3805.5222088835535,3151.2605042016826,4.537856055185257R200.0,1000.0,0.010.0, R5048.0192076830845,2530.012
4663.451946194532,2566.2740674356287,1.911170029cc3661.4645858343365,3841.536614645855,0.0, C100.0 S:[(0tt24), (1tt30), (2tt02), (3tt44), (4tt50), (5tt64), (6tt70), (7tt74), (8tt80), (9tt84)
W0.00.0[R4261.7046818727495,1788.7154861944798,0.7330382858376184R500.0,150.0,0.0, S3805.5222088835535,3151.2605042016826,4.537856055185257R200.0,1000.0,0.010.0, R5048.0192076830845,2530.012
4608.368448839615,2721.808013309678,1.911170029cc3661.4645858343365,3841.536614645855,0.0, C100.0 S:[(0tt24), (1tt30), (2tt02), (3tt44), (4tt50), (5tt64), (6tt70), (7tt74), (8tt80), (9tt84),
W0.00.0[R4261.7046818727495,1788.7154861944798,0.7330382858376184R500.0,150.0,0.0, S3805.5222088835535,3151.2605042016826,4.537856055185257R200.0,1000.0,0.010.0, R5048.0192076830845,2530.012
4555.353302910141,2878.0538679471356,1.884387259cc3661.4645858343365,3841.536614645855,0.0, C100.0 S:[(0tt24), (1tt34), (2tt02), (3tt44), (4tt54), (5tt64), (6tt74), (7tt84), (8tt94), (9ft72)
W0.00.0[R4261.7046818727495,1788.7154861944798,0.7330382858376184R500.0,150.0,0.0, S3805.5222088835535,3151.2605042016826,4.537856055185257R200.0,1000.0,0.010.0, R5048.0192076830845,2530.012
4488.5073218497755,2906.2864803383136,-2.666315694cc3661.4645858343365,3841.536614645855,0.0, C100.0 S:[(0tt24), (1tt30), (2tt02), (3tt44), (4tt50), (5tt64), (6tt70), (7tt84), (8tt90), (9tt7
W0.00.0[R3193.2773109243703,2466.98679471789,0.0C250.0, R4261.7046818727495,1788.7154861944798,0.7330382858376184R500.0,150.0,0.0, S3805.5222088835535,3151.2605042016826,4.537856055185257R20
4343.405652923682,2827.7593507922916,-2.624346353cc3661.4645858343365,3841.536614645855,0.0, C100.0 S:[(0tt24), (1tt30), (2tt02), (3tt44), (4tt50), (5tt64), (6tt70), (7tt84), (8tt90), (9tt74
W0.00.0[R3193.2773109243703,2466.98679471789,0.0C250.0, R4261.7046818727495,1788.7154861944798,0.7330382858376184R500.0,150.0,0.0, S3805.5222088835535,3151.2605042016826,4.537856055185257R20
W0.00.0[R3193.2773109243703,2466.98679471789,0.0C250.0, R4261.7046818727495,1788.7154861944798,0.7330382858376184R500.0,150.0,0.0, S3805.5222088835535,3151.2605042016826,4.537856055185257R20
