As{ M[0,1,0] M[1,1,0] M[2,1,0] M[3,1,0] M[4,1,1] M[5,2,-1] O[2] O[4] O[0] O[3] T[5,30.0] fr.unice.polytech.si3.qgl.hollandais_volant.game.ship.actions.LiftSail@11a43d18}
As{ M[0,0,0] M[1,0,1] M[2,1,-2] M[3,0,2] M[4,1,-1] O[1] O[3] O[0] O[2] T[4,0.0]}
As{ M[0,0,0] M[1,0,0] M[2,0,0] M[3,0,0] M[4,0,0] O[1] O[3] O[0] O[2] T[4,0.0]}
As{ M[0,0,0] M[1,0,0] M[2,0,0] M[3,0,0] M[4,0,0] O[1] O[3] O[0] O[2] T[4,0.0]}
As{ M[0,0,0] M[1,0,0] M[2,0,0] M[3,0,0] M[4,0,0] O[1] O[3] O[0] O[2] T[4,0.0]}
As{ M[0,0,0] M[1,0,0] M[2,0,0] M[3,0,0] M[4,0,0] O[1] O[3] O[0] O[2] T[4,0.0]}
As{ M[0,0,0] M[1,0,0] M[2,0,0] M[3,0,0] M[4,0,0] O[1] O[3] O[0] O[2] T[4,0.0]}
As{ M[0,0,0] M[1,0,0] M[2,0,0] M[3,0,0] M[4,0,0] O[1] O[3] O[0] O[2] T[4,0.0]}
As{ M[0,0,0] M[1,0,0] M[2,0,0] M[3,0,0] M[4,0,0] O[1] O[3] O[0] O[2] T[4,0.0]}
As{ M[0,0,0] M[1,0,0] M[2,0,0] M[3,0,0] M[4,0,0] O[1] O[3] O[0] O[2] T[4,0.0]}
As{ M[0,0,0] M[1,0,0] M[2,0,0] M[3,0,0] M[4,0,0] O[1] O[3] O[0] O[2] T[4,0.0]}
As{ M[0,0,0] M[1,0,0] M[2,0,0] M[3,0,0] M[4,0,0] O[1] O[3] O[0] O[2] T[4,0.0]}
As{ M[0,0,0] M[1,0,0] M[2,0,0] M[3,0,0] M[4,0,0] O[1] O[3] O[0] O[2] T[4,0.0]}
As{ M[0,0,0] M[1,0,0] M[2,0,0] M[3,0,0] M[4,0,0] O[1] O[3] O[0] O[2] T[4,0.0]}
As{ M[0,0,0] M[1,0,0] M[2,0,0] M[3,0,0] M[4,0,0] O[1] O[3] O[0] O[2] T[4,0.0]}
As{ M[0,0,0] M[1,0,0] M[2,0,0] M[3,0,0] M[4,0,0] O[1] O[3] O[0] O[2] T[4,0.0]}
As{ M[0,0,0] M[1,0,0] M[2,0,0] M[3,0,0] M[4,0,0] O[1] O[3] O[0] O[2] T[4,0.0]}
As{ M[0,0,0] M[1,0,0] M[2,0,0] M[3,0,0] M[4,0,0] O[1] O[3] O[0] O[2] T[4,0.0]}
As{ M[0,0,0] M[1,0,0] M[2,0,0] M[3,0,0] M[4,0,0] O[1] O[3] O[0] O[2] T[4,0.0]}
As{ M[0,0,0] M[1,0,0] M[2,0,0] M[3,1,-1] O[1] O[0] O[2] T[3,-17.0]}
As{ M[0,0,1] M[1,0,0] M[2,0,2] M[3,0,0] O[1] O[2] T[3,42.0] fr.unice.polytech.si3.qgl.hollandais_volant.game.ship.actions.LowerSail@6f1bd47d}
As{ M[0,0,-1] M[1,0,0] M[2,0,-2] M[3,-1,1] M[4,0,0] O[1] O[3] O[0] O[2] T[4,-5.0]}
As{ M[0,0,0] M[1,0,0] M[2,0,0] M[3,0,0] M[4,0,0] O[1] O[3] O[0] O[2] T[4,6.0]}
As{ M[0,0,0] M[1,1,-2] M[2,1,1] O[0] O[1] T[2,-45.0]}
As{ M[0,0,2] M[1,0,2] M[2,0,0] O[0] O[1] T[2,45.0]}
As{ M[0,0,-2] M[1,-1,0] M[2,-1,-1] M[3,0,0] M[4,0,0] O[1] O[3] O[0] O[2] T[4,-1.0]}
As{ M[0,0,0] M[1,0,0] M[2,0,0] M[3,0,0] M[4,0,0] O[1] O[3] O[0] O[2] T[4,-2.0]}
As{ M[0,0,0] M[1,0,0] M[2,0,0] M[3,0,0] M[4,0,0] O[1] O[3] O[0] O[2] T[4,13.0]}
As{ M[0,0,2] M[1,1,0] M[2,1,1] O[0] O[1] T[2,45.0]}
As{ M[0,0,-2] M[1,-1,0] M[2,-1,1] M[3,1,-1] O[1] O[2] O[0] T[3,0.0]}
As{ M[0,0,2] M[1,1,0] M[2,1,-1] O[0] O[1] T[2,45.0]}
As{ M[0,0,-2] M[1,-1,-1] M[2,-1,-1] M[3,0,0] O[0] O[2] T[3,-31.0] fr.unice.polytech.si3.qgl.hollandais_volant.game.ship.actions.LiftSail@11a43d18}
As{ M[0,0,0] M[1,0,1] M[2,0,0] M[3,-1,1] M[4,0,0] O[1] O[3] O[0] O[2] T[4,-2.0]}
As{ M[0,0,1] M[1,0,0] M[2,0,2] M[3,1,-1] O[1] O[2] T[3,45.0] fr.unice.polytech.si3.qgl.hollandais_volant.game.ship.actions.LowerSail@6f1bd47d}
As{ M[0,0,-1] M[1,0,0] M[2,0,0] M[3,0,0] O[1] O[2] O[0] T[3,0.0]}
As{ M[0,0,2] M[1,1,0] M[2,1,-1] O[0] O[1] T[2,45.0]}
As{ M[0,0,-2] M[1,-1,0] M[2,-1,-1] M[3,-1,1] M[4,0,0] O[1] O[3] O[0] O[2] T[4,43.0]}
As{ M[0,0,0] M[1,0,0] M[2,0,0] M[3,0,0] M[4,0,0] O[1] O[3] O[0] O[2] T[4,3.0]}
As{ M[0,0,0] M[1,0,0] M[2,0,0] M[3,0,0] M[4,0,0] O[1] O[3] O[0] O[2] T[4,-1.0]}
As{ M[0,0,0] M[1,0,0] M[2,0,0] M[3,0,0] M[4,0,0] O[1] O[3] O[0] O[2] T[4,-2.0]}
As{ M[0,0,2] M[1,1,0] M[2,1,1] O[0] O[1] T[2,36.0]}
As{ M[0,0,-2] M[1,-1,0] M[2,0,0] O[1] O[0] T[2,25.0]}
As{ M[0,0,0] M[1,1,-2] M[2,0,0] O[0] O[1] T[2,-45.0]}
As{ M[0,0,0] M[1,-1,1] M[2,-2,1] M[3,0,-2] M[4,-1,1] M[5,0,0] O[2] O[4] O[0] O[3] T[5,-25.0] fr.unice.polytech.si3.qgl.hollandais_volant.game.ship.actions.LiftSail@11a43d18}
As{ M[0,0,1] M[1,0,1] M[2,1,0] M[3,1,1] O[1] O[2] T[3,45.0] fr.unice.polytech.si3.qgl.hollandais_volant.game.ship.actions.LowerSail@6f1bd47d}
As{ M[0,0,1] M[1,1,0] M[2,1,-1] O[0] O[1] T[2,45.0]}
As{ M[0,0,0] M[1,0,0] M[2,0,0] O[0] O[1] T[2,45.0]}
As{ M[0,0,0] M[1,0,0] M[2,0,0] O[0] O[1] T[2,45.0]}
As{ M[0,0,0] M[1,0,0] M[2,0,0] O[0] O[1] T[2,45.0]}
As{ M[0,0,0] M[1,0,0] M[2,0,0] O[0] O[1] T[2,45.0]}
As{ M[0,0,0] M[1,0,0] M[2,0,0] O[0] O[1] T[2,45.0]}
As{ M[0,0,0] M[1,0,0] M[2,0,0] O[0] O[1] T[2,45.0]}
As{ M[0,0,0] M[1,0,0] M[2,0,0] O[0] O[1] T[2,45.0]}
As{ M[0,0,0] M[1,0,0] M[2,0,0] O[0] O[1] T[2,45.0]}
As{ M[0,0,0] M[1,0,0] M[2,0,0] O[0] O[1] T[2,45.0]}
As{ M[0,0,0] M[1,0,0] M[2,0,0] O[0] O[1] T[2,45.0]}
As{ M[0,0,0] M[1,0,0] M[2,0,0] O[0] O[1] T[2,45.0]}
As{ M[0,0,0] M[1,0,0] M[2,0,0] O[0] O[1] T[2,45.0]}
As{ M[0,0,0] M[1,0,0] M[2,0,0] O[0] O[1] T[2,45.0]}
As{ M[0,0,0] M[1,0,0] M[2,0,0] O[0] O[1] T[2,45.0]}
As{ M[0,0,0] M[1,0,0] M[2,0,0] O[0] O[1] T[2,45.0]}
As{ M[0,0,0] M[1,0,0] M[2,0,0] O[0] O[1] T[2,45.0]}
As{ M[0,0,0] M[1,0,0] M[2,0,0] O[0] O[1] T[2,45.0]}
As{ M[0,0,0] M[1,0,0] M[2,0,0] O[0] O[1] T[2,45.0]}
As{ M[0,0,0] M[1,0,0] M[2,0,0] O[0] O[1] T[2,45.0]}
As{ M[0,0,0] M[1,0,0] M[2,0,0] O[0] O[1] T[2,45.0]}
As{ M[0,0,0] M[1,0,0] M[2,0,0] O[0] O[1] T[2,45.0]}
As{ M[0,0,0] M[1,0,0] M[2,0,0] O[0] O[1] T[2,45.0]}
As{ M[0,0,0] M[1,0,0] M[2,0,0] O[0] O[1] T[2,45.0]}
As{ M[0,0,0] M[1,0,0] M[2,0,0] O[0] O[1] T[2,45.0]}
As{ M[0,0,0] M[1,0,0] M[2,0,0] O[0] O[1] T[2,45.0]}
As{ M[0,0,0] M[1,0,0] M[2,0,0] O[0] O[1] T[2,45.0]}
As{ M[0,0,0] M[1,0,0] M[2,0,0] O[0] O[1] T[2,45.0]}
As{ M[0,0,0] M[1,0,0] M[2,0,0] O[0] O[1] T[2,45.0]}
As{ M[0,0,0] M[1,0,0] M[2,0,0] O[0] O[1] T[2,45.0]}
As{ M[0,0,0] M[1,0,0] M[2,0,0] O[0] O[1] T[2,45.0]}
As{ M[0,0,0] M[1,0,0] M[2,0,0] O[0] O[1] T[2,45.0]}
As{ M[0,0,0] M[1,0,0] M[2,0,0] O[0] O[1] T[2,45.0]}
As{ M[0,0,0] M[1,0,0] M[2,0,0] O[0] O[1] T[2,45.0]}
As{ M[0,0,0] M[1,0,0] M[2,0,0] O[0] O[1] T[2,45.0]}
As{ M[0,0,0] M[1,0,0] M[2,0,0] O[0] O[1] T[2,45.0]}
As{ M[0,0,0] M[1,0,0] M[2,0,0] O[0] O[1] T[2,45.0]}
As{ M[0,0,0] M[1,0,0] M[2,0,0] O[0] O[1] T[2,45.0]}
As{ M[0,0,0] M[1,0,0] M[2,0,0] O[0] O[1] T[2,45.0]}
As{ M[0,0,0] M[1,0,0] M[2,0,0] O[0] O[1] T[2,45.0]}
As{ M[0,0,0] M[1,0,0] M[2,0,0] O[0] O[1] T[2,45.0]}
As{ M[0,0,0] M[1,0,0] M[2,0,0] O[0] O[1] T[2,45.0]}
As{ M[0,0,0] M[1,0,0] M[2,0,0] O[0] O[1] T[2,45.0]}
As{ M[0,0,0] M[1,0,0] M[2,0,0] O[0] O[1] T[2,45.0]}
As{ M[0,0,0] M[1,0,0] M[2,0,0] O[0] O[1] T[2,45.0]}
As{ M[0,0,0] M[1,0,0] M[2,0,0] O[0] O[1] T[2,45.0]}
As{ M[0,0,0] M[1,0,0] M[2,0,0] O[0] O[1] T[2,45.0]}
As{ M[0,0,0] M[1,0,0] M[2,0,0] O[0] O[1] T[2,45.0]}
As{ M[0,0,0] M[1,0,0] M[2,0,0] O[0] O[1] T[2,45.0]}
As{ M[0,0,0] M[1,0,0] M[2,0,0] O[0] O[1] T[2,45.0]}
As{ M[0,0,0] M[1,0,0] M[2,0,0] O[0] O[1] T[2,45.0]}
As{ M[0,0,0] M[1,0,0] M[2,0,0] O[0] O[1] T[2,45.0]}
As{ M[0,0,0] M[1,0,0] M[2,0,0] O[0] O[1] T[2,45.0]}
As{ M[0,0,0] M[1,0,0] M[2,0,0] O[0] O[1] T[2,45.0]}
As{ M[0,0,0] M[1,0,0] M[2,0,0] O[0] O[1] T[2,45.0]}
