Round 1: Position [0.0, 0.0, 0.0]
Round 2: Position [0.0, 0.0, 0.0]
Round 3: Position [0.0, 0.0, 0.0]
Round 4: Position [0.0, 0.0, 0.0]
Round 5: Position [0.0, 0.0, 0.0]
Round 6: Position [0.0, 0.0, 0.0]
Round 7: Position [0.0, 0.0, 0.0]
Round 8: Position [0.0, 0.0, 0.0]
Round 9: Position [0.0, 0.0, 0.0]
Round 10: Position [0.0, 0.0, 0.0]
Round 11: Position [0.0, 0.0, 0.0]
Round 12: Position [0.0, 0.0, 0.0]
Round 13: Position [0.0, 0.0, 0.0]
Round 14: Position [0.0, 0.0, 0.0]
Round 15: Position [0.0, 0.0, 0.0]
Round 16: Position [0.0, 0.0, 0.0]
Round 17: Position [0.0, 0.0, 0.0]
Round 18: Position [0.0, 0.0, 0.0]
Round 19: Position [0.0, 0.0, 0.0]
Round 20: Position [0.0, 0.0, 0.0]
Round 21: Position [0.0, 0.0, 0.0]
Round 22: Position [0.0, 0.0, 0.0]
Round 23: Position [0.0, 0.0, 0.0]
Round 24: Position [0.0, 0.0, 0.0]
Round 25: Position [0.0, 0.0, 0.0]
Round 26: Position [0.0, 0.0, 0.0]
Round 27: Position [0.0, 0.0, 0.0]
Round 28: Position [0.0, 0.0, 0.0]
Round 29: Position [0.0, 0.0, 0.0]
Round 30: Position [0.0, 0.0, 0.0]
Round 31: Position [0.0, 0.0, 0.0]
Round 32: Position [0.0, 0.0, 0.0]
Round 33: Position [0.0, 0.0, 0.0]
Round 34: Position [0.0, 0.0, 0.0]
Round 35: Position [0.0, 0.0, 0.0]
Round 36: Position [0.0, 0.0, 0.0]
Round 37: Position [0.0, 0.0, 0.0]
Round 38: Position [0.0, 0.0, 0.0]
Round 39: Position [0.0, 0.0, 0.0]
Round 40: Position [0.0, 0.0, 0.0]
Round 41: Position [0.0, 0.0, 0.0]
Round 42: Position [0.0, 0.0, 0.0]
Round 43: Position [0.0, 0.0, 0.0]
Round 44: Position [0.0, 0.0, 0.0]
Round 45: Position [0.0, 0.0, 0.0]
Round 46: Position [0.0, 0.0, 0.0]
Round 47: Position [0.0, 0.0, 0.0]
Round 48: Position [0.0, 0.0, 0.0]
Round 49: Position [0.0, 0.0, 0.0]
Round 50: Position [0.0, 0.0, 0.0]
Round 51: Position [0.0, 0.0, 0.0]
Round 52: Position [0.0, 0.0, 0.0]
Round 53: Position [0.0, 0.0, 0.0]
Round 54: Position [0.0, 0.0, 0.0]
Round 55: Position [0.0, 0.0, 0.0]
Round 56: Position [0.0, 0.0, 0.0]
Round 57: Position [0.0, 0.0, 0.0]
Round 58: Position [0.0, 0.0, 0.0]
Round 59: Position [0.0, 0.0, 0.0]
Round 60: Position [0.0, 0.0, 0.0]
Round 61: Position [0.0, 0.0, 0.0]
Round 62: Position [0.0, 0.0, 0.0]
Round 63: Position [0.0, 0.0, 0.0]
Round 64: Position [0.0, 0.0, 0.0]
Round 65: Position [0.0, 0.0, 0.0]
Round 66: Position [0.0, 0.0, 0.0]
Round 67: Position [0.0, 0.0, 0.0]
Round 68: Position [0.0, 0.0, 0.0]
Round 69: Position [0.0, 0.0, 0.0]
Round 70: Position [0.0, 0.0, 0.0]
Round 71: Position [0.0, 0.0, 0.0]
Round 72: Position [0.0, 0.0, 0.0]
Round 73: Position [0.0, 0.0, 0.0]
Round 74: Position [0.0, 0.0, 0.0]
Round 75: Position [0.0, 0.0, 0.0]
Round 76: Position [0.0, 0.0, 0.0]
Round 77: Position [0.0, 0.0, 0.0]
Round 78: Position [0.0, 0.0, 0.0]
Round 79: Position [0.0, 0.0, 0.0]
Round 80: Position [0.0, 0.0, 0.0]
Round 81: Position [0.0, 0.0, 0.0]
Round 82: Position [0.0, 0.0, 0.0]
Round 83: Position [0.0, 0.0, 0.0]
Round 84: Position [0.0, 0.0, 0.0]
Round 85: Position [0.0, 0.0, 0.0]
Round 86: Position [0.0, 0.0, 0.0]
Round 87: Position [0.0, 0.0, 0.0]
Round 88: Position [0.0, 0.0, 0.0]
Round 89: Position [0.0, 0.0, 0.0]
Round 90: Position [0.0, 0.0, 0.0]
Round 91: Position [0.0, 0.0, 0.0]
Round 92: Position [0.0, 0.0, 0.0]
Round 93: Position [0.0, 0.0, 0.0]
Round 94: Position [0.0, 0.0, 0.0]
Round 95: Position [0.0, 0.0, 0.0]
Round 96: Position [0.0, 0.0, 0.0]
Round 97: Position [0.0, 0.0, 0.0]
Round 98: Position [0.0, 0.0, 0.0]
Round 99: Position [0.0, 0.0, 0.0]
Round 100: Position [0.0, 0.0, 0.0]
