$INIT$$N_RND$$N_RND$$N_RND$$N_RND$$N_RND$$N_RND$$N_RND$$N_RND$$N_RND$$N_RND$$Validated:CP: {P(300.0|1800.0|0.0),C150.0}$N_RND$$N_RND$$N_RND$$N_RND$$N_RND$$N_RND$$N_RND$$N_RND$$N_RND$$N_RND$$Validated:
CP: {P(1900.0|3800.0|0.0),C150.0}[Sommet(x: 2000,000000,y: 5240,000000,distance: 2147483647)]Checkpoint(pos: Position ( 2000.0 , 5240.0 , 0.0 ), shape:circle at Position ( 2000.0 , 5240.0 , 0.0 ) : (1
50.0))$N_RND$[Sommet(x: 2000,000000,y: 5240,000000,distance: 2147483647)]Checkpoint(pos: Position ( 2000.0 , 5240.0 , 0.0 ), shape:circle at Position ( 2000.0 , 5240.0 , 0.0 ) : (150.0))$N_RND$[Sommet
(x: 2000,000000,y: 5240,000000,distance: 2147483647)]Checkpoint(pos: Position ( 2000.0 , 5240.0 , 0.0 ), shape:circle at Position ( 2000.0 , 5240.0 , 0.0 ) : (150.0))$N_RND$[Sommet(x: 1931,908173,y: 4
246,983336,distance: 0), Sommet(x: 1891,908173,y: 4446,983336,distance: 320), Sommet(x: 2000,000000,y: 5240,000000,distance: 983)]Point2D(x: 1891,908173, y: 4446,983336)$N_RND$[Sommet(x: 1928,897860,y
: 4365,710636,distance: 0), Sommet(x: 1888,897860,y: 4485,710636,distance: 241), Sommet(x: 2000,000000,y: 5240,000000,distance: 880)]Point2D(x: 1888,897860, y: 4485,710636)$N_RND$[Sommet(x: 1928,79239
7,y: 4366,528867,distance: 0), Sommet(x: 1888,792397,y: 4486,528867,distance: 241), Sommet(x: 2000,000000,y: 5240,000000,distance: 880)]Point2D(x: 1888,792397, y: 4486,528867)$N_RND$[Sommet(x: 1928,79
2397,y: 4366,528867,distance: 0), Sommet(x: 1888,792397,y: 4486,528867,distance: 241), Sommet(x: 2000,000000,y: 5240,000000,distance: 880)]Point2D(x: 1888,792397, y: 4486,528867)$N_RND$[Sommet(x: 1928
,792397,y: 4366,528867,distance: 0), Sommet(x: 1888,792397,y: 4486,528867,distance: 241), Sommet(x: 2000,000000,y: 5240,000000,distance: 880)]Point2D(x: 1888,792397, y: 4486,528867)$N_RND$[Sommet(x: 1
928,792397,y: 4366,528867,distance: 0), Sommet(x: 1888,792397,y: 4486,528867,distance: 241), Sommet(x: 2000,000000,y: 5240,000000,distance: 880)]Point2D(x: 1888,792397, y: 4486,528867)$N_RND$[Sommet(x
: 1928,792397,y: 4366,528867,distance: 0), Sommet(x: 1888,792397,y: 4486,528867,distance: 241), Sommet(x: 2000,000000,y: 5240,000000,distance: 880)]Point2D(x: 1888,792397, y: 4486,528867)$N_RND$[Somme
t(x: 1928,792397,y: 4366,528867,distance: 0), Sommet(x: 1888,792397,y: 4486,528867,distance: 241), Sommet(x: 2000,000000,y: 5240,000000,distance: 880)]Point2D(x: 1888,792397, y: 4486,528867)$N_RND$[So
mmet(x: 1928,792397,y: 4366,528867,distance: 0), Sommet(x: 1888,792397,y: 4486,528867,distance: 241), Sommet(x: 2000,000000,y: 5240,000000,distance: 880)]Point2D(x: 1888,792397, y: 4486,528867)$N_RND$
[Sommet(x: 1928,792397,y: 4366,528867,distance: 0), Sommet(x: 1888,792397,y: 4486,528867,distance: 241), Sommet(x: 2000,000000,y: 5240,000000,distance: 880)]Point2D(x: 1888,792397, y: 4486,528867)$N_R
ND$[Sommet(x: 1928,792397,y: 4366,528867,distance: 0), Sommet(x: 1888,792397,y: 4486,528867,distance: 241), Sommet(x: 2000,000000,y: 5240,000000,distance: 880)]Point2D(x: 1888,792397, y: 4486,528867)$
N_RND$[Sommet(x: 1928,792397,y: 4366,528867,distance: 0), Sommet(x: 1888,792397,y: 4486,528867,distance: 241), Sommet(x: 2000,000000,y: 5240,000000,distance: 880)]Point2D(x: 1888,792397, y: 4486,52886
7)$N_RND$[Sommet(x: 1928,792397,y: 4366,528867,distance: 0), Sommet(x: 1888,792397,y: 4486,528867,distance: 241), Sommet(x: 2000,000000,y: 5240,000000,distance: 880)]Point2D(x: 1888,792397, y: 4486,52
8867)$N_RND$[Sommet(x: 1928,792397,y: 4366,528867,distance: 0), Sommet(x: 1888,792397,y: 4486,528867,distance: 241), Sommet(x: 2000,000000,y: 5240,000000,distance: 880)]Point2D(x: 1888,792397, y: 4486
,528867)$N_RND$[Sommet(x: 1928,792397,y: 4366,528867,distance: 0), Sommet(x: 1888,792397,y: 4486,528867,distance: 241), Sommet(x: 2000,000000,y: 5240,000000,distance: 880)]Point2D(x: 1888,792397, y: 4
486,528867)$N_RND$[Sommet(x: 1928,792397,y: 4366,528867,distance: 0), Sommet(x: 1888,792397,y: 4486,528867,distance: 241), Sommet(x: 2000,000000,y: 5240,000000,distance: 880)]Point2D(x: 1888,792397, y
: 4486,528867)$N_RND$[Sommet(x: 1928,792397,y: 4366,528867,distance: 0), Sommet(x: 1888,792397,y: 4486,528867,distance: 241), Sommet(x: 2000,000000,y: 5240,000000,distance: 880)]Point2D(x: 1888,792397
, y: 4486,528867)$N_RND$[Sommet(x: 1928,792397,y: 4366,528867,distance: 0), Sommet(x: 1888,792397,y: 4486,528867,distance: 241), Sommet(x: 2000,000000,y: 5240,000000,distance: 880)]Point2D(x: 1888,792
397, y: 4486,528867)$N_RND$[Sommet(x: 1928,792397,y: 4366,528867,distance: 0), Sommet(x: 1888,792397,y: 4486,528867,distance: 241), Sommet(x: 2000,000000,y: 5240,000000,distance: 880)]Point2D(x: 1888,
792397, y: 4486,528867)$N_RND$[Sommet(x: 1928,792397,y: 4366,528867,distance: 0), Sommet(x: 1888,792397,y: 4486,528867,distance: 241), Sommet(x: 2000,000000,y: 5240,000000,distance: 880)]Point2D(x: 18
88,792397, y: 4486,528867)$N_RND$[Sommet(x: 1928,792397,y: 4366,528867,distance: 0), Sommet(x: 1888,792397,y: 4486,528867,distance: 241), Sommet(x: 2000,000000,y: 5240,000000,distance: 880)]Point2D(x:
 1888,792397, y: 4486,528867)$N_RND$[Sommet(x: 1928,792397,y: 4366,528867,distance: 0), Sommet(x: 1888,792397,y: 4486,528867,distance: 241), Sommet(x: 2000,000000,y: 5240,000000,distance: 880)]Point2D
(x: 1888,792397, y: 4486,528867)$N_RND$[Sommet(x: 1928,792397,y: 4366,528867,distance: 0), Sommet(x: 1888,792397,y: 4486,528867,distance: 241), Sommet(x: 2000,000000,y: 5240,000000,distance: 880)]Poin
t2D(x: 1888,792397, y: 4486,528867)$N_RND$[Sommet(x: 1928,792397,y: 4366,528867,distance: 0), Sommet(x: 1888,792397,y: 4486,528867,distance: 241), Sommet(x: 2000,000000,y: 5240,000000,distance: 880)]P
oint2D(x: 1888,792397, y: 4486,528867)$N_RND$[Sommet(x: 1928,792397,y: 4366,528867,distance: 0), Sommet(x: 1888,792397,y: 4486,528867,distance: 241), Sommet(x: 2000,000000,y: 5240,000000,distance: 880
)]Point2D(x: 1888,792397, y: 4486,528867)$N_RND$[Sommet(x: 1928,792397,y: 4366,528867,distance: 0), Sommet(x: 1888,792397,y: 4486,528867,distance: 241), Sommet(x: 2000,000000,y: 5240,000000,distance: 
880)]Point2D(x: 1888,792397, y: 4486,528867)$N_RND$[Sommet(x: 1928,792397,y: 4366,528867,distance: 0), Sommet(x: 1888,792397,y: 4486,528867,distance: 241), Sommet(x: 2000,000000,y: 5240,000000,distanc
e: 880)]Point2D(x: 1888,792397, y: 4486,528867)$N_RND$[Sommet(x: 1928,792397,y: 4366,528867,distance: 0), Sommet(x: 1888,792397,y: 4486,528867,distance: 241), Sommet(x: 2000,000000,y: 5240,000000,dist
ance: 880)]Point2D(x: 1888,792397, y: 4486,528867)$N_RND$[Sommet(x: 1928,792397,y: 4366,528867,distance: 0), Sommet(x: 1888,792397,y: 4486,528867,distance: 241), Sommet(x: 2000,000000,y: 5240,000000,d
istance: 880)]Point2D(x: 1888,792397, y: 4486,528867)$N_RND$[Sommet(x: 1928,792397,y: 4366,528867,distance: 0), Sommet(x: 1888,792397,y: 4486,528867,distance: 241), Sommet(x: 2000,000000,y: 5240,00000
0,distance: 880)]Point2D(x: 1888,792397, y: 4486,528867)$N_RND$[Sommet(x: 1928,792397,y: 4366,528867,distance: 0), Sommet(x: 1888,792397,y: 4486,528867,distance: 241), Sommet(x: 2000,000000,y: 5240,00
0000,distance: 880)]Point2D(x: 1888,792397, y: 4486,528867)$N_RND$[Sommet(x: 1928,792397,y: 4366,528867,distance: 0), Sommet(x: 1888,792397,y: 4486,528867,distance: 241), Sommet(x: 2000,000000,y: 5240
,000000,distance: 880)]Point2D(x: 1888,792397, y: 4486,528867)$N_RND$[Sommet(x: 1928,792397,y: 4366,528867,distance: 0), Sommet(x: 1888,792397,y: 4486,528867,distance: 241), Sommet(x: 2000,000000,y: 5
240,000000,distance: 880)]Point2D(x: 1888,792397, y: 4486,528867)$N_RND$[Sommet(x: 1928,792397,y: 4366,528867,distance: 0), Sommet(x: 1888,792397,y: 4486,528867,distance: 241), Sommet(x: 2000,000000,y
: 5240,000000,distance: 880)]Point2D(x: 1888,792397, y: 4486,528867)$N_RND$[Sommet(x: 1928,792397,y: 4366,528867,distance: 0), Sommet(x: 1888,792397,y: 4486,528867,distance: 241), Sommet(x: 2000,00000
0,y: 5240,000000,distance: 880)]Point2D(x: 1888,792397, y: 4486,528867)$N_RND$[Sommet(x: 1928,792397,y: 4366,528867,distance: 0), Sommet(x: 1888,792397,y: 4486,528867,distance: 241), Sommet(x: 2000,00
0000,y: 5240,000000,distance: 880)]Point2D(x: 1888,792397, y: 4486,528867)$N_RND$[Sommet(x: 1928,792397,y: 4366,528867,distance: 0), Sommet(x: 1888,792397,y: 4486,528867,distance: 241), Sommet(x: 2000
,000000,y: 5240,000000,distance: 880)]Point2D(x: 1888,792397, y: 4486,528867)$N_RND$[Sommet(x: 1928,792397,y: 4366,528867,distance: 0), Sommet(x: 1888,792397,y: 4486,528867,distance: 241), Sommet(x: 2
000,000000,y: 5240,000000,distance: 880)]Point2D(x: 1888,792397, y: 4486,528867)$N_RND$[Sommet(x: 1928,792397,y: 4366,528867,distance: 0), Sommet(x: 1888,792397,y: 4486,528867,distance: 241), Sommet(x
: 2000,000000,y: 5240,000000,distance: 880)]Point2D(x: 1888,792397, y: 4486,528867)$N_RND$[Sommet(x: 1928,792397,y: 4366,528867,distance: 0), Sommet(x: 1888,792397,y: 4486,528867,distance: 241), Somme
t(x: 2000,000000,y: 5240,000000,distance: 880)]Point2D(x: 1888,792397, y: 4486,528867)$N_RND$[Sommet(x: 1928,792397,y: 4366,528867,distance: 0), Sommet(x: 1888,792397,y: 4486,528867,distance: 241), So
mmet(x: 2000,000000,y: 5240,000000,distance: 880)]Point2D(x: 1888,792397, y: 4486,528867)$N_RND$[Sommet(x: 1928,792397,y: 4366,528867,distance: 0), Sommet(x: 1888,792397,y: 4486,528867,distance: 241),
 Sommet(x: 2000,000000,y: 5240,000000,distance: 880)]Point2D(x: 1888,792397, y: 4486,528867)$N_RND$[Sommet(x: 1928,792397,y: 4366,528867,distance: 0), Sommet(x: 1888,792397,y: 4486,528867,distance: 24
1), Sommet(x: 2000,000000,y: 5240,000000,distance: 880)]Point2D(x: 1888,792397, y: 4486,528867)$N_RND$[Sommet(x: 1928,792397,y: 4366,528867,distance: 0), Sommet(x: 1888,792397,y: 4486,528867,distance:
 241), Sommet(x: 2000,000000,y: 5240,000000,distance: 880)]Point2D(x: 1888,792397, y: 4486,528867)$N_RND$[Sommet(x: 1928,792397,y: 4366,528867,distance: 0), Sommet(x: 1888,792397,y: 4486,528867,distan
ce: 241), Sommet(x: 2000,000000,y: 5240,000000,distance: 880)]Point2D(x: 1888,792397, y: 4486,528867)$N_RND$[Sommet(x: 1928,792397,y: 4366,528867,distance: 0), Sommet(x: 1888,792397,y: 4486,528867,dis
tance: 241), Sommet(x: 2000,000000,y: 5240,000000,distance: 880)]Point2D(x: 1888,792397, y: 4486,528867)$N_RND$[Sommet(x: 1928,792397,y: 4366,528867,distance: 0), Sommet(x: 1888,792397,y: 4486,528867,
distance: 241), Sommet(x: 2000,000000,y: 5240,000000,distance: 880)]Point2D(x: 1888,792397, y: 4486,528867)$N_RND$[Sommet(x: 1928,792397,y: 4366,528867,distance: 0), Sommet(x: 1888,792397,y: 4486,5288
67,distance: 241), Sommet(x: 2000,000000,y: 5240,000000,distance: 880)]Point2D(x: 1888,792397, y: 4486,528867)$N_RND$[Sommet(x: 1928,792397,y: 4366,528867,distance: 0), Sommet(x: 1888,792397,y: 4486,5
28867,distance: 241), Sommet(x: 2000,000000,y: 5240,000000,distance: 880)]Point2D(x: 1888,792397, y: 4486,528867)$N_RND$[Sommet(x: 1928,792397,y: 4366,528867,distance: 0), Sommet(x: 1888,792397,y: 448
6,528867,distance: 241), Sommet(x: 2000,000000,y: 5240,000000,distance: 880)]Point2D(x: 1888,792397, y: 4486,528867)$N_RND$[Sommet(x: 1928,792397,y: 4366,528867,distance: 0), Sommet(x: 1888,792397,y: 
4486,528867,distance: 241), Sommet(x: 2000,000000,y: 5240,000000,distance: 880)]Point2D(x: 1888,792397, y: 4486,528867)$N_RND$[Sommet(x: 1928,792397,y: 4366,528867,distance: 0), Sommet(x: 1888,792397,
y: 4486,528867,distance: 241), Sommet(x: 2000,000000,y: 5240,000000,distance: 880)]Point2D(x: 1888,792397, y: 4486,528867)$N_RND$[Sommet(x: 1928,792397,y: 4366,528867,distance: 0), Sommet(x: 1888,7923
97,y: 4486,528867,distance: 241), Sommet(x: 2000,000000,y: 5240,000000,distance: 880)]Point2D(x: 1888,792397, y: 4486,528867)$N_RND$[Sommet(x: 1928,792397,y: 4366,528867,distance: 0), Sommet(x: 1888,7
92397,y: 4486,528867,distance: 241), Sommet(x: 2000,000000,y: 5240,000000,distance: 880)]Point2D(x: 1888,792397, y: 4486,528867)$N_RND$[Sommet(x: 1928,792397,y: 4366,528867,distance: 0), Sommet(x: 188
8,792397,y: 4486,528867,distance: 241), Sommet(x: 2000,000000,y: 5240,000000,distance: 880)]Point2D(x: 1888,792397, y: 4486,528867)$N_RND$[Sommet(x: 1928,792397,y: 4366,528867,distance: 0), Sommet(x: 
1888,792397,y: 4486,528867,distance: 241), Sommet(x: 2000,000000,y: 5240,000000,distance: 880)]Point2D(x: 1888,792397, y: 4486,528867)$N_RND$[Sommet(x: 1928,792397,y: 4366,528867,distance: 0), Sommet(
x: 1888,792397,y: 4486,528867,distance: 241), Sommet(x: 2000,000000,y: 5240,000000,distance: 880)]Point2D(x: 1888,792397, y: 4486,528867)$N_RND$[Sommet(x: 1928,792397,y: 4366,528867,distance: 0), Somm
et(x: 1888,792397,y: 4486,528867,distance: 241), Sommet(x: 2000,000000,y: 5240,000000,distance: 880)]Point2D(x: 1888,792397, y: 4486,528867)$N_RND$[Sommet(x: 1928,792397,y: 4366,528867,distance: 0), S
ommet(x: 1888,792397,y: 4486,528867,distance: 241), Sommet(x: 2000,000000,y: 5240,000000,distance: 880)]Point2D(x: 1888,792397, y: 4486,528867)$N_RND$[Sommet(x: 1928,792397,y: 4366,528867,distance: 0)
, Sommet(x: 1888,792397,y: 4486,528867,distance: 241), Sommet(x: 2000,000000,y: 5240,000000,distance: 880)]Point2D(x: 1888,792397, y: 4486,528867)$N_RND$[Sommet(x: 1928,792397,y: 4366,528867,distance:
 0), Sommet(x: 1888,792397,y: 4486,528867,distance: 241), Sommet(x: 2000,000000,y: 5240,000000,distance: 880)]Point2D(x: 1888,792397, y: 4486,528867)$N_RND$[Sommet(x: 1928,792397,y: 4366,528867,distan
ce: 0), Sommet(x: 1888,792397,y: 4486,528867,distance: 241), Sommet(x: 2000,000000,y: 5240,000000,distance: 880)]Point2D(x: 1888,792397, y: 4486,528867)$N_RND$[Sommet(x: 1928,792397,y: 4366,528867,dis
tance: 0), Sommet(x: 1888,792397,y: 4486,528867,distance: 241), Sommet(x: 2000,000000,y: 5240,000000,distance: 880)]Point2D(x: 1888,792397, y: 4486,528867)$N_RND$[Sommet(x: 1928,792397,y: 4366,528867,
distance: 0), Sommet(x: 1888,792397,y: 4486,528867,distance: 241), Sommet(x: 2000,000000,y: 5240,000000,distance: 880)]Point2D(x: 1888,792397, y: 4486,528867)$N_RND$[Sommet(x: 1928,792397,y: 4366,5288
67,distance: 0), Sommet(x: 1888,792397,y: 4486,528867,distance: 241), Sommet(x: 2000,000000,y: 5240,000000,distance: 880)]Point2D(x: 1888,792397, y: 4486,528867)$N_RND$[Sommet(x: 1928,792397,y: 4366,5
28867,distance: 0), Sommet(x: 1888,792397,y: 4486,528867,distance: 241), Sommet(x: 2000,000000,y: 5240,000000,distance: 880)]Point2D(x: 1888,792397, y: 4486,528867)$N_RND$[Sommet(x: 1928,792397,y: 436
6,528867,distance: 0), Sommet(x: 1888,792397,y: 4486,528867,distance: 241), Sommet(x: 2000,000000,y: 5240,000000,distance: 880)]Point2D(x: 1888,792397, y: 4486,528867)$N_RND$[Sommet(x: 1928,792397,y: 
4366,528867,distance: 0), Sommet(x: 1888,792397,y: 4486,528867,distance: 241), Sommet(x: 2000,000000,y: 5240,000000,distance: 880)]Point2D(x: 1888,792397, y: 4486,528867)$N_RND$[Sommet(x: 1928,792397,
y: 4366,528867,distance: 0), Sommet(x: 1888,792397,y: 4486,528867,distance: 241), Sommet(x: 2000,000000,y: 5240,000000,distance: 880)]Point2D(x: 1888,792397, y: 4486,528867)$N_RND$[Sommet(x: 1928,7923
97,y: 4366,528867,distance: 0), Sommet(x: 1888,792397,y: 4486,528867,distance: 241), Sommet(x: 2000,000000,y: 5240,000000,distance: 880)]Point2D(x: 1888,792397, y: 4486,528867)$N_RND$[Sommet(x: 1928,7
92397,y: 4366,528867,distance: 0), Sommet(x: 1888,792397,y: 4486,528867,distance: 241), Sommet(x: 2000,000000,y: 5240,000000,distance: 880)]Point2D(x: 1888,792397, y: 4486,528867)$N_RND$[Sommet(x: 192
8,792397,y: 4366,528867,distance: 0), Sommet(x: 1888,792397,y: 4486,528867,distance: 241), Sommet(x: 2000,000000,y: 5240,000000,distance: 880)]Point2D(x: 1888,792397, y: 4486,528867)$N_RND$[Sommet(x: 
1928,792397,y: 4366,528867,distance: 0), Sommet(x: 1888,792397,y: 4486,528867,distance: 241), Sommet(x: 2000,000000,y: 5240,000000,distance: 880)]Point2D(x: 1888,792397, y: 4486,528867)$N_RND$[Sommet(
x: 1928,792397,y: 4366,528867,distance: 0), Sommet(x: 1888,792397,y: 4486,528867,distance: 241), Sommet(x: 2000,000000,y: 5240,000000,distance: 880)]Point2D(x: 1888,792397, y: 4486,528867)$N_RND$[Somm
et(x: 1928,792397,y: 4366,528867,distance: 0), Sommet(x: 1888,792397,y: 4486,528867,distance: 241), Sommet(x: 2000,000000,y: 5240,000000,distance: 880)]Point2D(x: 1888,792397, y: 4486,528867)$N_RND$[S
ommet(x: 1928,792397,y: 4366,528867,distance: 0), Sommet(x: 1888,792397,y: 4486,528867,distance: 241), Sommet(x: 2000,000000,y: 5240,000000,distance: 880)]Point2D(x: 1888,792397, y: 4486,528867)$N_RND
$[Sommet(x: 1928,792397,y: 4366,528867,distance: 0), Sommet(x: 1888,792397,y: 4486,528867,distance: 241), Sommet(x: 2000,000000,y: 5240,000000,distance: 880)]Point2D(x: 1888,792397, y: 4486,528867)$N_
RND$[Sommet(x: 1928,792397,y: 4366,528867,distance: 0), Sommet(x: 1888,792397,y: 4486,528867,distance: 241), Sommet(x: 2000,000000,y: 5240,000000,distance: 880)]Point2D(x: 1888,792397, y: 4486,528867)
$N_RND$[Sommet(x: 1928,792397,y: 4366,528867,distance: 0), Sommet(x: 1888,792397,y: 4486,528867,distance: 241), Sommet(x: 2000,000000,y: 5240,000000,distance: 880)]Point2D(x: 1888,792397, y: 4486,5288
67)$N_RND$[Sommet(x: 1928,792397,y: 4366,528867,distance: 0), Sommet(x: 1888,792397,y: 4486,528867,distance: 241), Sommet(x: 2000,000000,y: 5240,000000,distance: 880)]Point2D(x: 1888,792397, y: 4486,5
28867)$N_RND$[Sommet(x: 1928,792397,y: 4366,528867,distance: 0), Sommet(x: 1888,792397,y: 4486,528867,distance: 241), Sommet(x: 2000,000000,y: 5240,000000,distance: 880)]Point2D(x: 1888,792397, y: 448
6,528867)$N_RND$[Sommet(x: 1928,792397,y: 4366,528867,distance: 0), Sommet(x: 1888,792397,y: 4486,528867,distance: 241), Sommet(x: 2000,000000,y: 5240,000000,distance: 880)]Point2D(x: 1888,792397, y: 
4486,528867)$N_RND$[Sommet(x: 1928,792397,y: 4366,528867,distance: 0), Sommet(x: 1888,792397,y: 4486,528867,distance: 241), Sommet(x: 2000,000000,y: 5240,000000,distance: 880)]Point2D(x: 1888,792397, 
y: 4486,528867)$N_RND$[Sommet(x: 1928,792397,y: 4366,528867,distance: 0), Sommet(x: 1888,792397,y: 4486,528867,distance: 241), Sommet(x: 2000,000000,y: 5240,000000,distance: 880)]Point2D(x: 1888,79239
7, y: 4486,528867)$N_RND$[Sommet(x: 1928,792397,y: 4366,528867,distance: 0), Sommet(x: 1888,792397,y: 4486,528867,distance: 241), Sommet(x: 2000,000000,y: 5240,000000,distance: 880)]Point2D(x: 1888,79
2397, y: 4486,528867)$N_RND$[Sommet(x: 1928,792397,y: 4366,528867,distance: 0), Sommet(x: 1888,792397,y: 4486,528867,distance: 241), Sommet(x: 2000,000000,y: 5240,000000,distance: 880)]Point2D(x: 1888
,792397, y: 4486,528867)$N_RND$[Sommet(x: 1928,792397,y: 4366,528867,distance: 0), Sommet(x: 1888,792397,y: 4486,528867,distance: 241), Sommet(x: 2000,000000,y: 5240,000000,distance: 880)]Point2D(x: 1
888,792397, y: 4486,528867)$N_RND$[Sommet(x: 1928,792397,y: 4366,528867,distance: 0), Sommet(x: 1888,792397,y: 4486,528867,distance: 241), Sommet(x: 2000,000000,y: 5240,000000,distance: 880)]Point2D(x
: 1888,792397, y: 4486,528867)$N_RND$[Sommet(x: 1928,792397,y: 4366,528867,distance: 0), Sommet(x: 1888,792397,y: 4486,528867,distance: 241), Sommet(x: 2000,000000,y: 5240,000000,distance: 880)]Point2
D(x: 1888,792397, y: 4486,528867)$N_RND$[Sommet(x: 1928,792397,y: 4366,528867,distance: 0), Sommet(x: 1888,792397,y: 4486,528867,distance: 241), Sommet(x: 2000,000000,y: 5240,000000,distance: 880)]Poi
nt2D(x: 1888,792397, y: 4486,528867)$N_RND$[Sommet(x: 1928,792397,y: 4366,528867,distance: 0), Sommet(x: 1888,792397,y: 4486,528867,distance: 241), Sommet(x: 2000,000000,y: 5240,000000,distance: 880)]
Point2D(x: 1888,792397, y: 4486,528867)$N_RND$[Sommet(x: 1928,792397,y: 4366,528867,distance: 0), Sommet(x: 1888,792397,y: 4486,528867,distance: 241), Sommet(x: 2000,000000,y: 5240,000000,distance: 88
0)]Point2D(x: 1888,792397, y: 4486,528867)$N_RND$[Sommet(x: 1928,792397,y: 4366,528867,distance: 0), Sommet(x: 1888,792397,y: 4486,528867,distance: 241), Sommet(x: 2000,000000,y: 5240,000000,distance:
 880)]Point2D(x: 1888,792397, y: 4486,528867)$N_RND$[Sommet(x: 1928,792397,y: 4366,528867,distance: 0), Sommet(x: 1888,792397,y: 4486,528867,distance: 241), Sommet(x: 2000,000000,y: 5240,000000,distan
ce: 880)]Point2D(x: 1888,792397, y: 4486,528867)$N_RND$[Sommet(x: 1928,792397,y: 4366,528867,distance: 0), Sommet(x: 1888,792397,y: 4486,528867,distance: 241), Sommet(x: 2000,000000,y: 5240,000000,dis
