pos(9426.34;335.29;3.14) final rotation=-0.5358777972490909 Rudder_Rotation=-0,54 pos(9426.34;335.29;2.61) final rotation=1.5987211554602254E-14 Lift_Sail Rudder_Rotation=0,00 Oar_Rotation=0,00 pos(92
31.85;450.78;2.61) final rotation=1.509903313490213E-14 Rudder_Rotation=0,00 Oar_Rotation=0,00 pos(9037.37;566.27;2.61) final rotation=1.3766765505351941E-14 Rudder_Rotation=0,00 Oar_Rotation=0,00 pos
pos(8453.92;912.74;2.61) final rotation=1.2434497875801753E-14 Rudder_Rotation=0,00 Oar_Rotation=0,00 pos(8259.44;1028.23;2.61) final rotation=1.1546319456101628E-14 Rudder_Rotation=0,00 Oar_Rotation=
0,00 pos(8064.96;1143.73;2.61) final rotation=1.1102230246251565E-14 Rudder_Rotation=0,00 Oar_Rotation=0,00 pos(7870.48;1259.22;2.61) final rotation=1.021405182655144E-14 Rudder_Rotation=0,00 Oar_Rota
tion=0,00 pos(7676.00;1374.71;2.61) final rotation=9.325873406851315E-15 Rudder_Rotation=0,00 Oar_Rotation=0,00 pos(7481.51;1490.20;2.61) final rotation=0.03490658503989503 Rudder_Rotation=0,03 Lower_
Sail Oar_Rotation=0,00 pos(7366.88;1555.62;2.64) final rotation=-0.035716801395249576 Rudder_Rotation=-0,04 Oar_Rotation=0,00 pos(7223.58;1637.41;2.60) final rotation=-0.0011230217132696119 Lift_Sail 
Rudder_Rotation=-0,00 Oar_Rotation=0,00 pos(7029.14;1753.24;2.60) final rotation=-5.295997765575322E-5 Rudder_Rotation=-0,00 Oar_Rotation=0,00 pos(6834.71;1869.22;2.60) final rotation=-2.7558266402216
702E-6 Rudder_Rotation=-0,00 Oar_Rotation=0,00 pos(6640.28;1985.20;2.60) final rotation=-1.5987912327375398E-7 Rudder_Rotation=-0,00 Oar_Rotation=0,00 pos(6445.85;2101.18;2.60) final rotation=1.396263
3911162197 Rudder_Rotation=0,79 Lower_Sail Oar_Rotation=0,61 pos(6356.08;2086.52;4.02) final rotation=0.38391195585656523 Rudder_Rotation=0,38 Oar_Rotation=0,00 pos(6324.35;2029.11;4.40) final rotatio
n=0.1181486903000007 Rudder_Rotation=0,12 pos(6324.35;2029.11;4.52) final rotation=4.355543703482567E-14 Rudder_Rotation=0,00 Oar_Rotation=0,00 pos(6292.72;1867.17;4.52) final rotation=0.1583539336298
9672 Rudder_Rotation=0,16 pos(6292.72;1867.17;4.68) final rotation=-3.3938130084010254E-14 Rudder_Rotation=-0,00 Oar_Rotation=0,00 pos(6287.02;1702.27;4.68) final rotation=0.017349874153673738 Rudder_
pos(6284.19;1537.29;3.91) final rotation=-0.7591958851771374 Rudder_Rotation=-0,76 pos(6284.19;1537.29;3.15) final rotation=6.251943407420413E-15 Rudder_Rotation=0,00 Oar_Rotation=0,00 pos(6119.20;153
5.80;3.15) final rotation=0.021683495273169276 Rudder_Rotation=0,02 pos(6119.20;1535.80;3.17) final rotation=-1.43982048506075E-14 Rudder_Rotation=-0,00 Oar_Rotation=0,00 pos(5954.27;1530.74;3.17) fin
al rotation=0.030479545344907807 Rudder_Rotation=0,03 pos(5954.27;1530.74;3.20) final rotation=-1.128958038165706E-14 Rudder_Rotation=-0,00 Oar_Rotation=0,00 pos(5789.58;1520.65;3.20) final rotation=-
0.013600131397697161 Rudder_Rotation=-0,01 pos(5789.58;1520.65;3.19) final rotation=-1.3065937221057311E-14 Rudder_Rotation=-0,00 Oar_Rotation=0,00 pos(5624.77;1512.80;3.19) final rotation=-1.18991465
14927037 Rudder_Rotation=-0,79 pos(5624.77;1512.80;2.40) final rotation=-0.40451648809525986 Rudder_Rotation=-0,40 pos(5624.77;1512.80;2.00) final rotation=-7.549516567451064E-15 Lift_Sail Rudder_Rota
tion=-0,00 Oar_Rotation=0,00 pos(5510.88;1762.13;2.00) final rotation=-3.863576125695545E-14 Rudder_Rotation=-0,00 Oar_Rotation=0,00 pos(5397.00;2011.47;2.00) final rotation=1.9984014443252818E-14 Rud
der_Rotation=0,00 Oar_Rotation=0,00 pos(5283.11;2260.80;2.00) final rotation=5.1958437552457326E-14 Rudder_Rotation=0,00 Oar_Rotation=0,00 pos(5169.22;2510.14;2.00) final rotation=5.329070518200751E-1
5 Rudder_Rotation=0,00 Oar_Rotation=0,00 pos(5055.33;2759.47;2.00) CP0passed final rotation=-0.8872630559068051 Lower_Sail Rudder_Rotation=-0,79 Oar_Rotation=-0,10 pos(5048.95;2920.14;1.21) final rota
tion=-0.1113963334112551 Rudder_Rotation=-0,11 Oar_Rotation=0,00 pos(5115.00;3071.25;1.10) final rotation=-0.001173593853967203 Lift_Sail Rudder_Rotation=-0,00 Oar_Rotation=0,00 pos(5237.97;3313.97;1.
10) final rotation=-2.1138989911406725E-5 Rudder_Rotation=-0,00 Oar_Rotation=0,00 pos(5361.06;3556.59;1.10) final rotation=-3.947779072532853E-7 Rudder_Rotation=-0,00 Oar_Rotation=0,00 pos(5484.15;379
9.20;1.10) final rotation=0.4363323053428681 Rudder_Rotation=0,44 Lower_Sail pos(5484.15;3799.20;1.54) final rotation=-1.106753577673203E-14 Lift_Sail Rudder_Rotation=-0,00 Oar_Rotation=0,00 pos(5493.
61;4083.98;1.54) final rotation=0.10453465771700442 Rudder_Rotation=0,10 Lower_Sail pos(5493.61;4083.98;1.64) final rotation=9.228728892196614E-16 Lift_Sail Rudder_Rotation=0,00 Oar_Rotation=0,00 pos(
5473.32;4367.95;1.64) final rotation=-0.0054489163913715374 Rudder_Rotation=-0,01 Oar_Rotation=0,00 pos(5453.79;4651.99;1.64) final rotation=-0.024520232726510518 Rudder_Rotation=-0,02 Lower_Sail pos(
5453.79;4651.99;1.61) final rotation=1.091488011084607E-14 Lift_Sail Rudder_Rotation=0,00 Oar_Rotation=0,00 pos(5442.01;4936.64;1.61) final rotation=-0.6013382819636326 Rudder_Rotation=-0,60 Lower_Sai
l Oar_Rotation=0,00 pos(5474.97;5062.41;1.01) final rotation=-0.006490385877035321 Lift_Sail Rudder_Rotation=-0,01 Oar_Rotation=0,00 pos(5617.25;5287.77;1.00) final rotation=-1.5265311180634455E-4 Rud
der_Rotation=-0,00 Oar_Rotation=0,00 pos(5760.18;5512.46;1.00) final rotation=-3.761607565655467E-6 Rudder_Rotation=-0,00 Oar_Rotation=0,00 pos(5903.12;5737.15;1.00) final rotation=-9.744416873402884E
-8 Rudder_Rotation=-0,00 Oar_Rotation=0,00 pos(6046.06;5961.83;1.00) final rotation=-2.6607762659836E-9 Rudder_Rotation=-0,00 Oar_Rotation=0,00 pos(6189.01;6186.51;1.00) final rotation=-7.680056590686
49E-11 Rudder_Rotation=-0,00 Oar_Rotation=0,00 pos(6331.95;6411.19;1.00) final rotation=-2.346345340242806E-12 Rudder_Rotation=-0,00 Oar_Rotation=0,00 pos(6474.89;6635.88;1.00) final rotation=-6.88338
275267597E-14 Rudder_Rotation=-0,00 Oar_Rotation=0,00 pos(6617.84;6860.56;1.00) final rotation=2.220446049250313E-16 Rudder_Rotation=0,00 Oar_Rotation=0,00 pos(6760.78;7085.24;1.00) final rotation=3.3
306690738754696E-15 Rudder_Rotation=0,00 Oar_Rotation=0,00 pos(6903.72;7309.92;1.00) final rotation=6.661338147750939E-15 Rudder_Rotation=0,00 Oar_Rotation=0,00 pos(7046.66;7534.61;1.00) final rotatio
n=1.0658141036401503E-14 Rudder_Rotation=0,00 Oar_Rotation=0,00 pos(7189.61;7759.29;1.00) final rotation=1.554312234475219E-14 Rudder_Rotation=0,00 Oar_Rotation=0,00 pos(7332.55;7983.97;1.00) final ro
tation=-8.881784197001252E-16 Rudder_Rotation=-0,00 Oar_Rotation=0,00 pos(7475.49;8208.65;1.00) final rotation=4.6629367034256575E-15 Rudder_Rotation=0,00 Oar_Rotation=0,00 pos(7618.43;8433.33;1.00) f
inal rotation=-1.0880185641326534E-14 Rudder_Rotation=-0,00 Oar_Rotation=0,00 pos(7761.38;8658.02;1.00) final rotation=-3.1308289294429414E-14 Rudder_Rotation=-0,00 Oar_Rotation=0,00 pos(7904.32;8882.
70;1.00) final rotation=-3.68594044175552E-14 Rudder_Rotation=-0,00 Oar_Rotation=0,00 pos(8039.66;9095.68;1.00) final rotation=-1.0768216499701388E-4 Rudder_Rotation=-0,00 Oar_Rotation=0,00 pos(8158.1
1;9282.61;1.00) final rotation=-4.3478560200016503E-4 Rudder_Rotation=-0,00 Oar_Rotation=0,00 pos(8276.60;9469.49;1.00) final rotation=-5.9181142177267E-4 Rudder_Rotation=-0,00 Oar_Rotation=0,00 pos(8
pos(8651.48;10058.01;1.00) CP1passed final rotation=-0.5593085726022691 Rudder_Rotation=-0,56 Lower_Sail Oar_Rotation=0,00 pos(8700.28;10101.16;.44) final rotation=0.922754368699192 Rudder_Rotation=0,
79 Oar_Rotation=0,14 pos(8765.37;10172.38;1.23) final rotation=0.5341323780662767 Rudder_Rotation=0,53 pos(8765.37;10172.38;1.76) final rotation=4.787836793695988E-16 Lift_Sail Rudder_Rotation=0,00 Oa
r_Rotation=0,00 pos(8711.88;10450.09;1.76) final rotation=-1.1519971213655158 Rudder_Rotation=-0,79 Lower_Sail Oar_Rotation=-0,37 pos(8728.18;10494.21;.66) final rotation=-0.09173702728498129 Rudder_R
otation=-0,09 Oar_Rotation=0,00 pos(8782.03;10532.34;.57) final rotation=0.10285445075794837 Rudder_Rotation=0,10 pos(8782.03;10532.34;.67) final rotation=-1.4641066137244252E-15 Lift_Sail Rudder_Rota
tion=-0,00 Oar_Rotation=0,00 pos(8969.63;10681.78;.67) final rotation=0.27045947050672087 Rudder_Rotation=0,27 Lower_Sail pos(8969.63;10681.78;.94) final rotation=-1.9637069748057456E-15 Lift_Sail Rud
der_Rotation=-0,00 Oar_Rotation=0,00 pos(9123.60;10893.98;.94) final rotation=0.050772730580126504 Rudder_Rotation=0,05 Lower_Sail pos(9123.60;10893.98;.99) final rotation=-2.0747292772682613E-15 Lift
_Sail Rudder_Rotation=-0,00 Oar_Rotation=0,00 pos(9268.48;11116.62;.99) final rotation=-0.004588367259951785 Rudder_Rotation=-0,00 Oar_Rotation=0,00 pos(9408.28;11339.78;.99) final rotation=-0.6694733
945523075 Rudder_Rotation=-0,67 Lower_Sail pos(9339.34;11351.93;.32) final rotation=-0.0047849956827613616 Lift_Sail Rudder_Rotation=-0,00 Oar_Rotation=0,00 pos(9462.83;11427.31;.32) final rotation=-0
.0049125831261908615 Rudder_Rotation=-0,00 Oar_Rotation=0,00 pos(9588.17;11501.23;.31) final rotation=-0.004826404473514678 Rudder_Rotation=-0,00 Oar_Rotation=0,00 pos(9780.15;11562.24;.31) final rota
tion=-7.607155792149767E-5 Rudder_Rotation=-0,00 Oar_Rotation=0,00 pos(9972.00;11622.70;.31) final rotation=-1.2352724889086453E-6 Rudder_Rotation=-0,00 Oar_Rotation=0,00 pos(10163.86;11683.15;.31) fi
nal rotation=-2.072451121826191E-8 Rudder_Rotation=-0,00 Oar_Rotation=0,00 pos(10355.71;11743.59;.31) final rotation=-3.59649199310752E-10 Rudder_Rotation=-0,00 Oar_Rotation=0,00 pos(10547.57;11804.04
;.31) final rotation=-6.461109425259792E-12 Rudder_Rotation=-0,00 Oar_Rotation=0,00 pos(10739.42;11864.49;.31) final rotation=-1.195155086008981E-13 Rudder_Rotation=-0,00 Oar_Rotation=0,00 pos(10931.2
7;11924.93;.31) final rotation=7.605027718682322E-15 Rudder_Rotation=0,00 Oar_Rotation=0,00 pos(11123.13;11985.38;.31) final rotation=7.549516567451064E-15 Rudder_Rotation=0,00 Oar_Rotation=0,00 pos(1
pos(11698.69;12166.72;.31) final rotation=4.6074255521944E-15 Rudder_Rotation=0,00 Oar_Rotation=0,00 pos(11890.55;12227.17;.31) final rotation=6.716849298982197E-15 Rudder_Rotation=0,00 Oar_Rotation=0
,00 pos(12082.40;12287.61;.31) final rotation=9.492406860545088E-15 Rudder_Rotation=0,00 Oar_Rotation=0,00 pos(12274.26;12348.06;.31) final rotation=7.716050021144838E-15 Rudder_Rotation=0,00 Oar_Rota
tion=0,00 pos(12466.11;12408.51;.31) final rotation=1.2434497875801753E-14 Rudder_Rotation=0,00 Oar_Rotation=0,00 pos(12657.96;12468.95;.31) final rotation=1.2878587085651816E-14 Rudder_Rotation=0,00 
Oar_Rotation=0,00 pos(12849.82;12529.40;.31) final rotation=1.4710455076283324E-14 Rudder_Rotation=0,00 Oar_Rotation=0,00 pos(13041.67;12589.85;.31) final rotation=1.2712053631958042E-14 Rudder_Rotati
on=0,00 Oar_Rotation=0,00 pos(13233.53;12650.29;.31) final rotation=1.837419105754634E-14 Rudder_Rotation=0,00 Oar_Rotation=0,00 pos(13425.38;12710.74;.31) final rotation=2.098321516541546E-14 Rudder_
Rotation=0,00 Oar_Rotation=0,00 pos(13617.24;12771.18;.31) final rotation=4.1466829969749597E-14 Rudder_Rotation=0,00 Oar_Rotation=0,00 pos(13809.09;12831.63;.31) final rotation=1.659783421814609E-14 
Rudder_Rotation=0,00 Oar_Rotation=0,00 pos(14000.95;12892.08;.31) final rotation=-2.603472992745992E-14 Rudder_Rotation=-0,00 Oar_Rotation=0,00 pos(14192.80;12952.52;.31) final rotation=-2.99205105136
4797E-14 Rudder_Rotation=-0,00 Oar_Rotation=0,00 pos(14384.65;13012.97;.31) final rotation=3.186340080674199E-14 Rudder_Rotation=0,00 Oar_Rotation=0,00 pos(14576.51;13073.42;.31) final rotation=2.9976
021664879227E-14 Rudder_Rotation=0,00 Oar_Rotation=0,00 pos(14768.36;13133.86;.31) final rotation=-3.9468428525424315E-14 Rudder_Rotation=-0,00 Oar_Rotation=0,00 pos(14960.22;13194.31;.31) final rotat
ion=-5.867528685143952E-14 Rudder_Rotation=-0,00 Oar_Rotation=0,00 pos(15152.07;13254.76;.31) final rotation=9.603429163007604E-14 Rudder_Rotation=0,00 Oar_Rotation=0,00 pos(15343.93;13315.20;.31) fin
al rotation=7.26640969617165E-14 Rudder_Rotation=0,00 Oar_Rotation=0,00 pos(15535.78;13375.65;.31) final rotation=-8.970602038971265E-14 Rudder_Rotation=-0,00 Oar_Rotation=0,00 
