nbSailors :13
 nbOar :10
[Checkpoint{position=P{ 4947.848761408083 , 2994.7916666666765 }, shape=type : circle [ radius : 350.0 ] }, Checkpoint{position=P{ 8689.700130378087 , 10117.1875 }, shape=type : circle [ radius : 150.
OT{aT=[-1.5707963267948966, -1.2566370614359172, -0.9424777960769379, -0.6283185307179586, -0.3141592653589793, 0.0, 0.3141592653589793, 0.6283185307179586, 0.9424777960769379, 1.2566370614359172, 1.5

 - - - 

P{ 9465.449804432852 , 488.28125000000523 }
S26: move: 0x, 1y

S26 is now on (0,1)
S27: move: 5x, 0y

S27 is now on (5,1)
S28: move: 5x, 0y

S28 is now on (5,2)
S33: move: 3x, -1y

S33 is now on (5,0)
S36: move: 1x, 1y

S36 is now on (4,2)
P{ 9465.449804432852 , 488.28125000000523 }

S27: turn : -0.4890922708968368

S26: watch

 - - - 

P{ 9465.449804432852 , 488.28125000000523 }
Obstacle détecté sur votre trajet
**1**
P{ 9307.56114199717 , 530.2076370284772 }

S27: turn : 0.45567254088199566

S26: watch

 - - - 

P{ 9307.56114199717 , 530.2076370284772 }
Obstacle détecté sur votre trajet
**1**
P{ 9150.39994010193 , 575.5681242705784 }

S27: turn : -0.007806463657141438

S26: watch

 - - - 

P{ 9150.39994010193 , 575.5681242705784 }
Obstacle détecté sur votre trajet
**1**
P{ 8985.647480176987 , 584.5952336183916 }

S27: turn : -0.015816152973185976

S26: watch

 - - - 

P{ 8985.647480176987 , 584.5952336183916 }
Obstacle détecté sur votre trajet
**1**
P{ 8821.013990184247 , 595.5609303544211 }

S27: turn : -0.016454824001732538

S26: watch

 - - - 

P{ 8821.013990184247 , 595.5609303544211 }
Obstacle détecté sur votre trajet
**1**
P{ 8656.578958119528 , 609.1809893594491 }

S27: turn : -0.017011610572753674

S26: watch

 - - - 

P{ 8656.578958119528 , 609.1809893594491 }
Obstacle détecté sur votre trajet
**1**
P{ 8492.394925129194 , 625.5500705295982 }

S27: turn : -0.017605014506958172

S26: watch

 - - - 

P{ 8492.394925129194 , 625.5500705295982 }
Obstacle détecté sur votre trajet
**1**
P{ 8328.51887474603 , 644.757803864847 }

S27: turn : -0.0182410404738913

S26: watch

 - - - 

P{ 8328.51887474603 , 644.757803864847 }
Obstacle détecté sur votre trajet
**1**
P{ 8165.013472210594 , 666.8989088912139 }

S27: turn : -0.01892447063021513

S26: watch

 - - - 

P{ 8165.013472210594 , 666.8989088912139 }
Obstacle détecté sur votre trajet
**1**
P{ 8001.9478052051345 , 692.0738133576752 }

S27: turn : -0.019660786508022166

S26: watch

 - - - 

P{ 8001.9478052051345 , 692.0738133576752 }
Obstacle détecté sur votre trajet
**1**
P{ 7839.398232341141 , 720.3891710862607 }

S27: turn : -0.02045634467616267

S26: watch

 - - - 

P{ 7839.398232341141 , 720.3891710862607 }
Obstacle détecté sur votre trajet
**1**
P{ 7677.449376109265 , 751.9584391743495 }

S27: turn : -0.021318558762653428

S26: watch

 - - - 

P{ 7677.449376109265 , 751.9584391743495 }
Obstacle détecté sur votre trajet
**1**
