Micro : 10 actions
MOVING[sailorId=16,xdistance=2,ydistance=0],
TURN[sailorId=16,rotation=0.0644038279492688],
OAR[sailorId=14],
MOVING[sailorId=13,xdistance=1,ydistance=0],
LIFT_SAIL[sailorId=13],
OAR[sailorId=17],
MOVING[sailorId=11,xdistance=3,ydistance=0],
OAR[sailorId=11],
OAR[sailorId=12],
OAR[sailorId=15],
Micro : 8 actions
TURN[sailorId=16,rotation=0.16461268366790438],
OAR[sailorId=14],
OAR[sailorId=17],
OAR[sailorId=11],
OAR[sailorId=12],
OAR[sailorId=15],
MOVING[sailorId=13,xdistance=1,ydistance=-1],
OAR[sailorId=13],
Micro : 4 actions
TURN[sailorId=16,rotation=-0.14556060325672393],
OAR[sailorId=12],
OAR[sailorId=15],
OAR[sailorId=13],
Micro : 7 actions
TURN[sailorId=16,rotation=-0.11498220716038321],
OAR[sailorId=14],
OAR[sailorId=17],
OAR[sailorId=11],
OAR[sailorId=12],
OAR[sailorId=15],
OAR[sailorId=13],
