Position{x=0.0, y=0.0, orientation=0.0}
Marin{x=0, y=0, id=0, name='Luffy Teach'}Marin{x=0, y=1, id=1, name='Luffy Teach'}Marin{x=0, y=2, id=2, name='Jack Pouce'}Marin{x=0, y=3, id=3, name='Luffy Teach'}Marin{x=0, y=4, id=4, name='Edward Te
Position{x=140.13998583501348, y=12.136700636769172, orientation=0.17453292519943317}
Marin{x=1, y=0, id=0, name='Luffy Teach'}Marin{x=2, y=0, id=1, name='Luffy Teach'}Marin{x=5, y=2, id=2, name='Jack Pouce'}Marin{x=1, y=4, id=3, name='Luffy Teach'}Marin{x=2, y=4, id=4, name='Edward Te
Position{x=312.55951334336896, y=40.66355498174667, orientation=0.20860641385312959}
Marin{x=1, y=0, id=0, name='Luffy Teach'}Marin{x=2, y=0, id=1, name='Luffy Teach'}Marin{x=5, y=0, id=2, name='Jack Pouce'}Marin{x=1, y=4, id=3, name='Luffy Teach'}Marin{x=2, y=4, id=4, name='Edward Te
Position{x=499.16059495883104, y=72.1837924703308, orientation=0.21502321059203575}
Marin{x=1, y=0, id=0, name='Luffy Teach'}Marin{x=2, y=0, id=1, name='Luffy Teach'}Marin{x=5, y=0, id=2, name='Jack Pouce'}Marin{x=1, y=4, id=3, name='Luffy Teach'}Marin{x=2, y=4, id=4, name='Edward Te
Position{x=685.5126431081289, y=104.81468715474105, orientation=0.2238116772105919}
Marin{x=1, y=0, id=0, name='Luffy Teach'}Marin{x=2, y=0, id=1, name='Luffy Teach'}Marin{x=5, y=0, id=2, name='Jack Pouce'}Marin{x=1, y=4, id=3, name='Luffy Teach'}Marin{x=2, y=4, id=4, name='Edward Te
Position{x=857.5207273110046, y=138.91712230968088, orientation=0.23520637394143504}
Marin{x=1, y=0, id=0, name='Luffy Teach'}Marin{x=2, y=0, id=1, name='Luffy Teach'}Marin{x=5, y=0, id=2, name='Jack Pouce'}Marin{x=1, y=4, id=3, name='Luffy Teach'}Marin{x=2, y=4, id=4, name='Edward Te
Position{x=1003.1392808475807, y=174.61096561135082, orientation=0.24565689008024247}
Marin{x=1, y=0, id=0, name='Luffy Teach'}Marin{x=2, y=0, id=1, name='Luffy Teach'}Marin{x=5, y=0, id=2, name='Jack Pouce'}Marin{x=1, y=4, id=3, name='Luffy Teach'}Marin{x=2, y=4, id=4, name='Edward Te
Position{x=1148.5354361005636, y=211.1829361232513, orientation=0.24720099356777545}
Marin{x=1, y=0, id=0, name='Luffy Teach'}Marin{x=2, y=0, id=1, name='Luffy Teach'}Marin{x=5, y=0, id=2, name='Jack Pouce'}Marin{x=1, y=4, id=3, name='Luffy Teach'}Marin{x=2, y=4, id=4, name='Edward Te
Position{x=1293.8964374379548, y=247.89129131601234, orientation=0.24752348563576718}
Marin{x=1, y=0, id=0, name='Luffy Teach'}Marin{x=2, y=0, id=1, name='Luffy Teach'}Marin{x=5, y=0, id=2, name='Jack Pouce'}Marin{x=1, y=4, id=3, name='Luffy Teach'}Marin{x=2, y=4, id=4, name='Edward Te
Position{x=1439.2491952903376, y=284.63153883050427, orientation=0.24763833866999205}
Marin{x=1, y=0, id=0, name='Luffy Teach'}Marin{x=2, y=0, id=1, name='Luffy Teach'}Marin{x=5, y=0, id=2, name='Jack Pouce'}Marin{x=1, y=4, id=3, name='Luffy Teach'}Marin{x=2, y=4, id=4, name='Edward Te
Position{x=1581.4391792958784, y=320.59150998038746, orientation=0.24777710481697077}
Marin{x=1, y=0, id=0, name='Luffy Teach'}Marin{x=5, y=2, id=1, name='Luffy Teach'}Marin{x=5, y=0, id=2, name='Jack Pouce'}Marin{x=1, y=4, id=3, name='Luffy Teach'}Marin{x=2, y=4, id=4, name='Edward Te
Position{x=1620.7103487008458, y=269.1741195665358, orientation=-2.1084173853753767}
Marin{x=1, y=0, id=0, name='Luffy Teach'}Marin{x=5, y=0, id=1, name='Luffy Teach'}Marin{x=4, y=0, id=2, name='Jack Pouce'}Marin{x=2, y=0, id=3, name='Luffy Teach'}Marin{x=3, y=0, id=4, name='Edward Te
Position{x=1658.7592359893742, y=216.8457815506102, orientation=0.2477771048169708}
Marin{x=1, y=4, id=0, name='Luffy Teach'}Marin{x=5, y=4, id=1, name='Luffy Teach'}Marin{x=4, y=4, id=2, name='Jack Pouce'}Marin{x=2, y=4, id=3, name='Luffy Teach'}Marin{x=3, y=4, id=4, name='Edward Te
Position{x=1668.8563324303357, y=280.75213042821423, orientation=2.603971595009315}
Marin{x=1, y=4, id=0, name='Luffy Teach'}Marin{x=10, y=4, id=1, name='Luffy Teach'}Marin{x=4, y=4, id=2, name='Jack Pouce'}Marin{x=2, y=4, id=3, name='Luffy Teach'}Marin{x=3, y=4, id=4, name='Edward T
Position{x=1531.0319437269388, y=327.6035803038848, orientation=3.0280929306352418}
Marin{x=1, y=4, id=0, name='Luffy Teach'}Marin{x=10, y=4, id=1, name='Luffy Teach'}Marin{x=4, y=4, id=2, name='Jack Pouce'}Marin{x=2, y=4, id=3, name='Luffy Teach'}Marin{x=3, y=4, id=4, name='Edward T
Position{x=1419.26961042194, y=379.36583389565203, orientation=2.38194740597051}
Marin{x=1, y=4, id=0, name='Luffy Teach'}Marin{x=10, y=4, id=1, name='Luffy Teach'}Marin{x=5, y=2, id=2, name='Jack Pouce'}Marin{x=2, y=4, id=3, name='Luffy Teach'}Marin{x=3, y=4, id=4, name='Edward T
Position{x=1313.4289011888698, y=477.2960082571595, orientation=2.4083095244866977}
Marin{x=1, y=4, id=0, name='Luffy Teach'}Marin{x=10, y=4, id=1, name='Luffy Teach'}Marin{x=5, y=0, id=2, name='Jack Pouce'}Marin{x=2, y=4, id=3, name='Luffy Teach'}Marin{x=3, y=4, id=4, name='Edward T
Position{x=1201.7628080089444, y=572.3540904734504, orientation=2.464979775404365}
Marin{x=1, y=4, id=0, name='Luffy Teach'}Marin{x=10, y=4, id=1, name='Luffy Teach'}Marin{x=5, y=2, id=2, name='Jack Pouce'}Marin{x=2, y=4, id=3, name='Luffy Teach'}Marin{x=3, y=4, id=4, name='Edward T
Position{x=1149.6685912809025, y=640.899675983432, orientation=2.342047091406198}
Marin{x=1, y=4, id=0, name='Luffy Teach'}Marin{x=10, y=4, id=1, name='Luffy Teach'}Marin{x=5, y=0, id=2, name='Jack Pouce'}Marin{x=2, y=4, id=3, name='Luffy Teach'}Marin{x=3, y=4, id=4, name='Edward T
Position{x=1116.414784823727, y=705.8771535580495, orientation=2.3506749393212862}
Marin{x=1, y=4, id=0, name='Luffy Teach'}Marin{x=10, y=4, id=1, name='Luffy Teach'}Marin{x=5, y=0, id=2, name='Jack Pouce'}Marin{x=2, y=4, id=3, name='Luffy Teach'}Marin{x=3, y=4, id=4, name='Edward T
Position{x=1081.7123726876496, y=769.4118337269559, orientation=2.3700349087812507}
Marin{x=1, y=4, id=0, name='Luffy Teach'}Marin{x=10, y=4, id=1, name='Luffy Teach'}Marin{x=5, y=0, id=2, name='Jack Pouce'}Marin{x=2, y=4, id=3, name='Luffy Teach'}Marin{x=3, y=4, id=4, name='Edward T
Position{x=1001.9565920887414, y=855.5254116388153, orientation=2.389987207463597}
Marin{x=1, y=4, id=0, name='Luffy Teach'}Marin{x=10, y=4, id=1, name='Luffy Teach'}Marin{x=5, y=0, id=2, name='Jack Pouce'}Marin{x=2, y=4, id=3, name='Luffy Teach'}Marin{x=3, y=4, id=4, name='Edward T
Position{x=894.3643746438398, y=955.1993035266825, orientation=2.3988607030210902}
Marin{x=1, y=4, id=0, name='Luffy Teach'}Marin{x=10, y=4, id=1, name='Luffy Teach'}Marin{x=5, y=0, id=2, name='Jack Pouce'}Marin{x=2, y=4, id=3, name='Luffy Teach'}Marin{x=3, y=4, id=4, name='Edward T
Position{x=786.2862230620364, y=1054.3467849409676, orientation=2.399675843329809}
Marin{x=1, y=4, id=0, name='Luffy Teach'}Marin{x=10, y=4, id=1, name='Luffy Teach'}Marin{x=5, y=0, id=2, name='Jack Pouce'}Marin{x=2, y=4, id=3, name='Luffy Teach'}Marin{x=3, y=4, id=4, name='Edward T
Position{x=678.1627739825184, y=1153.4448719822576, orientation=2.3997673747176114}
Marin{x=1, y=4, id=0, name='Luffy Teach'}Marin{x=10, y=4, id=1, name='Luffy Teach'}Marin{x=5, y=0, id=2, name='Jack Pouce'}Marin{x=2, y=4, id=3, name='Luffy Teach'}Marin{x=3, y=4, id=4, name='Edward T
Position{x=570.0340960400987, y=1252.537253713762, orientation=2.3997805915140242}
Marin{x=1, y=4, id=0, name='Luffy Teach'}Marin{x=10, y=4, id=1, name='Luffy Teach'}Marin{x=5, y=0, id=2, name='Jack Pouce'}Marin{x=2, y=4, id=3, name='Luffy Teach'}Marin{x=3, y=4, id=4, name='Edward T
Position{x=461.904625614162, y=1351.6287706892576, orientation=2.3997832641732293}
Marin{x=1, y=4, id=0, name='Luffy Teach'}Marin{x=10, y=4, id=1, name='Luffy Teach'}Marin{x=5, y=0, id=2, name='Jack Pouce'}Marin{x=2, y=4, id=3, name='Luffy Teach'}Marin{x=3, y=4, id=4, name='Edward T
Position{x=353.7749772309945, y=1450.72009347608, orientation=2.3997841655797343}
Marin{x=1, y=4, id=0, name='Luffy Teach'}Marin{x=10, y=4, id=1, name='Luffy Teach'}Marin{x=5, y=0, id=2, name='Jack Pouce'}Marin{x=2, y=4, id=3, name='Luffy Teach'}Marin{x=3, y=4, id=4, name='Edward T
Position{x=376.4745009134943, y=1512.087844147129, orientation=0.04358967538738843}
Marin{x=1, y=0, id=0, name='Luffy Teach'}Marin{x=10, y=4, id=1, name='Luffy Teach'}Marin{x=5, y=2, id=2, name='Jack Pouce'}Marin{x=2, y=0, id=3, name='Luffy Teach'}Marin{x=3, y=0, id=4, name='Edward T
Position{x=442.5065765923724, y=1468.0086754397933, orientation=-1.2396017380032964}
Marin{x=1, y=0, id=0, name='Luffy Teach'}Marin{x=10, y=4, id=1, name='Luffy Teach'}Marin{x=5, y=0, id=2, name='Jack Pouce'}Marin{x=2, y=0, id=3, name='Luffy Teach'}Marin{x=3, y=0, id=4, name='Edward T
Position{x=445.43443271054963, y=1341.7081262535987, orientation=-1.863567479388043}
Marin{x=1, y=0, id=0, name='Luffy Teach'}Marin{x=10, y=4, id=1, name='Luffy Teach'}Marin{x=5, y=0, id=2, name='Jack Pouce'}Marin{x=2, y=0, id=3, name='Luffy Teach'}Marin{x=3, y=0, id=4, name='Edward T
Position{x=405.296104627188, y=1201.6078991857992, orientation=-1.8357970596640938}
Marin{x=1, y=0, id=0, name='Luffy Teach'}Marin{x=10, y=4, id=1, name='Luffy Teach'}Marin{x=5, y=0, id=2, name='Jack Pouce'}Marin{x=2, y=0, id=3, name='Luffy Teach'}Marin{x=3, y=0, id=4, name='Edward T
Position{x=367.04257214706445, y=1041.9338187793999, orientation=-1.7754861589082271}
Marin{x=1, y=0, id=0, name='Luffy Teach'}Marin{x=10, y=4, id=1, name='Luffy Teach'}Marin{x=5, y=0, id=2, name='Jack Pouce'}Marin{x=2, y=0, id=3, name='Luffy Teach'}Marin{x=3, y=0, id=4, name='Edward T
Position{x=333.2364483201876, y=888.39265114701, orientation=-1.9094924508139022}
Marin{x=1, y=0, id=0, name='Luffy Teach'}Marin{x=10, y=4, id=1, name='Luffy Teach'}Marin{x=5, y=0, id=2, name='Jack Pouce'}Marin{x=2, y=0, id=3, name='Luffy Teach'}Marin{x=3, y=0, id=4, name='Edward T
Position{x=292.8176359405719, y=726.1012479385788, orientation=-1.889329876157989}
Marin{x=1, y=0, id=0, name='Luffy Teach'}Marin{x=10, y=4, id=1, name='Luffy Teach'}Marin{x=5, y=0, id=2, name='Jack Pouce'}Marin{x=2, y=0, id=3, name='Luffy Teach'}Marin{x=3, y=0, id=4, name='Edward T
Position{x=246.47268125421706, y=568.7628035121654, orientation=-1.8245379655323612}
Marin{x=1, y=0, id=0, name='Luffy Teach'}Marin{x=10, y=4, id=1, name='Luffy Teach'}Marin{x=5, y=0, id=2, name='Jack Pouce'}Marin{x=2, y=0, id=3, name='Luffy Teach'}Marin{x=3, y=0, id=4, name='Edward T
Position{x=196.3041123019171, y=422.54114555994715, orientation=-1.9797171814324532}
Marin{x=1, y=0, id=0, name='Luffy Teach'}Marin{x=10, y=4, id=1, name='Luffy Teach'}Marin{x=5, y=0, id=2, name='Jack Pouce'}Marin{x=2, y=0, id=3, name='Luffy Teach'}Marin{x=3, y=0, id=4, name='Edward T
Position{x=133.15208878596766, y=271.5138279849597, orientation=-1.9537258528633228}
Marin{x=1, y=0, id=0, name='Luffy Teach'}Marin{x=10, y=4, id=1, name='Luffy Teach'}Marin{x=5, y=0, id=2, name='Jack Pouce'}Marin{x=2, y=0, id=3, name='Luffy Teach'}Marin{x=3, y=0, id=4, name='Edward T
Position{x=77.47387060205666, y=117.44390440277736, orientation=-1.880712152346612}
Marin{x=1, y=0, id=0, name='Luffy Teach'}Marin{x=10, y=4, id=1, name='Luffy Teach'}Marin{x=5, y=0, id=2, name='Jack Pouce'}Marin{x=2, y=0, id=3, name='Luffy Teach'}Marin{x=3, y=0, id=4, name='Edward T
Position{x=14.514804965812885, y=-14.51742469817632, orientation=-2.1539373544429288}
Marin{x=1, y=0, id=0, name='Luffy Teach'}Marin{x=10, y=4, id=1, name='Luffy Teach'}Marin{x=5, y=2, id=2, name='Jack Pouce'}Marin{x=2, y=0, id=3, name='Luffy Teach'}Marin{x=3, y=0, id=4, name='Edward T
