Round 0: [3657.187139561704, -785.7554786620523, 4.729842272904633]
Round 1: [3657.187139561704, -785.7554786620523, 4.729842272904633]
Round 2: [3643.35720217238, -916.6895255230435, 4.4819870988367425]
Round 3: [3605.676349566435, -1077.3293504323349, 4.4819870988367425]
Round 4: [3567.99549696049, -1237.969175341634, 4.4819870988367425]
Round 5: [3548.746978130472, -1368.3986319733892, 4.6514446179829525]
Round 6: [3599.4720342523065, -1508.0213947508678, 5.436842781380441]
Round 7: [3765.212562094626, -1588.0412392794074, 6.222240944777929]
Round 8: [3960.858724319752, -1574.649011812689, 0.20050562961068158]
Round 9: [4184.974782638938, -1529.1004493929809, 0.20050562961068158]
Round 10: [4409.0908409581525, -1483.5518869732728, 0.20050562961068158]
Round 11: [4633.206899277367, -1438.0033245535647, 0.20050562961068158]
Round 12: [4857.322957596581, -1392.4547621338565, 0.20050562961068158]
Round 13: [5081.439015915795, -1346.9061997141484, 0.20050562961068158]
Round 14: [5305.555074235009, -1301.3576372944403, 0.20050562961068158]
Round 15: [5529.671132554223, -1255.8090748747322, 0.20050562961068158]
Round 16: [5753.787190873437, -1210.2605124550241, 0.20050562961068158]
Round 17: [5977.903249192651, -1164.711950035316, 0.20050562961068158]
Round 18: [6202.019307511865, -1119.163387615608, 0.20050562961068158]
Round 19: [6426.135365831079, -1073.6148251958998, 0.20050562961068158]
Round 20: [6650.251424150293, -1028.0662627761917, 0.20050562961068158]
Round 21: [6874.367482469507, -982.5177003564836, 0.20050562961068158]
Round 22: [7003.722994399096, -956.2279393565536, 0.20050562961068158]
Round 23: [7131.383154250824, -922.9237446502495, 0.3109866139195078]
