$INIT$$N_RND$$N_RND$$N_RND$$N_RND$$N_RND$$Validated:CP: {P(3556.2644175317155|-1430.219146482121|0.0),C100.0}[Sommet(x: 3554,985563,y: -1422,885889,distance: 0), Sommet(x: 1390,405133,y: -922,885889,d
istance: 2767), Sommet(x: 1090,405133,y: -622,885889,distance: 3313), Sommet(x: -409,594867,y: 2077,114111,distance: 7523), Sommet(x: -409,594867,y: 2377,114111,distance: 7893), Sommet(x: 1090,405133,
y: 5677,114111,distance: 11583), Sommet(x: 2290,405133,y: 6279,555940,distance: 12811)]Point2D(x: 1390,405133, y: -922,885889)$N_RND$[Sommet(x: 3515,410528,y: -1535,194320,distance: 0), Sommet(x: 1390
,405133,y: -735,194320,distance: 2836), Sommet(x: 1090,405133,y: -735,194320,distance: 3238), Sommet(x: -409,594867,y: 2264,805680,distance: 7818), Sommet(x: -409,594867,y: 2564,805680,distance: 8188)
, Sommet(x: 1090,405133,y: 5564,805680,distance: 11578), Sommet(x: 1390,405133,y: 5864,805680,distance: 11956), Sommet(x: 2290,405133,y: 6279,555940,distance: 12829)]Point2D(x: 1390,405133, y: -735,19
4320)$N_RND$[Sommet(x: 3374,267037,y: -1554,983809,distance: 0), Sommet(x: 1390,405133,y: -754,983809,distance: 2715), Sommet(x: 1090,405133,y: -754,983809,distance: 3117), Sommet(x: -409,594867,y: 22
45,016191,distance: 7697), Sommet(x: -409,594867,y: 2545,016191,distance: 8067), Sommet(x: 1090,405133,y: 5545,016191,distance: 11457), Sommet(x: 1390,405133,y: 5845,016191,distance: 11835), Sommet(x:
 2290,405133,y: 6279,555940,distance: 12717)]Point2D(x: 1390,405133, y: -754,983809)$N_RND$[Sommet(x: 3220,530182,y: -1495,077605,distance: 0), Sommet(x: 1390,405133,y: -695,077605,distance: 2476), So
mmet(x: 1090,405133,y: -695,077605,distance: 2878), Sommet(x: -409,594867,y: 2304,922395,distance: 7458), Sommet(x: -409,594867,y: 2604,922395,distance: 7828), Sommet(x: 1090,405133,y: 5604,922395,dis
tance: 11218), Sommet(x: 2290,405133,y: 6279,555940,distance: 12455)]Point2D(x: 1390,405133, y: -695,077605)$N_RND$[Sommet(x: 3068,404014,y: -1431,196867,distance: 0), Sommet(x: 1390,405133,y: -931,19
6867,distance: 2240), Sommet(x: 1090,405133,y: -631,196867,distance: 2786), Sommet(x: -409,594867,y: 2368,803133,distance: 7366), Sommet(x: -409,594867,y: 2668,803133,distance: 7736), Sommet(x: 1090,4
05133,y: 5668,803133,distance: 11126), Sommet(x: 2290,405133,y: 6279,555940,distance: 12362)]Point2D(x: 1390,405133, y: -931,196867)$N_RND$[Sommet(x: 2913,587142,y: -1374,427948,distance: 0), Sommet(x
: 1390,405133,y: -874,427948,distance: 2000), Sommet(x: 1090,405133,y: -574,427948,distance: 2546), Sommet(x: -109,594867,y: 1525,572052,distance: 5840), Sommet(x: -409,594867,y: 2125,572052,distance:
 6756), Sommet(x: -409,594867,y: 2425,572052,distance: 7126), Sommet(x: 1090,405133,y: 5725,572052,distance: 10816), Sommet(x: 2290,405133,y: 6279,555940,distance: 12007)]Point2D(x: 1390,405133, y: -8
74,427948)$N_RND$[Sommet(x: 2756,120892,y: -1325,156713,distance: 0), Sommet(x: 1390,405133,y: -825,156713,distance: 1866), Sommet(x: 1090,405133,y: -825,156713,distance: 2268), Sommet(x: -409,594867,
y: 2174,843287,distance: 6848), Sommet(x: -409,594867,y: 2474,843287,distance: 7218), Sommet(x: 1090,405133,y: 5774,843287,distance: 10908), Sommet(x: 2290,405133,y: 6279,555940,distance: 12065)]Point
2D(x: 1390,405133, y: -825,156713)$N_RND$[Sommet(x: 2600,240823,y: -1271,084387,distance: 0), Sommet(x: 1390,405133,y: -771,084387,distance: 1623), Sommet(x: 1090,405133,y: -771,084387,distance: 2025)
, Sommet(x: 790,405133,y: -171,084387,distance: 2941), Sommet(x: -409,594867,y: 2228,915613,distance: 6605), Sommet(x: -409,594867,y: 2528,915613,distance: 6975), Sommet(x: 1090,405133,y: 5828,915613,
distance: 10665), Sommet(x: 2290,405133,y: 6279,555940,distance: 11790)]Point2D(x: 1390,405133, y: -771,084387)$N_RND$[Sommet(x: 2446,490593,y: -1211,234047,distance: 0), Sommet(x: 1390,405133,y: -711
,234047,distance: 1493), Sommet(x: 1090,405133,y: -711,234047,distance: 1895), Sommet(x: -409,594867,y: 2288,765953,distance: 6475), Sommet(x: -409,594867,y: 2588,765953,distance: 6845), Sommet(x: 109
0,405133,y: 5588,765953,distance: 10235), Sommet(x: 2290,405133,y: 6279,555940,distance: 11477)]Point2D(x: 1390,405133, y: -711,234047)$N_RND$[Sommet(x: 2295,631569,y: -1144,444673,distance: 0), Somme
t(x: 1390,405133,y: -644,444673,distance: 1254), Sommet(x: 1090,405133,y: -644,444673,distance: 1656), Sommet(x: -409,594867,y: 2355,555327,distance: 6236), Sommet(x: -409,594867,y: 2655,555327,distan
ce: 6606), Sommet(x: 1090,405133,y: 5655,555327,distance: 9996), Sommet(x: 2290,405133,y: 6279,555940,distance: 11246)]Point2D(x: 1390,405133, y: -644,444673)$N_RND$[Sommet(x: 2148,779016,y: -1069,275
013,distance: 0), Sommet(x: 1548,779016,y: -869,275013,distance: 779), Sommet(x: 1248,779016,y: -869,275013,distance: 1181), Sommet(x: 48,779016,y: 1230,724987,distance: 4475), Sommet(x: -551,220984,y
: 2130,724987,distance: 5937), Sommet(x: -251,220984,y: 2430,724987,distance: 6338), Sommet(x: 948,779016,y: 5430,724987,distance: 9650), Sommet(x: 1248,779016,y: 5730,724987,distance: 10028), Sommet(
x: 2290,405133,y: 6279,555940,distance: 11130)]Point2D(x: 1548,779016, y: -869,275013)$N_RND$[Sommet(x: 1997,936216,y: -1002,975301,distance: 0), Sommet(x: 1397,936216,y: -802,975301,distance: 779), S
ommet(x: 1097,936216,y: -802,975301,distance: 1181), Sommet(x: -402,063784,y: 2197,024699,distance: 5761), Sommet(x: -402,063784,y: 2497,024699,distance: 6131), Sommet(x: 1097,936216,y: 5797,024699,di
stance: 9821), Sommet(x: 2290,405133,y: 6279,555940,distance: 10958)]Point2D(x: 1397,936216, y: -802,975301)$N_RND$[Sommet(x: 1841,403472,y: -950,797720,distance: 0), Sommet(x: 1541,403472,y: -750,797
720,distance: 414), Sommet(x: 1241,403472,y: -750,797720,distance: 816), Sommet(x: -558,596528,y: 2249,202280,distance: 5572), Sommet(x: -258,596528,y: 2549,202280,distance: 5973), Sommet(x: 1241,4034
72,y: 5849,202280,distance: 9663), Sommet(x: 2290,405133,y: 6279,555940,distance: 10660)]Point2D(x: 1541,403472, y: -750,797720)$N_RND$[Sommet(x: 1693,522743,y: -878,715450,distance: 0), Sommet(x: 139
3,522743,y: -678,715450,distance: 414), Sommet(x: 1093,522743,y: -678,715450,distance: 816), Sommet(x: -406,477257,y: 2321,284550,distance: 5396), Sommet(x: -406,477257,y: 2621,284550,distance: 5766),
 Sommet(x: 1093,522743,y: 5621,284550,distance: 9156), Sommet(x: 2290,405133,y: 6279,555940,distance: 10385)]Point2D(x: 1393,522743, y: -678,715450)$N_RND$[Sommet(x: 1556,234444,y: -787,189918,distanc
e: 0), Sommet(x: 1256,234444,y: -887,189918,distance: 391), Sommet(x: 56,234444,y: 1212,810082,distance: 3685), Sommet(x: -543,765556,y: 2112,810082,distance: 5147), Sommet(x: -243,765556,y: 2412,8100
82,distance: 5548), Sommet(x: 956,234444,y: 5412,810082,distance: 8860), Sommet(x: 1556,234444,y: 6012,810082,distance: 9616), Sommet(x: 2290,405133,y: 6279,555940,distance: 10304)]Point2D(x: 1256,234
444, y: -887,189918)$N_RND$[Sommet(x: 1477,303922,y: -776,253993,distance: 0), Sommet(x: 1177,303922,y: -876,253993,distance: 391), Sommet(x: -322,696078,y: 2123,746007,distance: 4971), Sommet(x: -322
,696078,y: 2423,746007,distance: 5341), Sommet(x: 1177,303922,y: 5723,746007,distance: 9031), Sommet(x: 2290,405133,y: 6279,555940,distance: 10169)]Point2D(x: 1177,303922, y: -876,253993)$N_RND$[Somme
t(x: 1320,771177,y: -828,431574,distance: 0), Sommet(x: 1020,771177,y: -628,431574,distance: 485), Sommet(x: -479,228823,y: 2371,568426,distance: 5065), Sommet(x: -179,228823,y: 2671,568426,distance: 
5466), Sommet(x: 1020,771177,y: 5671,568426,distance: 8778), Sommet(x: 2290,405133,y: 6279,555940,distance: 10009)]Point2D(x: 1020,771177, y: -628,431574)$N_RND$[Sommet(x: 1210,447103,y: -870,080674,d
istance: 0), Sommet(x: -589,552897,y: 2029,919326,distance: 4656), Sommet(x: -289,552897,y: 2329,919326,distance: 5057), Sommet(x: 1210,447103,y: 5929,919326,distance: 9046), Sommet(x: 2290,405133,y: 
6279,555940,distance: 10018)]Point2D(x: -589,552897, y: 2029,919326)both inside stream Point2D(x: -589,552897, y: 2029,919326)$N_RND$[Sommet(x: 1133,863870,y: -823,306281,distance: 0), Sommet(x: 233,8
63870,y: 876,693719,distance: 2648), Sommet(x: -366,136130,y: 2076,693719,distance: 4480), Sommet(x: -366,136130,y: 2376,693719,distance: 4850), Sommet(x: 1133,863870,y: 5676,693719,distance: 8540), S
ommet(x: 2290,405133,y: 6279,555940,distance: 9742)]Point2D(x: 233,863870, y: 876,693719)both inside stream Point2D(x: 233,863870, y: 876,693719)$N_RND$[Sommet(x: 1089,232148,y: -750,906350,distance: 
0), Sommet(x: 189,232148,y: 949,093650,distance: 2648), Sommet(x: -410,767852,y: 2149,093650,distance: 4480), Sommet(x: -410,767852,y: 2449,093650,distance: 4850), Sommet(x: 1089,232148,y: 5749,093650
,distance: 8540), Sommet(x: 2290,405133,y: 6279,555940,distance: 9715)]Point2D(x: 189,232148, y: 949,093650)both inside stream Point2D(x: 189,232148, y: 949,093650)$N_RND$[Sommet(x: 1049,588399,y: -67
5,717151,distance: 0), Sommet(x: 149,588399,y: 1024,282849,distance: 2648), Sommet(x: -450,411601,y: 2224,282849,distance: 4480), Sommet(x: -450,411601,y: 2524,282849,distance: 4850), Sommet(x: 1049,5
88399,y: 5524,282849,distance: 8240), Sommet(x: 1349,588399,y: 5824,282849,distance: 8618), Sommet(x: 2290,405133,y: 6279,555940,distance: 9546)]Point2D(x: 149,588399, y: 1024,282849)both inside strea
m Point2D(x: 149,588399, y: 1024,282849)$N_RND$[Sommet(x: 1009,944651,y: -600,527952,distance: 0), Sommet(x: 109,944651,y: 1099,472048,distance: 2648), Sommet(x: -490,055349,y: 2299,472048,distance: 4
480), Sommet(x: -190,055349,y: 2599,472048,distance: 4881), Sommet(x: 1309,944651,y: 5899,472048,distance: 8571), Sommet(x: 2290,405133,y: 6279,555940,distance: 9509)]Point2D(x: 109,944651, y: 1099,47
2048)both inside stream Point2D(x: 109,944651, y: 1099,472048)$N_RND$[Sommet(x: 970,300902,y: -525,338753,distance: 0), Sommet(x: 70,300902,y: 1174,661247,distance: 2648), Sommet(x: -529,699098,y: 237
4,661247,distance: 4480), Sommet(x: -229,699098,y: 2674,661247,distance: 4881), Sommet(x: 970,300902,y: 5674,661247,distance: 8193), Sommet(x: 2290,405133,y: 6279,555940,distance: 9474)]Point2D(x: 70,
300902, y: 1174,661247)both inside stream Point2D(x: 70,300902, y: 1174,661247)$N_RND$[Sommet(x: 930,657153,y: -450,149555,distance: 0), Sommet(x: 30,657153,y: 1249,850445,distance: 2648), Sommet(x: -
569,342847,y: 2149,850445,distance: 4110), Sommet(x: -269,342847,y: 2449,850445,distance: 4511), Sommet(x: 1230,657153,y: 5749,850445,distance: 8201), Sommet(x: 2290,405133,y: 6279,555940,distance: 92
91)]Point2D(x: 30,657153, y: 1249,850445)both inside stream Point2D(x: 30,657153, y: 1249,850445)$N_RND$[Sommet(x: 891,013404,y: -374,960356,distance: 0), Sommet(x: -8,986596,y: 1325,039644,distance: 
2648), Sommet(x: -608,986596,y: 2225,039644,distance: 4110), Sommet(x: -308,986596,y: 2525,039644,distance: 4511), Sommet(x: 1191,013404,y: 5825,039644,distance: 8201), Sommet(x: 2290,405133,y: 6279,5
55940,distance: 9249)]Point2D(x: -8,986596, y: 1325,039644)both inside stream Point2D(x: -8,986596, y: 1325,039644)$N_RND$[Sommet(x: 851,369655,y: -299,771157,distance: 0), Sommet(x: -48,630345,y: 140
0,228843,distance: 2648), Sommet(x: -348,630345,y: 2000,228843,distance: 3564), Sommet(x: -348,630345,y: 2300,228843,distance: 3934), Sommet(x: 1151,369655,y: 5600,228843,distance: 7624), Sommet(x: 14
51,369655,y: 5900,228843,distance: 8002), Sommet(x: 2290,405133,y: 6279,555940,distance: 8805)]Point2D(x: -48,630345, y: 1400,228843)both inside stream Point2D(x: -48,630345, y: 1400,228843)$N_RND$[So
mmet(x: 811,725906,y: -224,581958,distance: 0), Sommet(x: -88,274094,y: 1475,418042,distance: 2648), Sommet(x: -388,274094,y: 2075,418042,distance: 3564), Sommet(x: -388,274094,y: 2375,418042,distance
: 3934), Sommet(x: 1111,725906,y: 5675,418042,distance: 7624), Sommet(x: 2290,405133,y: 6279,555940,distance: 8840)]Point2D(x: -88,274094, y: 1475,418042)both inside stream Point2D(x: -88,274094, y: 1
475,418042)$N_RND$[Sommet(x: 772,082157,y: -149,392760,distance: 0), Sommet(x: -127,917843,y: 1550,607240,distance: 2648), Sommet(x: -427,917843,y: 2150,607240,distance: 3564), Sommet(x: -427,917843,y
: 2450,607240,distance: 3934), Sommet(x: 1072,082157,y: 5750,607240,distance: 7624), Sommet(x: 2290,405133,y: 6279,555940,distance: 8811)]Point2D(x: -127,917843, y: 1550,607240)both inside stream Poin
t2D(x: -127,917843, y: 1550,607240)$N_RND$[Sommet(x: 732,438409,y: -74,203561,distance: 0), Sommet(x: -167,561591,y: 1625,796439,distance: 2648), Sommet(x: -467,561591,y: 2225,796439,distance: 3564), 
Sommet(x: -467,561591,y: 2525,796439,distance: 3934), Sommet(x: 1032,438409,y: 5525,796439,distance: 7324), Sommet(x: 1332,438409,y: 5825,796439,distance: 7702), Sommet(x: 2290,405133,y: 6279,555940,d
istance: 8644)]Point2D(x: -167,561591, y: 1625,796439)both inside stream Point2D(x: -167,561591, y: 1625,796439)$N_RND$[Sommet(x: 692,794660,y: 0,985638,distance: 0), Sommet(x: -207,205340,y: 1700,985
638,distance: 2648), Sommet(x: -507,205340,y: 2300,985638,distance: 3564), Sommet(x: -207,205340,y: 2600,985638,distance: 3965), Sommet(x: 1292,794660,y: 5900,985638,distance: 7655), Sommet(x: 2290,40
5133,y: 6279,555940,distance: 8609)]Point2D(x: -207,205340, y: 1700,985638)both inside stream Point2D(x: -207,205340, y: 1700,985638)$N_RND$[Sommet(x: 653,150911,y: 76,174837,distance: 0), Sommet(x: -
546,849089,y: 2076,174837,distance: 3194), Sommet(x: -246,849089,y: 2376,174837,distance: 3595), Sommet(x: 953,150911,y: 5676,174837,distance: 7207), Sommet(x: 2290,405133,y: 6279,555940,distance: 850
5)]Point2D(x: -546,849089, y: 2076,174837)both inside stream Point2D(x: -546,849089, y: 2076,174837)$N_RND$[Sommet(x: 609,681101,y: 149,250689,distance: 0), Sommet(x: -590,318899,y: 2149,250689,distan
ce: 3194), Sommet(x: -290,318899,y: 2449,250689,distance: 3595), Sommet(x: 1209,681101,y: 5749,250689,distance: 7285), Sommet(x: 2290,405133,y: 6279,555940,distance: 8385)]Point2D(x: -590,318899, y: 2
149,250689)both inside stream Point2D(x: -590,318899, y: 2149,250689)$N_RND$[Sommet(x: 562,347027,y: 220,101215,distance: 0), Sommet(x: -337,652973,y: 2220,101215,distance: 3018), Sommet(x: -337,65297
3,y: 2520,101215,distance: 3388), Sommet(x: 1162,347027,y: 5820,101215,distance: 7078), Sommet(x: 2290,405133,y: 6279,555940,distance: 8151)]Point2D(x: -337,652973, y: 2220,101215)both inside stream P
oint2D(x: -337,652973, y: 2220,101215)$N_RND$[Sommet(x: 523,429861,y: 295,565547,distance: 0), Sommet(x: -376,570139,y: 2295,565547,distance: 3018), Sommet(x: -376,570139,y: 2595,565547,distance: 3388
), Sommet(x: 1123,429861,y: 5595,565547,distance: 6778), Sommet(x: 2290,405133,y: 6279,555940,distance: 7986)]Point2D(x: -376,570139, y: 2295,565547)both inside stream Point2D(x: -376,570139, y: 2295,
565547)$N_RND$[Sommet(x: 493,277414,y: 375,396788,distance: 0), Sommet(x: -406,722586,y: 2075,396788,distance: 2648), Sommet(x: -406,722586,y: 2375,396788,distance: 3018), Sommet(x: 1093,277414,y: 567
5,396788,distance: 6708), Sommet(x: 2290,405133,y: 6279,555940,distance: 7975)]Point2D(x: -406,722586, y: 2075,396788)both inside stream Point2D(x: -406,722586, y: 2075,396788)$N_RND$[Sommet(x: 458,40
1999,y: 452,980872,distance: 0), Sommet(x: -441,598001,y: 2152,980872,distance: 2648), Sommet(x: -441,598001,y: 2452,980872,distance: 3018), Sommet(x: 1058,401999,y: 5752,980872,distance: 6708), Somme
t(x: 2290,405133,y: 6279,555940,distance: 7904)]Point2D(x: -441,598001, y: 2152,980872)both inside stream Point2D(x: -441,598001, y: 2152,980872)$N_RND$[Sommet(x: 418,758250,y: 528,170071,distance: 0)
, Sommet(x: -481,241750,y: 2228,170071,distance: 2648), Sommet(x: -181,241750,y: 2528,170071,distance: 3049), Sommet(x: 1018,758250,y: 5528,170071,distance: 6360), Sommet(x: 1318,758250,y: 5828,170071
,distance: 6738), Sommet(x: 2290,405133,y: 6279,555940,distance: 7692)]Point2D(x: -481,241750, y: 2228,170071)both inside stream Point2D(x: -481,241750, y: 2228,170071)$N_RND$[Sommet(x: 379,114501,y: 
603,359270,distance: 0), Sommet(x: -420,885499,y: 2203,359270,distance: 2700), Sommet(x: -420,885499,y: 2403,359270,distance: 2970), Sommet(x: 1179,114501,y: 5803,359270,distance: 6658), Sommet(x: 229
0,405133,y: 6279,555940,distance: 7616)]Point2D(x: -420,885499, y: 2203,359270)both inside stream Point2D(x: -420,885499, y: 2203,359270)$N_RND$[Sommet(x: 341,155910,y: 679,424041,distance: 0), Sommet
(x: -458,844090,y: 2279,424041,distance: 2700), Sommet(x: -258,844090,y: 2479,424041,distance: 2960), Sommet(x: 1141,155910,y: 5679,424041,distance: 6412), Sommet(x: 2290,405133,y: 6279,555940,distanc
e: 7499)]Point2D(x: -458,844090, y: 2279,424041)both inside stream Point2D(x: -458,844090, y: 2279,424041)$N_RND$[Sommet(x: 304,923392,y: 756,368720,distance: 0), Sommet(x: -495,076608,y: 2156,368720,
distance: 2430), Sommet(x: -295,076608,y: 2356,368720,distance: 2690), Sommet(x: 1104,923392,y: 5556,368720,distance: 6142), Sommet(x: 1304,923392,y: 5756,368720,distance: 6378), Sommet(x: 2290,405133
,y: 6279,555940,distance: 7288)]Point2D(x: -495,076608, y: 2156,368720)both inside stream Point2D(x: -495,076608, y: 2156,368720)$N_RND$[Sommet(x: 264,674916,y: 831,212150,distance: 0), Sommet(x: -335
,325084,y: 2231,212150,distance: 2295), Sommet(x: -335,325084,y: 2431,212150,distance: 2565), Sommet(x: 1064,674916,y: 5631,212150,distance: 6017), Sommet(x: 2290,405133,y: 6279,555940,distance: 7162)
]Point2D(x: -335,325084, y: 2231,212150)both inside stream Point2D(x: -335,325084, y: 2231,212150)$N_RND$[Sommet(x: 228,638529,y: 908,154478,distance: 0), Sommet(x: -371,361471,y: 2108,154478,distance
: 2025), Sommet(x: -371,361471,y: 2308,154478,distance: 2295), Sommet(x: 1228,638529,y: 5708,154478,distance: 5983), Sommet(x: 2290,405133,y: 6279,555940,distance: 6970)]Point2D(x: -371,361471, y: 210
8,154478)both inside stream Point2D(x: -371,361471, y: 2108,154478)$N_RND$[Sommet(x: 196,826790,y: 987,201825,distance: 0), Sommet(x: -203,173210,y: 1787,201825,distance: 1350), Sommet(x: -403,173210,
y: 2187,201825,distance: 2025), Sommet(x: -403,173210,y: 2387,201825,distance: 2295), Sommet(x: 1196,826790,y: 5787,201825,distance: 5983), Sommet(x: 2290,405133,y: 6279,555940,distance: 6945)]Point2D
(x: -203,173210, y: 1787,201825)both inside stream Point2D(x: -203,173210, y: 1787,201825)$N_RND$[Sommet(x: 160,594272,y: 1064,146505,distance: 0), Sommet(x: -239,405728,y: 1864,146505,distance: 1350)
, Sommet(x: -439,405728,y: 2264,146505,distance: 2025), Sommet(x: -239,405728,y: 2464,146505,distance: 2285), Sommet(x: 1160,594272,y: 5664,146505,distance: 5737), Sommet(x: 2290,405133,y: 6279,555940
,distance: 6781)]Point2D(x: -239,405728, y: 1864,146505)both inside stream Point2D(x: -239,405728, y: 1864,146505)$N_RND$[Sommet(x: 124,361753,y: 1141,091184,distance: 0), Sommet(x: -475,638247,y: 214
1,091184,distance: 1755), Sommet(x: -275,638247,y: 2341,091184,distance: 2015), Sommet(x: 1124,361753,y: 5741,091184,distance: 5667), Sommet(x: 2290,405133,y: 6279,555940,distance: 6710)]Point2D(x: -4
75,638247, y: 2141,091184)both inside stream Point2D(x: -475,638247, y: 2141,091184)$N_RND$[Sommet(x: 82,594977,y: 1215,090280,distance: 0), Sommet(x: -317,405023,y: 2015,090280,distance: 1350), Somme
t(x: -317,405023,y: 2215,090280,distance: 1620), Sommet(x: 1082,594977,y: 5615,090280,distance: 5272), Sommet(x: 2290,405133,y: 6279,555940,distance: 6405)]Point2D(x: -317,405023, y: 2015,090280)both 
inside stream Point2D(x: -317,405023, y: 2015,090280)$N_RND$[Sommet(x: 40,717184,y: 1289,028436,distance: 0), Sommet(x: -359,282816,y: 2089,028436,distance: 1350), Sommet(x: -359,282816,y: 2289,028436
,distance: 1620), Sommet(x: 1040,717184,y: 5489,028436,distance: 5072), Sommet(x: 1240,717184,y: 5689,028436,distance: 5308), Sommet(x: 2290,405133,y: 6279,555940,distance: 6286)]Point2D(x: -359,28281
6, y: 2089,028436)both inside stream Point2D(x: -359,282816, y: 2089,028436)$N_RND$[Sommet(x: 4,484666,y: 1365,973115,distance: 0), Sommet(x: -395,515334,y: 2165,973115,distance: 1350), Sommet(x: -395
,515334,y: 2365,973115,distance: 1620), Sommet(x: 1204,484666,y: 5765,973115,distance: 5308), Sommet(x: 2290,405133,y: 6279,555940,distance: 6288)]Point2D(x: -395,515334, y: 2165,973115)both inside st
