Round 1: Position [0.0, 0.0, 0.0]
Round 2: Position [0.0, 0.0, 0.0]
Round 3: Position [52.93255129340979, 52.10755129340978, 1.5707963267948943]
Round 4: Position [0.8250000000003491, 105.04010258682, 3.141592653589782]
Round 5: Position [-52.107551293409095, 157.14765388023025, 1.5707963267948943]
Round 6: Position [-104.21510258681849, 210.0802051736403, 3.141592653589782]
Round 7: Position [-157.147653880228, 262.18775646705035, 1.5707963267948943]
Round 8: Position [-209.25520517363753, 315.12030776046043, 3.141592653589782]
Round 9: Position [-262.18775646704694, 367.22785905387053, 1.5707963267948943]
Round 10: Position [-210.08020517363715, 420.1604103472801, -2.7755575615628914E-17]
Round 11: Position [-157.14765388022732, 472.2679616406897, 1.5707963267948943]
Round 12: Position [-209.25520517363685, 525.2005129340996, 3.141592653589782]
Round 13: Position [-262.18775646704626, 577.3080642275097, 1.5707963267948943]
Round 14: Position [-210.08020517363647, 630.2406155209196, -2.7755575615628914E-17]
Round 15: Position [-157.14765388022664, 682.3481668143295, 1.5707963267948943]
Round 16: Position [-209.25520517363617, 735.2807181077396, 3.141592653589782]
Round 17: Position [-262.1877564670456, 787.3882694011497, 1.5707963267948943]
Round 18: Position [-210.0802051736358, 840.3208206945596, -2.7755575615628914E-17]
Round 19: Position [-183.80127805221375, 847.2885519667828, 0.5235987755982993]
Round 20: Position [-164.52692521697386, 866.4622478159816, 1.0471975511965979]
Round 21: Position [-157.42169394475093, 892.7043319234444, 1.5707963267948863]
Round 22: Position [-164.38942521697328, 918.9832590448665, 2.094395102393179]
Round 23: Position [-171.49465648919562, 945.2253431523293, 1.5707963267948863]
Round 24: Position [-119.38710519578555, 998.1578944457389, -8.021361352916756E-15]
Round 25: Position [-66.45455390237532, 1050.265445739149, 1.5707963267948863]
Round 26: Position [-14.34700260896511, 1103.1979970325594, -8.021361352916756E-15]
Round 27: Position [38.58554868444425, 1051.0904457391482, -1.5707963267949023]
Round 28: Position [90.69309997785355, 998.1578944457373, -7.965850201685498E-15]
Round 29: Position [143.6256512712637, 1050.2654457391475, 1.5707963267948863]
Round 30: Position [195.7332025646738, 1103.1979970325579, -8.021361352916756E-15]
Round 31: Position [248.66575385808312, 1051.0904457391466, -1.5707963267949023]
Round 32: Position [300.7733051514922, 998.1578944457357, -7.965850201685498E-15]
Round 33: Position [353.7058564449023, 1050.265445739146, 1.5707963267948863]
Round 34: Position [360.67358771712514, 1076.5443728605685, 1.0471975511965979]
Round 35: Position [379.8472835663244, 1095.8187256958088, 0.5235987755982993]
Round 36: Position [406.08936767378697, 1102.9239569680312, -8.153200337090993E-17]
