[INFO]========================================================================================= Init game input ========================================================================================
{"goal":{"mode":"REGATTA","checkpoints":[{"position":{"x":1600.0,"y":350.0,"orientation":0.0},"shape":{"type":"circle","radius":50.0}},{"position":{"x":345.0,"y":1550.0,"orientation":0.0},"shape":{"ty
[INFO]========================================================================================= Init game input ========================================================================================
[INFO]======================================================================================== Next round input  =======================================================================================
{"ship":{"type":"ship","position":{"x":0.0,"y":0.0,"orientation":0.0},"name":"Drakkar","deck":{"width":5,"length":11},"entities":[{"x":1,"y":0,"type":"oar"},{"x":2,"y":0,"type":"oar"},{"x":3,"y":0,"ty
[INFO]======================================================================================== Next round input  =======================================================================================
[1581967476029][INFO] : STEP COUNT => 1
[1581967476043][INFO] : Actual target => Position= [{1600.0,350.0}[0.0(0.0)]] Forme Radian 50.0
[INFO]=========================================================================================== Action list  =========================================================================================
[ {
  "sailorId" : 0,
  "type" : "MOVING",
  "xdistance" : 1,
  "ydistance" : 0
}, {
  "sailorId" : 0,
  "type" : "OAR"
}, {
  "sailorId" : 1,
  "type" : "MOVING",
  "xdistance" : 2,
  "ydistance" : -1
}, {
  "sailorId" : 1,
  "type" : "OAR"
}, {
  "sailorId" : 2,
  "type" : "MOVING",
  "xdistance" : 3,
  "ydistance" : -2
}, {
  "sailorId" : 2,
  "type" : "OAR"
}, {
  "sailorId" : 5,
  "type" : "MOVING",
  "xdistance" : 3,
  "ydistance" : 0
}, {
  "sailorId" : 5,
  "type" : "OAR"
}, {
  "sailorId" : 3,
  "type" : "MOVING",
  "xdistance" : 1,
  "ydistance" : 1
}, {
  "sailorId" : 3,
  "type" : "OAR"
}, {
  "sailorId" : 4,
  "type" : "MOVING",
  "xdistance" : 2,
  "ydistance" : 0
}, {
  "sailorId" : 4,
  "type" : "OAR"
}, {
  "sailorId" : 6,
  "type" : "MOVING",
  "xdistance" : 2,
  "ydistance" : 3
}, {
  "sailorId" : 6,
  "type" : "OAR"
}, {
  "sailorId" : 7,
  "type" : "MOVING",
  "xdistance" : 3,
  "ydistance" : 2
}, {
  "sailorId" : 7,
  "type" : "OAR"
}, {
  "sailorId" : 8,
  "type" : "MOVING",
  "xdistance" : 4,
  "ydistance" : 1
}, {
  "sailorId" : 8,
  "type" : "OAR"
} ]
[INFO]=========================================================================================== Action list  =========================================================================================
[INFO]======================================================================================== Next round input  =======================================================================================
{"ship":{"type":"ship","position":{"x":82.08803449433304,"y":7.1095942819702636,"orientation":0.17453292519943314},"name":"Drakkar","deck":{"width":5,"length":11},"entities":[{"x":1,"y":0,"type":"oar"
[INFO]======================================================================================== Next round input  =======================================================================================
[1581967476080][INFO] : STEP COUNT => 2
[1581967476086][INFO] : Actual target => Position= [{1600.0,350.0}[0.0(0.0)]] Forme Radian 50.0
[INFO]=========================================================================================== Action list  =========================================================================================
[ {
  "sailorId" : 0,
  "type" : "OAR"
}, {
  "sailorId" : 1,
  "type" : "OAR"
}, {
  "sailorId" : 2,
  "type" : "OAR"
}, {
  "sailorId" : 5,
