
SP:360.0 320.0 1.571
target:300.0 1800.0 circle
4|1,1=>3,1
2|0,2=>2,2
3,1,0.041|4
1,2|5
1,0|3
2,2|2
2,0|6

SP:356.691 484.956 1.611
target:300.0 1800.0 circle
3,1,0.003|4
1,2|5
1,0|3
2,2|2
2,0|6

SP:349.798 649.811 1.614
target:300.0 1800.0 circle
3,1,0.0|4
1,2|5
1,0|3
2,2|2
2,0|6

SP:342.676 814.658 1.614
target:300.0 1800.0 circle
3,1,0.0|4
1,2|5
1,0|3
2,2|2
2,0|6

SP:335.538 979.503 1.614
target:300.0 1800.0 circle
3,1,0.0|4
1,2|5
1,0|3
2,2|2
2,0|6

SP:328.398 1144.349 1.614
target:300.0 1800.0 circle
3,1,0.0|4
1,2|5
1,0|3
2,2|2
2,0|6

SP:321.258 1309.194 1.614
target:300.0 1800.0 circle
3,1,0.0|4
1,2|5
1,0|3
2,2|2
2,0|6

SP:314.118 1474.04 1.614
target:300.0 1800.0 circle
3,1,0.0|4
1,2|5
1,0|3
2,2|2
2,0|6

SP:306.978 1638.885 1.614
target:300.0 1800.0 circle
3,1,0.0|4
1,2|5
1,0|3

SP:303.408 1721.308 1.614
target:1900.0 3800.0 circle
3,1,-0.698|4
1,2|5
1,0|3
2,2|2
2,0|6

SP:351.548 1875.643 0.916
target:1900.0 3800.0 circle
3,1,-0.023|4
1,2|5
1,0|3
2,2|2
2,0|6

SP:453.511 2005.363 0.893
target:1900.0 3800.0 circle
3,1,-0.001|4
1,2|5
1,0|3
2,2|2
2,0|6

SP:557.002 2133.872 0.892
target:1900.0 3800.0 circle
3,1,0.0|4
1,2|5
1,0|3
2,2|2
2,0|6

SP:660.549 2262.337 0.892
target:1900.0 3800.0 circle
3,1,0.0|4
1,2|5
1,0|3
2,2|2
2,0|6

SP:764.097 2390.799 0.892
target:1900.0 3800.0 circle
3,1,0.0|4
1,2|5
1,0|3
2,2|2
2,0|6

SP:867.646 2519.262 0.892
target:1900.0 3800.0 circle
3,1,0.0|4
1,2|5
1,0|3
2,2|2
2,0|6

SP:971.195 2647.725 0.892
target:1900.0 3800.0 circle
3,1,0.0|4
1,2|5
1,0|3
2,2|2
2,0|6

SP:1074.744 2776.187 0.892
target:1900.0 3800.0 circle
3,1,0.0|4
1,2|5
1,0|3
2,2|2
2,0|6

SP:1178.293 2904.65 0.892
target:1900.0 3800.0 circle
3,1,0.0|4
1,2|5
1,0|3
2,2|2
2,0|6

SP:1281.841 3033.112 0.892
target:1900.0 3800.0 circle
3,1,0.0|4
1,2|5
1,0|3
2,2|2
2,0|6

SP:1385.39 3161.575 0.892
target:1900.0 3800.0 circle
3,1,0.0|4
1,2|5
1,0|3
2,2|2
2,0|6

SP:1488.939 3290.038 0.892
target:1900.0 3800.0 circle
3,1,0.0|4
1,2|5
1,0|3
2,2|2
2,0|6

SP:1592.488 3418.5 0.892
target:1900.0 3800.0 circle
3,1,0.0|4
1,2|5
1,0|3
2,2|2
2,0|6

SP:1696.037 3546.963 0.892
target:1900.0 3800.0 circle
3,1,0.0|4
1,2|5
1,0|3
2,2|2
2,0|6

SP:1799.585 3675.426 0.892
target:1900.0 3800.0 circle
3,1,0.0|4
1,2|5
1,0|3

SP:1851.36 3739.657 0.892
target:1900.0 3900.0 circle
3,1,0.384|4
1,2|5
1,0|3

SP:1889.832 3812.065 1.276
target:1800.0 4000.0 circle
3,1,0.74|4
1,2|5
1,0|3
2,2|2
2,0|6

SP:1878.235 3972.905 2.017
target:2000.0 5100.0 circle
3,1,-0.554|4
1,2|5
1,0|3
2,2|2
2,0|6

SP:1850.369 4133.405 1.463
target:2000.0 5100.0 circle
3,1,-0.046|4
1,2|5
1,0|3
2,2|2
2,0|6

SP:1871.818 4296.991 1.417
target:2000.0 5100.0 circle
3,1,-0.005|4
1,2|5
1,0|3
2,2|2
2,0|6

SP:1897.439 4459.989 1.413
target:2000.0 5100.0 circle
3,1,-0.001|4
1,2|5
1,0|3
2,2|2
2,0|6

SP:1923.497 4622.919 1.412
target:2000.0 5100.0 circle
3,1,0.0|4
1,2|5
1,0|3
2,2|2
2,0|6

SP:1949.614 4785.839 1.412
target:2000.0 5100.0 circle
3,1,0.0|4
1,2|5
1,0|3
2,2|2
2,0|6

SP:1975.741 4948.757 1.412
target:2000.0 5100.0 circle
3,1,0.0|4
1,2|5
1,0|3

SP:1988.806 5030.216 1.412
target:2000.0 5240.0 circle
3,1,0.106|4
1,2|5
1,0|3

SP:1997.588 5112.208 1.517
target:2500.0 5100.0 circle
3,1,-0.785|4
1,0|3
1,2|5
2,0|6

SP:2079.869 5187.33 -0.053
target:2500.0 5100.0 circle
3,1,-0.152|4
1,2|5
1,0|3
2,2|2
2,0|6

SP:2243.355 5166.227 -0.205
target:2500.0 5100.0 circle
3,1,-0.048|4
1,2|5
1,0|3
2,2|2
2,0|6

SP:2404.051 5128.855 -0.253
target:2500.0 5100.0 circle
3,1,-0.04|4
1,2|5
1,0|3

SP:2441.506 5118.825 -0.271
target:2800.0 5400.0 circle
3,1,0.785|4
1,2|5
1,0|3
2,2|2
2,0|6

SP:2441.506 5118.825 -0.271
target:2800.0 5400.0 circle
3,1,0.785|4
1,2|5
1,0|3
2,2|2
2,0|6

SP:2441.506 5118.825 -0.271
target:2800.0 5400.0 circle
3,1,0.785|4
1,2|5
1,0|3
2,2|2
2,0|6

SP:2441.506 5118.825 -0.271
target:2800.0 5400.0 circle
3,1,0.785|4
1,2|5
1,0|3
2,2|2
2,0|6

SP:2441.506 5118.825 -0.271
target:2800.0 5400.0 circle
3,1,0.785|4
1,2|5
1,0|3
2,2|2
2,0|6

SP:2441.506 5118.825 -0.271
target:2800.0 5400.0 circle
3,1,0.785|4
1,2|5
1,0|3
2,2|2
2,0|6

SP:2441.506 5118.825 -0.271
target:2800.0 5400.0 circle
3,1,0.785|4
1,2|5
1,0|3
2,2|2
2,0|6

SP:2441.506 5118.825 -0.271
target:2800.0 5400.0 circle
3,1,0.785|4
1,2|5
1,0|3
2,2|2
2,0|6

SP:2441.506 5118.825 -0.271
target:2800.0 5400.0 circle
3,1,0.785|4
1,2|5
1,0|3
2,2|2
2,0|6

SP:2441.506 5118.825 -0.271
target:2800.0 5400.0 circle
3,1,0.785|4
1,2|5
1,0|3
2,2|2
2,0|6

SP:2441.506 5118.825 -0.271
target:2800.0 5400.0 circle
3,1,0.785|4
1,2|5
1,0|3
2,2|2
2,0|6

SP:2441.506 5118.825 -0.271
target:2800.0 5400.0 circle
3,1,0.785|4
1,2|5
1,0|3
2,2|2
2,0|6

SP:2441.506 5118.825 -0.271
target:2800.0 5400.0 circle
3,1,0.785|4
1,2|5
1,0|3
2,2|2
2,0|6

SP:2441.506 5118.825 -0.271
target:2800.0 5400.0 circle
3,1,0.785|4
1,2|5
1,0|3
2,2|2
2,0|6

SP:2441.506 5118.825 -0.271
target:2800.0 5400.0 circle
3,1,0.785|4
1,2|5
1,0|3
2,2|2
2,0|6

SP:2441.506 5118.825 -0.271
target:2800.0 5400.0 circle
3,1,0.785|4
1,2|5
1,0|3
2,2|2
2,0|6

SP:2441.506 5118.825 -0.271
target:2800.0 5400.0 circle
3,1,0.785|4
1,2|5
1,0|3
2,2|2
2,0|6

SP:2441.506 5118.825 -0.271
target:2800.0 5400.0 circle
3,1,0.785|4
1,2|5
1,0|3
2,2|2
2,0|6

SP:2441.506 5118.825 -0.271
target:2800.0 5400.0 circle
3,1,0.785|4
1,2|5
1,0|3
2,2|2
2,0|6

SP:2441.506 5118.825 -0.271
target:2800.0 5400.0 circle
3,1,0.785|4
1,2|5
1,0|3
2,2|2
2,0|6

SP:2441.506 5118.825 -0.271
target:2800.0 5400.0 circle
3,1,0.785|4
1,2|5
1,0|3
2,2|2
2,0|6

SP:2441.506 5118.825 -0.271
target:2800.0 5400.0 circle
3,1,0.785|4
1,2|5
1,0|3
2,2|2
2,0|6

SP:2441.506 5118.825 -0.271
target:2800.0 5400.0 circle
3,1,0.785|4
1,2|5
1,0|3
2,2|2
2,0|6

SP:2441.506 5118.825 -0.271
target:2800.0 5400.0 circle
3,1,0.785|4
1,2|5
1,0|3
2,2|2
2,0|6

SP:2441.506 5118.825 -0.271
target:2800.0 5400.0 circle
3,1,0.785|4
1,2|5
1,0|3
2,2|2
2,0|6

SP:2441.506 5118.825 -0.271
target:2800.0 5400.0 circle
3,1,0.785|4
1,2|5
1,0|3
2,2|2
2,0|6

SP:2441.506 5118.825 -0.271
target:2800.0 5400.0 circle
3,1,0.785|4
1,2|5
1,0|3
2,2|2
2,0|6

SP:2441.506 5118.825 -0.271
target:2800.0 5400.0 circle
3,1,0.785|4
1,2|5
1,0|3
2,2|2
2,0|6

SP:2441.506 5118.825 -0.271
target:2800.0 5400.0 circle
3,1,0.785|4
1,2|5
1,0|3
2,2|2
2,0|6

SP:2441.506 5118.825 -0.271
target:2800.0 5400.0 circle
3,1,0.785|4
1,2|5
1,0|3
2,2|2
2,0|6

SP:2441.506 5118.825 -0.271
target:2800.0 5400.0 circle
3,1,0.785|4
1,2|5
1,0|3
2,2|2
2,0|6

SP:2441.506 5118.825 -0.271
target:2800.0 5400.0 circle
3,1,0.785|4
1,2|5
1,0|3
2,2|2
2,0|6

SP:2441.506 5118.825 -0.271
target:2800.0 5400.0 circle
3,1,0.785|4
1,2|5
1,0|3
2,2|2
2,0|6

SP:2441.506 5118.825 -0.271
target:2800.0 5400.0 circle
3,1,0.785|4
1,2|5
1,0|3
2,2|2
2,0|6

SP:2441.506 5118.825 -0.271
target:2800.0 5400.0 circle
3,1,0.785|4
1,2|5
1,0|3
2,2|2
2,0|6

SP:2441.506 5118.825 -0.271
target:2800.0 5400.0 circle
3,1,0.785|4
1,2|5
1,0|3
2,2|2
2,0|6

SP:2441.506 5118.825 -0.271
target:2800.0 5400.0 circle
3,1,0.785|4
1,2|5
1,0|3
2,2|2
2,0|6

SP:2441.506 5118.825 -0.271
target:2800.0 5400.0 circle
3,1,0.785|4
1,2|5
1,0|3
2,2|2
2,0|6

SP:2441.506 5118.825 -0.271
target:2800.0 5400.0 circle
3,1,0.785|4
1,2|5
1,0|3
2,2|2
2,0|6

SP:2441.506 5118.825 -0.271
target:2800.0 5400.0 circle
3,1,0.785|4
1,2|5
1,0|3
2,2|2
2,0|6

SP:2441.506 5118.825 -0.271
target:2800.0 5400.0 circle
3,1,0.785|4
1,2|5
1,0|3
2,2|2
2,0|6

SP:2441.506 5118.825 -0.271
target:2800.0 5400.0 circle
3,1,0.785|4
1,2|5
1,0|3
2,2|2
2,0|6

SP:2441.506 5118.825 -0.271
target:2800.0 5400.0 circle
3,1,0.785|4
1,2|5
1,0|3
2,2|2
2,0|6

SP:2441.506 5118.825 -0.271
target:2800.0 5400.0 circle
3,1,0.785|4
1,2|5
1,0|3
2,2|2
2,0|6

SP:2441.506 5118.825 -0.271
target:2800.0 5400.0 circle
3,1,0.785|4
1,2|5
1,0|3
2,2|2
2,0|6

SP:2441.506 5118.825 -0.271
target:2800.0 5400.0 circle
3,1,0.785|4
1,2|5
1,0|3
2,2|2
2,0|6

SP:2441.506 5118.825 -0.271
target:2800.0 5400.0 circle
3,1,0.785|4
1,2|5
1,0|3
2,2|2
2,0|6

SP:2441.506 5118.825 -0.271
target:2800.0 5400.0 circle
3,1,0.785|4
1,2|5
1,0|3
2,2|2
2,0|6

SP:2441.506 5118.825 -0.271
target:2800.0 5400.0 circle
3,1,0.785|4
1,2|5
1,0|3
2,2|2
2,0|6

SP:2441.506 5118.825 -0.271
target:2800.0 5400.0 circle
3,1,0.785|4
1,2|5
1,0|3
2,2|2
2,0|6

SP:2441.506 5118.825 -0.271
target:2800.0 5400.0 circle
3,1,0.785|4
1,2|5
1,0|3
2,2|2
2,0|6

SP:2441.506 5118.825 -0.271
target:2800.0 5400.0 circle
3,1,0.785|4
1,2|5
1,0|3
2,2|2
2,0|6

SP:2441.506 5118.825 -0.271
target:2800.0 5400.0 circle
3,1,0.785|4
1,2|5
1,0|3
2,2|2
2,0|6

SP:2441.506 5118.825 -0.271
target:2800.0 5400.0 circle
3,1,0.785|4
1,2|5
1,0|3
2,2|2
2,0|6

SP:2441.506 5118.825 -0.271
target:2800.0 5400.0 circle
3,1,0.785|4
1,2|5
1,0|3
2,2|2
2,0|6

SP:2441.506 5118.825 -0.271
target:2800.0 5400.0 circle
3,1,0.785|4
1,2|5
1,0|3
2,2|2
2,0|6

SP:2441.506 5118.825 -0.271
target:2800.0 5400.0 circle
3,1,0.785|4
1,2|5
1,0|3
2,2|2
2,0|6

SP:2441.506 5118.825 -0.271
target:2800.0 5400.0 circle
3,1,0.785|4
1,2|5
1,0|3
2,2|2
2,0|6

SP:2441.506 5118.825 -0.271
target:2800.0 5400.0 circle
3,1,0.785|4
1,2|5
1,0|3
2,2|2
2,0|6

SP:2441.506 5118.825 -0.271
target:2800.0 5400.0 circle
3,1,0.785|4
1,2|5
1,0|3
2,2|2
2,0|6

