Jeu initialisé ! 
 
Le checkpoint visé est à x:500.0 y:500.0 orientation 0.0
Angle optimal : 0.7853981633974484
La position actuelle du bateau est x:0.0 y:0.0 orientation 0.0


Pour atteindre ce checkpoint il faut une orientation de Marin gauche 4 Marin droite 9 Angle 0.8726646259971648 (radian)
----------------------- Fin tour ------------------------------- 

Le checkpoint visé est à x:500.0 y:500.0 orientation 0.0
Angle optimal : 0.7853981633974484
La position actuelle du bateau est x:0.0 y:0.0 orientation 0.0


Pour atteindre ce checkpoint il faut une orientation de Marin gauche 4 Marin droite 9 Angle 0.8726646259971648 (radian)
----------------------- Fin tour ------------------------------- 

Le checkpoint visé est à x:500.0 y:500.0 orientation 0.0
Angle optimal : 0.7853981633974484
La position actuelle du bateau est x:0.0 y:0.0 orientation 0.0


Pour atteindre ce checkpoint il faut une orientation de Marin gauche 4 Marin droite 9 Angle 0.8726646259971648 (radian)
----------------------- Fin tour ------------------------------- 

Le checkpoint visé est à x:500.0 y:500.0 orientation 0.0
Angle optimal : 0.8850293919673999
La position actuelle du bateau est x:144.07200896078328 y:65.01011665077034 orientation 0.8726646259971658


Pour atteindre ce checkpoint il faut une orientation de Marin gauche 9 Marin droite 9 Angle 0.0 (radian)
----------------------- Fin tour ------------------------------- 

Le checkpoint visé est à x:500.0 y:500.0 orientation 0.0
Angle optimal : 0.8857792984099797
La position actuelle du bateau est x:164.73080451911065 y:89.63031047607548 orientation 0.8726646259971658


Pour atteindre ce checkpoint il faut une orientation de Marin gauche 9 Marin droite 9 Angle 0.0 (radian)
----------------------- Fin tour ------------------------------- 

Le checkpoint visé est à x:500.0 y:500.0 orientation 0.0
Angle optimal : 0.886626033080669
La position actuelle du bateau est x:185.38960007743802 y:114.25050430138062 orientation 0.8726646259971658


Pour atteindre ce checkpoint il faut une orientation de Marin gauche 9 Marin droite 9 Angle 0.0 (radian)
----------------------- Fin tour ------------------------------- 

Le checkpoint visé est à x:500.0 y:500.0 orientation 0.0
Angle optimal : 0.895779900726471
La position actuelle du bateau est x:312.1083512340443 y:265.2680312413164 orientation 0.8726646259971658


Pour atteindre ce checkpoint il faut une orientation de Marin gauche 9 Marin droite 9 Angle 0.0 (radian)
----------------------- Fin tour ------------------------------- 

Le checkpoint visé est à x:500.0 y:500.0 orientation 0.0
Angle optimal : 0.9397406170759349
La position actuelle du bateau est x:438.8271023906521 y:416.2855581812547 orientation 0.8726646259971658


Pour atteindre ce checkpoint il faut une orientation de Marin gauche 9 Marin droite 9 Angle 0.0 (radian)
----------------------- Fin tour ------------------------------- 

Le checkpoint visé est à x:500.0 y:500.0 orientation 0.0
Angle optimal : -2.348638306092275
La position actuelle du bateau est x:615.3968816212807 y:617.1541131944737 orientation 0.8726646259971658


Pour atteindre ce checkpoint il faut une orientation de Marin gauche 9 Marin droite 0 Angle -1.5707963267948966 (radian)
----------------------- Fin tour ------------------------------- 

Le checkpoint visé est à x:500.0 y:500.0 orientation 0.0
Angle optimal : -2.5436320707152134
La position actuelle du bateau est x:822.2444058129232 y:719.495817787589 orientation -0.6981317007977321


Pour atteindre ce checkpoint il faut une orientation de Marin gauche 9 Marin droite 0 Angle -1.5707963267948966 (radian)
----------------------- Fin tour ------------------------------- 

Le checkpoint visé est à x:500.0 y:500.0 orientation 0.0
Angle optimal : -2.549586770092276
La position actuelle du bateau est x:824.0790408684028 y:717.9317108423008 orientation -0.7295476273336301


Pour atteindre ce checkpoint il faut une orientation de Marin gauche 9 Marin droite 0 Angle -1.5707963267948966 (radian)
----------------------- Fin tour ------------------------------- 

Le checkpoint visé est à x:500.0 y:500.0 orientation 0.0
Angle optimal : -2.549586770092276
La position actuelle du bateau est x:824.0790408684028 y:717.9317108423008 orientation -0.7295476273336301


Pour atteindre ce checkpoint il faut une orientation de Marin gauche 9 Marin droite 0 Angle -1.5707963267948966 (radian)
----------------------- Fin tour ------------------------------- 

Le checkpoint visé est à x:500.0 y:500.0 orientation 0.0
Angle optimal : -2.549586770092276
La position actuelle du bateau est x:824.0790408684028 y:717.9317108423008 orientation -0.7295476273336301


Pour atteindre ce checkpoint il faut une orientation de Marin gauche 9 Marin droite 0 Angle -1.5707963267948966 (radian)
----------------------- Fin tour ------------------------------- 

Le checkpoint visé est à x:500.0 y:500.0 orientation 0.0
Angle optimal : -2.549586770092276
La position actuelle du bateau est x:824.0790408684028 y:717.9317108423008 orientation -0.7295476273336301


Pour atteindre ce checkpoint il faut une orientation de Marin gauche 9 Marin droite 0 Angle -1.5707963267948966 (radian)
----------------------- Fin tour ------------------------------- 

Le checkpoint visé est à x:500.0 y:500.0 orientation 0.0
Angle optimal : -2.549586770092276
La position actuelle du bateau est x:824.0790408684028 y:717.9317108423008 orientation -0.7295476273336301


Pour atteindre ce checkpoint il faut une orientation de Marin gauche 9 Marin droite 0 Angle -1.5707963267948966 (radian)
----------------------- Fin tour ------------------------------- 

Le checkpoint visé est à x:500.0 y:500.0 orientation 0.0
Angle optimal : -2.549586770092276
La position actuelle du bateau est x:824.0790408684028 y:717.9317108423008 orientation -0.7295476273336301


Pour atteindre ce checkpoint il faut une orientation de Marin gauche 9 Marin droite 0 Angle -1.5707963267948966 (radian)
----------------------- Fin tour ------------------------------- 

Le checkpoint visé est à x:500.0 y:500.0 orientation 0.0
Angle optimal : -2.549586770092276
La position actuelle du bateau est x:824.0790408684028 y:717.9317108423008 orientation -0.7295476273336301
