POS 0.0 0.0 FWD 1.0 0.0 ADC 0.2153576996977383 ADR 0.2153576996977383 PC 0 OG 0 OR 2 R 0 C 3 S 1
POS 66.01608144309056 11.433590487749651 FWD 0.9396926207859082 0.3420201433256691 ADC -0.1318379149665457 ADR -0.1318379149665457 PC 0 OG 6 OR 5 R 0 C 3 S 0
POS 163.26725832853026 37.582946980502534 FWD 0.984807753012208 0.17364817766693047 ADC 0.039583484504366544 ADR 0.039583484504366544 PC 0 OG 9 OR 8 R 0 C 3 S 1
POS 367.7865851171766 55.644728378071626 FWD 1.0 8.023096076392733E-17 ADC 0.23448888195939174 ADR 0.23448888195939174 PC 0 OG 0 OR 2 R 1 C 3 S 1
POS 435.0619301774869 63.4621338340111 FWD 0.9726332245473622 0.2323458854953115 ADC 0.006691679101062319 ADR 0.006691679101062319 PC 0 OG 9 OR 9 R 1 C 3 S 1
POS 642.6435050941919 113.77727615356812 FWD 0.9710566755638393 0.23884918430445712 ADC 7.320328195551498E-4 ADR 7.320328195551498E-4 PC 0 OG 9 OR 9 R 1 C 3 S 1
POS 849.9927031815712 164.8582976568517 FWD 0.9708815699565665 0.23955996560083365 ADC 1.0219065774039598E-4 ADR 1.0219065774039598E-4 PC 0 OG 9 OR 9 R 1 C 3 S 1
POS 1057.3155369600581 216.02525191600688 FWD 0.9708570840967314 0.23965917937602982 ADC 1.9714917669206996E-5 ADR 1.9714917669206996E-5 PC 0 OG 9 OR 9 R 1 C 3 S 1
POS 1264.634516739513 267.2047522929494 FWD 0.970852359047066 0.23967831969693634 ADC 6.1546846764489194E-6 ADR 6.1546846764489194E-6 PC 0 OG 9 OR 9 R 1 C 3 S 1
POS 1471.9526797603687 318.38691100595935 FWD 0.9708508838841966 0.23968429498253346 ADC 5.0322260495066754E-6 ADR 5.0322260495066754E-6 PC 0 OG 9 OR 9 R 1 C 3 S 1
POS 1679.2704910613459 369.57021442357166 FWD 0.9708496777263511 0.23968918052060695 ADC 3.1415860072876893 ADR 3.1415860072876893 PC 0 OG 0 OR 9 R 1 C 3 S 1
POS 1707.6228429242599 435.8125891803505 FWD -0.8559802355562447 0.5170085457099098 ADC 1.2164727226769911 ADR 1.2164727226769911 PC 0 OG 0 OR 7 R 1 C 3 S 0
POS 1647.4438751414766 432.269890318671 FWD -0.7818802245884041 -0.6234286762714616 ADC 0.3745758224749433 ADR 0.3745758224749433 PC 0 OG 0 OR 2 R 1 C 3 S 0
POS 1635.5321006447014 418.47461702755015 FWD -0.4995682095676956 -0.8662745546241832 ADC 0.04444007037770829 ADR 0.04444007037770829 PC 0 OG 9 OR 9 R 1 C 3 S 0
POS 1556.2738244222035 273.7726965366547 FWD -0.46059035524987985 -0.8876128236178145 ADC 3.0994496760770627 ADR 3.0994496760770627 PC 0 OG 0 OR 9 R 1 C 3 S 0
POS 1597.3401316241461 223.77738479445537 FWD 0.9533236101945983 0.3019504831020105 ADC 1.242988634838738 ADR 1.242988634838738 PC 0 OG 0 OR 7 R 1 C 3 S 0
POS 1633.6626423485225 271.67860031079886 FWD 0.02106815796624823 0.9997780417272172 ADC 0.4270001013360434 ADR 0.4270001013360434 PC 0 OG 0 OR 3 R 1 C 3 S 0
POS 1628.5004703176598 298.47752172570574 FWD -0.39487370831963553 0.9187354104843785 ADC 0.09934009489216691 ADR 0.09934009489216691 PC 0 OG 9 OR 9 R 1 C 3 S 0
POS 1556.0036298300317 446.6221424983954 FWD -0.48404413926666284 0.8750435824812359 ADC 3.0636117677678683 ADR 3.0636117677678683 PC 0 OG 0 OR 9 R 1 C 3 S 0
POS 1491.6328872344875 440.1121285888502 FWD -0.27647835773719376 -0.9610201442753135 ADC 1.157242085103619 ADR 1.157242085103619 PC 0 OG 0 OR 7 R 1 C 3 S 0
POS 1509.1319880220349 382.0456847933878 FWD 0.7688971099501052 -0.6393725317140045 ADC 0.3546376836524379 ADR 0.3546376836524379 PC 0 OG 0 OR 2 R 1 C 3 S 0
POS 1524.975633113222 373.0133850086949 FWD 0.9430729678243581 -0.3325858947083553 ADC 0.041410485567207396 ADR 0.041410485567207396 PC 0 OG 9 OR 9 R 1 C 3 S 0
POS 1681.6635815221887 321.3413721001141 FWD 0.9560330867273229 -0.29325882268505926 ADC 3.101718665261448 ADR 3.101718665261448 PC 0 OG 0 OR 9 R 1 C 3 S 0
POS 1723.448390191299 370.73775403128326 FWD -0.468652176500214 0.8833827808269823 ADC 1.2494652011527192 ADR 1.2494652011527192 PC 0 OG 0 OR 7 R 1 C 3 S 0
POS 1669.7409128225513 397.65187609151116 FWD -0.9861819224421213 -0.16566597673741523 ADC 0.43297605395833183 ADR 0.43297605395833183 PC 0 OG 0 OR 3 R 1 C 3 S 0
POS 1644.409295561085 387.51188078838703 FWD -0.8256689853405136 -0.5641548782442343 ADC 0.10199119000389185 ADR 0.10199119000389185 PC 0 OG 9 OR 9 R 1 C 3 S 0
POS 1513.1019056001585 287.7131839859746 FWD -0.7639391943527302 -0.6452882358541039 ADC 3.0620912876218966 ADR 3.0620912876218966 PC 0 OG 0 OR 9 R 1 C 3 S 0
POS 1532.031361060265 225.84519145843302 FWD 0.9964742721333468 -0.08389889734863452 ADC 1.1539100838311491 ADR 1.1539100838311491 PC 0 OG 0 OR 7 R 1 C 3 S 0
POS 1585.6389123997485 254.24547165963597 FWD 0.4802010299037278 0.8771584639501572 ADC 0.3520152968104852 ADR 0.3520152968104852 PC 0 OG 0 OR 2 R 1 C 3 S 0
POS 1591.491005976102 271.51996148620634 FWD 0.14831932597206712 0.9889395216812764 ADC 0.04086806416472992 ADR 0.04086806416472992 PC 0 OG 9 OR 9 R 1 C 3 S 0
POS 1612.6564592279142 435.14524961504105 FWD 0.10779068754399297 0.9941736104316958 ADC 3.1020281712282354 ADR 3.1020281712282354 PC 0 OG 0 OR 9 R 1 C 3 S 0
POS 1556.2692018164114 466.8698455149608 FWD -0.7792064277240882 -0.6267673755018407 ADC 1.251453553882901 ADR 1.251453553882901 PC 0 OG 0 OR 7 R 1 C 3 S 0
POS 1540.0217200806596 409.0481632830388 FWD 0.3504531273148456 -0.9365802718161667 ADC 0.4351575037649993 ADR 0.4351575037649993 PC 0 OG 0 OR 3 R 1 C 3 S 0
POS 1554.8241404121925 386.1291570851264 FWD 0.7126106177934168 -0.7015597675238261 ADC 0.10299866264326484 ADR 0.10299866264326484 PC 0 OG 9 OR 9 R 1 C 3 S 0
POS 1678.0968598288723 276.5628346213943 FWD 0.7809660351154315 -0.6245734960723859 ADC 3.0615202465298443 ADR 3.0615202465298443 PC 0 OG 0 OR 9 R 1 C 3 S 0
POS 1735.1302042121588 307.11067270957113 FWD -0.11058622488433034 0.9938665337286654 ADC 1.1526474962508788 ADR 1.1526474962508788 PC 0 OG 0 OR 7 R 1 C 3 S 0
POS 1696.914448271793 354.23619778901497 FWD -0.9531428787719354 0.30252049954729976 ADC 0.35101884480026874 ADR 0.35101884480026874 PC 0 OG 0 OR 2 R 1 C 3 S 0
POS 1678.8375729479312 356.66540241133487 FWD -0.9990460543732946 -0.043668996337813265 ADC 0.04066253851898987 ADR 0.04066253851898987 PC 0 OG 9 OR 9 R 1 C 3 S 0
POS 1514.1847273537476 346.1444816850766 FWD -0.9964450328450393 -0.08424545399277392 ADC 3.1021451479429722 ADR 3.1021451479429722 PC 0 OG 0 OR 9 R 1 C 3 S 0
POS 1493.8242878804572 284.73255053274664 FWD 0.7641635716068199 -0.6450225080019368 ADC 1.2522194722570963 ADR 1.2522194722570963 PC 0 OG 0 OR 7 R 1 C 3 S 0
POS 1553.6824923771755 279.8611066821865 FWD 0.851914104473126 0.523681543115424 ADC 0.4360000221237563 ADR 0.4360000221237563 PC 0 OG 0 OR 3 R 1 C 3 S 0
POS 1573.3261884499957 298.79446424989726 FWD 0.5510563198506881 0.8344680535242892 ADC 0.1033890746397457 ADR 0.1033890746397457 PC 0 OG 9 OR 9 R 1 C 3 S 0
POS 1657.0507122121655 440.8893756015585 FWD 0.4619924800867216 0.8868838415166442 ADC 3.061298947824592 ADR 3.061298947824592 PC 0 OG 0 OR 9 R 1 C 3 S 0
POS 1616.0634641857232 490.94952225159386 FWD -0.9537995939877079 -0.30044356293467783 ADC 1.1521621783846725 ADR 1.1521621783846725 PC 0 OG 0 OR 7 R 1 C 3 S 0
POS 1577.1924271468201 444.3592596890547 FWD -0.11323309906445939 -0.9935684502218548 ADC 0.35063766248118233 ADR 0.35063766248118233 PC 0 OG 0 OR 2 R 1 C 3 S 0
POS 1578.2877681558366 426.15260942123115 FWD 0.23494422098726475 -0.9720088543962382 ADC 0.040584096842421216 ADR 0.040584096842421216 PC 0 OG 9 OR 9 R 1 C 3 S 0
POS 1620.264568816481 266.5931784950968 FWD 0.2741880362942731 -0.9616760997098194 ADC 3.1021897961150775 ADR 3.1021897961150775 PC 0 OG 0 OR 9 R 1 C 3 S 0
POS 1684.4447692249666 258.4154857318052 FWD 0.4861274716259253 0.8738879111937555 ADC 1.2525132828424246 ADR 1.2525132828424246 PC 0 OG 0 OR 7 R 1 C 3 S 0
POS 1677.712389397855 318.09113828002666 FWD -0.6778691846163293 0.7351825409703313 ADC 0.4363234478496815 ADR 0.4363234478496815 PC 0 OG 0 OR 3 R 1 C 3 S 0
POS 1655.34973505876 333.71934870178893 FWD -0.9250563209240971 0.37982996606162334 ADC 0.10353913135918696 ADR 0.10353913135918696 PC 0 OG 9 OR 9 R 1 C 3 S 0
POS 1499.774723526354 388.4651714496445 FWD -0.9593593198732675 0.2821873409143321 ADC 3.0612138875248265 ADR 3.0612138875248265 PC 0 OG 0 OR 9 R 1 C 3 S 0
POS 1458.5637365401685 338.58905156218066 FWD 0.4788328983513858 -0.8779060630024214 ADC 1.1519762287891704 ADR 1.1519762287891704 PC 0 OG 0 OR 7 R 1 C 3 S 0
POS 1511.7769392523965 309.432584263713 FWD 0.9967612450779526 0.08041778603424563 ADC 0.3504918869772452 ADR 0.3504918869772452 PC 0 OG 0 OR 2 R 1 C 3 S 1
POS 1575.8299648156185 325.92902862919755 FWD 0.9085498434530133 0.4177764736812081 ADC 1.9279511450134557 ADR 1.9279511450134557 PC 1 OG 0 OR 9 R 1 C 2 S 0
POS 1588.7943106827656 395.02797008948767 FWD -0.7090509462522143 0.7051572559499332 ADC 0.034258149610760305 ADR 0.034258149610760305 PC 0 OG 9 OR 9 R 1 C 2 S 0
POS 1469.8505822302632 509.37274338497247 FWD -0.7327875662520408 0.6804574804838366 ADC 0.0018626428755797858 ADR 0.0018626428755797858 PC 0 OG 9 OR 9 R 1 C 2 S 0
POS 1348.8371837782122 621.5366837784175 FWD -0.7340537436169886 0.6790913793311504 ADC 1.1350499419426091E-4 ADR 1.1350499419426091E-4 PC 0 OG 9 OR 9 R 1 C 2 S 0
POS 1227.712020807111 733.5799560708579 FWD -0.7341308191513497 0.6790080561909175 ADC 7.865907901703023E-6 ADR 7.865907901703023E-6 PC 0 OG 9 OR 9 R 1 C 2 S 0
POS 1106.5799994209835 845.6158137003256 FWD -0.7341361601434586 0.6790022815645159 ADC 6.31675672359079E-7 ADR 6.31675672359079E-7 PC 0 OG 9 OR 9 R 1 C 2 S 0
POS 985.4474979661605 957.6511522828285 FWD -0.7341365890525465 0.6790018178284152 ADC 5.771194914292421E-8 ADR 5.771194914292421E-8 PC 0 OG 9 OR 9 R 1 C 2 S 0
POS 864.3149575719304 1069.686448764072 FWD -0.7341366282390769 0.6790017754599463 ADC 0.0 ADR 0.0 PC 0 OG 9 OR 9 R 1 C 2 S 0
POS 743.1824139124798 1181.7217417149675 FWD -0.7341366282390769 0.6790017754599463 ADC 2.1073424255447017E-8 ADR 2.1073424255447017E-8 PC 0 OG 9 OR 9 R 1 C 2 S 0
POS 622.0498690843542 1293.757033402284 FWD -0.7341366425479593 0.6790017599891843 ADC NaN ADR NaN PC 0 OG 0 OR 0 R 1 C 2 S 0
POS 622.0498690843542 1293.757033402284 FWD -0.9992397471891394 -0.03898624933722925 ADC -0.7853981699200846 ADR -0.7853981699200846 PC 0 OG 5 OR 0 R 1 C 2 S 0
POS 580.0898401243837 1309.0629872490222 FWD -0.734136638119069 0.6790017647777 ADC -0.05127879107649714 ADR -0.05127879107649714 PC 0 OG 9 OR 9 R 1 C 2 S 0
POS 461.85275612201866 1424.1239596727933 FWD -0.698368505767849 0.715738381080393 ADC -0.024874570351222074 ADR -0.024874570351222074 PC 0 OG 9 OR 9 R 1 C 2 S 0
POS 348.08769944925507 1543.627550721549 FWD -0.6803506123770381 0.7328867881454743 ADC 2.171561620546691 ADR 2.171561620546691 PC 1 OG 0 OR 9 R 1 C 1 S 0
POS 282.9966650575711 1526.8428237346186 FWD -0.2199762318361304 -0.9755052318809864 ADC 0.03852225538593493 ADR 0.03852225538593493 PC 0 OG 9 OR 9 R 1 C 1 S 0
POS 249.77829041485478 1365.2316442154593 FWD -0.18224366546602325 -0.9832533988741194 ADC 0.0023124759492688467 ADR 0.0023124759492688467 PC 0 OG 9 OR 9 R 1 C 1 S 0
POS 219.89382044859016 1202.9605552198898 FWD -0.1799694303776637 -0.9836722035970821 ADC 1.5756649711508506E-4 ADR 1.5756649711508506E-4 PC 0 OG 9 OR 9 R 1 C 1 S 0
POS 190.21152367454633 1040.6523262174862 FWD -0.17981443436082659 -0.9837005485387796 ADC 1.2410726215235486E-5 ADR 1.2410726215235486E-5 PC 0 OG 9 OR 9 R 1 C 1 S 0
POS 160.5431391299497 878.3415534444983 FWD -0.17980222590878406 -0.9837027800907379 ADC 1.158080054982098E-6 ADR 1.158080054982098E-6 PC 0 OG 9 OR 9 R 1 C 1 S 0
POS 130.8758648997015 716.0305777227553 FWD -0.17980108670211656 -0.9837029883154458 ADC 1.3244441773467654E-7 ADR 1.3244441773467654E-7 PC 0 OG 9 OR 9 R 1 C 1 S 0
POS 101.20869623496198 553.7195827057269 FWD -0.1798009564161084 -0.9837030121290942 ADC 2.1073424255447017E-8 ADR 2.1073424255447017E-8 PC 0 OG 9 OR 9 R 1 C 1 S 0
POS 71.5415401194285 391.4085853949577 FWD -0.1798009356860881 -0.9837030159181211 ADC 0.0 ADR 0.0 PC 0 OG 9 OR 9 R 1 C 1 S 0
POS 41.87438573122382 229.09758776846633 FWD -0.1798009356860881 -0.9837030159181211 ADC 0.0 ADR 0.0 PC 0 OG 9 OR 9 R 1 C 1 S 0
