Round 1: Position [0.0, 0.0, 0.0]
Round 2: Position [0.0, 0.0, 0.0]
Round 3: Position [58.359999999999886, 1.603617238998823E-15, 5.551115123125786E-17]
Round 4: Position [134.50154249451188, 7.758301190936378, 0.20516823835221865]
Round 5: Position [241.86619632560402, 27.103904912619726, 0.20516823835221865]
Round 6: Position [392.77967340913597, 50.184592965850406, 0.20516823835221865]
Round 7: Position [543.6931504926677, 73.2652810190813, 0.20516823835221865]
Round 8: Position [712.5554508286357, 100.08105340385916, 0.20516823835221865]
Round 9: Position [863.8177511646047, 126.89682578863702, 0.20516823835221865]
Round 10: Position [992.680051500575, 153.71259817341624, 0.20516823835221865]
Round 11: Position [1121.542351836554, 180.52837055819552, 0.20516823835221865]
Round 12: Position [1248.8181712290211, 213.701267448007, 0.30577960778258195]
Round 13: Position [1374.253955094076, 253.29887516287442, 0.30577960778258195]
Round 14: Position [1499.6897389591309, 292.8964828777392, 0.30577960778258195]
Round 15: Position [1525.016709679304, 308.90280592645195, 0.8293783833808815]
Round 16: Position [1539.014635372316, 352.04269342076606, 1.7020430093780385]
Round 17: Position [1489.808927824366, 447.97627834888203, 2.3943236343076917]
Round 18: Position [1395.6703088511958, 535.1964873733334, 2.3943236343076917]
Round 19: Position [1301.5316898780256, 622.4166963977848, 2.3943236343076917]
Round 20: Position [1235.1632846545372, 693.7367410112358, 2.3943236343076917]
Round 21: Position [1147.2729637750454, 777.3794130432121, 2.3943236343076917]
Round 22: Position [1053.1343448018752, 864.5996220676635, 2.3943236343076917]
Round 23: Position [958.995725828705, 951.8198310921149, 2.3943236343076917]
Round 24: Position [858.6091466912312, 1037.6533196020885, 2.3943236343076917]
Round 25: Position [750.412617348378, 1121.7534074689718, 2.3943236343076917]
Round 26: Position [656.2739983752078, 1208.9736164934345, 2.3943236343076917]
Round 27: Position [562.1353794020376, 1296.1938255178973, 2.3943236343076917]
Round 28: Position [467.99676042886745, 1383.41403454236, 2.3943236343076917]
Round 29: Position [368.10313156796997, 1463.8105403000172, 2.534920107413206]
Round 30: Position [258.63566894635176, 1530.6472518152398, 2.6531479594973133]
Round 31: Position [250.21065040639255, 1534.2296777274012, 2.8276808846967354]
Round 32: Position [241.2915450976957, 1536.2946894240156, 3.0022138098961575]
Round 33: Position [232.14935552178065, 1536.779542569627, 3.1767467350955796]
Round 34: Position [223.0618624827405, 1535.669505146754, 3.3512796602950017]
Round 35: Position [214.30518485807318, 1532.9983050807868, 3.525812585494424]
Round 36: Position [206.14538986631146, 1528.847105434035, 3.700345510693846]
Round 37: Position [198.83040874922435, 1523.3420383071566, 3.874878435893268]
Round 38: Position [192.58250350649544, 1516.6503723791045, 4.04941136109269]
Round 39: Position [187.59151357733245, 1508.975430532956, 4.223944286292112]
Round 40: Position [184.00908766517037, 1500.5504119929972, 4.398477211491534]
Round 41: Position [181.9440759685552, 1491.6313066843004, 4.573010136690956]
Round 42: Position [181.45922282294202, 1482.4891171083862, 4.7475430618903784]
Round 43: Position [182.56926024581313, 1473.4016240693454, 4.9220759870898005]
Round 44: Position [185.24046031178017, 1464.644946444679, 5.096608912289223]
Round 45: Position [189.3916599585317, 1456.4851514529162, 5.271141837488645]
Round 46: Position [194.89672708540934, 1449.170170335828, 5.445674762688067]
Round 47: Position [201.58839301346114, 1442.9222650930992, 5.620207687887489]
Round 48: Position [209.2633348596097, 1437.931275163935, 5.794740613086911]
Round 49: Position [217.68835339956797, 1434.3488492517706, 5.969273538286333]
Round 50: Position [226.60745870826446, 1432.2838375551544, 6.143806463485755]
Round 51: Position [235.74964828417941, 1431.7989844095403, 0.03515408150559324]
Round 52: Position [336.2942880064412, 1476.780465508042, 0.8152166015817462]
Round 53: Position [389.3500679682391, 1492.9209224387848, -0.23198094961485197]
Round 54: Position [431.44457496667656, 1437.9334527497983, -1.6282443512103175]
Round 55: Position [412.51981357793034, 1329.8283011920787, -1.8622942980672799]
Round 56: Position [375.63844013377866, 1206.908779807891, -1.8622942980672799]
Round 57: Position [338.757066689627, 1083.9892584237034, -1.8622942980672799]
Round 58: Position [301.8756932454753, 961.0697370395158, -1.8622942980672799]
Round 59: Position [264.9943198013236, 838.1502156553281, -1.8622942980672799]
Round 60: Position [228.1129463571698, 715.2306942711405, -1.8622942980672799]
Round 61: Position [191.23157291301527, 592.3111728869528, -1.8622942980672799]
Round 62: Position [154.35019946886075, 469.39165150276517, -1.8622942980672799]
Round 63: Position [117.46882602470664, 346.4721301185775, -1.8622942980672799]
Round 64: Position [80.58745258055355, 223.55260873439065, -1.8622942980672799]
