
SP:120.0 1728.0 0.0
target:480.0 1488.0 circle
7|2,1=>4,1
2|0,2=>3,2
0|0,0=>3,0
4,1,-0.588|7
1,2|5
1,0|3
2,2|8
2,0|6
3,2|2
3,0|0

SP:275.793 1681.329 -0.588
target:480.0 1488.0 circle
4,1,-0.17|7
1,2|5
1,0|3
2,2|8
2,0|6
3,2|2
3,0|0

SP:404.745 1578.71 -0.758
target:-200.0 1000.0 circle
4,1,-0.785|7
1,0|3
2,0|6
1,2|5
3,0|0

SP:395.77 1483.891 -2.591
target:-200.0 1000.0 circle
4,1,0.131|7
1,2|5
1,0|3
2,2|8
2,0|6
3,2|2
3,0|0

SP:261.184 1388.641 -2.459
target:-200.0 1000.0 circle
4,1,0.018|7
1,2|5
1,0|3
2,2|8
2,0|6
3,2|2
3,0|0

SP:134.046 1283.474 -2.441
target:-200.0 1000.0 circle
4,1,0.003|7
1,2|5
1,0|3
2,2|8
2,0|6
3,2|2
3,0|0

SP:8.054 1176.932 -2.438
target:-200.0 1000.0 circle
4,1,0.001|7
1,2|5
1,0|3
2,2|8
2,0|6
3,2|2
3,0|0

SP:-117.697 1070.107 -2.437
target:-200.0 1000.0 circle
4,1,0.001|7
1,2|5
1,0|3

SP:-159.581 1034.459 -2.436
target:-200.0 900.0 circle
4,1,0.573|7
1,2|5
1,0|3
2,2|8
2,0|6
3,2|2
3,0|0

SP:-248.976 898.458 -1.863
target:200.0 500.0 circle
4,1,0.785|7
1,2|5
2,2|8
1,0|3
3,2|2
2,0|6

SP:-204.409 778.583 -0.554
target:200.0 500.0 circle
4,1,-0.049|7
1,2|5
1,0|3
2,2|8
2,0|6
3,2|2
3,0|0

SP:-66.25 688.407 -0.603
target:200.0 500.0 circle
4,1,-0.013|7
1,2|5
1,0|3
2,2|8
2,0|6
3,2|2
3,0|0

SP:69.042 593.958 -0.616
target:200.0 500.0 circle
4,1,-0.007|7
1,2|5
1,0|3
2,2|8
2,0|6

SP:158.629 530.128 -0.622
target:300.0 500.0 circle
4,1,0.412|7
1,2|5
1,0|3

SP:208.533 507.949 -0.21
target:500.0 500.0 circle
4,1,0.183|7
1,2|5
1,0|3
2,2|8
2,0|6
3,2|2
3,0|0

SP:372.128 488.3 -0.027
target:500.0 500.0 circle
4,1,0.119|7
1,2|5
1,0|3

