cp:[300.0,1800.0,0.0, C150.0, 1900.0,3800.0,0.0, C150.0, 2000.0,5240.0,0.0, C150.0, 3600.0,5160.0,0.0, C150.0, 3300.0,3500.0,0.0, C150.0, 2400.0,2000.0,0.0, C150.0, 1800.0,360.0,0.0, C150.0,
W150.00.0[R1172.0,1548.0,0.0Pnull, R1655.0,1145.0,0.0Pnull, R1015.0,835.0,0.0Pnull, S1000.0,1000.0,0.78539816339R100.01400.00.0150.0]
360.0,320.0,1.5708cc300.0,1800.0,0.0, C150.0 S:[(0tt12), (1tt10), (2tt22), (3tt20), (4tt31), (5ft11), (6ft01)][M4,2,0, R40.04, M0,1,2, O0, M1,1,-1, O1, M2,2,0, O2, M3,1,0, O3, M5,0,-1, M6,-2
W150.00.0[R1172.0,1548.0,0.0Pnull, R1655.0,1145.0,0.0Pnull, R1015.0,835.0,0.0Pnull, S1000.0,1000.0,0.78539816339R100.01400.00.0150.0]
356.6908057361165,484.95552671601666,1.611314679cc300.0,1800.0,0.0, C150.0 S:[(0tt12), (1tt10), (2tt22), (3tt20), (4ff31), (5ff11), (6ff01)][O0, O1, O2, O3]
W150.00.0[R1172.0,1548.0,0.0Pnull, R1655.0,1145.0,0.0Pnull, R1015.0,835.0,0.0Pnull, S1000.0,1000.0,0.78539816339R100.01400.00.0150.0]
350.0071067400658,649.8201019519638,1.611314679cc300.0,1800.0,0.0, C150.0 S:[(0tt12), (1tt10), (2tt22), (3tt20), (4ff31), (5ff11), (6ff01)][O0, O1, O2, O3]
W150.00.0[R1172.0,1548.0,0.0Pnull, R1655.0,1145.0,0.0Pnull, R1015.0,835.0,0.0Pnull, S1000.0,1000.0,0.78539816339R100.01400.00.0150.0]
343.3234077440151,814.6846771879109,1.611314679cc300.0,1800.0,0.0, C150.0 S:[(0tt12), (1tt10), (2tt22), (3tt20), (4ff31), (5ff11), (6ff01)][O0, O1, O2, O3]
W150.00.0[R1172.0,1548.0,0.0Pnull, R1655.0,1145.0,0.0Pnull, R1015.0,835.0,0.0Pnull, S1000.0,1000.0,0.78539816339R100.01400.00.0150.0]
336.63970874796445,979.549252423858,1.611314679cc300.0,1800.0,0.0, C150.0 S:[(0tt12), (1tt10), (2tt22), (3tt20), (4ff31), (5ff11), (6ff01)][O0, O1, O2, O3]
W150.00.0[R1172.0,1548.0,0.0Pnull, R1655.0,1145.0,0.0Pnull, R1015.0,835.0,0.0Pnull, S1000.0,1000.0,0.78539816339R100.01400.00.0150.0]
329.95600975191377,1144.413827659805,1.611314679cc300.0,1800.0,0.0, C150.0 S:[(0tt12), (1tt10), (2tt22), (3tt20), (4ff31), (5ff11), (6ff01)][O0, O1, O2, O3]
W150.00.0[R1172.0,1548.0,0.0Pnull, R1015.0,835.0,0.0Pnull, S1000.0,1000.0,0.78539816339R100.01400.00.0150.0]
323.2723107558631,1309.2784028957522,1.611314679cc300.0,1800.0,0.0, C150.0 S:[(0tt12), (1tt10), (2tt22), (3tt20), (4ff31), (5ff11), (6ff01)][O0, O1, O2, O3]
W150.00.0[R1172.0,1548.0,0.0Pnull, R1015.0,835.0,0.0Pnull, S1000.0,1000.0,0.78539816339R100.01400.00.0150.0]
316.5886117598124,1474.1429781316992,1.611314679cc300.0,1800.0,0.0, C150.0 S:[(0tt12), (1tt10), (2tt22), (3tt20), (4ff31), (5ff11), (6ff01)][O0, O1, O2, O3]
W150.00.0[R1172.0,1548.0,0.0Pnull, R1015.0,835.0,0.0Pnull, S1000.0,1000.0,0.78539816339R100.01400.00.0150.0]
309.90491276376173,1639.0075533676463,1.611314679cc300.0,1800.0,0.0, C150.0 S:[(0tt12), (1tt10), (2tt22), (3tt20), (4tt31), (5ff11), (6ff01)][R40.02, O0, O1, O2, O3]
W150.00.0[R1172.0,1548.0,0.0Pnull, R1015.0,835.0,0.0Pnull]
301.5138417357786,1803.7910365947848,1.632242959cc1900.0,3800.0,0.0, C150.0 S:[(0tt12), (1tt10), (2tt22), (3tt20), (4tt31), (5ff11), (6ff01)][R4-0.74, O0, O1, O2, O3]
W150.00.0[R1172.0,1548.0,0.0Pnull, R1015.0,835.0,0.0Pnull, R1876.0,2096.0,0.0Pnull, R1950.0,3065.0,0.0Pnull]
349.67192451274656,1957.7287601156868,0.895591572cc1900.0,3800.0,0.0, C150.0 S:[(0tt12), (1tt10), (2tt22), (3tt20), (4tt31), (5tt11), (6ff01)][LIS5, R4-0.02, O0, O1, O2, O3]
W150.00.0[R1172.0,1548.0,0.0Pnull, R1015.0,835.0,0.0Pnull, R1876.0,2096.0,0.0Pnull, R1950.0,3065.0,0.0Pnull]
514.7236711803318,2158.821277754516,0.871239637cc1900.0,3800.0,0.0, C150.0 S:[(0tt12), (1tt10), (2tt22), (3tt20), (4ff31), (5ff11), (6ff01)][O0, O1, O2, O3]
W150.00.0[R1172.0,1548.0,0.0Pnull, R1876.0,2096.0,0.0Pnull, R1950.0,3065.0,0.0Pnull]
683.1505741610274,2358.964746794283,0.871239637cc1900.0,3800.0,0.0, C150.0 S:[(0tt12), (1tt10), (2tt22), (3tt20), (4ff31), (5ff11), (6ff01)][O0, O1, O2, O3]
W150.00.0[R1172.0,1548.0,0.0Pnull, R1876.0,2096.0,0.0Pnull, R1950.0,3065.0,0.0Pnull]
851.577477141723,2559.1082158340505,0.871239637cc1900.0,3800.0,0.0, C150.0 S:[(0tt12), (1tt10), (2tt22), (3tt20), (4ff31), (5ff11), (6ff01)][O0, O1, O2, O3]
W150.00.0[R1172.0,1548.0,0.0Pnull, R1876.0,2096.0,0.0Pnull, R1950.0,3065.0,0.0Pnull]
1020.0043801224185,2759.251684873818,0.871239637cc1900.0,3800.0,0.0, C150.0 S:[(0tt12), (1tt10), (2tt22), (3tt20), (4ff31), (5ff11), (6ff01)][O0, O1, O2, O3]
W150.00.0[R1172.0,1548.0,0.0Pnull, R1876.0,2096.0,0.0Pnull, R1950.0,3065.0,0.0Pnull]
1188.431283103114,2959.395153913585,0.871239637cc1900.0,3800.0,0.0, C150.0 S:[(0tt12), (1tt10), (2tt22), (3tt20), (4ff31), (5ff11), (6ff01)][O0, O1, O2, O3]
W150.00.0[R1172.0,1548.0,0.0Pnull, R2265.0,3790.0,0.0Pnull, R1876.0,2096.0,0.0Pnull, R2160.0,4175.0,0.0Pnull, R1950.0,3065.0,0.0Pnull]
1356.8581860838096,3159.5386229533524,0.871239637cc1900.0,3800.0,0.0, C150.0 S:[(0tt12), (1tt10), (2tt22), (3tt20), (4ff31), (5ff11), (6ff01)][O0, O1, O2, O3]
W150.00.0[R2592.0,3408.0,0.0Pnull, R2265.0,3790.0,0.0Pnull, R1876.0,2096.0,0.0Pnull, R2160.0,4175.0,0.0Pnull, R1950.0,3065.0,0.0Pnull]
1525.2850890645052,3359.6820919931197,0.871239637cc1900.0,3800.0,0.0, C150.0 S:[(0tt12), (1tt10), (2tt22), (3tt20), (4ff31), (5ff11), (6ff01)][O0, O1, O2, O3]
W150.00.0[R2592.0,3408.0,0.0Pnull, R2265.0,3790.0,0.0Pnull, R1876.0,2096.0,0.0Pnull, R2160.0,4175.0,0.0Pnull, R2196.0,4684.0,0.0Pnull, R1950.0,3065.0,0.0Pnull]
1693.7119920452008,3559.825561032887,0.871239637cc1900.0,3800.0,0.0, C150.0 S:[(0tt12), (1tt10), (2tt22), (3tt20), (4ff31), (5ff11), (6ff01)][O0, O1, O2, O3]
W150.00.0[R3023.3333333333335,4403.333333333333,0.0Pnull, R2592.0,3408.0,0.0Pnull, R2265.0,3790.0,0.0Pnull, R2160.0,4175.0,0.0Pnull, R2196.0,4684.0,0.0Pnull, R2724.0,4940.0,0.0Pnull, R1950.0
1862.1388950258963,3759.9690300726543,0.871239637cc2000.0,5240.0,0.0, C150.0 S:[(0tt12), (1tt22), (2tt20), (3ft10), (4ff31), (5ff11), (6ff01)][O0, M1,1,2, O1, M2,0,-2, O2, M3,-1,0]
W150.00.0[R3023.3333333333335,4403.333333333333,0.0Pnull, R2592.0,3408.0,0.0Pnull, R2265.0,3790.0,0.0Pnull, R2160.0,4175.0,0.0Pnull, R2196.0,4684.0,0.0Pnull, R2724.0,4940.0,0.0Pnull, R1950.0
1919.1222311286724,3914.106201048584,1.6566378cc2000.0,5240.0,0.0, C150.0 S:[(0tt12), (1tt20), (2tt22), (3tt10), (4tt31), (5tt11), (6ff01)][LOS5, R40.19, O0, M1,0,-2, O1, M2,0,2, O2, O3]
W150.00.0[R3023.3333333333335,4403.333333333333,0.0Pnull, R2592.0,3408.0,0.0Pnull, R2265.0,3790.0,0.0Pnull, R2160.0,4175.0,0.0Pnull, R2196.0,4684.0,0.0Pnull, R2724.0,4940.0,0.0Pnull, R1950.0
1889.9770353303818,4076.2706503332893,1.842468544cc2000.0,5240.0,0.0, C150.0 S:[(0tt12), (1tt20), (2tt22), (3tt10), (4tt31), (5ff11), (6ff01)][R4-0.03, O0, O1, O2, O3]
W150.00.0[R3023.3333333333335,4403.333333333333,0.0Pnull, R2592.0,3408.0,0.0Pnull, R2265.0,3790.0,0.0Pnull, R2160.0,4175.0,0.0Pnull, R2196.0,4684.0,0.0Pnull, R2724.0,4940.0,0.0Pnull, R1950.0
1847.8457581208188,4235.795812210733,1.815269307cc2000.0,5240.0,0.0, C150.0 S:[(0tt12), (1tt20), (2tt22), (3tt10), (4tt31), (5ff11), (6ff01)][R4-0.39, O0, O1, O2, O3]
W150.00.0[R3023.3333333333335,4403.333333333333,0.0Pnull, R2265.0,3790.0,0.0Pnull, R2160.0,4175.0,0.0Pnull, R2196.0,4684.0,0.0Pnull, R2724.0,4940.0,0.0Pnull, R1950.0,3065.0,0.0Pnull]
1839.8124567934033,4399.5292158280645,1.420422862cc2000.0,5240.0,0.0, C150.0 S:[(0tt12), (1tt20), (2tt22), (3tt10), (4tt31), (5tt11), (6ff01)][LIS5, R4-0.04, O0, O1, O2, O3]
W150.00.0[R3023.3333333333335,4403.333333333333,0.0Pnull, R2265.0,3790.0,0.0Pnull, R2160.0,4175.0,0.0Pnull, R2196.0,4684.0,0.0Pnull, R2724.0,4940.0,0.0Pnull, R1950.0,3065.0,0.0Pnull]
1871.8585551617566,4587.0515012591695,1.382462454cc2000.0,5240.0,0.0, C150.0 S:[(0tt12), (1tt20), (2tt22), (3tt10), (4ff31), (5ff11), (6ff01)][O0, O1, O2, O3]
W150.00.0[R3023.3333333333335,4403.333333333333,0.0Pnull, R2265.0,3790.0,0.0Pnull, R2160.0,4175.0,0.0Pnull, R2196.0,4684.0,0.0Pnull, R2724.0,4940.0,0.0Pnull, R1950.0,3065.0,0.0Pnull]
1908.0081050728127,4776.720684706119,1.382462454cc2000.0,5240.0,0.0, C150.0 S:[(0tt12), (1tt20), (2tt22), (3tt10), (4ff31), (5ff11), (6ff01)][O0, O1, O2, O3]
W150.00.0[R3023.3333333333335,4403.333333333333,0.0Pnull, R2265.0,3790.0,0.0Pnull, R2160.0,4175.0,0.0Pnull, R2196.0,4684.0,0.0Pnull, R2724.0,4940.0,0.0Pnull]
1944.1576549838687,4966.389868153068,1.382462454cc2000.0,5240.0,0.0, C150.0 S:[(0tt12), (1tt20), (2tt22), (3tt10), (4ff31), (5tt11), (6ff01)][LOS5, O0, O1, O2, O3]
W150.00.0[R3023.3333333333335,4403.333333333333,0.0Pnull, R2160.0,4175.0,0.0Pnull, R2196.0,4684.0,0.0Pnull, R2724.0,4940.0,0.0Pnull]
1975.0493657941747,5128.472261407855,1.382462454cc3600.0,5160.0,0.0, C150.0 S:[(0tt12), (1tt20), (2tt22), (3tt10), (4tt31), (5tt11), (6ff01)][LIS5, R40.11, O0, O1, O2, O3]
W150.00.0[R3023.3333333333335,4403.333333333333,0.0Pnull, R2160.0,4175.0,0.0Pnull, R2196.0,4684.0,0.0Pnull, R2724.0,4940.0,0.0Pnull]
1999.446043270598,5311.436495317863,1.496913563cc3600.0,5160.0,0.0, C150.0 S:[(0tt12), (1tt20), (2tt22), (3tt10), (4tt31), (5ff11), (6ff01)][R4-0.42, O0, O1, O2, O3]
W150.00.0[R3023.3333333333335,4403.333333333333,0.0Pnull, R2196.0,4684.0,0.0Pnull, R2724.0,4940.0,0.0Pnull]
2058.63897584769,5507.709323982509,1.07527615cc3600.0,5160.0,0.0, C150.0 S:[(0tt12), (1tt20), (2tt22), (3tt10), (4tt31), (5ff11), (6ff01)][R4-0.48, O0, O1, O2, O3]
W150.00.0[R2196.0,4684.0,0.0Pnull, R2724.0,4940.0,0.0Pnull]
2235.2138828548254,5701.030270361924,0.597263986cc3600.0,5160.0,0.0, C150.0 S:[(0tt12), (1tt20), (2tt22), (3tt10), (4tt31), (5ff11), (6ff01)][R4-0.4, O0, O1, O2, O3]
W150.00.0[R3023.3333333333335,4403.333333333333,0.0Pnull, R2196.0,4684.0,0.0Pnull, R2724.0,4940.0,0.0Pnull]
2511.927708016056,5817.508504738597,0.200684357cc3600.0,5160.0,0.0, C150.0 S:[(0tt12), (1tt20), (2tt22), (3tt10), (4tt31), (5ff11), (6ff01)][R4-0.74, O0, O1, O2, O3]
W150.00.0[R3023.3333333333335,4403.333333333333,0.0Pnull, R2196.0,4684.0,0.0Pnull, R2724.0,4940.0,0.0Pnull]
2810.345287667299,5768.12350356981,-0.543566124cc3600.0,5160.0,0.0, C150.0 S:[(0tt12), (1tt20), (2tt22), (3tt10), (4tt31), (5ff11), (6ff01)][R4-0.11, O0, O1, O2, O3]
W150.00.0[R3023.3333333333335,4403.333333333333,0.0Pnull, R2196.0,4684.0,0.0Pnull, R2724.0,4940.0,0.0Pnull]
3048.7254223953696,5605.376513947733,-0.656249769cc3600.0,5160.0,0.0, C150.0 S:[(0tt12), (1tt20), (2tt22), (3tt10), (4tt31), (5ff11), (6ff01)][R4-0.02, O0, O1, O2, O3]
W150.00.0[R3023.3333333333335,4403.333333333333,0.0Pnull, R2196.0,4684.0,0.0Pnull, R2724.0,4940.0,0.0Pnull]
3270.759309155282,5430.275788933415,-0.679541443cc3600.0,5160.0,0.0, C150.0 S:[(0tt12), (1tt20), (2tt22), (3tt10), (4ff31), (5ff11), (6ff01)][O0, O1, O2, O3]
W150.00.0[R3023.3333333333335,4403.333333333333,0.0Pnull, R2196.0,4684.0,0.0Pnull, R2724.0,4940.0,0.0Pnull]
3489.866524252811,5253.258361336413,-0.679541443cc3300.0,3500.0,0.0, C150.0 S:[(0tt10), (1tt22), (2tt20), (3ft11), (4ff31), (5ft12), (6ff01)][M0,0,-2, O0, M1,0,2, O1, M2,0,-2, O2, M3,0,1, M5
W150.00.0[R3023.3333333333335,4403.333333333333,0.0Pnull, R2196.0,4684.0,0.0Pnull, R2724.0,4940.0,0.0Pnull]
3586.7439930613086,5090.570644147701,-1.464939606cc3300.0,3500.0,0.0, C150.0 S:[(0tt12), (1tt20), (2tt22), (3tt10), (4tt31), (5ft11), (6ff01)][R4-0.28, M0,0,2, O0, M1,0,-2, O1, M2,0,2, O2, M
W150.00.0[R3023.3333333333335,4403.333333333333,0.0Pnull, R2196.0,4684.0,0.0Pnull, R2724.0,4940.0,0.0Pnull]
3582.2023490474567,4931.3756222138945,-1.749157979cc3300.0,3500.0,0.0, C150.0 S:[(0tt12), (1tt20), (2tt22), (3tt10), (4ff31), (5tt11), (6ff01)][LOS5, O0, O1, O2, O3]
W150.00.0[R3023.3333333333335,4403.333333333333,0.0Pnull, R2196.0,4684.0,0.0Pnull, R2724.0,4940.0,0.0Pnull]
3552.928468860482,4768.993234194735,-1.749157979cc3300.0,3500.0,0.0, C150.0 S:[(0tt12), (1tt20), (2tt22), (3tt10), (4tt31), (5ff11), (6ff01)][R4-0.02, O0, O1, O2, O3]
W150.00.0[R3023.3333333333335,4403.333333333333,0.0Pnull, R2196.0,4684.0,0.0Pnull, R2724.0,4940.0,0.0Pnull]
3522.179325565614,4606.88609587649,-1.767532451cc3300.0,3500.0,0.0, C150.0 S:[(0tt12), (1tt20), (2tt22), (3tt10), (4ff31), (5ff11), (6ff01)][O0, O1, O2, O3]
W150.00.0[R3023.3333333333335,4403.333333333333,0.0Pnull, R2724.0,4940.0,0.0Pnull]
3489.926864287074,4445.0689807696845,-1.767532451cc3300.0,3500.0,0.0, C150.0 S:[(0tt12), (1tt20), (2tt22), (3tt10), (4ff31), (5ff11), (6ff01)][O0, O1, O2, O3]
W150.00.0[R3023.3333333333335,4403.333333333333,0.0Pnull, R2592.0,3408.0,0.0Pnull, R2724.0,4940.0,0.0Pnull]
3457.674403008534,4283.251865662879,-1.767532451cc3300.0,3500.0,0.0, C150.0 S:[(0tt12), (1tt20), (2tt22), (3tt10), (4ff31), (5ff11), (6ff01)][O0, O1, O2, O3]
W150.00.0[R3023.3333333333335,4403.333333333333,0.0Pnull, R2592.0,3408.0,0.0Pnull, R2724.0,4940.0,0.0Pnull]
3425.4219417299937,4121.434750556074,-1.767532451cc3300.0,3500.0,0.0, C150.0 S:[(0tt12), (1tt20), (2tt22), (3tt10), (4ff31), (5ff11), (6ff01)][O0, O1, O2, O3]
W150.00.0[R3023.3333333333335,4403.333333333333,0.0Pnull, R2592.0,3408.0,0.0Pnull]
3393.1694804514536,3959.617635449307,-1.767532451cc3300.0,3500.0,0.0, C150.0 S:[(0tt12), (1tt20), (2tt22), (3tt10), (4ff31), (5ff11), (6ff01)][O0, O1, O2, O3]
W150.00.0[R3023.3333333333335,4403.333333333333,0.0Pnull, R2592.0,3408.0,0.0Pnull]
