Macro[ Position[x=500.0,y=500.0,orientation=0.0]0.7853981633974483]
Micro : 22 actions
MOVING[sailorId=19,xdistance=5,ydistance=0],
OAR[sailorId=9],
OAR[sailorId=14],
MOVING[sailorId=18,xdistance=0,ydistance=1],
OAR[sailorId=18],
MOVING[sailorId=13,xdistance=2,ydistance=1],
OAR[sailorId=13],
MOVING[sailorId=17,xdistance=2,ydistance=0],
LIFT_SAIL[sailorId=17],
MOVING[sailorId=4,xdistance=5,ydistance=0],
OAR[sailorId=4],
MOVING[sailorId=8,xdistance=5,ydistance=0],
MOVING[sailorId=12,xdistance=4,ydistance=1],
MOVING[sailorId=16,xdistance=3,ydistance=2],
MOVING[sailorId=3,xdistance=5,ydistance=0],
OAR[sailorId=5],
OAR[sailorId=10],
OAR[sailorId=15],
MOVING[sailorId=11,xdistance=2,ydistance=-1],
OAR[sailorId=11],
MOVING[sailorId=0,xdistance=5,ydistance=0],
OAR[sailorId=0],
Macro[ Position[x=500.0,y=500.0,orientation=0.0]0.9489720389643068]
Micro : 20 actions
MOVING[sailorId=19,xdistance=2,ydistance=0],
TURN[sailorId=19,rotation=0.07630741296714205],
OAR[sailorId=9],
OAR[sailorId=14],
OAR[sailorId=18],
OAR[sailorId=13],
OAR[sailorId=4],
LIFT_SAIL[sailorId=17],
MOVING[sailorId=8,xdistance=0,ydistance=1],
OAR[sailorId=8],
MOVING[sailorId=12,xdistance=1,ydistance=1],
OAR[sailorId=12],
MOVING[sailorId=16,xdistance=2,ydistance=1],
OAR[sailorId=16],
MOVING[sailorId=3,xdistance=4,ydistance=1],
OAR[sailorId=3],
OAR[sailorId=5],
OAR[sailorId=10],
OAR[sailorId=15],
OAR[sailorId=11],
Macro[ Position[x=500.0,y=500.0,orientation=0.0]1.101609333612752]
Micro : 19 actions
TURN[sailorId=19,rotation=-0.021895630550985867],
OAR[sailorId=9],
LIFT_SAIL[sailorId=17],
OAR[sailorId=14],
OAR[sailorId=18],
OAR[sailorId=13],
OAR[sailorId=4],
OAR[sailorId=8],
OAR[sailorId=12],
OAR[sailorId=16],
OAR[sailorId=3],
OAR[sailorId=5],
OAR[sailorId=10],
OAR[sailorId=15],
OAR[sailorId=11],
OAR[sailorId=0],
MOVING[sailorId=6,xdistance=5,ydistance=0],
MOVING[sailorId=1,xdistance=5,ydistance=0],
MOVING[sailorId=7,xdistance=5,ydistance=0],
Macro[ Position[x=500.0,y=500.0,orientation=0.0]1.0336444974290617]
Micro : 20 actions
TURN[sailorId=19,rotation=-0.06796483618368354],
OAR[sailorId=5],
OAR[sailorId=10],
OAR[sailorId=15],
OAR[sailorId=9],
OAR[sailorId=14],
OAR[sailorId=18],
OAR[sailorId=13],
OAR[sailorId=4],
OAR[sailorId=8],
OAR[sailorId=11],
OAR[sailorId=0],
MOVING[sailorId=6,xdistance=0,ydistance=-1],
OAR[sailorId=6],
MOVING[sailorId=1,xdistance=2,ydistance=-1],
OAR[sailorId=1],
MOVING[sailorId=7,xdistance=2,ydistance=-2],
OAR[sailorId=7],
MOVING[sailorId=3,xdistance=0,ydistance=-4],
OAR[sailorId=3],
Macro[ Position[x=500.0,y=500.0,orientation=0.0]0.8322344475637715]
Micro : 19 actions
TURN[sailorId=19,rotation=-0.026877124665853014],
OAR[sailorId=5],
LIFT_SAIL[sailorId=17],
OAR[sailorId=9],
OAR[sailorId=14],
OAR[sailorId=18],
OAR[sailorId=13],
OAR[sailorId=4],
OAR[sailorId=8],
