POS 0.0 0.0 FWD 1.0 0.0 ADC 0.2153576996977383 ADR 0.2153576996977383 PC 0 OG 0 OR 1 R 0 C 3 S 1
POS 58.62379467285798 5.066395894703991 FWD 0.984807753012208 0.17364817766693053 ADC 0.04562274187476255 ADR 0.04562274187476255 PC 0 OG 1 OR 0 R 0 C 3 S 1
POS 117.23111987827193 10.23421457485887 FWD 1.0 2.6020852139652106E-18 ADC 0.22525408566919264 ADR 0.22525408566919264 PC 0 OG 0 OR 1 R 0 C 3 S 1
POS 175.85491455112987 15.300610469562857 FWD 0.984807753012208 0.17364817766693053 ADC 0.05629586675722733 ADR 0.05629586675722733 PC 0 OG 1 OR 0 R 0 C 3 S 1
POS 234.4622397565438 20.468429149717743 FWD 1.0 2.6020852139652106E-18 ADC 0.23679271424039422 ADR 0.23679271424039422 PC 0 OG 0 OR 1 R 0 C 3 S 1
POS 293.086034429402 25.53482504442174 FWD 0.984807753012208 0.17364817766693053 ADC 0.06881514348184146 ADR 0.06881514348184146 PC 0 OG 1 OR 0 R 0 C 3 S 1
POS 351.69335963481603 30.702643724576625 FWD 1.0 2.6020852139652106E-18 ADC 0.2504153445640693 ADR 0.2504153445640693 PC 0 OG 0 OR 1 R 0 C 3 S 1
POS 410.3171543076741 35.76903961928063 FWD 0.984807753012208 0.17364817766693053 ADC 0.08369974098505044 ADR 0.08369974098505044 PC 0 OG 1 OR 0 R 0 C 3 S 1
POS 468.92447951308816 40.93685829943552 FWD 1.0 2.6020852139652106E-18 ADC 0.2667358539973563 ADR 0.2667358539973563 PC 0 OG 0 OR 2 R 0 C 3 S 1
POS 534.9405609561788 52.37044878718515 FWD 0.9396926207859082 0.3420201433256691 ADC -0.0765683749852205 ADR -0.0765683749852205 PC 0 OG 2 OR 0 R 0 C 3 S 0
POS 552.898299367584 55.56920919475059 FWD 1.0 5.204170427930421E-18 ADC 0.2741085415814642 ADR 0.2741085415814642 PC 0 OG 0 OR 2 R 0 C 3 S 1
POS 618.914380810675 67.00279968250024 FWD 0.9396926207859082 0.3420201433256691 ADC -0.06823590464773394 ADR -0.06823590464773394 PC 0 OG 2 OR 0 R 0 C 3 S 0
POS 636.8721192220801 70.20156009006567 FWD 1.0 5.204170427930421E-18 ADC 0.2827279465747968 ADR 0.2827279465747968 PC 0 OG 0 OR 2 R 0 C 3 S 1
POS 702.8882006651711 81.63515057781541 FWD 0.9396926207859082 0.3420201433256691 ADC -0.05839534224260023 ADR -0.05839534224260023 PC 0 OG 2 OR 0 R 0 C 3 S 0
POS 720.8459390765762 84.83391098538084 FWD 1.0 5.204170427930421E-18 ADC 0.29293782497933535 ADR 0.29293782497933535 PC 0 OG 0 OR 2 R 0 C 3 S 1
POS 786.8620205196672 96.26750147313058 FWD 0.9396926207859082 0.3420201433256691 ADC -0.046599076771954524 ADR -0.046599076771954524 PC 0 OG 2 OR 0 R 0 C 3 S 0
POS 804.8197589310723 99.46626188069601 FWD 1.0 5.204170427930421E-18 ADC 0.3052202712232423 ADR 0.3052202712232423 PC 0 OG 0 OR 2 R 0 C 3 S 1
POS 870.8358403741634 110.89985236844575 FWD 0.9396926207859082 0.3420201433256691 ADC -0.03220430047615554 ADR -0.03220430047615554 PC 0 OG 2 OR 0 R 0 C 3 S 0
POS 888.7935787855685 114.09861277601118 FWD 1.0 5.204170427930421E-18 ADC 0.3202725098854795 ADR 0.3202725098854795 PC 0 OG 0 OR 2 R 0 C 3 S 1
POS 954.8096602286595 125.53220326376092 FWD 0.9396926207859082 0.3420201433256691 ADC -0.014254675971987298 ADR -0.014254675971987298 PC 0 OG 2 OR 0 R 0 C 3 S 0
POS 972.7673986400646 128.7309636713264 FWD 1.0 5.204170427930421E-18 ADC 0.3391406624788661 ADR 0.3391406624788661 PC 0 OG 0 OR 2 R 0 C 3 S 1
POS 1038.7834800831554 140.16455415907612 FWD 0.9396926207859082 0.3420201433256691 ADC 0.008734755384896637 ADR 0.008734755384896637 PC 0 OG 2 OR 0 R 0 C 3 S 0
POS 1056.7412184945615 143.36331456664155 FWD 1.0 5.204170427930421E-18 ADC 0.36346601059633366 ADR 0.36346601059633366 PC 0 OG 0 OR 2 R 0 C 3 S 1
POS 1122.7572999376516 154.79690505439126 FWD 0.9396926207859082 0.3420201433256691 ADC 0.03919443092772519 ADR 0.03919443092772519 PC 0 OG 2 OR 0 R 0 C 3 S 0
POS 1140.7150383490577 157.9956654619567 FWD 1.0 5.204170427930421E-18 ADC 0.39596971383663854 ADR 0.39596971383663854 PC 0 OG 0 OR 2 R 0 C 3 S 1
POS 1206.7311197921479 169.4292559497064 FWD 0.9396926207859082 0.3420201433256691 ADC 0.08137392154441381 ADR 0.08137392154441381 PC 0 OG 2 OR 0 R 0 C 3 S 0
POS 1224.688858203554 172.62801635727183 FWD 1.0 5.204170427930421E-18 ADC 0.44148819628175123 ADR 0.44148819628175123 PC 0 OG 0 OR 3 R 0 C 3 S 1
POS 1296.7049299655132 191.42400610263616 FWD 0.8660254037844385 0.5000000000000003 ADC -0.041843460830417484 ADR -0.041843460830417484 PC 0 OG 3 OR 0 R 0 C 3 S 0
POS 1322.9470140729763 198.52923737485892 FWD 1.0 8.153200337090993E-17 ADC 0.5003224735879834 ADR 0.5003224735879834 PC 0 OG 0 OR 3 R 0 C 3 S 1
POS 1394.9630858349356 217.32522712022325 FWD 0.8660254037844385 0.5000000000000003 ADC 0.05071921584675074 ADR 0.05071921584675074 PC 0 OG 3 OR 0 R 0 C 3 S 0
POS 1421.2051699423987 224.430458392446 FWD 1.0 8.153200337090993E-17 ADC 0.6122751593357587 ADR 0.6122751593357587 PC 0 OG 0 OR 4 R 0 C 3 S 1
POS 1497.7437795415458 251.2726056885702 FWD 0.7660444431189777 0.6427876096865398 ADC 0.06971048620300636 ADR 0.06971048620300636 PC 0 OG 4 OR 0 R 0 C 3 S 0
POS 1531.4606829663044 263.6780106793753 FWD 1.0 1.0061396160665481E-16 ADC 0.8997270774678835 ADR 0.8997270774678835 PC 0 OG 0 OR 5 R 0 C 3 S 1
POS 1571.7758095265958 282.2635385906059 FWD 0.6427876096865387 0.7660444431189786 ADC 0.3033322173861633 ADR 0.3033322173861633 PC 0 OG 3 OR 0 R 0 C 3 S 0
POS 1594.0051700983333 297.9155933536896 FWD 0.9396926207859083 0.3420201433256689 ADC 1.107136372363883 ADR 1.107136372363883 PC 0 OG 0 OR 4 R 0 C 3 S 0
POS 1621.6070176769838 320.9125857610756 FWD 0.4999999999999991 0.8660254037844392 ADC 1.3279593101176992 ADR 1.3279593101176992 PC 1 OG 0 OR 2 R 0 C 2 S 0
POS 1627.875510276544 338.04204685962605 FWD 0.1736481776669289 0.9848077530122084 ADC 0.9883492040321568 ADR 0.9883492040321568 PC 0 OG 2 OR 0 R 0 C 2 S 0
POS 1634.0841717086764 355.1932847222016 FWD 0.4999999999999991 0.8660254037844392 ADC 1.346934282871854 ADR 1.346934282871854 PC 0 OG 0 OR 2 R 0 C 2 S 0
POS 1640.3526643082366 372.32274582075206 FWD 0.1736481776669289 0.9848077530122084 ADC 1.0074787209894327 ADR 1.0074787209894327 PC 0 OG 2 OR 0 R 0 C 2 S 0
POS 1646.561325740369 389.4739836833276 FWD 0.4999999999999991 0.8660254037844392 ADC 1.3662172289821064 ADR 1.3662172289821064 PC 0 OG 0 OR 2 R 0 C 2 S 0
POS 1652.8298183399293 406.60344478187807 FWD 0.1736481776669289 0.9848077530122084 ADC 1.0269127753241603 ADR 1.0269127753241603 PC 0 OG 2 OR 0 R 0 C 2 S 0
POS 1659.0384797720617 423.7546826444536 FWD 0.4999999999999991 0.8660254037844392 ADC 1.3858010228872844 ADR 1.3858010228872844 PC 0 OG 0 OR 2 R 0 C 2 S 0
POS 1665.306972371622 440.8841437430041 FWD 0.1736481776669289 0.9848077530122084 ADC 1.0466436722175845 ADR 1.0466436722175845 PC 0 OG 2 OR 0 R 0 C 2 S 0
POS 1671.5156338037543 458.03538160557963 FWD 0.4999999999999991 0.8660254037844392 ADC 1.4056773927697894 ADR 1.4056773927697894 PC 0 OG 0 OR 2 R 0 C 2 S 0
POS 1677.7841264033145 475.1648427041301 FWD 0.1736481776669289 0.9848077530122084 ADC 1.0666625564077996 ADR 1.0666625564077996 PC 0 OG 2 OR 0 R 0 C 2 S 0
POS 1683.992787835447 492.31608056670564 FWD 0.4999999999999991 0.8660254037844392 ADC 1.425836894071844 ADR 1.425836894071844 PC 0 OG 0 OR 2 R 0 C 2 S 0
POS 1690.2612804350072 509.4455416652561 FWD 0.1736481776669289 0.9848077530122084 ADC 1.0869593899549255 ADR 1.0869593899549255 PC 0 OG 2 OR 0 R 0 C 2 S 0
POS 1696.4699418671396 526.5967795278314 FWD 0.4999999999999991 0.8660254037844392 ADC 1.446268891767573 ADR 1.446268891767573 PC 0 OG 0 OR 2 R 0 C 2 S 0
POS 1702.7384344666998 543.7262406263814 FWD 0.1736481776669289 0.9848077530122084 ADC 1.1075229392899468 ADR 1.1075229392899468 PC 0 OG 2 OR 0 R 0 C 2 S 0
POS 1708.9470958988322 560.8774784889564 FWD 0.4999999999999991 0.8660254037844392 ADC 1.4669615524308712 ADR 1.4669615524308712 PC 0 OG 0 OR 2 R 0 C 2 S 0
POS 1715.2155884983924 578.0069395875064 FWD 0.1736481776669289 0.9848077530122084 ADC 1.128340772548233 ADR 1.128340772548233 PC 0 OG 2 OR 0 R 0 C 2 S 0
POS 1721.4242499305249 595.1581774500814 FWD 0.4999999999999991 0.8660254037844392 ADC 1.487901847052744 ADR 1.487901847052744 PC 0 OG 0 OR 3 R 0 C 2 S 0
POS 1728.5294812027473 621.4002615575442 FWD 9.387105746808683E-15 1.0 ADC 0.9796744067221704 ADR 0.9796744067221704 PC 0 OG 3 OR 0 R 0 C 2 S 0
POS 1735.4972124749697 647.6791886789663 FWD 0.4999999999999991 0.8660254037844392 ADC 1.5187798070102312 ADR 1.5187798070102312 PC 0 OG 0 OR 3 R 0 C 2 S 0
POS 1742.6024437471922 673.9212727864291 FWD 9.387105746808683E-15 1.0 ADC 1.0108720770351312 ADR 1.0108720770351312 PC 0 OG 3 OR 0 R 0 C 2 S 0
POS 1749.5701750194146 700.2001999078511 FWD 0.4999999999999991 0.8660254037844392 ADC 1.5502890796722852 ADR 1.5502890796722852 PC 0 OG 0 OR 3 R 0 C 2 S 0
POS 1756.675406291637 726.4422840153139 FWD 9.387105746808683E-15 1.0 ADC 1.042679387842382 ADR 1.042679387842382 PC 0 OG 3 OR 0 R 0 C 2 S 0
POS 1763.6431375638595 752.721211136736 FWD 0.4999999999999991 0.8660254037844392 ADC 1.582384824375461 ADR 1.582384824375461 PC 0 OG 0 OR 3 R 0 C 2 S 0
POS 1770.748368836082 778.9632952441988 FWD 9.387105746808683E-15 1.0 ADC 1.0750482322063108 ADR 1.0750482322063108 PC 0 OG 3 OR 0 R 0 C 2 S 0
POS 1777.7161001083043 805.2422223656208 FWD 0.4999999999999991 0.8660254037844392 ADC 1.6150156982022168 ADR 1.6150156982022168 PC 0 OG 0 OR 3 R 0 C 2 S 0
POS 1784.8213313805268 831.4843064730836 FWD 9.387105746808683E-15 1.0 ADC 1.1079240988338752 ADR 1.1079240988338752 PC 0 OG 3 OR 0 R 0 C 2 S 0
POS 1791.7890626527492 857.7632335945057 FWD 0.4999999999999991 0.8660254037844392 ADC 1.6481240896808638 ADR 1.6481240896808638 PC 0 OG 0 OR 3 R 0 C 2 S 0
POS 1798.8942939249716 884.0053177019685 FWD 9.387105746808683E-15 1.0 ADC 1.1412463874500622 ADR 1.1412463874500622 PC 0 OG 2 OR 0 R 0 C 2 S 0
POS 1802.030350639595 901.9741124662295 FWD 0.342020143325678 0.939692620785905 ADC 1.50137605286561 ADR 1.50137605286561 PC 0 OG 0 OR 2 R 0 C 2 S 0
POS 1805.2291110471615 919.9318508776346 FWD 9.387105746808683E-15 1.0 ADC 1.1634449861565535 ADR 1.1634449861565535 PC 0 OG 2 OR 0 R 0 C 2 S 0
POS 1808.365167761785 937.9006456418956 FWD 0.342020143325678 0.939692620785905 ADC 1.5236954422308873 ADR 1.5236954422308873 PC 0 OG 0 OR 2 R 0 C 2 S 0
POS 1811.5639281693514 955.8583840533007 FWD 9.387105746808683E-15 1.0 ADC 1.1858797248196844 ADR 1.1858797248196844 PC 0 OG 2 OR 0 R 0 C 2 S 0
POS 1814.6999848839748 973.8271788175617 FWD 0.342020143325678 0.939692620785905 ADC 1.5462415784730092 ADR 1.5462415784730092 PC 0 OG 0 OR 2 R 0 C 2 S 0
POS 1817.8987452915412 991.7849172289668 FWD 9.387105746808683E-15 1.0 ADC 1.208531466398062 ADR 1.208531466398062 PC 0 OG 2 OR 0 R 0 C 2 S 0
POS 1821.0348020061647 1009.7537119932279 FWD 0.342020143325678 0.939692620785905 ADC 1.5689946833077937 ADR 1.5689946833077937 PC 0 OG 0 OR 2 R 0 C 2 S 0
POS 1824.233562413731 1027.7114504046328 FWD 9.387105746808683E-15 1.0 ADC 1.2313798127064588 ADR 1.2313798127064588 PC 0 OG 2 OR 0 R 0 C 2 S 0
POS 1827.3696191283545 1045.680245168895 FWD 0.342020143325678 0.939692620785905 ADC 1.5919337580639292 ADR 1.5919337580639292 PC 0 OG 0 OR 2 R 0 C 2 S 0
POS 1830.568379535921 1063.6379835803011 FWD 9.387105746808683E-15 1.0 ADC 1.2544031903902009 ADR 1.2544031903902009 PC 0 OG 2 OR 0 R 0 C 2 S 0
POS 1833.7044362505444 1081.6067783445633 FWD 0.342020143325678 0.939692620785905 ADC 1.6150366780554455 ADR 1.6150366780554455 PC 0 OG 0 OR 2 R 0 C 2 S 0
POS 1836.9031966581108 1099.5645167559694 FWD 9.387105746808683E-15 1.0 ADC 1.2775789535179758 ADR 1.2775789535179758 PC 0 OG 2 OR 0 R 0 C 2 S 0
POS 1840.0392533727343 1117.5333115202316 FWD 0.342020143325678 0.939692620785905 ADC 1.6382803031952393 ADR 1.6382803031952393 PC 0 OG 0 OR 2 R 0 C 2 S 0
POS 1843.2380137803007 1135.4910499316377 FWD 9.387105746808683E-15 1.0 ADC 1.3008835019304221 ADR 1.3008835019304221 PC 0 OG 2 OR 0 R 0 C 2 S 0
POS 1846.3740704949241 1153.4598446958998 FWD 0.342020143325678 0.939692620785905 ADC 1.6616406037800218 ADR 1.6616406037800218 PC 0 OG 0 OR 3 R 0 C 2 S 0
POS 1848.8144672553115 1180.5370630424516 FWD -0.1736481776669104 0.9848077530122116 ADC 1.1553510989428797 ADR 1.1553510989428797 PC 0 OG 3 OR 0 R 0 C 2 S 0
POS 1851.1130552274258 1207.6266880503656 FWD 0.342020143325678 0.939692620785905 ADC 1.6963382945853493 ADR 1.6963382945853493 PC 0 OG 0 OR 3 R 0 C 2 S 0
POS 1853.553451987813 1234.7039063969173 FWD -0.1736481776669104 0.9848077530122116 ADC 1.1902238131669276 ADR 1.1902238131669276 PC 0 OG 3 OR 0 R 0 C 2 S 0
POS 1855.8520399599274 1261.7935314048314 FWD 0.342020143325678 0.939692620785905 ADC 1.73136915469629 ADR 1.73136915469629 PC 0 OG 0 OR 3 R 0 C 2 S 0
POS 1858.2924367203148 1288.870749751383 FWD -0.1736481776669104 0.9848077530122116 ADC 1.2253890903898617 ADR 1.2253890903898617 PC 0 OG 3 OR 0 R 0 C 2 S 0
POS 1860.591024692429 1315.960374759297 FWD 0.342020143325678 0.939692620785905 ADC 1.7666509921254359 ADR 1.7666509921254359 PC 0 OG 0 OR 3 R 0 C 2 S 0
POS 1863.0314214528164 1343.0375931058488 FWD -0.1736481776669104 0.9848077530122116 ADC 1.2607627710394254 ADR 1.2607627710394254 PC 0 OG 3 OR 0 R 0 C 2 S 0
POS 1865.3300094249307 1370.1272181137629 FWD 0.342020143325678 0.939692620785905 ADC 1.8020979455983426 ADR 1.8020979455983426 PC 0 OG 0 OR 3 R 0 C 2 S 0
POS 1867.770406185318 1397.2044364603146 FWD -0.1736481776669104 0.9848077530122116 ADC 1.2962576190278365 ADR 1.2962576190278365 PC 0 OG 3 OR 0 R 0 C 2 S 0
POS 1870.0689941574324 1424.2940614682286 FWD 0.342020143325678 0.939692620785905 ADC 1.8376216967654713 ADR 1.8376216967654713 PC 0 OG 0 OR 4 R 0 C 2 S 0
POS 1870.194401543319 1460.2204852051932 FWD -0.3420201433256604 0.9396926207859114 ADC 1.1629340146404108 ADR 1.1629340146404108 PC 0 OG 4 OR 0 R 0 C 2 S 0
POS 1870.0689941574333 1496.1469089421578 FWD 0.342020143325678 0.939692620785905 ADC 1.8845649386384293 ADR 1.8845649386384293 PC 0 OG 0 OR 4 R 0 C 2 S 0
POS 1870.1944015433198 1532.0733326791224 FWD -0.3420201433256604 0.9396926207859114 ADC 1.2099773242389997 ADR 1.2099773242389997 PC 0 OG 4 OR 0 R 0 C 2 S 0
POS 1870.0689941574342 1567.999756416087 FWD 0.342020143325678 0.939692620785905 ADC 1.9316642141902143 ADR 1.9316642141902143 PC 0 OG 0 OR 4 R 0 C 2 S 0
POS 1870.1944015433207 1603.9261801530515 FWD -0.3420201433256604 0.9396926207859114 ADC 1.2570726765012152 ADR 1.2570726765012152 PC 0 OG 4 OR 0 R 0 C 2 S 0
POS 1870.068994157435 1639.852603890016 FWD 0.342020143325678 0.939692620785905 ADC 1.9787112221415146 ADR 1.9787112221415146 PC 0 OG 0 OR 4 R 0 C 2 S 0
POS 1870.1944015433216 1675.7790276269807 FWD -0.3420201433256604 0.9396926207859114 ADC 1.3040118227874584 ADR 1.3040118227874584 PC 0 OG 4 OR 0 R 0 C 2 S 0
POS 1870.068994157436 1711.7054513639453 FWD 0.342020143325678 0.939692620785905 ADC 2.0254990406588673 ADR 2.0254990406588673 PC 0 OG 0 OR 5 R 0 C 2 S 0
POS 1866.3928960901856 1755.945903218684 FWD -0.4999999999999829 0.8660254037844485 ADC 1.1817463771411236 ADR 1.1817463771411236 PC 0 OG 5 OR 0 R 0 C 2 S 0
POS 1862.3308721239107 1800.1525909322968 FWD 0.342020143325678 0.939692620785905 ADC 2.0832559831291872 ADR 2.0832559831291872 PC 0 OG 0 OR 5 R 0 C 2 S 0
POS 1858.6547740566602 1844.3930427870355 FWD -0.4999999999999829 0.8660254037844485 ADC 1.2392909445031084 ADR 1.2392909445031084 PC 0 OG 5 OR 0 R 0 C 2 S 0
POS 1854.5927500903854 1888.5997305006483 FWD 0.342020143325678 0.939692620785905 ADC 2.14050903661398 ADR 2.14050903661398 PC 0 OG 0 OR 5 R 0 C 2 S 0
