cp:[1500.0,300.0,0.0, C50.0, 300.0,1500.0,0.0, C50.0, 0.0,0.0,0.0, C70.0] d:11,5 E:O1,0.,O2,0.,O3,0.,O4,0.,O5,0.,O6,0.,O7,0.,O8,0.,O9,0.,O1,4.,O2,4.,O3,4.,O4,4.,O5,4.,O6,4.,O7,4.,O8,4.,O9,4.
W3.360.0[S500.0,0.0,0.0R300.0600.00.040.0, S780.0,780.0,-0.52R300.0900.00.080.0]
0.0,0.0,0.0cc1500.0,300.0,0.0, C50.0 S:[(0tt14), (1tt24), (2tt10), (3tt34), (4ft21), (5tt20), (6ft43), (7tt44), (8tt30), (9tt54), (10tt40), (11ft62), (12ft63), (13tt64), (14ft52), (15tt50), 
W3.360.0[S500.0,0.0,0.0R300.0600.00.040.0, S780.0,780.0,-0.52R300.0900.00.080.0]
111.04154625038515,19.373934557288475,0.34906585cc1500.0,300.0,0.0, C50.0 S:[(0tt14), (1tt20), (2tt24), (3tt30), (4tt34), (5tt10), (6tt44), (7tt40), (8ft53), (9tt54), (10tt50), (11tt64), (12
W3.360.0[S500.0,0.0,0.0R300.0600.00.040.0, S780.0,780.0,-0.52R300.0900.00.080.0]
277.3471771190711,75.5770405660927,0.373889874cc1500.0,300.0,0.0, C50.0 S:[(0tt14), (1tt20), (2tt24), (3tt30), (4tt34), (5tt10), (6tt44), (7tt40), (8tt54), (9tt50), (10tt64), (11tt60), (12tt
W3.360.0[S500.0,0.0,0.0R300.0600.00.040.0, S1250.0,1250.0,3.36R250.0900.00.080.0, S780.0,780.0,-0.52R300.0900.00.080.0]
478.8342211018452,121.77852655855405,0.181533371cc1500.0,300.0,0.0, C50.0 S:[(0tt14), (1tt20), (2tt24), (3tt30), (4tt34), (5tt10), (6tt44), (7tt40), (8tt54), (9tt50), (10tt64), (11tt60), (12
W3.360.0[S500.0,0.0,0.0R300.0600.00.040.0, S1250.0,1250.0,3.36R250.0900.00.080.0, S780.0,780.0,-0.52R300.0900.00.080.0]
684.3734283142275,152.1639296441542,0.181533371cc1500.0,300.0,0.0, C50.0 S:[(0tt14), (1tt20), (2tt24), (3tt30), (4tt34), (5tt10), (6tt44), (7tt40), (8tt54), (9tt50), (10tt64), (11tt60), (12t
W3.360.0[S500.0,0.0,0.0R300.0600.00.040.0, S1250.0,1250.0,3.36R250.0900.00.080.0, S780.0,780.0,-0.52R300.0900.00.080.0]
852.3126355266119,182.54933272975435,0.181533371cc1500.0,300.0,0.0, C50.0 S:[(0tt14), (1tt20), (2tt24), (3tt30), (4tt34), (5tt10), (6tt44), (7tt40), (8tt54), (9tt50), (10tt64), (11tt60), (12
W3.360.0[S500.0,0.0,0.0R300.0600.00.040.0, S1250.0,1250.0,3.36R250.0900.00.080.0, S780.0,780.0,-0.52R300.0900.00.080.0]
1017.8518427389964,212.93473581535451,0.181533371cc1500.0,300.0,0.0, C50.0 S:[(0tt14), (1tt20), (2tt24), (3tt30), (4tt34), (5tt10), (6tt44), (7tt40), (8tt54), (9tt50), (10tt64), (11tt60), (1
W3.360.0[S500.0,0.0,0.0R300.0600.00.040.0, S1250.0,1250.0,3.36R250.0900.00.080.0, S780.0,780.0,-0.52R300.0900.00.080.0]
1183.391049951392,243.32013890095467,0.181533371cc1500.0,300.0,0.0, C50.0 S:[(0tt14), (1tt20), (2tt24), (3tt30), (4tt34), (5tt10), (6tt44), (7tt40), (8tt54), (9tt50), (10tt64), (11tt60), (12
W3.360.0[S500.0,0.0,0.0R300.0600.00.040.0, S1250.0,1250.0,3.36R250.0900.00.080.0, S780.0,780.0,-0.52R300.0900.00.080.0]
1348.930257163788,273.70554198655316,0.181533371cc1500.0,300.0,0.0, C50.0 S:[(0tt14), (1tt20), (2tt24), (3tt30), (4tt34), (5tt10), (6tt44), (7tt40), (8tt54), (9tt50), (10tt64), (11tt60), (12
W3.360.0[S500.0,0.0,0.0R300.0600.00.040.0, S1250.0,1250.0,3.36R250.0900.00.080.0, S780.0,780.0,-0.52R300.0900.00.080.0]
1514.4694643761839,304.0909450721505,0.181533371cc300.0,1500.0,0.0, C50.0 S:[(0tt14), (1tt24), (2tt34), (3tt44), (4tt54), (5ft60), (6tt64), (7ft72), (8tt74), (9ft82), (10tt84), (11ft92), (12
W3.360.0[S500.0,0.0,0.0R300.0600.00.040.0, S1250.0,1250.0,3.36R250.0900.00.080.0, S780.0,780.0,-0.52R300.0900.00.080.0]
1536.0338849586199,368.35642611054544,2.363894543cc300.0,1500.0,0.0, C50.0 S:[(0tt14), (1tt20), (2tt34), (3tt40), (4tt54), (5tt60), (6tt64), (7tt70), (8tt74), (9tt80), (10tt84), (11tt90), (1
W3.360.0[S500.0,0.0,0.0R300.0600.00.040.0, S1250.0,1250.0,3.36R250.0900.00.080.0, S780.0,780.0,-0.52R300.0900.00.080.0]
1429.7000858842173,469.3607061137971,2.400255706cc300.0,1500.0,0.0, C50.0 S:[(0tt14), (1tt20), (2tt34), (3tt40), (4tt54), (5tt60), (6tt64), (7tt70), (8tt74), (9tt80), (10tt84), (11tt90), (12
W3.360.0[S500.0,0.0,0.0R300.0600.00.040.0, S1250.0,1250.0,3.36R250.0900.00.080.0, S780.0,780.0,-0.52R300.0900.00.080.0]
1308.0016279680356,580.7810154870243,2.400255706cc300.0,1500.0,0.0, C50.0 S:[(0tt14), (1tt20), (2tt34), (3tt40), (4tt54), (5tt60), (6tt64), (7tt70), (8tt74), (9tt80), (10tt84), (11tt90), (12
W3.360.0[S500.0,0.0,0.0R300.0600.00.040.0, S1250.0,1250.0,3.36R250.0900.00.080.0, S780.0,780.0,-0.52R300.0900.00.080.0]
1211.9906177703094,677.4936727800762,2.400255706cc300.0,1500.0,0.0, C50.0 S:[(0tt14), (1tt20), (2tt34), (3tt40), (4tt54), (5tt60), (6tt64), (7tt70), (8tt74), (9tt80), (10tt84), (11tt90), (12
W3.360.0[S500.0,0.0,0.0R300.0600.00.040.0, S1250.0,1250.0,3.36R250.0900.00.080.0, S780.0,780.0,-0.52R300.0900.00.080.0]
1145.138332009749,757.5111574415777,2.400255706cc300.0,1500.0,0.0, C50.0 S:[(0tt14), (1tt20), (2tt34), (3tt40), (4tt54), (5tt60), (6tt64), (7tt70), (8tt74), (9tt80), (10tt84), (11tt90), (12t
W3.360.0[S500.0,0.0,0.0R300.0600.00.040.0, S1250.0,1250.0,3.36R250.0900.00.080.0, S780.0,780.0,-0.52R300.0900.00.080.0]
1022.3174096516852,867.6885927373052,2.420760536cc300.0,1500.0,0.0, C50.0 S:[(0tt14), (1tt20), (2tt34), (3tt40), (4tt54), (5tt60), (6tt64), (7tt70), (8tt74), (9tt80), (10tt84), (11tt90), (12
W3.360.0[S500.0,0.0,0.0R300.0600.00.040.0, S1250.0,1250.0,3.36R250.0900.00.080.0, S780.0,780.0,-0.52R300.0900.00.080.0]
898.3600403654175,976.5902483703927,2.420760536cc300.0,1500.0,0.0, C50.0 S:[(0tt14), (1tt20), (2tt34), (3tt40), (4tt54), (5tt60), (6tt64), (7tt70), (8tt74), (9tt80), (10tt84), (11tt90), (12t
W3.360.0[S500.0,0.0,0.0R300.0600.00.040.0, S1250.0,1250.0,3.36R250.0900.00.080.0, S780.0,780.0,-0.52R300.0900.00.080.0]
771.278690996998,1084.798543746234,2.420760536cc300.0,1500.0,0.0, C50.0 S:[(0tt14), (1tt20), (2tt34), (3tt40), (4tt54), (5tt60), (6tt64), (7tt70), (8tt74), (9tt80), (10tt84), (11tt90), (12tt
W3.360.0[S1250.0,1250.0,3.36R250.0900.00.080.0, S780.0,780.0,-0.52R300.0900.00.080.0]
647.3213217107302,1193.70019937931,2.420760536cc300.0,1500.0,0.0, C50.0 S:[(0tt14), (1tt20), (2tt34), (3tt40), (4tt54), (5tt60), (6tt64), (7tt70), (8tt74), (9tt80), (10tt84), (11tt90), (12tt
W3.360.0[S1250.0,1250.0,3.36R250.0900.00.080.0, S780.0,780.0,-0.52R300.0900.00.080.0]
523.3639524244625,1302.6018550123863,2.420760536cc300.0,1500.0,0.0, C50.0 S:[(0tt14), (1tt20), (2tt34), (3tt40), (4tt54), (5tt60), (6tt64), (7tt70), (8tt74), (9tt80), (10tt84), (11tt90), (12
W3.360.0[S1250.0,1250.0,3.36R250.0900.00.080.0, S780.0,780.0,-0.52R300.0900.00.080.0]
399.40658313818955,1411.5035106454625,2.420760536cc300.0,1500.0,0.0, C50.0 S:[(0tt14), (1tt20), (2tt34), (3tt40), (4tt54), (5tt60), (6tt64), (7tt70), (8tt74), (9tt80), (10tt84), (11tt90), (1
W3.360.0[S1250.0,1250.0,3.36R250.0900.00.080.0, S780.0,780.0,-0.52R300.0900.00.080.0]
275.4492138519161,1520.4051662785387,2.420760536cc0.0,0.0,0.0, C70.0 S:[(0tt14), (1tt24), (2tt34), (3tt44), (4tt54), (5tt64), (6tt74), (7tt84), (8tt94), (9ff80), (10ft70), (11ff90), (12ft53)
W3.360.0[S1250.0,1250.0,3.36R250.0900.00.080.0, S780.0,780.0,-0.52R300.0900.00.080.0]
211.00907882209557,1498.7059897883858,-1.750020665cc0.0,0.0,0.0, C70.0 S:[(0tt14), (1tt20), (2tt34), (3tt40), (4tt54), (5tt60), (6tt74), (7tt80), (8tt94), (9tt70), (10tt64), (11tt90), (12tt4
W3.360.0[S1250.0,1250.0,3.36R250.0900.00.080.0, S780.0,780.0,-0.52R300.0900.00.080.0]
187.68064810947175,1353.9160722445283,-1.710671095cc0.0,0.0,0.0, C70.0 S:[(0tt14), (1tt20), (2tt34), (3tt40), (4tt54), (5tt60), (6tt74), (7tt80), (8tt94), (9tt70), (10tt64), (11tt90), (12tt4
W3.360.0[S1250.0,1250.0,3.36R250.0900.00.080.0, S780.0,780.0,-0.52R300.0900.00.080.0]
164.67649537619303,1190.527550747374,-1.710671095cc0.0,0.0,0.0, C70.0 S:[(0tt14), (1tt20), (2tt34), (3tt40), (4tt54), (5tt60), (6tt74), (7tt80), (8tt94), (9tt70), (10tt64), (11tt90), (12tt44
W3.360.0[S500.0,0.0,0.0R300.0600.00.040.0, S1250.0,1250.0,3.36R250.0900.00.080.0, S780.0,780.0,-0.52R300.0900.00.080.0]
141.67234264291432,1027.13902925022,-1.710671095cc0.0,0.0,0.0, C70.0 S:[(0tt14), (1tt20), (2tt34), (3tt40), (4tt54), (5tt60), (6tt74), (7tt80), (8tt94), (9tt70), (10tt64), (11tt90), (12tt44)
W3.360.0[S500.0,0.0,0.0R300.0600.00.040.0, S1250.0,1250.0,3.36R250.0900.00.080.0, S780.0,780.0,-0.52R300.0900.00.080.0]
118.66818990963618,863.7505077530769,-1.710671095cc0.0,0.0,0.0, C70.0 S:[(0tt14), (1tt20), (2tt34), (3tt40), (4tt54), (5tt60), (6tt74), (7tt80), (8tt94), (9tt70), (10tt64), (11tt90), (12tt44
W3.360.0[S500.0,0.0,0.0R300.0600.00.040.0, S1250.0,1250.0,3.36R250.0900.00.080.0, S780.0,780.0,-0.52R300.0900.00.080.0]
95.66403717635889,700.3619862559341,-1.710671095cc0.0,0.0,0.0, C70.0 S:[(0tt14), (1tt20), (2tt34), (3tt40), (4tt54), (5tt60), (6tt74), (7tt80), (8tt94), (9tt70), (10tt64), (11tt90), (12tt44)
W3.360.0[S500.0,0.0,0.0R300.0600.00.040.0, S1250.0,1250.0,3.36R250.0900.00.080.0, S780.0,780.0,-0.52R300.0900.00.080.0]
72.6598844430816,536.9734647587912,-1.710671095cc0.0,0.0,0.0, C70.0 S:[(0tt14), (1tt20), (2tt34), (3tt40), (4tt54), (5tt60), (6tt74), (7tt80), (8tt94), (9tt70), (10tt64), (11tt90), (12tt44),
W3.360.0[S500.0,0.0,0.0R300.0600.00.040.0, S780.0,780.0,-0.52R300.0900.00.080.0]
49.65573170980385,373.58494326164356,-1.710671095cc0.0,0.0,0.0, C70.0 S:[(0tt14), (1tt20), (2tt34), (3tt40), (4tt54), (5tt60), (6tt74), (7tt80), (8tt94), (9tt70), (10tt64), (11tt90), (12tt44
W3.360.0[S500.0,0.0,0.0R300.0600.00.040.0, S780.0,780.0,-0.52R300.0900.00.080.0]
26.651578976525848,210.19642176449503,-1.710671095cc0.0,0.0,0.0, C70.0 S:[(0tt14), (1tt20), (2tt34), (3tt40), (4tt54), (5tt60), (6tt74), (7tt80), (8tt94), (9tt70), (10tt64), (11tt90), (12tt4
