Round 1: Position [0.0, 0.0, 0.0]
Round 2: Position [0.0, 0.0, 0.0]
Round 3: Position [52.93255129340979, 52.10755129340978, 1.5707963267948943]
Round 4: Position [52.93255129340979, 162.1075512934093, 1.5707963267948943]
Round 5: Position [52.93255129340979, 272.10755129340913, 1.5707963267948943]
Round 6: Position [52.93255129340979, 382.1075512934114, 1.5707963267948943]
Round 7: Position [52.93255129340979, 492.1075512934137, 1.5707963267948943]
Round 8: Position [52.93255129340979, 602.1075512934159, 1.5707963267948943]
Round 9: Position [52.93255129340979, 712.1075512934182, 1.5707963267948943]
Round 10: Position [52.93255129340979, 822.1075512934204, 1.5707963267948943]
Round 11: Position [52.93255129340979, 932.1075512934227, 1.5707963267948943]
Round 12: Position [52.93255129340979, 1042.107551293423, 1.5707963267948943]
Round 13: Position [105.04010258681954, 1095.040102586834, -2.7755575615628914E-17]
Round 14: Position [157.97265388022942, 1042.932551293423, -1.5707963267948943]
Round 15: Position [157.97265388022942, 1042.932551293423, -1.302264898123513]
Round 16: Position [187.15739003902632, 936.874778474356, -1.302264898123513]
Round 17: Position [216.34212619782323, 830.8170056552909, -1.302264898123513]
Round 18: Position [245.52686235662014, 724.7592328362258, -1.302264898123513]
Round 19: Position [274.71159851541887, 618.7014600171607, -1.302264898123513]
Round 20: Position [303.8963346742186, 512.6436871980956, -1.302264898123513]
Round 21: Position [333.0810708330184, 406.58591437902476, -1.302264898123513]
Round 22: Position [362.2658069918181, 300.52814155995395, -1.302264898123513]
Round 23: Position [391.4505431506179, 194.47036874088315, -1.302264898123513]
Round 24: Position [420.6352793094176, 88.41259592181288, -1.302264898123513]
Round 25: Position [449.8200154682174, -17.64517689725651, -1.302264898123513]
Round 26: Position [479.00475162701713, -123.7029497163259, -1.302264898123513]
Round 27: Position [508.1894877858169, -229.76072253539664, -1.302264898123513]
Round 28: Position [471.99323057196005, -294.62121013711896, -2.8730612249184007]
Round 29: Position [407.1327429702375, -258.42495292326316, -4.443857551713289]
Round 30: Position [407.1327429702375, -258.42495292326316, -4.17095726895232]
Round 31: Position [350.44276285191916, -164.15806502414466, -4.17095726895232]
Round 32: Position [293.75278273360084, -69.89117712502704, -4.17095726895232]
Round 33: Position [237.06280261528252, 24.37571077409065, -4.17095726895232]
Round 34: Position [180.3728224969642, 118.64259867320803, -4.17095726895232]
Round 35: Position [123.682842378646, 212.9094865723264, -4.17095726895232]
Round 36: Position [66.9928622603291, 307.1763744714449, -4.17095726895232]
Round 37: Position [10.30288214201209, 401.4432623705634, -4.17095726895232]
Round 38: Position [-46.38709797630499, 495.7101502696819, -4.17095726895232]
Round 39: Position [-103.0770780946219, 589.9770381688004, -4.17095726895232]
Round 40: Position [-159.7670582129396, 684.2439260679189, -4.17095726895232]
Round 41: Position [-216.4570383312579, 778.5108139670374, -4.17095726895232]
Round 42: Position [-273.1470184495762, 872.7777018661559, -4.17095726895232]
Round 43: Position [-329.8369985678945, 967.0445897652744, -4.17095726895232]
Round 44: Position [-386.52697868621283, 1061.3114776643883, -4.17095726895232]
