Round 1: Position [360.0, 320.0, 1.5708]
Round 2: Position [360.0, 320.0, 1.5708]
Round 3: Position [359.9993939211606, 484.9999999988893, 1.5708]
Round 4: Position [359.99878784232124, 649.9999999977738, 1.5708]
Round 5: Position [359.99818176348185, 814.9999999966574, 1.5708]
Round 6: Position [359.99757568464247, 979.999999995541, 1.5708]
Round 7: Position [359.9969696058031, 1144.999999994433, 1.5708]
Round 8: Position [359.9963635269637, 1309.999999993328, 1.5708]
Round 9: Position [350.0573539929542, 1474.5981812528348, 1.6926314520635477]
Round 10: Position [330.0042550637181, 1638.375082015235, 1.6926314520635477]
Round 11: Position [309.95115613448206, 1802.151982777635, 1.6926314520635477]
Round 12: Position [352.3646075569441, 1957.24941604408, 0.9072332886661039]
Round 13: Position [510.89772711602524, 2160.021280884476, 0.9072332886661039]
Round 14: Position [669.4308466751064, 2362.793145724882, 0.9072332886661039]
Round 15: Position [827.9639662341875, 2565.565010565288, 0.9072332886661039]
Round 16: Position [986.4970857932686, 2768.336875405694, 0.9072332886661039]
Round 17: Position [1145.0302053523585, 2971.1087402461003, 0.9072332886661039]
Round 18: Position [1303.563324911451, 3173.8806050865064, 0.9072332886661039]
Round 19: Position [1462.0964444705435, 3376.6524699269125, 0.9072332886661039]
Round 20: Position [1639.3825195474478, 3573.598958738055, 0.7684987481316241]
Round 21: Position [1835.5445134345105, 3763.240478103851, 0.7684987481316241]
Round 22: Position [1929.4399132173417, 3960.1732097316685, 1.553896911529068]
Round 23: Position [1922.0787560850108, 4021.0272805069912, 1.8723934021356692]
Round 24: Position [1873.0662364612267, 4178.579725490018, 1.8723934021356692]
Round 25: Position [1824.0537168374426, 4336.132170473066, 1.8723934021356692]
Round 26: Position [1775.0411972136585, 4493.684615456114, 1.8723934021356692]
Round 27: Position [1726.0286775898744, 4651.237060439163, 1.8723934021356692]
Round 28: Position [1677.0161579660903, 4808.789505422211, 1.8723934021356692]
Round 29: Position [1628.0036383423062, 4966.341950405259, 1.8723934021356692]
Round 30: Position [1642.0029493029735, 5126.523516011393, 1.0869952387382253]
Round 31: Position [1764.9361389913988, 5230.253052574652, 0.30695746302550897]
Round 32: Position [1926.924091933516, 5258.981962090475, 0.0414413639998745]
Round 33: Position [2089.9214450193435, 5282.634170006982, 0.24883683889224403]
Round 34: Position [2390.741529941932, 5359.073543257996, 0.24883683889224403]
Round 35: Position [2691.561614864521, 5435.51291650901, 0.24883683889224403]
Round 36: Position [2992.3816997871095, 5511.9522897600245, 0.24883683889224403]
Round 37: Position [3293.201784709698, 5588.391663011039, 0.24883683889224403]
Round 38: Position [3592.319318589514, 5547.3121845649885, -0.5365613245052047]
Round 39: Position [3745.3944246402757, 5353.970854518787, -1.3219594879026486]
Round 40: Position [3733.0701717311686, 5213.4027961907905, -2.1073576513000924]
Round 41: Position [3692.810617013061, 5113.926385163926, -1.8183657232851003]
Round 42: Position [3652.3776658560796, 4953.957086669674, -1.8183657232851003]
Round 43: Position [3611.9447146990983, 4793.987788175422, -1.8183657232851003]
Round 44: Position [3571.511763542117, 4634.01848968117, -1.8183657232851003]
Round 45: Position [3531.0788123851357, 4474.049191186918, -1.8183657232851003]
Round 46: Position [3490.6458612281544, 4314.079892692665, -1.8183657232851003]
Round 47: Position [3450.212910071173, 4154.110594198413, -1.8183657232851003]
Round 48: Position [3409.779958914192, 3994.141295704161, -1.8183657232851003]
Round 49: Position [3369.3470077572106, 3834.171997209909, -1.8183657232851003]
Round 50: Position [3328.9140566002293, 3674.202698715657, -1.8183657232851003]
Round 51: Position [3288.481105443248, 3514.2334002214047, -1.8183657232851003]
Round 52: Position [3222.19092395038, 3363.9990265743045, -2.157719556482166]
Round 53: Position [3130.8136302610687, 3226.6120177342536, -2.157719556482166]
Round 54: Position [3039.4363365717577, 3089.225008894203, -2.157719556482166]
Round 55: Position [2948.0590428824466, 2951.838000054152, -2.157719556482166]
Round 56: Position [2856.6817491931356, 2814.450991214101, -2.157719556482166]
Round 57: Position [2765.3044555038246, 2677.0639823740503, -2.157719556482166]
Round 58: Position [2662.6740253393577, 2548.1275537998613, -2.3301636745250573]
Round 59: Position [2569.251597589247, 2412.9370915945924, -2.01768267186753]
Round 60: Position [2497.945239066295, 2264.140575391418, -2.01768267186753]
Round 61: Position [2426.638880543343, 2115.344059188244, -2.01768267186753]
Round 62: Position [2370.668330335687, 1960.4263592056109, -1.8152840296554538]
Round 63: Position [2330.7285467589313, 1800.3332185410623, -1.8152840296554538]
Round 64: Position [2290.7887631821754, 1640.2400778765136, -1.8152840296554538]
Round 65: Position [2250.8489796054196, 1480.146937211965, -1.8152840296554538]
Round 66: Position [2210.9091960286637, 1320.0537965474164, -1.8152840296554538]
Round 67: Position [2179.9329367427613, 1158.075611123441, -1.7030983592099234]
Round 68: Position [2133.454304542061, 1000.4538864496495, -2.0151102568503974]
Round 69: Position [2062.5309479180537, 851.4744332180427, -2.0151102568503974]
Round 70: Position [1991.6075912940646, 702.4949799864359, -2.0151102568503974]
Round 71: Position [1920.68423467008, 553.515526754829, -2.0151102568503974]
Round 72: Position [1841.5632710763205, 408.8235750364011, -2.1284178539145135]
Round 73: Position [1715.293402715385, 307.6187983248462, -2.8102813147761005]
Round 74: Position [1555.405547922377, 267.7294476656049, -2.9856733040323467]
Round 75: Position [1392.407132565203, 242.1068679545036, -2.9856733040323467]
Round 76: Position [1227.9254833722628, 234.02853093751645, -3.201521531003307]
Round 77: Position [1063.2216910083055, 243.91087787191196, -3.201521531003307]
Round 78: Position [898.5178986443482, 253.79322480630748, -3.201521531003307]
Round 79: Position [733.8141062803909, 263.6755717407052, -3.201521531003307]
