( OAR_RIGHT OAR_RIGHT OAR_RIGHT OAR_RIGHT OAR_RIGHT OAR_LEFT OAR_RIGHT OAR_LEFT OAR_RIGHT OAR_LEFT OAR_RIGHT OAR_LEFT OAR_RIGHT OAR_LEFT TURN)
The entity OAR at {x=9, y=0} has no more sailors nearby
The entity OAR at {x=9, y=4} has no more sailors nearby
The entity RUDDER at {x=10, y=4} has no more sailors nearby
There is no more oar with free sailor on the right side of the ship
As{ M[15,5,0] M[19,5,0] M[10,5,0] M[14,5,0] M[5,5,0] M[9,5,0] M[0,5,0] M[4,5,0] M[1,4,-1] M[3,4,1] M[2,1,2] M[6,1,3] M[7,2,2] M[16,4,-1] M[16,1,4] M[16,2,0] O[2] O[6] O[7] O[3] O[4] O[9] O[14] O[19] O
( OAR_RIGHT OAR_LEFT OAR_RIGHT OAR_LEFT OAR_RIGHT OAR_LEFT OAR_RIGHT OAR_LEFT OAR_RIGHT OAR_LEFT OAR_RIGHT OAR_LEFT OAR_RIGHT OAR_LEFT OAR_RIGHT OAR_LEFT OAR_RIGHT OAR_LEFT TURN)
As{ M[4,5,0] M[3,5,0] M[0,3,0] M[1,5,0] M[5,1,0] M[9,0,-4] M[10,-2,0] M[7,5,0] M[11,2,-1] M[6,5,0] M[2,0,-4] M[8,0,1] M[12,0,-2] M[13,0,1] M[15,-5,0] M[14,-4,0] M[17,1,2] M[16,-5,0] M[18,3,1] O[8] O[1
( OAR_RIGHT OAR_LEFT OAR_RIGHT OAR_LEFT OAR_RIGHT OAR_LEFT OAR_RIGHT OAR_LEFT OAR_RIGHT OAR_LEFT OAR_RIGHT OAR_LEFT OAR_RIGHT OAR_LEFT OAR_RIGHT OAR_LEFT OAR_RIGHT OAR_LEFT TURN)
As{ M[2,0,0] M[8,0,0] M[5,-5,0] M[6,-5,0] M[1,1,4] M[0,-2,0] M[3,-1,-4] M[4,-1,-4] M[7,1,0] M[14,5,0] M[9,1,4] M[10,-2,0] M[11,0,0] M[12,5,0] M[15,2,0] M[13,1,0] M[16,-1,0] M[17,1,0] M[18,0,0] O[8] O[
( OAR_RIGHT OAR_LEFT OAR_RIGHT OAR_LEFT OAR_RIGHT OAR_LEFT OAR_RIGHT OAR_LEFT OAR_RIGHT OAR_LEFT OAR_RIGHT OAR_LEFT OAR_RIGHT OAR_LEFT OAR_RIGHT OAR_LEFT OAR_RIGHT OAR_LEFT TURN)
As{ M[0,-5,0] M[2,0,4] M[5,0,0] M[6,0,0] M[3,-5,0] M[4,-5,0] M[10,2,0] M[9,-1,-4] M[11,3,0] M[7,-1,-4] M[1,-1,-4] M[14,2,0] M[16,5,0] M[8,2,0] M[13,1,0] M[15,0,4] M[12,-1,4] M[17,2,0] M[18,2,0] O[2] O
( OAR_RIGHT OAR_LEFT OAR_RIGHT OAR_LEFT OAR_RIGHT OAR_LEFT OAR_RIGHT OAR_LEFT OAR_RIGHT OAR_LEFT OAR_RIGHT OAR_LEFT TURN)
As{ M[0,0,0] M[2,0,0] M[3,-1,0] M[5,0,4] M[4,-1,0] M[6,1,0] M[1,-5,0] M[7,-3,0] M[9,0,0] M[12,4,0] M[13,5,0] M[8,1,0] M[10,0,4] O[2] O[5] O[6] O[8] O[10] O[17] O[0] O[3] O[4] O[1] O[7] O[9] T[12,0.0]}
( OAR_RIGHT OAR_LEFT OAR_RIGHT OAR_LEFT OAR_RIGHT OAR_LEFT OAR_RIGHT OAR_LEFT OAR_RIGHT OAR_LEFT OAR_RIGHT OAR_LEFT OAR_RIGHT OAR_LEFT OAR_RIGHT OAR_LEFT OAR_RIGHT OAR_LEFT TURN)
As{ M[0,0,0] M[2,0,0] M[1,-2,0] M[3,0,4] M[4,0,0] M[7,0,0] M[9,0,0] M[11,0,0] M[6,1,-4] M[13,-1,-4] M[12,-1,-4] M[5,1,0] M[8,0,0] M[10,0,0] M[14,-4,0] M[15,2,0] M[16,-1,0] M[17,2,0] M[18,2,0] O[2] O[3
( OAR_RIGHT OAR_LEFT OAR_RIGHT OAR_LEFT OAR_RIGHT OAR_LEFT OAR_RIGHT OAR_LEFT OAR_RIGHT OAR_LEFT OAR_RIGHT OAR_LEFT OAR_RIGHT OAR_LEFT OAR_RIGHT OAR_LEFT OAR_RIGHT OAR_LEFT TURN)
As{ M[0,0,0] M[1,-1,4] M[2,1,-4] M[3,0,0] M[4,0,0] M[5,0,0] M[6,0,0] M[7,-1,4] M[8,1,-4] M[9,0,0] M[10,0,0] M[11,-1,4] M[12,-2,0] M[13,0,0] M[16,1,-4] M[14,1,0] M[15,1,0] M[17,0,0] M[18,0,0] O[1] O[3]
AVOID p[1000.0,1000.0,44.0]RECTFP=p[766.9845669407084,-969.7383862980867,0.0]
( OAR_LEFT OAR_LEFT OAR_LEFT OAR_LEFT OAR_LEFT OAR_LEFT OAR_LEFT OAR_LEFT OAR_LEFT TURN)
As{ M[0,0,0] M[10,5,0] M[1,1,-4] M[2,1,0] M[4,1,0] M[6,1,0] M[8,1,0] M[9,1,0] M[12,1,0] M[13,1,0] O[0] O[1] O[2] O[4] O[6] O[8] O[9] O[12] O[13] T[10,-45.0]}
AVOID p[1000.0,1000.0,44.0]RECTFP=p[1976.2266292771235,2726.599858331462,0.0]
( OAR_RIGHT OAR_RIGHT OAR_RIGHT OAR_RIGHT OAR_RIGHT OAR_RIGHT OAR_RIGHT OAR_RIGHT OAR_RIGHT TURN)
As{ M[0,0,4] M[1,0,4] M[2,0,4] M[10,0,0] M[3,2,0] M[7,5,0] M[4,1,4] M[5,3,0] M[8,1,4] M[9,1,4] O[0] O[1] O[2] O[3] O[4] O[5] O[8] O[9] O[7] T[10,45.0]}
AVOID p[1000.0,1000.0,44.0]RECTFP=p[2247.4085760841704,2542.1210545257672,0.0]
( OAR_RIGHT OAR_RIGHT OAR_RIGHT OAR_RIGHT OAR_RIGHT OAR_RIGHT OAR_RIGHT OAR_RIGHT OAR_RIGHT TURN)
As{ M[0,0,0] M[1,0,0] M[2,0,0] M[3,0,0] M[4,0,0] M[5,0,0] M[7,-2,0] M[8,3,0] M[9,0,0] M[10,-1,0] O[0] O[1] O[2] O[3] O[4] O[5] O[7] O[9] O[10] T[8,8.0]}
AVOID p[1000.0,1000.0,44.0]RECTFP=p[2247.4085760841704,2542.1210545257672,0.0]
( OAR_RIGHT OAR_RIGHT OAR_RIGHT OAR_RIGHT OAR_RIGHT OAR_RIGHT OAR_RIGHT OAR_RIGHT OAR_RIGHT TURN)
As{ M[0,0,0] M[1,0,0] M[2,0,0] M[3,0,0] M[4,0,0] M[5,0,0] M[7,0,0] M[8,0,0] M[9,0,0] M[10,0,0] O[0] O[1] O[2] O[3] O[4] O[5] O[7] O[9] O[10] T[8,8.0]}
AVOID p[1000.0,1000.0,44.0]RECTFP=p[2247.4085760841704,2542.1210545257672,0.0]
( OAR_RIGHT OAR_RIGHT OAR_RIGHT OAR_RIGHT OAR_RIGHT OAR_RIGHT OAR_RIGHT OAR_RIGHT OAR_RIGHT TURN)
As{ M[0,0,0] M[1,0,0] M[2,0,0] M[3,0,0] M[4,0,0] M[5,0,0] M[7,0,0] M[8,0,0] M[9,0,0] M[10,0,0] O[0] O[1] O[2] O[3] O[4] O[5] O[7] O[9] O[10] T[8,8.0]}
AVOID p[1000.0,1000.0,44.0]RECTFP=p[2247.4085760841704,2542.1210545257672,0.0]
( OAR_RIGHT OAR_RIGHT OAR_RIGHT OAR_RIGHT OAR_RIGHT OAR_RIGHT OAR_RIGHT OAR_RIGHT OAR_RIGHT TURN)
As{ M[0,0,0] M[1,0,0] M[2,0,0] M[3,0,0] M[4,0,0] M[5,0,0] M[7,0,0] M[8,0,0] M[9,0,0] M[10,0,0] O[0] O[1] O[2] O[3] O[4] O[5] O[7] O[9] O[10] T[8,8.0]}
AVOID p[1000.0,1000.0,44.0]RECTFP=p[2247.4085760841704,2542.1210545257672,0.0]
( OAR_RIGHT OAR_RIGHT OAR_RIGHT OAR_RIGHT OAR_RIGHT OAR_RIGHT OAR_RIGHT OAR_RIGHT OAR_RIGHT TURN)
As{ M[0,0,0] M[1,0,0] M[2,0,0] M[3,0,0] M[4,0,0] M[5,0,0] M[7,0,0] M[8,0,0] M[9,0,0] M[10,0,0] O[0] O[1] O[2] O[3] O[4] O[5] O[7] O[9] O[10] T[8,8.0]}
AVOID p[1000.0,1000.0,44.0]RECTFP=p[2247.4085760841704,2542.1210545257672,0.0]
( OAR_RIGHT OAR_RIGHT OAR_RIGHT OAR_RIGHT OAR_RIGHT OAR_RIGHT OAR_RIGHT OAR_RIGHT OAR_RIGHT TURN)
As{ M[0,0,0] M[1,0,0] M[2,0,0] M[3,0,0] M[4,0,0] M[5,0,0] M[7,0,0] M[8,0,0] M[9,0,0] M[10,0,0] O[0] O[1] O[2] O[3] O[4] O[5] O[7] O[9] O[10] T[8,8.0]}
AVOID p[1000.0,1000.0,44.0]RECTFP=p[2247.4085760841704,2542.1210545257672,0.0]
( OAR_RIGHT OAR_RIGHT OAR_RIGHT OAR_RIGHT OAR_RIGHT OAR_RIGHT OAR_RIGHT OAR_RIGHT OAR_RIGHT TURN)
As{ M[0,0,0] M[1,0,0] M[2,0,0] M[3,0,0] M[4,0,0] M[5,0,0] M[7,0,0] M[8,0,0] M[9,0,0] M[10,0,0] O[0] O[1] O[2] O[3] O[4] O[5] O[7] O[9] O[10] T[8,8.0]}
AVOID p[1000.0,1000.0,44.0]RECTFP=p[2247.4085760841704,2542.1210545257672,0.0]
( OAR_RIGHT OAR_RIGHT OAR_RIGHT OAR_RIGHT OAR_RIGHT OAR_RIGHT OAR_RIGHT OAR_RIGHT OAR_RIGHT TURN)
As{ M[0,0,0] M[1,0,0] M[2,0,0] M[3,0,0] M[4,0,0] M[5,0,0] M[7,0,0] M[8,0,0] M[9,0,0] M[10,0,0] O[0] O[1] O[2] O[3] O[4] O[5] O[7] O[9] O[10] T[8,8.0]}
AVOID p[1000.0,1000.0,44.0]RECTFP=p[2247.4085760841704,2542.1210545257672,0.0]
( OAR_RIGHT OAR_RIGHT OAR_RIGHT OAR_RIGHT OAR_RIGHT OAR_RIGHT OAR_RIGHT OAR_RIGHT OAR_RIGHT TURN)
As{ M[0,0,0] M[1,0,0] M[2,0,0] M[3,0,0] M[4,0,0] M[5,0,0] M[7,0,0] M[8,0,0] M[9,0,0] M[10,0,0] O[0] O[1] O[2] O[3] O[4] O[5] O[7] O[9] O[10] T[8,8.0]}
AVOID p[1000.0,1000.0,44.0]RECTFP=p[2247.4085760841704,2542.1210545257672,0.0]
( OAR_RIGHT OAR_RIGHT OAR_RIGHT OAR_RIGHT OAR_RIGHT OAR_RIGHT OAR_RIGHT OAR_RIGHT OAR_RIGHT TURN)
As{ M[0,0,0] M[1,0,0] M[2,0,0] M[3,0,0] M[4,0,0] M[5,0,0] M[7,0,0] M[8,0,0] M[9,0,0] M[10,0,0] O[0] O[1] O[2] O[3] O[4] O[5] O[7] O[9] O[10] T[8,8.0]}
AVOID p[1000.0,1000.0,44.0]RECTFP=p[2247.4085760841704,2542.1210545257672,0.0]
( OAR_RIGHT OAR_RIGHT OAR_RIGHT OAR_RIGHT OAR_RIGHT OAR_RIGHT OAR_RIGHT OAR_RIGHT OAR_RIGHT TURN)
As{ M[0,0,0] M[1,0,0] M[2,0,0] M[3,0,0] M[4,0,0] M[5,0,0] M[7,0,0] M[8,0,0] M[9,0,0] M[10,0,0] O[0] O[1] O[2] O[3] O[4] O[5] O[7] O[9] O[10] T[8,8.0]}
AVOID p[1000.0,1000.0,44.0]RECTFP=p[2247.4085760841704,2542.1210545257672,0.0]
( OAR_RIGHT OAR_RIGHT OAR_RIGHT OAR_RIGHT OAR_RIGHT OAR_RIGHT OAR_RIGHT OAR_RIGHT OAR_RIGHT TURN)
As{ M[0,0,0] M[1,0,0] M[2,0,0] M[3,0,0] M[4,0,0] M[5,0,0] M[7,0,0] M[8,0,0] M[9,0,0] M[10,0,0] O[0] O[1] O[2] O[3] O[4] O[5] O[7] O[9] O[10] T[8,8.0]}
AVOID p[1000.0,1000.0,44.0]RECTFP=p[2247.4085760841704,2542.1210545257672,0.0]
( OAR_RIGHT OAR_RIGHT OAR_RIGHT OAR_RIGHT OAR_RIGHT OAR_RIGHT OAR_RIGHT OAR_RIGHT OAR_RIGHT TURN)
As{ M[0,0,0] M[1,0,0] M[2,0,0] M[3,0,0] M[4,0,0] M[5,0,0] M[7,0,0] M[8,0,0] M[9,0,0] M[10,0,0] O[0] O[1] O[2] O[3] O[4] O[5] O[7] O[9] O[10] T[8,8.0]}
AVOID p[1000.0,1000.0,44.0]RECTFP=p[2247.4085760841704,2542.1210545257672,0.0]
( OAR_RIGHT OAR_RIGHT OAR_RIGHT OAR_RIGHT OAR_RIGHT OAR_RIGHT OAR_RIGHT OAR_RIGHT OAR_RIGHT TURN)
As{ M[0,0,0] M[1,0,0] M[2,0,0] M[3,0,0] M[4,0,0] M[5,0,0] M[7,0,0] M[8,0,0] M[9,0,0] M[10,0,0] O[0] O[1] O[2] O[3] O[4] O[5] O[7] O[9] O[10] T[8,8.0]}
AVOID p[1000.0,1000.0,44.0]RECTFP=p[2247.4085760841704,2542.1210545257672,0.0]
( OAR_RIGHT OAR_RIGHT OAR_RIGHT OAR_RIGHT OAR_RIGHT OAR_RIGHT OAR_RIGHT OAR_RIGHT OAR_RIGHT TURN)
As{ M[0,0,0] M[1,0,0] M[2,0,0] M[3,0,0] M[4,0,0] M[5,0,0] M[7,0,0] M[8,0,0] M[9,0,0] M[10,0,0] O[0] O[1] O[2] O[3] O[4] O[5] O[7] O[9] O[10] T[8,8.0]}
AVOID p[1000.0,1000.0,44.0]RECTFP=p[2247.4085760841704,2542.1210545257672,0.0]
( OAR_RIGHT OAR_RIGHT OAR_RIGHT OAR_RIGHT OAR_RIGHT OAR_RIGHT OAR_RIGHT OAR_RIGHT OAR_RIGHT TURN)
As{ M[0,0,0] M[1,0,0] M[2,0,0] M[3,0,0] M[4,0,0] M[5,0,0] M[7,0,0] M[8,0,0] M[9,0,0] M[10,0,0] O[0] O[1] O[2] O[3] O[4] O[5] O[7] O[9] O[10] T[8,8.0]}
AVOID p[1000.0,1000.0,44.0]RECTFP=p[2247.4085760841704,2542.1210545257672,0.0]
( OAR_RIGHT OAR_RIGHT OAR_RIGHT OAR_RIGHT OAR_RIGHT OAR_RIGHT OAR_RIGHT OAR_RIGHT OAR_RIGHT TURN)
As{ M[0,0,0] M[1,0,0] M[2,0,0] M[3,0,0] M[4,0,0] M[5,0,0] M[7,0,0] M[8,0,0] M[9,0,0] M[10,0,0] O[0] O[1] O[2] O[3] O[4] O[5] O[7] O[9] O[10] T[8,8.0]}
AVOID p[1000.0,1000.0,44.0]RECTFP=p[2247.4085760841704,2542.1210545257672,0.0]
( OAR_RIGHT OAR_RIGHT OAR_RIGHT OAR_RIGHT OAR_RIGHT OAR_RIGHT OAR_RIGHT OAR_RIGHT OAR_RIGHT TURN)
As{ M[0,0,0] M[1,0,0] M[2,0,0] M[3,0,0] M[4,0,0] M[5,0,0] M[7,0,0] M[8,0,0] M[9,0,0] M[10,0,0] O[0] O[1] O[2] O[3] O[4] O[5] O[7] O[9] O[10] T[8,8.0]}
AVOID p[1000.0,1000.0,44.0]RECTFP=p[2247.4085760841704,2542.1210545257672,0.0]
( OAR_RIGHT OAR_RIGHT OAR_RIGHT OAR_RIGHT OAR_RIGHT OAR_RIGHT OAR_RIGHT OAR_RIGHT OAR_RIGHT TURN)
As{ M[0,0,0] M[1,0,0] M[2,0,0] M[3,0,0] M[4,0,0] M[5,0,0] M[7,0,0] M[8,0,0] M[9,0,0] M[10,0,0] O[0] O[1] O[2] O[3] O[4] O[5] O[7] O[9] O[10] T[8,8.0]}
AVOID p[1000.0,1000.0,44.0]RECTFP=p[2247.4085760841704,2542.1210545257672,0.0]
( OAR_RIGHT OAR_RIGHT OAR_RIGHT OAR_RIGHT OAR_RIGHT OAR_RIGHT OAR_RIGHT OAR_RIGHT OAR_RIGHT TURN)
As{ M[0,0,0] M[1,0,0] M[2,0,0] M[3,0,0] M[4,0,0] M[5,0,0] M[7,0,0] M[8,0,0] M[9,0,0] M[10,0,0] O[0] O[1] O[2] O[3] O[4] O[5] O[7] O[9] O[10] T[8,8.0]}
AVOID p[1000.0,1000.0,44.0]RECTFP=p[2247.4085760841704,2542.1210545257672,0.0]
( OAR_RIGHT OAR_RIGHT OAR_RIGHT OAR_RIGHT OAR_RIGHT OAR_RIGHT OAR_RIGHT OAR_RIGHT OAR_RIGHT TURN)
As{ M[0,0,0] M[1,0,0] M[2,0,0] M[3,0,0] M[4,0,0] M[5,0,0] M[7,0,0] M[8,0,0] M[9,0,0] M[10,0,0] O[0] O[1] O[2] O[3] O[4] O[5] O[7] O[9] O[10] T[8,8.0]}
AVOID p[1000.0,1000.0,44.0]RECTFP=p[2247.4085760841704,2542.1210545257672,0.0]
( OAR_RIGHT OAR_RIGHT OAR_RIGHT OAR_RIGHT OAR_RIGHT OAR_RIGHT OAR_RIGHT OAR_RIGHT OAR_RIGHT TURN)
As{ M[0,0,0] M[1,0,0] M[2,0,0] M[3,0,0] M[4,0,0] M[5,0,0] M[7,0,0] M[8,0,0] M[9,0,0] M[10,0,0] O[0] O[1] O[2] O[3] O[4] O[5] O[7] O[9] O[10] T[8,8.0]}
AVOID p[1000.0,1000.0,44.0]RECTFP=p[2247.4085760841704,2542.1210545257672,0.0]
( OAR_RIGHT OAR_RIGHT OAR_RIGHT OAR_RIGHT OAR_RIGHT OAR_RIGHT OAR_RIGHT OAR_RIGHT OAR_RIGHT TURN)
As{ M[0,0,0] M[1,0,0] M[2,0,0] M[3,0,0] M[4,0,0] M[5,0,0] M[7,0,0] M[8,0,0] M[9,0,0] M[10,0,0] O[0] O[1] O[2] O[3] O[4] O[5] O[7] O[9] O[10] T[8,8.0]}
AVOID p[1000.0,1000.0,44.0]RECTFP=p[2247.4085760841704,2542.1210545257672,0.0]
( OAR_RIGHT OAR_RIGHT OAR_RIGHT OAR_RIGHT OAR_RIGHT OAR_RIGHT OAR_RIGHT OAR_RIGHT OAR_RIGHT TURN)
As{ M[0,0,0] M[1,0,0] M[2,0,0] M[3,0,0] M[4,0,0] M[5,0,0] M[7,0,0] M[8,0,0] M[9,0,0] M[10,0,0] O[0] O[1] O[2] O[3] O[4] O[5] O[7] O[9] O[10] T[8,8.0]}
AVOID p[1000.0,1000.0,44.0]RECTFP=p[2247.4085760841704,2542.1210545257672,0.0]
( OAR_RIGHT OAR_RIGHT OAR_RIGHT OAR_RIGHT OAR_RIGHT OAR_RIGHT OAR_RIGHT OAR_RIGHT OAR_RIGHT TURN)
As{ M[0,0,0] M[1,0,0] M[2,0,0] M[3,0,0] M[4,0,0] M[5,0,0] M[7,0,0] M[8,0,0] M[9,0,0] M[10,0,0] O[0] O[1] O[2] O[3] O[4] O[5] O[7] O[9] O[10] T[8,8.0]}
AVOID p[1000.0,1000.0,44.0]RECTFP=p[2247.4085760841704,2542.1210545257672,0.0]
