Macro[ Position[x=1500.0,y=300.0,orientation=0.0]0.19739555984988078]
Micro : 25 actions
MOVING[sailorId=19,xdistance=5,ydistance=0],
OAR[sailorId=9],
MOVING[sailorId=17,xdistance=2,ydistance=0],
LIFT_SAIL[sailorId=17],
OAR[sailorId=14],
MOVING[sailorId=18,xdistance=0,ydistance=1],
OAR[sailorId=18],
MOVING[sailorId=13,xdistance=2,ydistance=1],
OAR[sailorId=13],
MOVING[sailorId=4,xdistance=5,ydistance=0],
OAR[sailorId=4],
MOVING[sailorId=8,xdistance=5,ydistance=0],
MOVING[sailorId=12,xdistance=4,ydistance=1],
MOVING[sailorId=16,xdistance=3,ydistance=2],
MOVING[sailorId=3,xdistance=5,ydistance=0],
OAR[sailorId=5],
OAR[sailorId=10],
OAR[sailorId=15],
MOVING[sailorId=11,xdistance=2,ydistance=-1],
OAR[sailorId=11],
MOVING[sailorId=0,xdistance=5,ydistance=0],
OAR[sailorId=0],
MOVING[sailorId=6,xdistance=5,ydistance=0],
MOVING[sailorId=1,xdistance=5,ydistance=0],
MOVING[sailorId=7,xdistance=5,ydistance=0],
Macro[ Position[x=1500.0,y=300.0,orientation=0.0]0.2108574955094564]
Micro : 27 actions
MOVING[sailorId=19,xdistance=2,ydistance=0],
TURN[sailorId=19,rotation=0.03632457031002337],
OAR[sailorId=9],
LIFT_SAIL[sailorId=17],
OAR[sailorId=14],
OAR[sailorId=18],
OAR[sailorId=13],
OAR[sailorId=4],
MOVING[sailorId=8,xdistance=0,ydistance=1],
OAR[sailorId=8],
MOVING[sailorId=12,xdistance=1,ydistance=1],
OAR[sailorId=12],
MOVING[sailorId=16,xdistance=2,ydistance=1],
OAR[sailorId=16],
MOVING[sailorId=3,xdistance=4,ydistance=1],
OAR[sailorId=3],
OAR[sailorId=5],
OAR[sailorId=10],
OAR[sailorId=15],
OAR[sailorId=11],
OAR[sailorId=0],
MOVING[sailorId=6,xdistance=0,ydistance=-1],
OAR[sailorId=6],
MOVING[sailorId=1,xdistance=2,ydistance=-1],
OAR[sailorId=1],
MOVING[sailorId=7,xdistance=2,ydistance=-2],
OAR[sailorId=7],
Macro[ Position[x=1500.0,y=300.0,orientation=0.0]0.23427688327473423]
Micro : 20 actions
TURN[sailorId=19,rotation=0.02341938776527791],
LIFT_SAIL[sailorId=17],
OAR[sailorId=9],
OAR[sailorId=14],
OAR[sailorId=18],
OAR[sailorId=13],
OAR[sailorId=4],
OAR[sailorId=8],
OAR[sailorId=12],
OAR[sailorId=16],
OAR[sailorId=3],
OAR[sailorId=5],
OAR[sailorId=10],
OAR[sailorId=15],
OAR[sailorId=11],
OAR[sailorId=0],
OAR[sailorId=6],
OAR[sailorId=1],
OAR[sailorId=7],
MOVING[sailorId=2,xdistance=5,ydistance=0],
Macro[ Position[x=1500.0,y=300.0,orientation=0.0]0.24062187628714496]
Micro : 20 actions
TURN[sailorId=19,rotation=0.006344993012410677],
OAR[sailorId=5],
LIFT_SAIL[sailorId=2],
OAR[sailorId=9],
OAR[sailorId=14],
OAR[sailorId=18],
OAR[sailorId=13],
OAR[sailorId=4],
OAR[sailorId=8],
OAR[sailorId=12],
OAR[sailorId=16],
OAR[sailorId=10],
OAR[sailorId=15],
OAR[sailorId=11],
OAR[sailorId=0],
OAR[sailorId=6],
OAR[sailorId=1],
OAR[sailorId=7],
MOVING[sailorId=3,xdistance=0,ydistance=-4],
OAR[sailorId=3],
