Micro : 16 actions
MOVING[sailorId=10,xdistance=2,ydistance=0],
TURN[sailorId=10,rotation=0.056262531046803455],
OAR[sailorId=5],
OAR[sailorId=11],
OAR[sailorId=8],
MOVING[sailorId=12,xdistance=0,ydistance=2],
OAR[sailorId=12],
MOVING[sailorId=7,xdistance=3,ydistance=1],
OAR[sailorId=7],
OAR[sailorId=3],
OAR[sailorId=6],
OAR[sailorId=9],
MOVING[sailorId=0,xdistance=4,ydistance=0],
OAR[sailorId=0],
MOVING[sailorId=4,xdistance=4,ydistance=-1],
OAR[sailorId=4],
Micro : 11 actions
TURN[sailorId=10,rotation=0.009250504049916897],
OAR[sailorId=5],
OAR[sailorId=11],
OAR[sailorId=8],
OAR[sailorId=12],
OAR[sailorId=7],
OAR[sailorId=3],
OAR[sailorId=6],
OAR[sailorId=9],
OAR[sailorId=0],
OAR[sailorId=4],
Micro : 11 actions
TURN[sailorId=10,rotation=0.002255979520848328],
OAR[sailorId=5],
OAR[sailorId=11],
OAR[sailorId=8],
OAR[sailorId=12],
OAR[sailorId=7],
OAR[sailorId=3],
OAR[sailorId=6],
OAR[sailorId=9],
OAR[sailorId=0],
OAR[sailorId=4],
Micro : 11 actions
TURN[sailorId=10,rotation=0.0010640322236155075],
OAR[sailorId=5],
OAR[sailorId=11],
OAR[sailorId=8],
OAR[sailorId=12],
OAR[sailorId=7],
OAR[sailorId=3],
OAR[sailorId=6],
OAR[sailorId=9],
OAR[sailorId=0],
OAR[sailorId=4],
Micro : 8 actions
TURN[sailorId=10,rotation=-0.09066929258561718],
OAR[sailorId=3],
OAR[sailorId=6],
OAR[sailorId=9],
OAR[sailorId=5],
OAR[sailorId=11],
OAR[sailorId=0],
OAR[sailorId=4],
Micro : 11 actions
TURN[sailorId=10,rotation=-0.007332221336775913],
OAR[sailorId=5],
OAR[sailorId=11],
OAR[sailorId=8],
OAR[sailorId=12],
OAR[sailorId=7],
OAR[sailorId=3],
OAR[sailorId=6],
OAR[sailorId=9],
OAR[sailorId=0],
OAR[sailorId=4],
Micro : 10 actions
OAR[sailorId=5],
OAR[sailorId=11],
OAR[sailorId=8],
OAR[sailorId=12],
OAR[sailorId=7],
OAR[sailorId=3],
OAR[sailorId=6],
OAR[sailorId=9],
OAR[sailorId=0],
OAR[sailorId=4],
Micro : 5 actions
OAR[sailorId=3],
OAR[sailorId=6],
OAR[sailorId=9],
OAR[sailorId=0],
OAR[sailorId=4],
Micro : 9 actions
TURN[sailorId=10,rotation=0.05345903820519382],
OAR[sailorId=3],
OAR[sailorId=6],
OAR[sailorId=5],
OAR[sailorId=11],
OAR[sailorId=8],
OAR[sailorId=9],
OAR[sailorId=0],
