Position ( 0.0 , 0.0 , 0.0 )
Position ( 52.93255129340979 , -52.10755129340978 , -1.5707963267948943 )
Position ( 0.8250000000003491 , -105.04010258682 , -3.141592653589782 )
Position ( -52.10755129341028 , -52.93255129341097 , -4.71238898038467 )
Position ( -1.7243984018477931E-12 , 1.3325278380715844E-13 , -6.283185307179558 )
Position ( 52.93255129340953 , -52.10755129340813 , -1.5707963267948657 )
Position ( 0.8250000000015811 , -105.0401025868198 , -3.1415926535897536 )
Position ( -52.107551293410516 , -52.93255129341229 , -4.712388980384642 )
Position ( -3.464672992947726E-12 , 2.564892742640268E-13 , -6.283185307179529 )
Position ( 52.932551293409276 , -52.107551293406495 , -1.5707963267948373 )
Position ( 0.8250000000028059 , -105.04010258681961 , -3.141592653589725 )
Position ( -52.10755129341077 , -52.93255129341366 , -4.712388980384613 )
Position ( -5.23014964670665E-12 , 3.798714814928772E-13 , -6.283185307179501 )
Position ( 52.932551293408984 , -52.107551293404875 , -1.5707963267948089 )
Position ( 0.8250000000040402 , -105.0401025868196 , -3.1415926535896967 )
Position ( -52.107551293411035 , -52.93255129341512 , -4.712388980384585 )
Position ( -6.994738122045874E-12 , 4.0279932167486265E-13 , -6.2831853071794725 )
Position ( 52.93255129340871 , -52.10755129340334 , -1.5707963267947804 )
Position ( 0.8250000000052559 , -105.0401025868194 , -3.1415926535896683 )
Position ( -52.1075512934113 , -52.932551293416346 , -4.7123889803845564 )
Position ( -8.771205983748587E-12 , 6.779351385821641E-13 , -6.283185307179444 )
Position ( 52.932551293408395 , -52.10755129340157 , -1.570796326794752 )
Position ( 0.8250000000064321 , -105.04010258681917 , -3.14159265358964 )
Position ( -52.10755129341162 , -52.93255129341775 , -4.712388980384528 )
Position ( -1.0579426223955579E-11 , 7.337255802930542E-13 , -6.283185307179416 )
Position ( 52.93255129340808 , -52.1075512934 , -1.5707963267947236 )
Position ( 0.8250000000076437 , -105.040102586819 , -3.1415926535896115 )
Position ( -52.107551293411866 , -52.93255129341902 , -4.7123889803845 )
Position ( -1.231870161433335E-11 , 9.435525277767809E-13 , -6.283185307179387 )
Position ( 52.932551293407826 , -52.1075512933983 , -1.5707963267946952 )
Position ( 0.8250000000088803 , -105.04010258681883 , -3.141592653589583 )
Position ( -52.10755129341208 , -52.93255129342037 , -4.712388980384471 )
Position ( -1.4061862785297308E-11 , 1.0884539797251236E-12 , -6.283185307179359 )
Position ( 52.932551293407556 , -52.107551293396625 , -1.5707963267946667 )
Position ( 0.8250000000101343 , -105.04010258681862 , -3.1415926535895546 )
Position ( -52.1075512934123 , -52.93255129342167 , -4.712388980384443 )
Position ( -1.5811907339013942E-11 , 1.2593814879835463E-12 , -6.28318530717933 )
Position ( 52.932551293407286 , -52.10755129339498 , -1.5707963267946383 )
Position ( 0.8250000000113692 , -105.04010258681853 , -3.141592653589526 )
Position ( -52.1075512934126 , -52.93255129342314 , -4.712388980384414 )
Position ( -1.7567058918643852E-11 , 1.2773133245547186E-12 , -6.283185307179302 )
Position ( 52.93255129340706 , -52.10755129339343 , -1.57079632679461 )
Position ( 0.8250000000126251 , -105.04010258681832 , -3.141592653589498 )
Position ( -52.10755129341284 , -52.932551293424346 , -4.712388980384386 )
Position ( -1.93300930817486E-11 , 1.556865747431857E-12 , -6.283185307179274 )
Position ( 52.932551293406746 , -52.10755129339166 , -1.5707963267945815 )
Position ( 0.8250000000138547 , -105.04010258681816 , -3.1415926535894694 )
Position ( -52.10755129341306 , -52.93255129342578 , -4.7123889803843575 )
Position ( -2.1055046595108706E-11 , 1.5942473036156812E-12 , -6.283185307179245 )
Position ( 52.93255129340647 , -52.10755129339013 , -1.570796326794553 )
Position ( 0.8250000000150554 , -105.0401025868181 , -3.141592653589441 )
Position ( -52.10755129341333 , -52.93255129342712 , -4.712388980384329 )
Position ( -2.2857493675587648E-11 , 1.7335820279296144E-12 , -6.283185307179217 )
Position ( 52.932551293406185 , -52.107551293388454 , -1.5707963267945246 )
Position ( 0.8250000000162756 , -105.04010258681792 , -3.1415926535894125 )
Position ( -52.107551293413565 , -52.932551293428524 , -4.712388980384301 )
Position ( -2.457967163138619E-11 , 1.8116740746476623E-12 , -6.283185307179188 )
Position ( 52.9325512934059 , -52.10755129338689 , -1.5707963267944962 )
Position ( 0.8250000000175024 , -105.04010258681785 , -3.141592653589384 )
Position ( -52.10755129341387 , -52.93255129342996 , -4.712388980384272 )
Position ( -2.637368101687798E-11 , 1.8662727613305563E-12 , -6.28318530717916 )
Position ( 52.93255129340561 , -52.10755129338533 , -1.5707963267944678 )
Position ( 0.8250000000187069 , -105.04010258681777 , -3.1415926535893557 )
Position ( -52.10755129341411 , -52.932551293431274 , -4.712388980384244 )
Position ( -2.811861854468134E-11 , 2.0333561223662144E-12 , -6.2831853071791315 )
Position ( 52.932551293405346 , -52.10755129338368 , -1.5707963267944394 )
Position ( 0.825000000019916 , -105.04010258681753 , -3.1415926535893273 )
Position ( -52.10755129341438 , -52.932551293432674 , -4.712388980384215 )
Position ( -2.990430125748844E-11 , 2.102042498397516E-12 , -6.283185307179103 )
Position ( 52.93255129340506 , -52.10755129338209 , -1.570796326794411 )
Position ( 0.8250000000211783 , -105.04010258681745 , -3.141592653589299 )
Position ( -52.10755129341462 , -52.932551293434045 , -4.712388980384187 )
Position ( -3.162636819098452E-11 , 2.20495496860984E-12 , -6.283185307179075 )
Position ( 52.93255129340479 , -52.10755129338047 , -1.5707963267943825 )
Position ( 0.8250000000224224 , -105.04010258681728 , -3.1415926535892704 )
Position ( -52.107551293414865 , -52.932551293435345 , -4.7123889803841585 )
Position ( -3.342148779950094E-11 , 2.3984269431620575E-12 , -6.283185307179046 )
Position ( 52.932551293404494 , -52.10755129337877 , -1.570796326794354 )
Position ( 0.8250000000236124 , -105.04010258681711 , -3.141592653589242 )
Position ( -52.107551293415135 , -52.93255129343677 , -4.71238898038413 )
Position ( -3.5191072278450974E-11 , 2.442608615371711E-12 , -6.283185307179018 )
Position ( 52.93255129340419 , -52.10755129337724 , -1.5707963267943257 )
Position ( 0.8250000000247881 , -105.04010258681708 , -3.1415926535892136 )
Position ( -52.107551293415455 , -52.93255129343812 , -4.712388980384102 )
Position ( -3.699096584597328E-11 , 2.58476920422801E-12 , -6.283185307178989 )
Position ( 52.932551293403904 , -52.10755129337559 , -1.5707963267942973 )
Position ( 0.8250000000260401 , -105.04010258681681 , -3.141592653589185 )
Position ( -52.107551293415696 , -52.9325512934394 , -4.712388980384073 )
Position ( -3.873679155219634E-11 , 2.7583265532760137E-12 , -6.283185307178961 )
Position ( 52.932551293403634 , -52.107551293373916 , -1.5707963267942688 )
Position ( 0.825000000027271 , -105.04010258681669 , -3.1415926535891567 )
Position ( -52.10755129341591 , -52.93255129344078 , -4.712388980384045 )
Position ( -4.046951662672882E-11 , 2.890604422489673E-12 , -6.2831853071789325 )
Position ( 52.932551293403364 , -52.107551293372275 , -1.5707963267942404 )
Position ( 0.8250000000285301 , -105.04010258681647 , -3.1415926535891283 )
Position ( -52.10755129341616 , -52.932551293442025 , -4.712388980384016 )
Position ( -4.224409710928967E-11 , 3.1078906809201E-12 , -6.283185307178904 )
Position ( 52.93255129340309 , -52.10755129337055 , -1.570796326794212 )
Position ( 0.8250000000297241 , -105.04010258681619 , -3.1415926535891 )
Position ( -52.10755129341646 , -52.93255129344336 , -4.712388980383988 )
