nbSailors :20
 nbOar :18
[Checkpoint{position=P{ 500.0 , 500.0 }, shape=type : circle [ radius : 50.0 ] }, Checkpoint{position=P{ 1000.0 , 1000.0 }, shape=type : circle [ radius : 50.0 ] }, Checkpoint{position=P{ 1500.0 , 150
OT{aT=[-1.5707963267948966, -1.3962634015954636, -1.2217304763960306, -1.0471975511965979, -0.8726646259971648, -0.6981317007977318, -0.5235987755982989, -0.34906585039886595, -0.17453292519943298, 0.

 - - - 

P{ 0.0 , 0.0 }
S0: move: 5x, 0y

S0 is now on (5,0)
S1: move: 5x, 0y

S1 is now on (5,1)
S2: move: 5x, 0y

S2 is now on (5,2)
S3: move: 5x, 0y

S3 is now on (5,3)
S4: move: 5x, 0y

S4 is now on (5,4)
S6: move: 5x, 0y

S6 is now on (6,1)
S7: move: 4x, 0y

S7 is now on (5,2)
S8: move: 5x, 0y

S8 is now on (6,3)
S11: move: 3x, -1y

S11 is now on (5,0)
S12: move: 5x, 0y

S12 is now on (7,2)
S13: move: 3x, 1y

S13 is now on (5,4)
S16: move: 1x, -1y

S16 is now on (4,0)
S17: move: 3x, -2y

S17 is now on (6,0)
S18: move: 1x, 1y

S18 is now on (4,4)
S7: liftening sail

                         v  ~.      v
                v           /|
                           / |          v
                    v     /__|__
                        \--------/
      ~~~~~~~~~~~~~~

 - - - 

P{ 0.0 , 0.0 }
S0: move: 2x, 0y

S0 is now on (7,0)
S1: move: 4x, -1y

S1 is now on (9,0)
S2: move: 5x, 0y

S2 is now on (10,2)
S3: move: 4x, 1y

S3 is now on (9,4)
S4: move: 1x, 0y

S4 is now on (6,4)
S6: move: 2x, -1y

S6 is now on (8,0)
S8: move: 1x, 1y

S8 is now on (7,4)
S12: move: 1x, 2y

S12 is now on (8,4)

 - - - 

P{ 79.56780646431771 , 35.27327199280133 }
S2: move: 0x, 2y

S2 is now on (10,4)
S2: turn : 0.15104611789490008

 		       \
     _._________\
   ,' .__________\
  / ,'.__________/
 | / / ,________/
 | | | | 	   /
 | | | |      /
 | | | |   

 - - - 

P{ 175.67170590424917 , 131.41811144588445 }
S2: turn : 0.23839925775393633

 		       \
     _._________\
   ,' .__________\
  / ,'.__________/
 | / / ,________/
 | | | | 	   /
 | | | |      /
 | | | |   

 - - - 

P{ 283.57301655776286 , 219.83903027348777 }
S2: turn : 0.30452637566990726

 		       \
     _._________\
   ,' .__________\
  / ,'.__________/
 | / / ,________/
 | | | | 	   /
 | | | |      /
 | | | |   

 - - - 

P{ 389.21129443161163 , 309.93865734793496 }
S2: turn : 0.5243597859859654

 		       \
     _._________\
   ,' .__________\
  / ,'.__________/
 | / / ,________/
 | | | | 	   /
 | | | |      /
 | | | |   
S7: lowering sail

                         v  ~.      v
                v            |
                             |          v
                    v      __|__
                        \--------/
      ~~~~~~~~~~~~~~

 - - - 

P{ 483.3358796682113 , 407.3359486455174 }
S2: turn : 0.061798292112417386

 		       \
     _._________\
   ,' .__________\
  / ,'.__________/
 | / / ,________/
 | | | | 	   /
 | | | |      /
 | | | |   

 - - - 

P{ 491.1004193304365 , 423.7125413826715 }
S2: turn : 0.009779661495713077

 		       \
     _._________\
   ,' .__________\
  / ,'.__________/
 | / / ,________/
 | | | | 	   /
 | | | |      /
 | | | |   

 - - - 

P{ 493.79149250023767 , 441.8443447249957 }
Checkpoint done
S2: turn : -0.6448050038549358

 / 		              
 /____________.
/____________. '.
\ __________.  \ \
 \ _________. \ \ |
  \         | | | | 	  
            | | | |      
            | | | |  

S7: liftening sail

                         v  ~.      v
                v           /|
                           / |          v
                    v     /__|__
                        \--------/
      ~~~~~~~~~~~~~~

 - - - 

P{ 495.8276400452533 , 460.064183794183 }
S2: turn : 0.13037797359471393

 		       \
     _._________\
   ,' .__________\
  / ,'.__________/
 | / / ,________/
 | | | | 	   /
 | | | |      /
 | | | |   

 - - - 

P{ 627.2597938146378 , 634.5794166741573 }
Votre Capitaine a detecté un iceberg et tente de l'éviter
ancien cap : 9, nouveau cap : 13
S2: turn : 0.7853981633974483

 		       \
     _._________\
   ,' .__________\
  / ,'.__________/
 | / / ,________/
 | | | | 	   /
 | | | |      /
 | | | |   
S7: lowering sail
