Position ( 300.0 , 1800.0 , 0.0 ) circle at Position ( 300.0 , 1800.0 , 0.0 ) : (150.0)nothing Position ( 300.0 , 1800.0 , 0.0 ) circle at Position ( 300.0 , 1800.0 , 0.0 ) : (150.0)Position ( 300.0 ,
 1800.0 , 0.0 ) circle at Position ( 300.0 , 1800.0 , 0.0 ) : (150.0)nothing Position ( 300.0 , 1800.0 , 0.0 ) circle at Position ( 300.0 , 1800.0 , 0.0 ) : (150.0)Position ( 300.0 , 1800.0 , 0.0 ) ci
rcle at Position ( 300.0 , 1800.0 , 0.0 ) : (150.0)nothing Position ( 300.0 , 1800.0 , 0.0 ) circle at Position ( 300.0 , 1800.0 , 0.0 ) : (150.0)Position ( 300.0 , 1800.0 , 0.0 ) circle at Position (
 300.0 , 1800.0 , 0.0 ) : (150.0)nothing Position ( 300.0 , 1800.0 , 0.0 ) circle at Position ( 300.0 , 1800.0 , 0.0 ) : (150.0)Position ( 300.0 , 1800.0 , 0.0 ) circle at Position ( 300.0 , 1800.0 , 
0.0 ) : (150.0)nothing Position ( 300.0 , 1800.0 , 0.0 ) circle at Position ( 300.0 , 1800.0 , 0.0 ) : (150.0)Position ( 300.0 , 1800.0 , 0.0 ) circle at Position ( 300.0 , 1800.0 , 0.0 ) : (150.0)not
hing Position ( 300.0 , 1800.0 , 0.0 ) circle at Position ( 300.0 , 1800.0 , 0.0 ) : (150.0)Position ( 300.0 , 1800.0 , 0.0 ) circle at Position ( 300.0 , 1800.0 , 0.0 ) : (150.0)nothing Position ( 30
0.0 , 1800.0 , 0.0 ) circle at Position ( 300.0 , 1800.0 , 0.0 ) : (150.0)Position ( 300.0 , 1800.0 , 0.0 ) circle at Position ( 300.0 , 1800.0 , 0.0 ) : (150.0)nothing Position ( 300.0 , 1800.0 , 0.0
 ) circle at Position ( 300.0 , 1800.0 , 0.0 ) : (150.0)Position ( 300.0 , 1800.0 , 0.0 ) circle at Position ( 300.0 , 1800.0 , 0.0 ) : (150.0)nothing Position ( 300.0 , 1800.0 , 0.0 ) circle at Posit
ion ( 300.0 , 1800.0 , 0.0 ) : (150.0)Position ( 300.0 , 1800.0 , 0.0 ) circle at Position ( 300.0 , 1800.0 , 0.0 ) : (150.0)nothing Position ( 300.0 , 1800.0 , 0.0 ) circle at Position ( 300.0 , 1800
.0 , 0.0 ) : (150.0)Position ( 300.0 , 1800.0 , 0.0 ) circle at Position ( 300.0 , 1800.0 , 0.0 ) : (150.0)nothing Position ( 300.0 , 1800.0 , 0.0 ) circle at Position ( 300.0 , 1800.0 , 0.0 ) : (150.
0)Optional[OarsConfig(fraction:1/2,diff:2)]Position ( 300.0 , 1800.0 , 0.0 ) circle at Position ( 300.0 , 1800.0 , 0.0 ) : (150.0)nothing Position ( 300.0 , 1800.0 , 0.0 ) circle at Position ( 300.0 ,
 1800.0 , 0.0 ) : (150.0)Optional[OarsConfig(fraction:1/2,diff:2)]Position ( 300.0 , 1800.0 , 0.0 ) circle at Position ( 300.0 , 1800.0 , 0.0 ) : (150.0)nothing Position ( 300.0 , 1800.0 , 0.0 ) circl
e at Position ( 300.0 , 1800.0 , 0.0 ) : (150.0)Optional[OarsConfig(fraction:1/2,diff:2)]Position ( 300.0 , 1800.0 , 0.0 ) circle at Position ( 300.0 , 1800.0 , 0.0 ) : (150.0)nothing Position ( 300.0
 , 1800.0 , 0.0 ) circle at Position ( 300.0 , 1800.0 , 0.0 ) : (150.0)Optional[OarsConfig(fraction:1/2,diff:2)]Position ( 300.0 , 1800.0 , 0.0 ) circle at Position ( 300.0 , 1800.0 , 0.0 ) : (150.0)n
othing Position ( 300.0 , 1800.0 , 0.0 ) circle at Position ( 300.0 , 1800.0 , 0.0 ) : (150.0)Optional[OarsConfig(fraction:1/2,diff:2)]Position ( 300.0 , 1800.0 , 0.0 ) circle at Position ( 300.0 , 18
00.0 , 0.0 ) : (150.0)nothing Position ( 300.0 , 1800.0 , 0.0 ) circle at Position ( 300.0 , 1800.0 , 0.0 ) : (150.0)Optional[OarsConfig(fraction:1/2,diff:2)]Position ( 300.0 , 1800.0 , 0.0 ) circle a
t Position ( 300.0 , 1800.0 , 0.0 ) : (150.0)nothing Position ( 300.0 , 1800.0 , 0.0 ) circle at Position ( 300.0 , 1800.0 , 0.0 ) : (150.0)Optional[OarsConfig(fraction:1/2,diff:2)]Position ( 300.0 , 
1800.0 , 0.0 ) circle at Position ( 300.0 , 1800.0 , 0.0 ) : (150.0)nothing Position ( 300.0 , 1800.0 , 0.0 ) circle at Position ( 300.0 , 1800.0 , 0.0 ) : (150.0)Optional[OarsConfig(fraction:1/2,diff
:2)]Position ( 300.0 , 1800.0 , 0.0 ) circle at Position ( 300.0 , 1800.0 , 0.0 ) : (150.0)nothing Position ( 300.0 , 1800.0 , 0.0 ) circle at Position ( 300.0 , 1800.0 , 0.0 ) : (150.0)Optional[OarsC
onfig(fraction:1/2,diff:2)]Position ( 300.0 , 1800.0 , 0.0 ) circle at Position ( 300.0 , 1800.0 , 0.0 ) : (150.0)nothing Position ( 300.0 , 1800.0 , 0.0 ) circle at Position ( 300.0 , 1800.0 , 0.0 ) 
: (150.0)Optional[OarsConfig(fraction:1/2,diff:2)]Position ( 300.0 , 1800.0 , 0.0 ) circle at Position ( 300.0 , 1800.0 , 0.0 ) : (150.0)nothing Position ( 300.0 , 1800.0 , 0.0 ) circle at Position ( 
300.0 , 1800.0 , 0.0 ) : (150.0)Optional[OarsConfig(fraction:1/2,diff:2)]Position ( 300.0 , 1800.0 , 0.0 ) circle at Position ( 300.0 , 1800.0 , 0.0 ) : (150.0)nothing Position ( 300.0 , 1800.0 , 0.0 
) circle at Position ( 300.0 , 1800.0 , 0.0 ) : (150.0)Optional[OarsConfig(fraction:1/2,diff:2)]Position ( 300.0 , 1800.0 , 0.0 ) circle at Position ( 300.0 , 1800.0 , 0.0 ) : (150.0)nothing Position 
( 300.0 , 1800.0 , 0.0 ) circle at Position ( 300.0 , 1800.0 , 0.0 ) : (150.0)Optional[OarsConfig(fraction:1/2,diff:2)]Position ( 300.0 , 1800.0 , 0.0 ) circle at Position ( 300.0 , 1800.0 , 0.0 ) : (
150.0)nothing Position ( 300.0 , 1800.0 , 0.0 ) circle at Position ( 300.0 , 1800.0 , 0.0 ) : (150.0)Optional[OarsConfig(fraction:1/2,diff:2)]Position ( 300.0 , 1800.0 , 0.0 ) circle at Position ( 300
.0 , 1800.0 , 0.0 ) : (150.0)nothing Position ( 300.0 , 1800.0 , 0.0 ) circle at Position ( 300.0 , 1800.0 , 0.0 ) : (150.0)Optional[OarsConfig(fraction:1/2,diff:2)]Position ( 300.0 , 1800.0 , 0.0 ) c
ircle at Position ( 300.0 , 1800.0 , 0.0 ) : (150.0)nothing Position ( 300.0 , 1800.0 , 0.0 ) circle at Position ( 300.0 , 1800.0 , 0.0 ) : (150.0)Optional[OarsConfig(fraction:1/2,diff:2)]Position ( 3
00.0 , 1800.0 , 0.0 ) circle at Position ( 300.0 , 1800.0 , 0.0 ) : (150.0)nothing Position ( 300.0 , 1800.0 , 0.0 ) circle at Position ( 300.0 , 1800.0 , 0.0 ) : (150.0)Optional[OarsConfig(fraction:1
/2,diff:2)]Position ( 300.0 , 1800.0 , 0.0 ) circle at Position ( 300.0 , 1800.0 , 0.0 ) : (150.0)nothing Position ( 300.0 , 1800.0 , 0.0 ) circle at Position ( 300.0 , 1800.0 , 0.0 ) : (150.0)Optiona
l[OarsConfig(fraction:1/2,diff:2)]Position ( 300.0 , 1800.0 , 0.0 ) circle at Position ( 300.0 , 1800.0 , 0.0 ) : (150.0)nothing Position ( 300.0 , 1800.0 , 0.0 ) circle at Position ( 300.0 , 1800.0 ,
 0.0 ) : (150.0)Optional[OarsConfig(fraction:1/2,diff:2)]Position ( 300.0 , 1800.0 , 0.0 ) circle at Position ( 300.0 , 1800.0 , 0.0 ) : (150.0)nothing Position ( 300.0 , 1800.0 , 0.0 ) circle at Posi
tion ( 300.0 , 1800.0 , 0.0 ) : (150.0)Optional[OarsConfig(fraction:1/2,diff:2)]Position ( 300.0 , 1800.0 , 0.0 ) circle at Position ( 300.0 , 1800.0 , 0.0 ) : (150.0)nothing Position ( 300.0 , 1800.0
 , 0.0 ) circle at Position ( 300.0 , 1800.0 , 0.0 ) : (150.0)Optional[OarsConfig(fraction:1/2,diff:2)]Position ( 300.0 , 1800.0 , 0.0 ) circle at Position ( 300.0 , 1800.0 , 0.0 ) : (150.0)nothing Po
sition ( 300.0 , 1800.0 , 0.0 ) circle at Position ( 300.0 , 1800.0 , 0.0 ) : (150.0)Optional[OarsConfig(fraction:1/2,diff:2)]Position ( 300.0 , 1800.0 , 0.0 ) circle at Position ( 300.0 , 1800.0 , 0.
0 ) : (150.0)nothing Position ( 300.0 , 1800.0 , 0.0 ) circle at Position ( 300.0 , 1800.0 , 0.0 ) : (150.0)Optional[OarsConfig(fraction:1/2,diff:2)]Position ( 300.0 , 1800.0 , 0.0 ) circle at Positio
n ( 300.0 , 1800.0 , 0.0 ) : (150.0)nothing Position ( 300.0 , 1800.0 , 0.0 ) circle at Position ( 300.0 , 1800.0 , 0.0 ) : (150.0)Optional[OarsConfig(fraction:1/2,diff:2)]Position ( 300.0 , 1800.0 , 
0.0 ) circle at Position ( 300.0 , 1800.0 , 0.0 ) : (150.0)nothing Position ( 300.0 , 1800.0 , 0.0 ) circle at Position ( 300.0 , 1800.0 , 0.0 ) : (150.0)Optional[OarsConfig(fraction:1/2,diff:2)]Posit
ion ( 300.0 , 1800.0 , 0.0 ) circle at Position ( 300.0 , 1800.0 , 0.0 ) : (150.0)nothing Position ( 300.0 , 1800.0 , 0.0 ) circle at Position ( 300.0 , 1800.0 , 0.0 ) : (150.0)Optional[OarsConfig(fra
ction:1/2,diff:2)]Position ( 300.0 , 1800.0 , 0.0 ) circle at Position ( 300.0 , 1800.0 , 0.0 ) : (150.0)nothing Position ( 300.0 , 1800.0 , 0.0 ) circle at Position ( 300.0 , 1800.0 , 0.0 ) : (150.0)
Optional[OarsConfig(fraction:1/2,diff:2)]Position ( 300.0 , 1800.0 , 0.0 ) circle at Position ( 300.0 , 1800.0 , 0.0 ) : (150.0)nothing Position ( 300.0 , 1800.0 , 0.0 ) circle at Position ( 300.0 , 1
800.0 , 0.0 ) : (150.0)Optional[OarsConfig(fraction:1/2,diff:2)]Position ( 300.0 , 1800.0 , 0.0 ) circle at Position ( 300.0 , 1800.0 , 0.0 ) : (150.0)nothing Position ( 300.0 , 1800.0 , 0.0 ) circle 
at Position ( 300.0 , 1800.0 , 0.0 ) : (150.0)Optional[OarsConfig(fraction:1/2,diff:2)]Position ( 300.0 , 1800.0 , 0.0 ) circle at Position ( 300.0 , 1800.0 , 0.0 ) : (150.0)nothing Position ( 300.0 ,
 1800.0 , 0.0 ) circle at Position ( 300.0 , 1800.0 , 0.0 ) : (150.0)Optional[OarsConfig(fraction:1/2,diff:2)]Position ( 300.0 , 1800.0 , 0.0 ) circle at Position ( 300.0 , 1800.0 , 0.0 ) : (150.0)not
hing Position ( 300.0 , 1800.0 , 0.0 ) circle at Position ( 300.0 , 1800.0 , 0.0 ) : (150.0)Optional[OarsConfig(fraction:1/2,diff:2)]Position ( 300.0 , 1800.0 , 0.0 ) circle at Position ( 300.0 , 1800
.0 , 0.0 ) : (150.0)nothing Position ( 300.0 , 1800.0 , 0.0 ) circle at Position ( 300.0 , 1800.0 , 0.0 ) : (150.0)Optional[OarsConfig(fraction:1/2,diff:2)]Position ( 300.0 , 1800.0 , 0.0 ) circle at 
Position ( 300.0 , 1800.0 , 0.0 ) : (150.0)nothing Position ( 300.0 , 1800.0 , 0.0 ) circle at Position ( 300.0 , 1800.0 , 0.0 ) : (150.0)Optional[OarsConfig(fraction:1/2,diff:2)]Position ( 300.0 , 18
00.0 , 0.0 ) circle at Position ( 300.0 , 1800.0 , 0.0 ) : (150.0)nothing Position ( 300.0 , 1800.0 , 0.0 ) circle at Position ( 300.0 , 1800.0 , 0.0 ) : (150.0)Optional[OarsConfig(fraction:1/2,diff:2
)]Position ( 300.0 , 1800.0 , 0.0 ) circle at Position ( 300.0 , 1800.0 , 0.0 ) : (150.0)nothing Position ( 300.0 , 1800.0 , 0.0 ) circle at Position ( 300.0 , 1800.0 , 0.0 ) : (150.0)Optional[OarsCon
fig(fraction:1/2,diff:2)]Position ( 300.0 , 1800.0 , 0.0 ) circle at Position ( 300.0 , 1800.0 , 0.0 ) : (150.0)nothing Position ( 300.0 , 1800.0 , 0.0 ) circle at Position ( 300.0 , 1800.0 , 0.0 ) : 
(150.0)Optional[OarsConfig(fraction:1/2,diff:2)]Position ( 300.0 , 1800.0 , 0.0 ) circle at Position ( 300.0 , 1800.0 , 0.0 ) : (150.0)nothing Position ( 300.0 , 1800.0 , 0.0 ) circle at Position ( 30
0.0 , 1800.0 , 0.0 ) : (150.0)Optional[OarsConfig(fraction:1/2,diff:2)]Position ( 300.0 , 1800.0 , 0.0 ) circle at Position ( 300.0 , 1800.0 , 0.0 ) : (150.0)nothing Position ( 300.0 , 1800.0 , 0.0 ) 
circle at Position ( 300.0 , 1800.0 , 0.0 ) : (150.0)Optional[OarsConfig(fraction:1/2,diff:2)]Position ( 300.0 , 1800.0 , 0.0 ) circle at Position ( 300.0 , 1800.0 , 0.0 ) : (150.0)nothing Position ( 
300.0 , 1800.0 , 0.0 ) circle at Position ( 300.0 , 1800.0 , 0.0 ) : (150.0)Optional[OarsConfig(fraction:1/2,diff:2)]Position ( 300.0 , 1800.0 , 0.0 ) circle at Position ( 300.0 , 1800.0 , 0.0 ) : (15
0.0)nothing Position ( 300.0 , 1800.0 , 0.0 ) circle at Position ( 300.0 , 1800.0 , 0.0 ) : (150.0)Optional[OarsConfig(fraction:1/2,diff:2)]Position ( 300.0 , 1800.0 , 0.0 ) circle at Position ( 300.0
 , 1800.0 , 0.0 ) : (150.0)nothing Position ( 300.0 , 1800.0 , 0.0 ) circle at Position ( 300.0 , 1800.0 , 0.0 ) : (150.0)Optional[OarsConfig(fraction:1/2,diff:2)]Position ( 300.0 , 1800.0 , 0.0 ) cir
cle at Position ( 300.0 , 1800.0 , 0.0 ) : (150.0)nothing Position ( 300.0 , 1800.0 , 0.0 ) circle at Position ( 300.0 , 1800.0 , 0.0 ) : (150.0)Optional[OarsConfig(fraction:1/2,diff:2)]Position ( 300
.0 , 1800.0 , 0.0 ) circle at Position ( 300.0 , 1800.0 , 0.0 ) : (150.0)nothing Position ( 300.0 , 1800.0 , 0.0 ) circle at Position ( 300.0 , 1800.0 , 0.0 ) : (150.0)Optional[OarsConfig(fraction:1/2
,diff:2)]Position ( 300.0 , 1800.0 , 0.0 ) circle at Position ( 300.0 , 1800.0 , 0.0 ) : (150.0)nothing Position ( 300.0 , 1800.0 , 0.0 ) circle at Position ( 300.0 , 1800.0 , 0.0 ) : (150.0)Optional[
OarsConfig(fraction:1/2,diff:2)]Position ( 300.0 , 1800.0 , 0.0 ) circle at Position ( 300.0 , 1800.0 , 0.0 ) : (150.0)nothing Position ( 300.0 , 1800.0 , 0.0 ) circle at Position ( 300.0 , 1800.0 , 0
.0 ) : (150.0)Optional[OarsConfig(fraction:1/2,diff:2)]Position ( 300.0 , 1800.0 , 0.0 ) circle at Position ( 300.0 , 1800.0 , 0.0 ) : (150.0)nothing Position ( 300.0 , 1800.0 , 0.0 ) circle at Positi
on ( 300.0 , 1800.0 , 0.0 ) : (150.0)Optional[OarsConfig(fraction:1/2,diff:2)]Position ( 300.0 , 1800.0 , 0.0 ) circle at Position ( 300.0 , 1800.0 , 0.0 ) : (150.0)nothing Position ( 300.0 , 1800.0 ,
 0.0 ) circle at Position ( 300.0 , 1800.0 , 0.0 ) : (150.0)Optional[OarsConfig(fraction:1/2,diff:2)]Position ( 300.0 , 1800.0 , 0.0 ) circle at Position ( 300.0 , 1800.0 , 0.0 ) : (150.0)nothing Posi
tion ( 300.0 , 1800.0 , 0.0 ) circle at Position ( 300.0 , 1800.0 , 0.0 ) : (150.0)Optional[OarsConfig(fraction:1/2,diff:2)]Position ( 300.0 , 1800.0 , 0.0 ) circle at Position ( 300.0 , 1800.0 , 0.0 
) : (150.0)nothing Position ( 300.0 , 1800.0 , 0.0 ) circle at Position ( 300.0 , 1800.0 , 0.0 ) : (150.0)Optional[OarsConfig(fraction:1/2,diff:2)]Position ( 300.0 , 1800.0 , 0.0 ) circle at Position 
( 300.0 , 1800.0 , 0.0 ) : (150.0)nothing Position ( 300.0 , 1800.0 , 0.0 ) circle at Position ( 300.0 , 1800.0 , 0.0 ) : (150.0)Optional[OarsConfig(fraction:1/2,diff:2)]Position ( 300.0 , 1800.0 , 0.
0 ) circle at Position ( 300.0 , 1800.0 , 0.0 ) : (150.0)nothing Position ( 300.0 , 1800.0 , 0.0 ) circle at Position ( 300.0 , 1800.0 , 0.0 ) : (150.0)Optional[OarsConfig(fraction:1/2,diff:2)]Positio
n ( 300.0 , 1800.0 , 0.0 ) circle at Position ( 300.0 , 1800.0 , 0.0 ) : (150.0)nothing Position ( 300.0 , 1800.0 , 0.0 ) circle at Position ( 300.0 , 1800.0 , 0.0 ) : (150.0)Optional[OarsConfig(fract
ion:1/2,diff:2)]Position ( 300.0 , 1800.0 , 0.0 ) circle at Position ( 300.0 , 1800.0 , 0.0 ) : (150.0)nothing Position ( 300.0 , 1800.0 , 0.0 ) circle at Position ( 300.0 , 1800.0 , 0.0 ) : (150.0)Op
tional[OarsConfig(fraction:1/2,diff:2)]Position ( 300.0 , 1800.0 , 0.0 ) circle at Position ( 300.0 , 1800.0 , 0.0 ) : (150.0)nothing Position ( 300.0 , 1800.0 , 0.0 ) circle at Position ( 300.0 , 180
0.0 , 0.0 ) : (150.0)Optional[OarsConfig(fraction:1/2,diff:2)]Position ( 300.0 , 1800.0 , 0.0 ) circle at Position ( 300.0 , 1800.0 , 0.0 ) : (150.0)nothing Position ( 300.0 , 1800.0 , 0.0 ) circle at
 Position ( 300.0 , 1800.0 , 0.0 ) : (150.0)Optional[OarsConfig(fraction:1/2,diff:2)]Position ( 300.0 , 1800.0 , 0.0 ) circle at Position ( 300.0 , 1800.0 , 0.0 ) : (150.0)nothing Position ( 300.0 , 1
800.0 , 0.0 ) circle at Position ( 300.0 , 1800.0 , 0.0 ) : (150.0)Optional[OarsConfig(fraction:1/2,diff:2)]Position ( 300.0 , 1800.0 , 0.0 ) circle at Position ( 300.0 , 1800.0 , 0.0 ) : (150.0)nothi
ng Position ( 300.0 , 1800.0 , 0.0 ) circle at Position ( 300.0 , 1800.0 , 0.0 ) : (150.0)Optional[OarsConfig(fraction:1/2,diff:2)]Position ( 300.0 , 1800.0 , 0.0 ) circle at Position ( 300.0 , 1800.0
 , 0.0 ) : (150.0)nothing Position ( 300.0 , 1800.0 , 0.0 ) circle at Position ( 300.0 , 1800.0 , 0.0 ) : (150.0)Optional[OarsConfig(fraction:1/2,diff:2)]Position ( 300.0 , 1800.0 , 0.0 ) circle at Po
sition ( 300.0 , 1800.0 , 0.0 ) : (150.0)nothing Position ( 300.0 , 1800.0 , 0.0 ) circle at Position ( 300.0 , 1800.0 , 0.0 ) : (150.0)Optional[OarsConfig(fraction:1/2,diff:2)]Position ( 300.0 , 1800
.0 , 0.0 ) circle at Position ( 300.0 , 1800.0 , 0.0 ) : (150.0)nothing Position ( 300.0 , 1800.0 , 0.0 ) circle at Position ( 300.0 , 1800.0 , 0.0 ) : (150.0)Optional[OarsConfig(fraction:1/2,diff:2)]
Position ( 300.0 , 1800.0 , 0.0 ) circle at Position ( 300.0 , 1800.0 , 0.0 ) : (150.0)nothing Position ( 300.0 , 1800.0 , 0.0 ) circle at Position ( 300.0 , 1800.0 , 0.0 ) : (150.0)Optional[OarsConfi
g(fraction:1/2,diff:2)]Position ( 300.0 , 1800.0 , 0.0 ) circle at Position ( 300.0 , 1800.0 , 0.0 ) : (150.0)nothing Position ( 300.0 , 1800.0 , 0.0 ) circle at Position ( 300.0 , 1800.0 , 0.0 ) : (1
50.0)Optional[OarsConfig(fraction:1/2,diff:2)]Position ( 300.0 , 1800.0 , 0.0 ) circle at Position ( 300.0 , 1800.0 , 0.0 ) : (150.0)nothing Position ( 300.0 , 1800.0 , 0.0 ) circle at Position ( 300.
0 , 1800.0 , 0.0 ) : (150.0)Optional[OarsConfig(fraction:1/2,diff:2)]Position ( 300.0 , 1800.0 , 0.0 ) circle at Position ( 300.0 , 1800.0 , 0.0 ) : (150.0)nothing Position ( 300.0 , 1800.0 , 0.0 ) ci
rcle at Position ( 300.0 , 1800.0 , 0.0 ) : (150.0)Optional[OarsConfig(fraction:1/2,diff:2)]Position ( 300.0 , 1800.0 , 0.0 ) circle at Position ( 300.0 , 1800.0 , 0.0 ) : (150.0)nothing Position ( 30
0.0 , 1800.0 , 0.0 ) circle at Position ( 300.0 , 1800.0 , 0.0 ) : (150.0)Optional[OarsConfig(fraction:1/2,diff:2)]Position ( 300.0 , 1800.0 , 0.0 ) circle at Position ( 300.0 , 1800.0 , 0.0 ) : (150.
0)nothing Position ( 300.0 , 1800.0 , 0.0 ) circle at Position ( 300.0 , 1800.0 , 0.0 ) : (150.0)Optional[OarsConfig(fraction:1/2,diff:2)]Position ( 300.0 , 1800.0 , 0.0 ) circle at Position ( 300.0 ,
 1800.0 , 0.0 ) : (150.0)nothing Position ( 300.0 , 1800.0 , 0.0 ) circle at Position ( 300.0 , 1800.0 , 0.0 ) : (150.0)Optional[OarsConfig(fraction:1/2,diff:2)]Position ( 300.0 , 1800.0 , 0.0 ) circl
e at Position ( 300.0 , 1800.0 , 0.0 ) : (150.0)nothing Position ( 300.0 , 1800.0 , 0.0 ) circle at Position ( 300.0 , 1800.0 , 0.0 ) : (150.0)Optional[OarsConfig(fraction:1/2,diff:2)]Position ( 300.0
 , 1800.0 , 0.0 ) circle at Position ( 300.0 , 1800.0 , 0.0 ) : (150.0)nothing Position ( 300.0 , 1800.0 , 0.0 ) circle at Position ( 300.0 , 1800.0 , 0.0 ) : (150.0)Optional[OarsConfig(fraction:1/2,d
iff:2)]Position ( 300.0 , 1800.0 , 0.0 ) circle at Position ( 300.0 , 1800.0 , 0.0 ) : (150.0)nothing Position ( 300.0 , 1800.0 , 0.0 ) circle at Position ( 300.0 , 1800.0 , 0.0 ) : (150.0)Optional[Oa
rsConfig(fraction:1/2,diff:2)]Position ( 300.0 , 1800.0 , 0.0 ) circle at Position ( 300.0 , 1800.0 , 0.0 ) : (150.0)nothing Position ( 300.0 , 1800.0 , 0.0 ) circle at Position ( 300.0 , 1800.0 , 0.0
 ) : (150.0)Optional[OarsConfig(fraction:1/2,diff:2)]Position ( 300.0 , 1800.0 , 0.0 ) circle at Position ( 300.0 , 1800.0 , 0.0 ) : (150.0)nothing Position ( 300.0 , 1800.0 , 0.0 ) circle at Position
 ( 300.0 , 1800.0 , 0.0 ) : (150.0)Optional[OarsConfig(fraction:1/2,diff:2)]Position ( 300.0 , 1800.0 , 0.0 ) circle at Position ( 300.0 , 1800.0 , 0.0 ) : (150.0)nothing Position ( 300.0 , 1800.0 , 0
.0 ) circle at Position ( 300.0 , 1800.0 , 0.0 ) : (150.0)Optional[OarsConfig(fraction:1/2,diff:2)]Position ( 300.0 , 1800.0 , 0.0 ) circle at Position ( 300.0 , 1800.0 , 0.0 ) : (150.0)nothing Positi
on ( 300.0 , 1800.0 , 0.0 ) circle at Position ( 300.0 , 1800.0 , 0.0 ) : (150.0)Optional[OarsConfig(fraction:1/2,diff:2)]Position ( 300.0 , 1800.0 , 0.0 ) circle at Position ( 300.0 , 1800.0 , 0.0 ) 
: (150.0)nothing Position ( 300.0 , 1800.0 , 0.0 ) circle at Position ( 300.0 , 1800.0 , 0.0 ) : (150.0)Optional[OarsConfig(fraction:1/2,diff:2)]Position ( 300.0 , 1800.0 , 0.0 ) circle at Position ( 
300.0 , 1800.0 , 0.0 ) : (150.0)nothing Position ( 300.0 , 1800.0 , 0.0 ) circle at Position ( 300.0 , 1800.0 , 0.0 ) : (150.0)Optional[OarsConfig(fraction:1/2,diff:2)]Position ( 300.0 , 1800.0 , 0.0 
) circle at Position ( 300.0 , 1800.0 , 0.0 ) : (150.0)nothing Position ( 300.0 , 1800.0 , 0.0 ) circle at Position ( 300.0 , 1800.0 , 0.0 ) : (150.0)Optional[OarsConfig(fraction:1/2,diff:2)]Position 
( 300.0 , 1800.0 , 0.0 ) circle at Position ( 300.0 , 1800.0 , 0.0 ) : (150.0)nothing Position ( 300.0 , 1800.0 , 0.0 ) circle at Position ( 300.0 , 1800.0 , 0.0 ) : (150.0)Optional[OarsConfig(fractio
n:1/2,diff:2)]Position ( 300.0 , 1800.0 , 0.0 ) circle at Position ( 300.0 , 1800.0 , 0.0 ) : (150.0)nothing Position ( 300.0 , 1800.0 , 0.0 ) circle at Position ( 300.0 , 1800.0 , 0.0 ) : (150.0)Opti
onal[OarsConfig(fraction:1/2,diff:2)]Position ( 300.0 , 1800.0 , 0.0 ) circle at Position ( 300.0 , 1800.0 , 0.0 ) : (150.0)nothing Position ( 300.0 , 1800.0 , 0.0 ) circle at Position ( 300.0 , 1800.
0 , 0.0 ) : (150.0)Optional[OarsConfig(fraction:1/2,diff:2)]Position ( 300.0 , 1800.0 , 0.0 ) circle at Position ( 300.0 , 1800.0 , 0.0 ) : (150.0)nothing Position ( 300.0 , 1800.0 , 0.0 ) circle at P
osition ( 300.0 , 1800.0 , 0.0 ) : (150.0)Optional[OarsConfig(fraction:1/2,diff:2)]Position ( 300.0 , 1800.0 , 0.0 ) circle at Position ( 300.0 , 1800.0 , 0.0 ) : (150.0)nothing Position ( 300.0 , 180
