nbSailors :19
 nbOar :16
[Checkpoint{position=P{ 2292.9171668667423 , 2238.8955582232875 }, shape=type : circle [ radius : 100.0 ] }, Checkpoint{position=P{ 5024.009603841534 , 1620.6482593037217 }, shape=type : circle [ radi
OT{aT=[-1.5707963267948966, -1.3744467859455345, -1.1780972450961724, -0.9817477042468103, -0.7853981633974483, -0.5890486225480862, -0.39269908169872414, -0.19634954084936207, 0.0, 0.1963495408493620

 - - - 

P{ 1008.4033613445396 , 1818.7274909963983 }
S0: move: 5x, 0y

S0 is now on (5,0)
S1: move: 0x, 1y

S1 is now on (0,2)
S2: move: 5x, 0y

S2 is now on (5,2)
S3: move: 5x, 0y

S3 is now on (5,3)
S4: move: 5x, 0y

S4 is now on (5,4)
S5: move: 4x, 0y

S5 is now on (5,0)
S6: move: 5x, 0y

S6 is now on (6,1)
S8: move: 5x, 0y

S8 is now on (6,3)
S9: move: 3x, 0y

S9 is now on (4,4)
S11: move: 4x, -1y

S11 is now on (6,0)
S12: move: 5x, 0y

S12 is now on (7,2)
S13: move: 3x, 1y

S13 is now on (5,4)
S16: move: 1x, -1y

S16 is now on (4,0)
S17: move: 3x, 2y

S17 is now on (6,4)
S18: move: 0x, 1y

S18 is now on (3,4)
Checkpoint done
P{ 1008.4033613445396 , 1818.7274909963983 }

S1: watch

 - - - 

P{ 1008.4033613445396 , 1818.7274909963983 }
S0: move: 2x, 0y

S0 is now on (7,0)
S2: move: 5x, 0y

S2 is now on (10,2)
S3: move: 4x, 1y

S3 is now on (9,4)
S4: move: 2x, 0y

S4 is now on (7,4)
S6: move: 2x, -1y

S6 is now on (8,0)
S8: move: 2x, 1y

S8 is now on (8,4)
S12: move: 2x, -2y

S12 is now on (9,0)
P{ 1088.8305247886083 , 1834.5613457756008 }

S1: watch

 - - - 

P{ 1088.8305247886083 , 1834.5613457756008 }
S2: move: 1x, 0y

S2 is now on (11,2)
P{ 1241.2706476529765 , 1897.70411211583 }

S2: turn : -0.0789778538881657

S1: watch

 - - - 

P{ 1241.2706476529765 , 1897.70411211583 }
P{ 1396.0219493200218 , 1954.8258037698008 }

S2: turn : -0.006991267501620324

S1: watch

 - - - 

P{ 1396.0219493200218 , 1954.8258037698008 }
P{ 1553.1435483395508 , 2005.2013160873835 }

S2: turn : -7.508881652658062E-4

S1: watch

 - - - 

P{ 1553.1435483395508 , 2005.2013160873835 }
P{ 1710.4608465560652 , 2054.9634141419024 }

S2: turn : -1.0243440606089171E-4

S1: watch

 - - - 

P{ 1710.4608465560652 , 2054.9634141419024 }
P{ 1867.7995267645051 , 2104.657877480013 }

S2: turn : -1.9145791666563827E-5

S1: watch

 - - - 

P{ 1867.7995267645051 , 2104.657877480013 }
P{ 2025.1412483708643 , 2154.342710589478 }

S2: turn : -5.681188397999026E-6

S1: watch

 - - - 

P{ 2025.1412483708643 , 2154.342710589478 }
P{ 2182.4835900742723 , 2204.0255799431548 }

S2: turn : -4.087671574115603E-6

S1: watch

 - - - 

P{ 2182.4835900742723 , 2204.0255799431548 }
Checkpoint done
P{ 2339.826174844248 , 2253.707679514977 }

S2: turn : -0.5374631964289938

S1: watch
