cp:[4947.848761408083,2994.7916666666765,0.0, C350.0, 8689.700130378087,10117.1875,0.0, C150.0, 15938.722294654499,13502.604166666672,0.0, C350.0] d:6,3 E:O1,2.,O2,2.,O3,2.,O4,2.,O1,0.,O2,0.
W120.01.57[R9517.601043024764,-6.217248937900877E-13,0.0R150.0,500.0,0.0, R11773.142112125166,260.41666666666475,5.078908123303498R4000.0,5000.0,0.0, OS9009380.704041721,136.7187500000056,3.
9426.336375488936,335.2864583333386,3.141592654cc4947.848761408083,2994.7916666666765,0.0, C350.0 S:[(52tt12), (53tt10), (54tt22), (55tt20), (56tt32), (57tt30), (58tt42), (59tt40), (60tt52),
W120.01.57[R9517.601043024764,-6.217248937900877E-13,0.0R150.0,500.0,0.0, R11773.142112125166,260.41666666666475,5.078908123303498R4000.0,5000.0,0.0, OS9009380.704041721,136.7187500000056,3.
9240.165859459565,388.69280032635487,2.605714856cc4947.848761408083,2994.7916666666765,0.0, C350.0 S:[(52tt12), (53tt10), (54tt22), (55tt20), (56tt32), (57tt30), (58tt42), (59tt40), (60tt52)
W120.01.57[R9517.601043024764,-6.217248937900877E-13,0.0R150.0,500.0,0.0, R11773.142112125166,260.41666666666475,5.078908123303498R4000.0,5000.0,0.0, OS9009380.704041721,136.7187500000056,3.
9045.683573443064,504.184166576475,2.605714856cc4947.848761408083,2994.7916666666765,0.0, C350.0 S:[(52tt12), (53tt10), (54tt22), (55tt20), (56tt32), (57tt30), (58tt42), (59tt40), (60tt52), 
W120.01.57[R9517.601043024764,-6.217248937900877E-13,0.0R150.0,500.0,0.0, R11773.142112125166,260.41666666666475,5.078908123303498R4000.0,5000.0,0.0, OS9009380.704041721,136.7187500000056,3.
8851.201287426564,619.6755328265898,2.605714856cc4947.848761408083,2994.7916666666765,0.0, C350.0 S:[(52tt12), (53tt10), (54tt22), (55tt20), (56tt32), (57tt30), (58tt42), (59tt40), (60tt52),
W120.01.57[R9517.601043024764,-6.217248937900877E-13,0.0R150.0,500.0,0.0, R9139.504563233377,2304.6875000000023,0.7853981633974483R1000.0,1000.0,0.0, R11773.142112125166,260.41666666666475,5
8656.719001410063,735.1668990767042,2.605714856cc4947.848761408083,2994.7916666666765,0.0, C350.0 S:[(52tt12), (53tt10), (54tt22), (55tt20), (56tt32), (57tt30), (58tt42), (59tt40), (60tt52),
W120.01.57[R11773.142112125166,260.41666666666475,5.078908123303498R4000.0,5000.0,0.0, OS9008530.636887702805,971.2599677218735,2.6274682460832812R3.0,6.0,0.0, OS9008808.871889679469,585.941
8462.236715393563,850.6582653268187,2.605714856cc4947.848761408083,2994.7916666666765,0.0, C350.0 S:[(52tt12), (53tt10), (54tt22), (55tt20), (56tt32), (57tt30), (58tt42), (59tt40), (60tt52),
W120.01.57[OS9008335.656183210542,1081.3823649786611,2.6274682460832812R3.0,6.0,0.0, OS9008668.882321346357,673.2792625620358,2.5837925721873667R3.0,6.0,0.0]
8267.754429377062,966.1496315769331,2.605714856cc4947.848761408083,2994.7916666666765,0.0, C350.0 S:[(52tt12), (53tt10), (54tt22), (55tt20), (56tt32), (57tt30), (58tt42), (59tt40), (60tt52),
W120.01.57[OS9008140.675478718278,1191.5047622354434,2.6274682460832812R3.0,6.0,0.0, OS9008528.892753013244,760.6172311547051,2.5837925721873667R3.0,6.0,0.0]
8073.272143360562,1081.640997827053,2.605714856cc4947.848761408083,2994.7916666666765,0.0, C350.0 S:[(52tt12), (53tt10), (54tt22), (55tt20), (56tt32), (57tt30), (58tt42), (59tt40), (60tt52),
W120.01.57[OS9007945.6947742260145,1301.6271594922257,2.6274682460832812R3.0,6.0,0.0, OS9008388.903184680132,847.9551997473744,2.5837925721873667R3.0,6.0,0.0]
7878.789857344062,1197.1323640771789,2.605714856cc4947.848761408083,2994.7916666666765,0.0, C350.0 S:[(52tt12), (53tt10), (54tt22), (55tt20), (56tt32), (57tt30), (58tt42), (59tt40), (60tt52)
W120.01.57[OS9007750.714069733751,1411.749556749008,2.6274682460832812R3.0,6.0,0.0, OS9008248.91361634702,935.2931683400437,2.5837925721873667R3.0,6.0,0.0]
7684.307571327561,1312.6237303273047,2.605714856cc4947.848761408083,2994.7916666666765,0.0, C350.0 S:[(52tt12), (53tt10), (54tt22), (55tt20), (56tt32), (57tt30), (58tt42), (59tt40), (60tt52)
W120.01.57[OS9007555.733365241487,1521.8719540057903,2.6274682460832812R3.0,6.0,0.0, OS9008108.924048013852,1022.631136932713,2.5837925721873667R3.0,6.0,0.0]
7489.825285311061,1428.1150965774304,2.605714856cc4947.848761408083,2994.7916666666765,0.0, C350.0 S:[(52tt12), (53tt10), (54tt22), (55tt20), (56tt32), (57tt30), (58tt42), (59tt40), (60tt52)
W120.01.57[OS9007360.752660749224,1631.9943512625725,2.6274682460832812R3.0,6.0,0.0, OS9007968.934479680649,1109.9691055253822,2.5837925721873667R3.0,6.0,0.0]
7295.34299929456,1543.6064628275562,2.605714856cc4947.848761408083,2994.7916666666765,0.0, C350.0 S:[(52tt12), (53tt10), (54tt22), (55tt20), (56tt32), (57tt30), (58tt42), (59tt40), (60tt52),
W120.01.57[R5867.014341590614,3138.020833333336,1.6406094968746698R600.0,3200.0,0.0, OS9007165.77195625696,1742.1167485193548,2.6274682460832812R3.0,6.0,0.0, OS9007828.944911347446,1197.3070
7101.114726363504,1661.2779828069847,2.58790919cc4947.848761408083,2994.7916666666765,0.0, C350.0 S:[(52tt12), (53tt22), (54tt32), (55tt42), (56ft31), (57ff30), (58ft52), (59ff40), (60ft51),
W120.01.57[R5867.014341590614,3138.020833333336,1.6406094968746698R600.0,3200.0,0.0, OS9007016.511362175591,1776.727349460765,3.255786776801245R3.0,6.0,0.0, OS9007688.955343658491,1284.64504
7045.788313591493,1672.0788192419052,-2.438639056cc4947.848761408083,2994.7916666666765,0.0, C350.0 S:[(52tt12), (53tt20), (54tt32), (55tt40), (56tt31), (57tt22), (58tt50), (59tt42), (60tt51
W120.01.57[R5867.014341590614,3138.020833333336,1.6406094968746698R600.0,3200.0,0.0, OS9006875.896500362452,1750.8934787415876,3.3948344733157834R3.0,6.0,0.0, OS9007548.965776626775,1371.983
6917.773987867172,1567.9946275886796,-2.47964058cc4947.848761408083,2994.7916666666765,0.0, C350.0 S:[(52tt12), (53tt20), (54tt32), (55tt40), (56tt22), (57tt10), (58tt52), (59tt30), (60tt42)
W120.01.57[S5658.40938722294,1171.8750000000007,2.443460952792061R200.0,2000.0,0.035.0, R5867.014341590614,3138.020833333336,1.6406094968746698R600.0,3200.0,0.0, OS9006742.414246271892,1719.
6787.622998003194,1466.5760896509046,-2.47964058cc4947.848761408083,2994.7916666666765,0.0, C350.0 S:[(52tt12), (53tt20), (54tt32), (55tt40), (56tt22), (57tt10), (58tt52), (59tt30), (60tt42)
W120.01.57[S5658.40938722294,1171.8750000000007,2.443460952792061R200.0,2000.0,0.035.0, R5867.014341590614,3138.020833333336,1.6406094968746698R600.0,3200.0,0.0, OS9006602.761887375515,1692.
6657.472008139216,1365.1575517131296,-2.47964058cc4947.848761408083,2994.7916666666765,0.0, C350.0 S:[(52tt12), (53tt20), (54tt32), (55tt40), (56tt22), (57tt10), (58tt52), (59tt30), (60tt42)
W120.01.57[S5658.40938722294,1171.8750000000007,2.443460952792061R200.0,2000.0,0.035.0, R5867.014341590614,3138.020833333336,1.6406094968746698R600.0,3200.0,0.0, OS9006456.516660241692,1671.
6527.321018275238,1263.7390137753546,-2.47964058cc4947.848761408083,2994.7916666666765,0.0, C350.0 S:[(52tt12), (53tt20), (54tt32), (55tt40), (56tt22), (57tt10), (58tt52), (59tt30), (60tt42)
W120.01.57[S5658.40938722294,1171.8750000000007,2.443460952792061R200.0,2000.0,0.035.0, R5867.014341590614,3138.020833333336,1.6406094968746698R600.0,3200.0,0.0, OS9006303.331201838123,1657.
6397.17002841126,1162.3204758375796,-2.47964058cc4947.848761408083,2994.7916666666765,0.0, C350.0 S:[(52tt12), (53tt20), (54tt32), (55tt40), (56tt22), (57tt10), (58tt52), (59tt30), (60tt42),
W120.01.57[S5658.40938722294,1171.8750000000007,2.443460952792061R200.0,2000.0,0.035.0, R5867.014341590614,3138.020833333336,1.6406094968746698R600.0,3200.0,0.0, OS9007081.685045076661,1642.
6267.019038547282,1060.9019378998046,-2.47964058cc4947.848761408083,2994.7916666666765,0.0, C350.0 S:[(52tt12), (53tt20), (54tt32), (55tt40), (56tt22), (57tt10), (58tt52), (59tt30), (60tt42)
W120.01.57[S5658.40938722294,1171.8750000000007,2.443460952792061R200.0,2000.0,0.035.0, R5867.014341590614,3138.020833333336,1.6406094968746698R600.0,3200.0,0.0]
6136.868048683305,959.4833999620223,-2.47964058cc4947.848761408083,2994.7916666666765,0.0, C350.0 S:[(52tt12), (53tt20), (54tt32), (55tt40), (56tt22), (57tt10), (58tt52), (59tt30), (60tt42),
W120.01.57[S5658.40938722294,1171.8750000000007,2.443460952792061R200.0,2000.0,0.035.0, R5867.014341590614,3138.020833333336,1.6406094968746698R600.0,3200.0,0.0]
5986.876507742537,874.7130611151179,-2.47964058cc4947.848761408083,2994.7916666666765,0.0, C350.0 S:[(52tt12), (53tt20), (54tt32), (55tt40), (56tt22), (57tt10), (58tt52), (59tt30), (60tt42),
W120.01.57[S5658.40938722294,1171.8750000000007,2.443460952792061R200.0,2000.0,0.035.0, R5867.014341590614,3138.020833333336,1.6406094968746698R600.0,3200.0,0.0]
5841.979162348513,785.6681846637978,-2.47964058cc4947.848761408083,2994.7916666666765,0.0, C350.0 S:[(52tt12), (53tt20), (54tt32), (55tt40), (56tt22), (57tt10), (58tt52), (59tt30), (60tt42),
W120.01.57[S5658.40938722294,1171.8750000000007,2.443460952792061R200.0,2000.0,0.035.0, R5867.014341590614,3138.020833333336,1.6406094968746698R600.0,3200.0,0.0]
5713.519086845066,682.1283068725199,-2.446425024cc4947.848761408083,2994.7916666666765,0.0, C350.0 S:[(52tt12), (53tt20), (54tt32), (55tt40), (56tt22), (57tt10), (58tt52), (59tt30), (60tt42)
W120.01.57[S5658.40938722294,1171.8750000000007,2.443460952792061R200.0,2000.0,0.035.0, R5867.014341590614,3138.020833333336,1.6406094968746698R600.0,3200.0,0.0]
5586.807940135681,576.4434673750691,-2.446425024cc4947.848761408083,2994.7916666666765,0.0, C350.0 S:[(52tt12), (53tt20), (54tt32), (55tt40), (56tt22), (57tt10), (58tt52), (59tt30), (60tt42)
W120.01.57[S5658.40938722294,1171.8750000000007,2.443460952792061R200.0,2000.0,0.035.0]
5460.096793426295,470.7586278776182,-2.446425024cc4947.848761408083,2994.7916666666765,0.0, C350.0 S:[(52tt12), (53tt20), (54tt32), (55tt40), (56tt22), (57tt10), (58tt52), (59tt30), (60tt42)
W120.01.57[S5658.40938722294,1171.8750000000007,2.443460952792061R200.0,2000.0,0.035.0]
5333.38564671691,365.07378838016734,-2.446425024cc4947.848761408083,2994.7916666666765,0.0, C350.0 S:[(52tt12), (53tt20), (54tt32), (55tt40), (56tt22), (57tt10), (58tt52), (59tt30), (60tt42)
W120.01.57[S5658.40938722294,1171.8750000000007,2.443460952792061R200.0,2000.0,0.035.0]
5206.674500007524,259.3889488827165,-2.446425024cc4947.848761408083,2994.7916666666765,0.0, C350.0 S:[(52tt12), (53tt20), (54tt32), (55tt40), (56tt22), (57tt10), (58tt52), (59tt30), (60tt42)
W120.01.57[]
5079.963353298139,153.7041093852656,-2.446425024cc4947.848761408083,2994.7916666666765,0.0, C350.0 S:[(52tt10), (53tt20), (54tt30), (55tt40), (56tt50), (57ft12), (58ff52), (59ft31), (60ff42)
W120.01.57[]
5018.729464284866,179.84514874170222,1.617264267cc4947.848761408083,2994.7916666666765,0.0, C350.0 S:[(52tt12), (53tt20), (54tt32), (55tt40), (56tt52), (57tt10), (58tt42), (59tt31), (60tt30)
W120.01.57[S5658.40938722294,1171.8750000000007,2.443460952792061R200.0,2000.0,0.035.0]
5008.495580510781,464.57273338916235,1.595971131cc4947.848761408083,2994.7916666666765,0.0, C350.0 S:[(52tt12), (53tt20), (54tt32), (55tt40), (56tt52), (57tt10), (58tt42), (59tt30), (60tt22)
W120.01.57[S5658.40938722294,1171.8750000000007,2.443460952792061R200.0,2000.0,0.035.0]
5001.3225377277295,749.4419709404392,1.595971131cc4947.848761408083,2994.7916666666765,0.0, C350.0 S:[(52tt12), (53tt20), (54tt32), (55tt40), (56tt52), (57tt10), (58tt42), (59tt30), (60tt22)
W120.01.57[S5658.40938722294,1171.8750000000007,2.443460952792061R200.0,2000.0,0.035.0, R5867.014341590614,3138.020833333336,1.6406094968746698R600.0,3200.0,0.0]
4994.149494944678,1034.3112084917157,1.595971131cc4947.848761408083,2994.7916666666765,0.0, C350.0 S:[(52tt12), (53tt20), (54tt32), (55tt40), (56tt52), (57tt10), (58tt42), (59tt30), (60tt22)
W120.01.57[S5658.40938722294,1171.8750000000007,2.443460952792061R200.0,2000.0,0.035.0, R5867.014341590614,3138.020833333336,1.6406094968746698R600.0,3200.0,0.0]
4986.976452161626,1319.1804460429812,1.595971131cc4947.848761408083,2994.7916666666765,0.0, C350.0 S:[(52tt12), (53tt20), (54tt32), (55tt40), (56tt52), (57tt10), (58tt42), (59tt30), (60tt22)
W120.01.57[S5658.40938722294,1171.8750000000007,2.443460952792061R200.0,2000.0,0.035.0, R4263.363754889176,3027.343749999999,0.0Pnull, R5867.014341590614,3138.020833333336,1.6406094968746698
4979.8034093785745,1604.0496835942467,1.595971131cc4947.848761408083,2994.7916666666765,0.0, C350.0 S:[(52tt12), (53tt20), (54tt32), (55tt40), (56tt52), (57tt10), (58tt42), (59tt30), (60tt22
W120.01.57[S5658.40938722294,1171.8750000000007,2.443460952792061R200.0,2000.0,0.035.0, R4263.363754889176,3027.343749999999,0.0Pnull, R5867.014341590614,3138.020833333336,1.6406094968746698
4947.963735527082,1909.6166821774195,1.595971131cc4947.848761408083,2994.7916666666765,0.0, C350.0 S:[(52tt12), (53tt20), (54tt32), (55tt40), (56tt52), (57tt10), (58tt42), (59tt30), (60tt22)
W120.01.57[S5658.40938722294,1171.8750000000007,2.443460952792061R200.0,2000.0,0.035.0, R4263.363754889176,3027.343749999999,0.0Pnull, R5867.014341590614,3138.020833333336,1.6406094968746698
4944.325965125455,2194.571824262533,1.570902277cc4947.848761408083,2994.7916666666765,0.0, C350.0 S:[(52tt12), (53tt20), (54tt32), (55tt40), (56tt52), (57tt10), (58tt42), (59tt30), (60tt22),
W120.01.57[S5658.40938722294,1171.8750000000007,2.443460952792061R200.0,2000.0,0.035.0, R4263.363754889176,3027.343749999999,0.0Pnull, R5867.014341590614,3138.020833333336,1.6406094968746698
4944.295769340925,2479.5717738166727,1.570902277cc4947.848761408083,2994.7916666666765,0.0, C350.0 S:[(52tt12), (53tt20), (54tt32), (55tt40), (56tt52), (57tt10), (58tt42), (59tt30), (60tt22)
W120.01.57[S5658.40938722294,1171.8750000000007,2.443460952792061R200.0,2000.0,0.035.0, R4263.363754889176,3027.343749999999,0.0Pnull, R5867.014341590614,3138.020833333336,1.6406094968746698
4944.265573556396,2764.5717233708124,1.570902277cc8689.700130378087,10117.1875,0.0, C150.0 S:[(52tt12), (53tt20), (54tt32), (55tt40), (56tt52), (57tt10), (58tt42), (59tt30), (60tt22), (61tt5
W120.01.57[R4263.363754889176,3027.343749999999,0.0Pnull, R5867.014341590614,3138.020833333336,1.6406094968746698R600.0,3200.0,0.0]
4979.192607070341,3045.4456331617184,1.32020705cc8689.700130378087,10117.1875,0.0, C150.0 S:[(52tt12), (53tt20), (54tt32), (55tt40), (56tt52), (57tt10), (58tt42), (59tt30), (60tt22), (61tt50
W120.01.57[R4263.363754889176,3027.343749999999,0.0Pnull, R5867.014341590614,3138.020833333336,1.6406094968746698R600.0,3200.0,0.0, S6147.327249022165,7148.437499999994,1.064650843716541R400
5051.930840049007,3316.78897481245,1.297328339cc8689.700130378087,10117.1875,0.0, C150.0 S:[(52tt12), (53tt20), (54tt32), (55tt40), (56tt52), (57tt10), (58tt42), (59tt30), (60tt22), (61tt50)
W120.01.57[R4263.363754889176,3027.343749999999,0.0Pnull, R5867.014341590614,3138.020833333336,1.6406094968746698R600.0,3200.0,0.0, S6147.327249022165,7148.437499999994,1.064650843716541R400
5127.704065893667,3586.929724455583,1.297328339cc8689.700130378087,10117.1875,0.0, C150.0 S:[(52tt12), (53tt20), (54tt32), (55tt40), (56tt52), (57tt10), (58tt42), (59tt30), (60tt22), (61tt50
W120.01.57[R4263.363754889176,3027.343749999999,0.0Pnull, R5867.014341590614,3138.020833333336,1.6406094968746698R600.0,3200.0,0.0, S6147.327249022165,7148.437499999994,1.064650843716541R400
5203.477291738326,3857.0704740987157,1.297328339cc8689.700130378087,10117.1875,0.0, C150.0 S:[(52tt12), (53tt20), (54tt32), (55tt40), (56tt52), (57tt10), (58tt42), (59tt30), (60tt22), (61tt5
W120.01.57[R4263.363754889176,3027.343749999999,0.0Pnull, R5867.014341590614,3138.020833333336,1.6406094968746698R600.0,3200.0,0.0, S6147.327249022165,7148.437499999994,1.064650843716541R400
5279.250517582986,4127.211223741843,1.297328339cc8689.700130378087,10117.1875,0.0, C150.0 S:[(52tt12), (53tt20), (54tt32), (55tt40), (56tt52), (57tt10), (58tt42), (59tt30), (60tt22), (61tt50
W120.01.57[R5867.014341590614,3138.020833333336,1.6406094968746698R600.0,3200.0,0.0, S6147.327249022165,7148.437499999994,1.064650843716541R400.0,7000.0,0.020.0]
