Micro : 13 actions
MOVING[sailorId=36,xdistance=2,ydistance=0],
TURN[sailorId=36,rotation=0.1392262598211218],
OAR[sailorId=29],
OAR[sailorId=32],
MOVING[sailorId=33,xdistance=1,ydistance=0],
LIFT_SAIL[sailorId=33],
OAR[sailorId=31],
OAR[sailorId=34],
OAR[sailorId=37],
OAR[sailorId=35],
OAR[sailorId=38],
MOVING[sailorId=26,xdistance=5,ydistance=0],
OAR[sailorId=26],
Micro : 14 actions
TURN[sailorId=36,rotation=-0.007404332965951443],
OAR[sailorId=31],
OAR[sailorId=34],
OAR[sailorId=37],
MOVING[sailorId=33,xdistance=1,ydistance=1],
OAR[sailorId=33],
MOVING[sailorId=26,xdistance=0,ydistance=2],
OAR[sailorId=26],
OAR[sailorId=29],
OAR[sailorId=32],
OAR[sailorId=35],
OAR[sailorId=38],
MOVING[sailorId=30,xdistance=4,ydistance=-1],
OAR[sailorId=30],
Micro : 11 actions
TURN[sailorId=36,rotation=-1.7451112376276612E-4],
OAR[sailorId=31],
OAR[sailorId=34],
OAR[sailorId=37],
OAR[sailorId=33],
OAR[sailorId=26],
OAR[sailorId=29],
OAR[sailorId=32],
OAR[sailorId=35],
OAR[sailorId=38],
OAR[sailorId=30],
Micro : 10 actions
OAR[sailorId=31],
OAR[sailorId=34],
OAR[sailorId=37],
OAR[sailorId=33],
OAR[sailorId=26],
OAR[sailorId=29],
OAR[sailorId=32],
OAR[sailorId=35],
OAR[sailorId=38],
OAR[sailorId=30],
Micro : 10 actions
OAR[sailorId=31],
OAR[sailorId=34],
OAR[sailorId=37],
OAR[sailorId=33],
OAR[sailorId=26],
OAR[sailorId=29],
OAR[sailorId=32],
OAR[sailorId=35],
OAR[sailorId=38],
OAR[sailorId=30],
Micro : 10 actions
OAR[sailorId=31],
OAR[sailorId=34],
OAR[sailorId=37],
OAR[sailorId=33],
OAR[sailorId=26],
OAR[sailorId=29],
OAR[sailorId=32],
OAR[sailorId=35],
OAR[sailorId=38],
OAR[sailorId=30],
Micro : 10 actions
OAR[sailorId=31],
OAR[sailorId=34],
OAR[sailorId=37],
OAR[sailorId=33],
OAR[sailorId=26],
OAR[sailorId=29],
OAR[sailorId=32],
OAR[sailorId=35],
OAR[sailorId=38],
OAR[sailorId=30],
Micro : 10 actions
OAR[sailorId=31],
OAR[sailorId=34],
OAR[sailorId=37],
OAR[sailorId=33],
OAR[sailorId=26],
OAR[sailorId=29],
OAR[sailorId=32],
OAR[sailorId=35],
OAR[sailorId=38],
OAR[sailorId=30],
Micro : 10 actions
OAR[sailorId=31],
OAR[sailorId=34],
OAR[sailorId=37],
