A:[M(0|1,4),O0,M(5|0,0),O5,M(14|0,0),O14,M(10|0,0),O10,M(19|0,0),O19,M(15|0,0),O15,M(18|1,1),O18,M(16|1,-1),O16,M(9|4,0),O9,M(11|3,-1),O11,M(13|4,1),O13]A:[M(13|4,0),T13,M(5|0,0),O5,M(0|0,0),O0,M(10|0
,0),O10,M(14|0,0),O14,M(15|0,0),O15,M(19|0,0),O19,M(16|0,0),O16,M(18|0,0),O18,M(11|0,0),O11,M(9|0,0),O9]A:[M(13|0,0),T13,M(5|0,0),O5,M(0|0,0),O0,M(10|0,0),O10,M(14|0,0),O14,M(15|0,0),O15,M(19|0,0),O19
,M(16|0,0),O16,M(18|0,0),O18,M(11|0,0),O11,M(9|0,0),O9]A:[M(5|0,0),O5,M(0|0,0),O0,M(10|0,0),O10,M(14|0,0),O14,M(15|0,0),O15,M(19|0,0),O19,M(16|0,0),O16,M(18|0,0),O18,M(11|0,0),O11,M(9|0,0),O9,M(17|3,-
2),O17,M(13|-4,0),O13]A:[M(5|0,0),O5,M(0|0,0),O0,M(10|0,0),O10,M(14|0,0),O14,M(15|0,0),O15,M(19|0,0),O19,M(16|0,0),O16,M(18|0,0),O18,M(11|0,0),O11,M(9|0,0),O9,M(17|0,0),O17,M(13|0,0),O13]A:[M(5|0,0),O
5,M(0|0,0),O0,M(10|0,0),O10,M(14|0,0),O14,M(15|0,0),O15,M(19|0,0),O19,M(16|0,0),O16,M(18|0,0),O18,M(11|0,0),O11,M(9|0,0),O9,M(17|0,0),O17,M(13|0,0),O13]A:[M(5|0,0),O5,M(0|0,0),O0,M(10|0,0),O10,M(14|0,
0),O14,M(15|0,0),O15,M(19|0,0),O19,M(16|0,0),O16,M(18|0,0),O18,M(11|0,0),O11,M(9|0,0),O9,M(17|0,0),O17,M(13|0,0),O13]A:[M(5|0,0),O5,M(0|0,0),O0,M(10|0,0),O10,M(14|0,0),O14,M(15|0,0),O15,M(19|0,0),O19,
M(16|0,0),O16,M(18|0,0),O18,M(11|0,0),O11,M(9|0,0),O9,M(17|0,0),O17,M(13|0,0),O13]A:[M(5|0,0),O5,M(0|0,0),O0,M(10|0,0),O10,M(14|0,0),O14,M(15|0,0),O15,M(19|0,0),O19,M(16|0,0),O16,M(18|0,0),O18,M(11|0,
0),O11,M(9|0,0),O9,M(17|0,0),O17,M(13|0,0),O13]A:[M(5|0,0),O5,M(0|0,0),O0,M(10|0,0),O10,M(14|0,0),O14,M(15|0,0),O15,M(19|0,0),O19,M(16|0,0),O16,M(18|0,0),O18,M(11|0,0),O11,M(9|0,0),O9,M(17|0,0),O17,M(
13|0,0),O13]A:[M(5|0,0),O5,M(0|0,0),O0,M(10|0,0),O10,M(14|0,0),O14,M(15|0,0),O15,M(19|0,0),O19,M(16|0,0),O16,M(18|0,0),O18,M(11|0,0),O11,M(9|0,0),O9,M(17|0,0),O17,M(13|0,0),O13]A:[M(5|0,0),O5,M(0|0,0)
,O0,M(10|0,0),O10,M(14|0,0),O14,M(15|0,0),O15,M(19|0,0),O19,M(16|0,0),O16,M(18|0,0),O18,M(11|0,0),O11,M(9|0,0),O9,M(17|0,0),O17,M(13|0,0),O13]A:[M(5|0,0),O5,M(0|0,0),O0,M(10|0,0),O10,M(14|0,0),O14,M(1
5|0,0),O15,M(19|0,0),O19,M(16|0,0),O16,M(18|0,0),O18,M(11|0,0),O11,M(9|0,0),O9,M(17|0,0),O17,M(13|0,0),O13]A:[M(5|0,0),O5,M(0|0,0),O0,M(10|0,0),O10,M(14|0,0),O14,M(15|0,0),O15,M(19|0,0),O19,M(16|0,0),
O16,M(18|0,0),O18,M(11|0,0),O11,M(9|0,0),O9,M(17|0,0),O17,M(13|0,0),O13]A:[M(5|0,0),O5,M(0|0,0),O0,M(10|0,0),O10,M(14|0,0),O14,M(15|0,0),O15,M(19|0,0),O19,M(16|0,0),O16,M(18|0,0),O18,M(11|0,0),O11,M(9
|0,0),O9,M(17|0,0),O17,M(13|0,0),O13]A:[M(0|0,0),O0,M(1|2,3),O1,M(2|3,2),O2,M(3|4,1),O3,M(4|5,0),O4,M(9|1,0),O9,M(13|1,0),O13,M(18|4,0),O18]A:[M(18|2,0),T18,M(5|0,0),O5,M(0|0,0),O0,M(10|0,0),O10,M(1|0
,0),O1,M(15|0,0),O15,M(2|0,0),O2,M(16|0,0),O16,M(3|0,0),O3,M(11|0,0),O11,M(4|0,0),O4,M(17|0,0),O17,M(9|0,0),O9,M(13|0,-4),O13,M(19|4,0),O19]A:[M(18|0,0),T18,M(5|0,0),O5,M(0|0,0),O0,M(10|0,0),O10,M(1|0
,0),O1,M(15|0,0),O15,M(2|0,0),O2,M(16|0,0),O16,M(3|0,0),O3,M(11|0,0),O11,M(4|0,0),O4,M(17|0,0),O17,M(9|0,0),O9,M(13|0,0),O13,M(19|0,0),O19]A:[M(18|0,0),T18,M(5|0,0),O5,M(0|0,0),O0,M(10|0,0),O10,M(1|0,
0),O1,M(15|0,0),O15,M(2|0,0),O2,M(16|0,0),O16,M(3|0,0),O3,M(11|0,0),O11,M(4|0,0),O4,M(17|0,0),O17,M(9|0,0),O9,M(13|0,0),O13,M(19|0,0),O19]A:[M(5|0,0),O5,M(0|0,0),O0,M(10|0,0),O10,M(1|0,0),O1,M(15|0,0)
,O15,M(2|0,0),O2,M(16|0,0),O16,M(3|0,0),O3,M(11|0,0),O11,M(4|0,0),O4,M(17|0,0),O17,M(9|0,0),O9,M(13|0,0),O13,M(19|0,0),O19]A:[M(5|0,0),O5,M(0|0,0),O0,M(10|0,0),O10,M(1|0,0),O1,M(15|0,0),O15,M(2|0,0),O
2,M(16|0,0),O16,M(3|0,0),O3,M(11|0,0),O11,M(4|0,0),O4,M(17|0,0),O17,M(9|0,0),O9,M(13|0,0),O13,M(19|0,0),O19]A:[M(5|0,0),O5,M(0|0,0),O0,M(10|0,0),O10,M(1|0,0),O1,M(15|0,0),O15,M(2|0,0),O2,M(16|0,0),O16
,M(3|0,0),O3,M(11|0,0),O11,M(4|0,0),O4,M(17|0,0),O17,M(9|0,0),O9,M(13|0,0),O13,M(19|0,0),O19]A:[M(5|0,0),O5,M(0|0,0),O0,M(10|0,0),O10,M(1|0,0),O1,M(15|0,0),O15,M(2|0,0),O2,M(16|0,0),O16,M(3|0,0),O3,M(
11|0,0),O11,M(4|0,0),O4,M(17|0,0),O17,M(9|0,0),O9,M(13|0,0),O13,M(19|0,0),O19]A:[M(5|0,0),O5,M(0|0,0),O0,M(10|0,0),O10,M(1|0,0),O1,M(15|0,0),O15,M(2|0,0),O2,M(16|0,0),O16,M(3|0,0),O3,M(11|0,0),O11,M(4
|0,0),O4,M(17|0,0),O17,M(9|0,0),O9,M(13|0,0),O13,M(19|0,0),O19]A:[M(5|0,0),O5,M(0|0,0),O0,M(10|0,0),O10,M(1|0,0),O1,M(15|0,0),O15,M(2|0,0),O2,M(16|0,0),O16,M(3|0,0),O3,M(11|0,0),O11,M(4|0,0),O4,M(17|0
,0),O17,M(9|0,0),O9,M(13|0,0),O13,M(19|0,0),O19]A:[M(5|0,0),O5,M(0|0,0),O0,M(10|0,0),O10,M(1|0,0),O1,M(15|0,0),O15,M(2|0,0),O2,M(16|0,0),O16,M(3|0,0),O3,M(11|0,0),O11,M(4|0,0),O4,M(17|0,0),O17,M(9|0,0
),O9,M(13|0,0),O13,M(19|0,0),O19]A:[M(5|0,0),O5,M(0|0,0),O0,M(10|0,0),O10,M(1|0,0),O1,M(15|0,0),O15,M(2|0,0),O2,M(16|0,0),O16,M(3|0,0),O3,M(11|0,0),O11,M(4|0,0),O4,M(17|0,0),O17,M(9|0,0),O9,M(13|0,0),
O13,M(19|0,0),O19]A:[M(5|0,0),O5,M(0|0,0),O0,M(10|0,0),O10,M(1|0,0),O1,M(15|0,0),O15,M(2|0,0),O2,M(16|0,0),O16,M(3|0,0),O3,M(11|0,0),O11,M(4|0,0),O4,M(17|0,0),O17,M(9|0,0),O9,M(13|0,0),O13,M(19|0,0),O
19]A:[M(5|0,0),O5,M(0|0,0),O0,M(10|0,0),O10,M(1|0,0),O1,M(15|0,0),O15,M(2|0,0),O2,M(16|0,0),O16,M(3|0,0),O3,M(11|0,0),O11,M(4|0,0),O4,M(17|0,0),O17,M(9|0,0),O9,M(13|0,0),O13,M(19|0,0),O19]A:[M(18|0,0)
,T18,M(5|0,0),O5,M(0|0,0),O0,M(10|0,0),O10,M(1|0,0),O1,M(15|0,0),O15,M(2|0,0),O2]A:[M(0|0,0),O0,M(1|0,0),O1,M(2|0,0),O2,M(3|0,0),O3,M(4|0,0),O4,M(9|0,0),O9,M(13|0,4),O13,M(18|-2,0),O18,M(19|2,0),O19]A
:[M(19|1,0),T19,M(5|0,0),O5,M(0|0,0),O0,M(10|0,0),O10,M(1|0,0),O1,M(15|0,0),O15,M(2|0,0),O2,M(16|0,0),O16,M(3|0,0),O3,M(11|0,0),O11,M(4|0,0),O4,M(17|0,0),O17,M(9|0,0),O9,M(13|0,-4),O13,M(18|-1,0),O18]
A:[M(19|0,0),T19,M(5|0,0),O5,M(0|0,0),O0,M(10|0,0),O10,M(1|0,0),O1,M(15|0,0),O15,M(2|0,0),O2,M(16|0,0),O16,M(3|0,0),O3,M(11|0,0),O11,M(4|0,0),O4,M(17|0,0),O17,M(9|0,0),O9,M(13|0,0),O13,M(18|0,0),O18]A
:[M(19|0,0),T19,M(5|0,0),O5,M(0|0,0),O0,M(10|0,0),O10,M(1|0,0),O1,M(15|0,0),O15,M(2|0,0),O2,M(16|0,0),O16,M(3|0,0),O3,M(11|0,0),O11,M(4|0,0),O4,M(17|0,0),O17,M(9|0,0),O9,M(13|0,0),O13,M(18|0,0),O18]A:
[M(5|0,0),O5,M(0|0,0),O0,M(10|0,0),O10,M(1|0,0),O1,M(15|0,0),O15,M(2|0,0),O2,M(16|0,0),O16,M(3|0,0),O3,M(11|0,0),O11,M(4|0,0),O4,M(17|0,0),O17,M(9|0,0),O9,M(13|0,0),O13,M(18|0,0),O18]A:[M(5|0,0),O5,M(
0|0,0),O0,M(10|0,0),O10,M(1|0,0),O1,M(15|0,0),O15,M(2|0,0),O2,M(16|0,0),O16,M(3|0,0),O3,M(11|0,0),O11,M(4|0,0),O4,M(17|0,0),O17,M(9|0,0),O9,M(13|0,0),O13,M(18|0,0),O18]A:[M(5|0,0),O5,M(0|0,0),O0,M(10|
0,0),O10,M(1|0,0),O1,M(15|0,0),O15,M(2|0,0),O2,M(16|0,0),O16,M(3|0,0),O3,M(11|0,0),O11,M(4|0,0),O4,M(17|0,0),O17,M(9|0,0),O9,M(13|0,0),O13,M(18|0,0),O18]A:[M(5|0,0),O5,M(0|0,0),O0,M(10|0,0),O10,M(1|0,
0),O1,M(15|0,0),O15,M(2|0,0),O2,M(16|0,0),O16,M(3|0,0),O3,M(11|0,0),O11,M(4|0,0),O4,M(17|0,0),O17,M(9|0,0),O9,M(13|0,0),O13,M(18|0,0),O18]A:[M(5|0,0),O5,M(0|0,0),O0,M(10|0,0),O10,M(1|0,0),O1,M(15|0,0)
,O15,M(2|0,0),O2,M(16|0,0),O16,M(3|0,0),O3,M(11|0,0),O11,M(4|0,0),O4,M(17|0,0),O17,M(9|0,0),O9,M(13|0,0),O13,M(18|0,0),O18]A:[M(5|0,0),O5,M(0|0,0),O0,M(10|0,0),O10,M(1|0,0),O1,M(15|0,0),O15,M(2|0,0),O
2,M(16|0,0),O16,M(3|0,0),O3,M(11|0,0),O11,M(4|0,0),O4,M(17|0,0),O17,M(9|0,0),O9,M(13|0,0),O13,M(18|0,0),O18]A:[M(5|0,0),O5,M(0|0,0),O0,M(10|0,0),O10,M(1|0,0),O1,M(15|0,0),O15,M(2|0,0),O2,M(16|0,0),O16
,M(3|0,0),O3,M(11|0,0),O11,M(4|0,0),O4,M(17|0,0),O17,M(9|0,0),O9,M(13|0,0),O13,M(18|0,0),O18]A:[M(5|0,0),O5,M(0|0,0),O0,M(10|0,0),O10,M(1|0,0),O1,M(15|0,0),O15,M(2|0,0),O2,M(16|0,0),O16,M(3|0,0),O3,M(
11|0,0),O11,M(4|0,0),O4,M(17|0,0),O17,M(9|0,0),O9,M(13|0,0),O13,M(18|0,0),O18]A:[M(5|0,0),O5,M(0|0,0),O0,M(10|0,0),O10,M(1|0,0),O1,M(15|0,0),O15,M(2|0,0),O2,M(16|0,0),O16,M(3|0,0),O3,M(11|0,0),O11,M(4
|0,0),O4,M(17|0,0),O17,M(9|0,0),O9,M(13|0,0),O13,M(18|0,0),O18]
