InitShipPos : (0.0, 0.0, ori=0.0) | ShipDeck : (11, 5) | [Sl{id=0, x=0, y=0}, Sl{id=1, x=0, y=1}, Sl{id=2, x=0, y=2}, Sl{id=3, x=0, y=3}, Sl{id=4, x=0, y=4}, Sl{id=5, x=1, y=0}, Sl{id=6, x=1, y=1}, Sl
[Oar(1,0), Oar(2,0), Oar(3,0), Oar(4,0), Oar(5,0), Oar(6,0), Oar(7,0), Oar(8,0), Oar(9,0), Oar(1,4), Oar(2,4), Oar(3,4), Oar(4,4), Oar(5,4), Oar(6,4), Oar(7,4), Oar(8,4), Oar(9,4), Rudder(10,4), Sail(
Ship(0.0, 0.0, ori=0.0) | CP{pos=(500.0, 500.0)} [{Si:19,T:MOV,yd:0,xd:5},{Si:9,T:OAR},{Si:14,T:OAR},{Si:18,T:MOV,yd:1,xd:0},{Si:18,T:OAR},{Si:13,T:MOV,yd:1,xd:2},{Si:13,T:OAR},{Si:5,T:OAR},{Si:17,T:M
Ship(50.7, 18.3, ori=0.7) | CP{pos=(500.0, 500.0)} [{Si:19,T:MOV,yd:0,xd:2},{Si:19,T:TURN,rotation:0.12210522177019922},{Si:17,T:MOV,yd:-2,xd:0},{Si:17,T:LIFT_SAIL},{Si:5,T:OAR},{Si:9,T:OAR},{Si:10,T:
Ship(143.5, 106.2, ori=0.82) | CP{pos=(500.0, 500.0)} [{Si:5,T:OAR},{Si:9,T:OAR},{Si:10,T:OAR},{Si:14,T:OAR},{Si:15,T:OAR},{Si:18,T:OAR},{Si:16,T:OAR},{Si:13,T:OAR},{Si:11,T:OAR},{Si:12,T:OAR},{Si:17,
Ship(241.8, 211.6, ori=0.82) | CP{pos=(500.0, 500.0)} [{Si:19,T:MOV,yd:0,xd:4},{Si:19,T:TURN,rotation:0.020464637302662902},{Si:5,T:OAR},{Si:9,T:OAR},{Si:10,T:OAR},{Si:14,T:OAR},{Si:15,T:OAR},{Si:18,T
Ship(326.4, 304.1, ori=0.84) | CP{pos=(500.0, 500.0)} [{Si:5,T:OAR},{Si:9,T:OAR},{Si:10,T:OAR},{Si:14,T:OAR},{Si:15,T:OAR},{Si:18,T:OAR},{Si:16,T:OAR},{Si:13,T:OAR},{Si:11,T:OAR},{Si:12,T:OAR},{Si:17,
Ship(422.0, 410.9, ori=0.84) | CP{pos=(500.0, 500.0)} [{Si:5,T:OAR},{Si:9,T:OAR},{Si:10,T:OAR},{Si:14,T:OAR},{Si:15,T:OAR},{Si:18,T:OAR},{Si:16,T:OAR},{Si:13,T:OAR},{Si:11,T:OAR},{Si:12,T:OAR},{Si:17,
Ship(534.6, 534.7, ori=0.84) | CP{pos=(1000.0, 1000.0)} [{Si:19,T:MOV,yd:0,xd:4},{Si:19,T:TURN,rotation:-0.055432386017264745},{Si:5,T:OAR},{Si:9,T:OAR},{Si:10,T:OAR},{Si:14,T:OAR},{Si:15,T:OAR},{Si:1
Ship(727.2, 732.3, ori=0.79) | CP{pos=(1000.0, 1000.0)} [{Si:5,T:OAR},{Si:9,T:OAR},{Si:10,T:OAR},{Si:14,T:OAR},{Si:15,T:OAR},{Si:18,T:OAR},{Si:16,T:OAR},{Si:13,T:OAR},{Si:11,T:OAR},{Si:12,T:OAR},{Si:1
Ship(936.1, 941.2, ori=0.79) | CP{pos=(1000.0, 1000.0)} [{Si:19,T:MOV,yd:0,xd:4},{Si:19,T:TURN,rotation:-0.0409504803572418},{Si:5,T:OAR},{Si:9,T:OAR},{Si:10,T:OAR},{Si:14,T:OAR},{Si:15,T:OAR},{Si:18,
Ship(1134.3, 1135.7, ori=0.74) | CP{pos=(1000.0, 1000.0)} [{Si:19,T:TURN,rotation:-0.7853981633974483},{Si:5,T:OAR},{Si:10,T:OAR},{Si:15,T:OAR},{Si:16,T:OAR},{Si:11,T:OAR},{Si:17,T:OAR}]
Ship(1311.1, 1216.0, ori=-1.09) | CP{pos=(1000.0, 1000.0)} [{Si:19,T:TURN,rotation:-0.7853981633974483},{Si:5,T:OAR},{Si:10,T:OAR},{Si:15,T:OAR},{Si:16,T:OAR},{Si:11,T:OAR},{Si:9,T:OAR},{Si:17,T:OAR},
Ship(1314.5, 1208.3, ori=-1.22) | CP{pos=(1000.0, 1000.0)} [{Si:19,T:TURN,rotation:-0.7853981633974483},{Si:5,T:OAR},{Si:10,T:OAR},{Si:15,T:OAR},{Si:16,T:OAR},{Si:9,T:OAR},{Si:11,T:OAR},{Si:14,T:OAR},
Ship(1314.5, 1208.3, ori=-1.22) | CP{pos=(1000.0, 1000.0)} [{Si:19,T:TURN,rotation:-0.7853981633974483},{Si:5,T:OAR},{Si:10,T:OAR},{Si:15,T:OAR},{Si:16,T:OAR},{Si:9,T:OAR},{Si:11,T:OAR},{Si:14,T:OAR},
Ship(1314.5, 1208.3, ori=-1.22) | CP{pos=(1000.0, 1000.0)} [{Si:19,T:TURN,rotation:-0.7853981633974483},{Si:5,T:OAR},{Si:10,T:OAR},{Si:15,T:OAR},{Si:16,T:OAR},{Si:9,T:OAR},{Si:11,T:OAR},{Si:14,T:OAR},
Ship(1314.5, 1208.3, ori=-1.22) | CP{pos=(1000.0, 1000.0)} [{Si:19,T:TURN,rotation:-0.7853981633974483},{Si:5,T:OAR},{Si:10,T:OAR},{Si:15,T:OAR},{Si:16,T:OAR},{Si:9,T:OAR},{Si:11,T:OAR},{Si:14,T:OAR},
Ship(1314.5, 1208.3, ori=-1.22) | CP{pos=(1000.0, 1000.0)} [{Si:19,T:TURN,rotation:-0.7853981633974483},{Si:5,T:OAR},{Si:10,T:OAR},{Si:15,T:OAR},{Si:16,T:OAR},{Si:9,T:OAR},{Si:11,T:OAR},{Si:14,T:OAR},
Ship(1314.5, 1208.3, ori=-1.22) | CP{pos=(1000.0, 1000.0)} [{Si:19,T:TURN,rotation:-0.7853981633974483},{Si:5,T:OAR},{Si:10,T:OAR},{Si:15,T:OAR},{Si:16,T:OAR},{Si:9,T:OAR},{Si:11,T:OAR},{Si:14,T:OAR},
Ship(1314.5, 1208.3, ori=-1.22) | CP{pos=(1000.0, 1000.0)} [{Si:19,T:TURN,rotation:-0.7853981633974483},{Si:5,T:OAR},{Si:10,T:OAR},{Si:15,T:OAR},{Si:16,T:OAR},{Si:9,T:OAR},{Si:11,T:OAR},{Si:14,T:OAR},
Ship(1314.5, 1208.3, ori=-1.22) | CP{pos=(1000.0, 1000.0)} [{Si:19,T:TURN,rotation:-0.7853981633974483},{Si:5,T:OAR},{Si:10,T:OAR},{Si:15,T:OAR},{Si:16,T:OAR},{Si:9,T:OAR},{Si:11,T:OAR},{Si:14,T:OAR},
Ship(1314.5, 1208.3, ori=-1.22) | CP{pos=(1000.0, 1000.0)} [{Si:19,T:TURN,rotation:-0.7853981633974483},{Si:5,T:OAR},{Si:10,T:OAR},{Si:15,T:OAR},{Si:16,T:OAR},{Si:9,T:OAR},{Si:11,T:OAR},{Si:14,T:OAR},
Ship(1314.5, 1208.3, ori=-1.22) | CP{pos=(1000.0, 1000.0)} [{Si:19,T:TURN,rotation:-0.7853981633974483},{Si:5,T:OAR},{Si:10,T:OAR},{Si:15,T:OAR},{Si:16,T:OAR},{Si:9,T:OAR},{Si:11,T:OAR},{Si:14,T:OAR},
Ship(1314.5, 1208.3, ori=-1.22) | CP{pos=(1000.0, 1000.0)} [{Si:19,T:TURN,rotation:-0.7853981633974483},{Si:5,T:OAR},{Si:10,T:OAR},{Si:15,T:OAR},{Si:16,T:OAR},{Si:9,T:OAR},{Si:11,T:OAR},{Si:14,T:OAR},
Ship(1314.5, 1208.3, ori=-1.22) | CP{pos=(1000.0, 1000.0)} [{Si:19,T:TURN,rotation:-0.7853981633974483},{Si:5,T:OAR},{Si:10,T:OAR},{Si:15,T:OAR},{Si:16,T:OAR},{Si:9,T:OAR},{Si:11,T:OAR},{Si:14,T:OAR},
Ship(1314.5, 1208.3, ori=-1.22) | CP{pos=(1000.0, 1000.0)} [{Si:19,T:TURN,rotation:-0.7853981633974483},{Si:5,T:OAR},{Si:10,T:OAR},{Si:15,T:OAR},{Si:16,T:OAR},{Si:9,T:OAR},{Si:11,T:OAR},{Si:14,T:OAR},
Ship(1314.5, 1208.3, ori=-1.22) | CP{pos=(1000.0, 1000.0)} [{Si:19,T:TURN,rotation:-0.7853981633974483},{Si:5,T:OAR},{Si:10,T:OAR},{Si:15,T:OAR},{Si:16,T:OAR},{Si:9,T:OAR},{Si:11,T:OAR},{Si:14,T:OAR},
Ship(1314.5, 1208.3, ori=-1.22) | CP{pos=(1000.0, 1000.0)} [{Si:19,T:TURN,rotation:-0.7853981633974483},{Si:5,T:OAR},{Si:10,T:OAR},{Si:15,T:OAR},{Si:16,T:OAR},{Si:9,T:OAR},{Si:11,T:OAR},{Si:14,T:OAR},
Ship(1314.5, 1208.3, ori=-1.22) | CP{pos=(1000.0, 1000.0)} [{Si:19,T:TURN,rotation:-0.7853981633974483},{Si:5,T:OAR},{Si:10,T:OAR},{Si:15,T:OAR},{Si:16,T:OAR},{Si:9,T:OAR},{Si:11,T:OAR},{Si:14,T:OAR},
Ship(1314.5, 1208.3, ori=-1.22) | CP{pos=(1000.0, 1000.0)} [{Si:19,T:TURN,rotation:-0.7853981633974483},{Si:5,T:OAR},{Si:10,T:OAR},{Si:15,T:OAR},{Si:16,T:OAR},{Si:9,T:OAR},{Si:11,T:OAR},{Si:14,T:OAR},
Ship(1314.5, 1208.3, ori=-1.22) | CP{pos=(1000.0, 1000.0)} [{Si:19,T:TURN,rotation:-0.7853981633974483},{Si:5,T:OAR},{Si:10,T:OAR},{Si:15,T:OAR},{Si:16,T:OAR},{Si:9,T:OAR},{Si:11,T:OAR},{Si:14,T:OAR},
Ship(1314.5, 1208.3, ori=-1.22) | CP{pos=(1000.0, 1000.0)} [{Si:19,T:TURN,rotation:-0.7853981633974483},{Si:5,T:OAR},{Si:10,T:OAR},{Si:15,T:OAR},{Si:16,T:OAR},{Si:9,T:OAR},{Si:11,T:OAR},{Si:14,T:OAR},
Ship(1314.5, 1208.3, ori=-1.22) | CP{pos=(1000.0, 1000.0)} [{Si:19,T:TURN,rotation:-0.7853981633974483},{Si:5,T:OAR},{Si:10,T:OAR},{Si:15,T:OAR},{Si:16,T:OAR},{Si:9,T:OAR},{Si:11,T:OAR},{Si:14,T:OAR},
Ship(1314.5, 1208.3, ori=-1.22) | CP{pos=(1000.0, 1000.0)} [{Si:19,T:TURN,rotation:-0.7853981633974483},{Si:5,T:OAR},{Si:10,T:OAR},{Si:15,T:OAR},{Si:16,T:OAR},{Si:9,T:OAR},{Si:11,T:OAR},{Si:14,T:OAR},
Ship(1314.5, 1208.3, ori=-1.22) | CP{pos=(1000.0, 1000.0)} [{Si:19,T:TURN,rotation:-0.7853981633974483},{Si:5,T:OAR},{Si:10,T:OAR},{Si:15,T:OAR},{Si:16,T:OAR},{Si:9,T:OAR},{Si:11,T:OAR},{Si:14,T:OAR},
Ship(1314.5, 1208.3, ori=-1.22) | CP{pos=(1000.0, 1000.0)} [{Si:19,T:TURN,rotation:-0.7853981633974483},{Si:5,T:OAR},{Si:10,T:OAR},{Si:15,T:OAR},{Si:16,T:OAR},{Si:9,T:OAR},{Si:11,T:OAR},{Si:14,T:OAR},
Ship(1314.5, 1208.3, ori=-1.22) | CP{pos=(1000.0, 1000.0)} [{Si:19,T:TURN,rotation:-0.7853981633974483},{Si:5,T:OAR},{Si:10,T:OAR},{Si:15,T:OAR},{Si:16,T:OAR},{Si:9,T:OAR},{Si:11,T:OAR},{Si:14,T:OAR},
Ship(1314.5, 1208.3, ori=-1.22) | CP{pos=(1000.0, 1000.0)} [{Si:19,T:TURN,rotation:-0.7853981633974483},{Si:5,T:OAR},{Si:10,T:OAR},{Si:15,T:OAR},{Si:16,T:OAR},{Si:9,T:OAR},{Si:11,T:OAR},{Si:14,T:OAR},
Ship(1314.5, 1208.3, ori=-1.22) | CP{pos=(1000.0, 1000.0)} [{Si:19,T:TURN,rotation:-0.7853981633974483},{Si:5,T:OAR},{Si:10,T:OAR},{Si:15,T:OAR},{Si:16,T:OAR},{Si:9,T:OAR},{Si:11,T:OAR},{Si:14,T:OAR},
Ship(1314.5, 1208.3, ori=-1.22) | CP{pos=(1000.0, 1000.0)} [{Si:19,T:TURN,rotation:-0.7853981633974483},{Si:5,T:OAR},{Si:10,T:OAR},{Si:15,T:OAR},{Si:16,T:OAR},{Si:9,T:OAR},{Si:11,T:OAR},{Si:14,T:OAR},
Ship(1314.5, 1208.3, ori=-1.22) | CP{pos=(1000.0, 1000.0)} [{Si:19,T:TURN,rotation:-0.7853981633974483},{Si:5,T:OAR},{Si:10,T:OAR},{Si:15,T:OAR},{Si:16,T:OAR},{Si:9,T:OAR},{Si:11,T:OAR},{Si:14,T:OAR},
Ship(1314.5, 1208.3, ori=-1.22) | CP{pos=(1000.0, 1000.0)} [{Si:19,T:TURN,rotation:-0.7853981633974483},{Si:5,T:OAR},{Si:10,T:OAR},{Si:15,T:OAR},{Si:16,T:OAR},{Si:9,T:OAR},{Si:11,T:OAR},{Si:14,T:OAR},
Ship(1314.5, 1208.3, ori=-1.22) | CP{pos=(1000.0, 1000.0)} [{Si:19,T:TURN,rotation:-0.7853981633974483},{Si:5,T:OAR},{Si:10,T:OAR},{Si:15,T:OAR},{Si:16,T:OAR},{Si:9,T:OAR},{Si:11,T:OAR},{Si:14,T:OAR},
Ship(1314.5, 1208.3, ori=-1.22) | CP{pos=(1000.0, 1000.0)} [{Si:19,T:TURN,rotation:-0.7853981633974483},{Si:5,T:OAR},{Si:10,T:OAR},{Si:15,T:OAR},{Si:16,T:OAR},{Si:9,T:OAR},{Si:11,T:OAR},{Si:14,T:OAR},
Ship(1314.5, 1208.3, ori=-1.22) | CP{pos=(1000.0, 1000.0)} [{Si:19,T:TURN,rotation:-0.7853981633974483},{Si:5,T:OAR},{Si:10,T:OAR},{Si:15,T:OAR},{Si:16,T:OAR},{Si:9,T:OAR},{Si:11,T:OAR},{Si:14,T:OAR},
Ship(1314.5, 1208.3, ori=-1.22) | CP{pos=(1000.0, 1000.0)} [{Si:19,T:TURN,rotation:-0.7853981633974483},{Si:5,T:OAR},{Si:10,T:OAR},{Si:15,T:OAR},{Si:16,T:OAR},{Si:9,T:OAR},{Si:11,T:OAR},{Si:14,T:OAR},
Ship(1314.5, 1208.3, ori=-1.22) | CP{pos=(1000.0, 1000.0)} [{Si:19,T:TURN,rotation:-0.7853981633974483},{Si:5,T:OAR},{Si:10,T:OAR},{Si:15,T:OAR},{Si:16,T:OAR},{Si:9,T:OAR},{Si:11,T:OAR},{Si:14,T:OAR},
Ship(1314.5, 1208.3, ori=-1.22) | CP{pos=(1000.0, 1000.0)} [{Si:19,T:TURN,rotation:-0.7853981633974483},{Si:5,T:OAR},{Si:10,T:OAR},{Si:15,T:OAR},{Si:16,T:OAR},{Si:9,T:OAR},{Si:11,T:OAR},{Si:14,T:OAR},
Ship(1314.5, 1208.3, ori=-1.22) | CP{pos=(1000.0, 1000.0)} [{Si:19,T:TURN,rotation:-0.7853981633974483},{Si:5,T:OAR},{Si:10,T:OAR},{Si:15,T:OAR},{Si:16,T:OAR},{Si:9,T:OAR},{Si:11,T:OAR},{Si:14,T:OAR},
Ship(1314.5, 1208.3, ori=-1.22) | CP{pos=(1000.0, 1000.0)} [{Si:19,T:TURN,rotation:-0.7853981633974483},{Si:5,T:OAR},{Si:10,T:OAR},{Si:15,T:OAR},{Si:16,T:OAR},{Si:9,T:OAR},{Si:11,T:OAR},{Si:14,T:OAR},
Ship(1314.5, 1208.3, ori=-1.22) | CP{pos=(1000.0, 1000.0)} [{Si:19,T:TURN,rotation:-0.7853981633974483},{Si:5,T:OAR},{Si:10,T:OAR},{Si:15,T:OAR},{Si:16,T:OAR},{Si:9,T:OAR},{Si:11,T:OAR},{Si:14,T:OAR},
Ship(1314.5, 1208.3, ori=-1.22) | CP{pos=(1000.0, 1000.0)} [{Si:19,T:TURN,rotation:-0.7853981633974483},{Si:5,T:OAR},{Si:10,T:OAR},{Si:15,T:OAR},{Si:16,T:OAR},{Si:9,T:OAR},{Si:11,T:OAR},{Si:14,T:OAR},
Ship(1314.5, 1208.3, ori=-1.22) | CP{pos=(1000.0, 1000.0)} [{Si:19,T:TURN,rotation:-0.7853981633974483},{Si:5,T:OAR},{Si:10,T:OAR},{Si:15,T:OAR},{Si:16,T:OAR},{Si:9,T:OAR},{Si:11,T:OAR},{Si:14,T:OAR},
Ship(1314.5, 1208.3, ori=-1.22) | CP{pos=(1000.0, 1000.0)} [{Si:19,T:TURN,rotation:-0.7853981633974483},{Si:5,T:OAR},{Si:10,T:OAR},{Si:15,T:OAR},{Si:16,T:OAR},{Si:9,T:OAR},{Si:11,T:OAR},{Si:14,T:OAR},
Ship(1314.5, 1208.3, ori=-1.22) | CP{pos=(1000.0, 1000.0)} [{Si:19,T:TURN,rotation:-0.7853981633974483},{Si:5,T:OAR},{Si:10,T:OAR},{Si:15,T:OAR},{Si:16,T:OAR},{Si:9,T:OAR},{Si:11,T:OAR},{Si:14,T:OAR},
Ship(1314.5, 1208.3, ori=-1.22) | CP{pos=(1000.0, 1000.0)} [{Si:19,T:TURN,rotation:-0.7853981633974483},{Si:5,T:OAR},{Si:10,T:OAR},{Si:15,T:OAR},{Si:16,T:OAR},{Si:9,T:OAR},{Si:11,T:OAR},{Si:14,T:OAR},
Ship(1314.5, 1208.3, ori=-1.22) | CP{pos=(1000.0, 1000.0)} [{Si:19,T:TURN,rotation:-0.7853981633974483},{Si:5,T:OAR},{Si:10,T:OAR},{Si:15,T:OAR},{Si:16,T:OAR},{Si:9,T:OAR},{Si:11,T:OAR},{Si:14,T:OAR},
Ship(1314.5, 1208.3, ori=-1.22) | CP{pos=(1000.0, 1000.0)} [{Si:19,T:TURN,rotation:-0.7853981633974483},{Si:5,T:OAR},{Si:10,T:OAR},{Si:15,T:OAR},{Si:16,T:OAR},{Si:9,T:OAR},{Si:11,T:OAR},{Si:14,T:OAR},
Ship(1314.5, 1208.3, ori=-1.22) | CP{pos=(1000.0, 1000.0)} [{Si:19,T:TURN,rotation:-0.7853981633974483},{Si:5,T:OAR},{Si:10,T:OAR},{Si:15,T:OAR},{Si:16,T:OAR},{Si:9,T:OAR},{Si:11,T:OAR},{Si:14,T:OAR},
Ship(1314.5, 1208.3, ori=-1.22) | CP{pos=(1000.0, 1000.0)} [{Si:19,T:TURN,rotation:-0.7853981633974483},{Si:5,T:OAR},{Si:10,T:OAR},{Si:15,T:OAR},{Si:16,T:OAR},{Si:9,T:OAR},{Si:11,T:OAR},{Si:14,T:OAR},
Ship(1314.5, 1208.3, ori=-1.22) | CP{pos=(1000.0, 1000.0)} [{Si:19,T:TURN,rotation:-0.7853981633974483},{Si:5,T:OAR},{Si:10,T:OAR},{Si:15,T:OAR},{Si:16,T:OAR},{Si:9,T:OAR},{Si:11,T:OAR},{Si:14,T:OAR},
Ship(1314.5, 1208.3, ori=-1.22) | CP{pos=(1000.0, 1000.0)} [{Si:19,T:TURN,rotation:-0.7853981633974483},{Si:5,T:OAR},{Si:10,T:OAR},{Si:15,T:OAR},{Si:16,T:OAR},{Si:9,T:OAR},{Si:11,T:OAR},{Si:14,T:OAR},
Ship(1314.5, 1208.3, ori=-1.22) | CP{pos=(1000.0, 1000.0)} [{Si:19,T:TURN,rotation:-0.7853981633974483},{Si:5,T:OAR},{Si:10,T:OAR},{Si:15,T:OAR},{Si:16,T:OAR},{Si:9,T:OAR},{Si:11,T:OAR},{Si:14,T:OAR},
Ship(1314.5, 1208.3, ori=-1.22) | CP{pos=(1000.0, 1000.0)} [{Si:19,T:TURN,rotation:-0.7853981633974483},{Si:5,T:OAR},{Si:10,T:OAR},{Si:15,T:OAR},{Si:16,T:OAR},{Si:9,T:OAR},{Si:11,T:OAR},{Si:14,T:OAR},
Ship(1314.5, 1208.3, ori=-1.22) | CP{pos=(1000.0, 1000.0)} [{Si:19,T:TURN,rotation:-0.7853981633974483},{Si:5,T:OAR},{Si:10,T:OAR},{Si:15,T:OAR},{Si:16,T:OAR},{Si:9,T:OAR},{Si:11,T:OAR},{Si:14,T:OAR},
Ship(1314.5, 1208.3, ori=-1.22) | CP{pos=(1000.0, 1000.0)} [{Si:19,T:TURN,rotation:-0.7853981633974483},{Si:5,T:OAR},{Si:10,T:OAR},{Si:15,T:OAR},{Si:16,T:OAR},{Si:9,T:OAR},{Si:11,T:OAR},{Si:14,T:OAR},
Ship(1314.5, 1208.3, ori=-1.22) | CP{pos=(1000.0, 1000.0)} [{Si:19,T:TURN,rotation:-0.7853981633974483},{Si:5,T:OAR},{Si:10,T:OAR},{Si:15,T:OAR},{Si:16,T:OAR},{Si:9,T:OAR},{Si:11,T:OAR},{Si:14,T:OAR},
Ship(1314.5, 1208.3, ori=-1.22) | CP{pos=(1000.0, 1000.0)} [{Si:19,T:TURN,rotation:-0.7853981633974483},{Si:5,T:OAR},{Si:10,T:OAR},{Si:15,T:OAR},{Si:16,T:OAR},{Si:9,T:OAR},{Si:11,T:OAR},{Si:14,T:OAR},
Ship(1314.5, 1208.3, ori=-1.22) | CP{pos=(1000.0, 1000.0)} [{Si:19,T:TURN,rotation:-0.7853981633974483},{Si:5,T:OAR},{Si:10,T:OAR},{Si:15,T:OAR},{Si:16,T:OAR},{Si:9,T:OAR},{Si:11,T:OAR},{Si:14,T:OAR},
Ship(1314.5, 1208.3, ori=-1.22) | CP{pos=(1000.0, 1000.0)} [{Si:19,T:TURN,rotation:-0.7853981633974483},{Si:5,T:OAR},{Si:10,T:OAR},{Si:15,T:OAR},{Si:16,T:OAR},{Si:9,T:OAR},{Si:11,T:OAR},{Si:14,T:OAR},
Ship(1314.5, 1208.3, ori=-1.22) | CP{pos=(1000.0, 1000.0)} [{Si:19,T:TURN,rotation:-0.7853981633974483},{Si:5,T:OAR},{Si:10,T:OAR},{Si:15,T:OAR},{Si:16,T:OAR},{Si:9,T:OAR},{Si:11,T:OAR},{Si:14,T:OAR},
Ship(1314.5, 1208.3, ori=-1.22) | CP{pos=(1000.0, 1000.0)} [{Si:19,T:TURN,rotation:-0.7853981633974483},{Si:5,T:OAR},{Si:10,T:OAR},{Si:15,T:OAR},{Si:16,T:OAR},{Si:9,T:OAR},{Si:11,T:OAR},{Si:14,T:OAR},
Ship(1314.5, 1208.3, ori=-1.22) | CP{pos=(1000.0, 1000.0)} [{Si:19,T:TURN,rotation:-0.7853981633974483},{Si:5,T:OAR},{Si:10,T:OAR},{Si:15,T:OAR},{Si:16,T:OAR},{Si:9,T:OAR},{Si:11,T:OAR},{Si:14,T:OAR},
Ship(1314.5, 1208.3, ori=-1.22) | CP{pos=(1000.0, 1000.0)} [{Si:19,T:TURN,rotation:-0.7853981633974483},{Si:5,T:OAR},{Si:10,T:OAR},{Si:15,T:OAR},{Si:16,T:OAR},{Si:9,T:OAR},{Si:11,T:OAR},{Si:14,T:OAR},
Ship(1314.5, 1208.3, ori=-1.22) | CP{pos=(1000.0, 1000.0)} [{Si:19,T:TURN,rotation:-0.7853981633974483},{Si:5,T:OAR},{Si:10,T:OAR},{Si:15,T:OAR},{Si:16,T:OAR},{Si:9,T:OAR},{Si:11,T:OAR},{Si:14,T:OAR},
Ship(1314.5, 1208.3, ori=-1.22) | CP{pos=(1000.0, 1000.0)} [{Si:19,T:TURN,rotation:-0.7853981633974483},{Si:5,T:OAR},{Si:10,T:OAR},{Si:15,T:OAR},{Si:16,T:OAR},{Si:9,T:OAR},{Si:11,T:OAR},{Si:14,T:OAR},
Ship(1314.5, 1208.3, ori=-1.22) | CP{pos=(1000.0, 1000.0)} [{Si:19,T:TURN,rotation:-0.7853981633974483},{Si:5,T:OAR},{Si:10,T:OAR},{Si:15,T:OAR},{Si:16,T:OAR},{Si:9,T:OAR},{Si:11,T:OAR},{Si:14,T:OAR},
Ship(1314.5, 1208.3, ori=-1.22) | CP{pos=(1000.0, 1000.0)} [{Si:19,T:TURN,rotation:-0.7853981633974483},{Si:5,T:OAR},{Si:10,T:OAR},{Si:15,T:OAR},{Si:16,T:OAR},{Si:9,T:OAR},{Si:11,T:OAR},{Si:14,T:OAR},
Ship(1314.5, 1208.3, ori=-1.22) | CP{pos=(1000.0, 1000.0)} [{Si:19,T:TURN,rotation:-0.7853981633974483},{Si:5,T:OAR},{Si:10,T:OAR},{Si:15,T:OAR},{Si:16,T:OAR},{Si:9,T:OAR},{Si:11,T:OAR},{Si:14,T:OAR},
Ship(1314.5, 1208.3, ori=-1.22) | CP{pos=(1000.0, 1000.0)} [{Si:19,T:TURN,rotation:-0.7853981633974483},{Si:5,T:OAR},{Si:10,T:OAR},{Si:15,T:OAR},{Si:16,T:OAR},{Si:9,T:OAR},{Si:11,T:OAR},{Si:14,T:OAR},
Ship(1314.5, 1208.3, ori=-1.22) | CP{pos=(1000.0, 1000.0)} [{Si:19,T:TURN,rotation:-0.7853981633974483},{Si:5,T:OAR},{Si:10,T:OAR},{Si:15,T:OAR},{Si:16,T:OAR},{Si:9,T:OAR},{Si:11,T:OAR},{Si:14,T:OAR},
Ship(1314.5, 1208.3, ori=-1.22) | CP{pos=(1000.0, 1000.0)} [{Si:19,T:TURN,rotation:-0.7853981633974483},{Si:5,T:OAR},{Si:10,T:OAR},{Si:15,T:OAR},{Si:16,T:OAR},{Si:9,T:OAR},{Si:11,T:OAR},{Si:14,T:OAR},
Ship(1314.5, 1208.3, ori=-1.22) | CP{pos=(1000.0, 1000.0)} [{Si:19,T:TURN,rotation:-0.7853981633974483},{Si:5,T:OAR},{Si:10,T:OAR},{Si:15,T:OAR},{Si:16,T:OAR},{Si:9,T:OAR},{Si:11,T:OAR},{Si:14,T:OAR},
Ship(1314.5, 1208.3, ori=-1.22) | CP{pos=(1000.0, 1000.0)} [{Si:19,T:TURN,rotation:-0.7853981633974483},{Si:5,T:OAR},{Si:10,T:OAR},{Si:15,T:OAR},{Si:16,T:OAR},{Si:9,T:OAR},{Si:11,T:OAR},{Si:14,T:OAR},
Ship(1314.5, 1208.3, ori=-1.22) | CP{pos=(1000.0, 1000.0)} [{Si:19,T:TURN,rotation:-0.7853981633974483},{Si:5,T:OAR},{Si:10,T:OAR},{Si:15,T:OAR},{Si:16,T:OAR},{Si:9,T:OAR},{Si:11,T:OAR},{Si:14,T:OAR},
Ship(1314.5, 1208.3, ori=-1.22) | CP{pos=(1000.0, 1000.0)} [{Si:19,T:TURN,rotation:-0.7853981633974483},{Si:5,T:OAR},{Si:10,T:OAR},{Si:15,T:OAR},{Si:16,T:OAR},{Si:9,T:OAR},{Si:11,T:OAR},{Si:14,T:OAR},
Ship(1314.5, 1208.3, ori=-1.22) | CP{pos=(1000.0, 1000.0)} [{Si:19,T:TURN,rotation:-0.7853981633974483},{Si:5,T:OAR},{Si:10,T:OAR},{Si:15,T:OAR},{Si:16,T:OAR},{Si:9,T:OAR},{Si:11,T:OAR},{Si:14,T:OAR},
Ship(1314.5, 1208.3, ori=-1.22) | CP{pos=(1000.0, 1000.0)} [{Si:19,T:TURN,rotation:-0.7853981633974483},{Si:5,T:OAR},{Si:10,T:OAR},{Si:15,T:OAR},{Si:16,T:OAR},{Si:9,T:OAR},{Si:11,T:OAR},{Si:14,T:OAR},
Ship(1314.5, 1208.3, ori=-1.22) | CP{pos=(1000.0, 1000.0)} [{Si:19,T:TURN,rotation:-0.7853981633974483},{Si:5,T:OAR},{Si:10,T:OAR},{Si:15,T:OAR},{Si:16,T:OAR},{Si:9,T:OAR},{Si:11,T:OAR},{Si:14,T:OAR},
Ship(1314.5, 1208.3, ori=-1.22) | CP{pos=(1000.0, 1000.0)} [{Si:19,T:TURN,rotation:-0.7853981633974483},{Si:5,T:OAR},{Si:10,T:OAR},{Si:15,T:OAR},{Si:16,T:OAR},{Si:9,T:OAR},{Si:11,T:OAR},{Si:14,T:OAR},
Ship(1314.5, 1208.3, ori=-1.22) | CP{pos=(1000.0, 1000.0)} [{Si:19,T:TURN,rotation:-0.7853981633974483},{Si:5,T:OAR},{Si:10,T:OAR},{Si:15,T:OAR},{Si:16,T:OAR},{Si:9,T:OAR},{Si:11,T:OAR},{Si:14,T:OAR},
Ship(1314.5, 1208.3, ori=-1.22) | CP{pos=(1000.0, 1000.0)} [{Si:19,T:TURN,rotation:-0.7853981633974483},{Si:5,T:OAR},{Si:10,T:OAR},{Si:15,T:OAR},{Si:16,T:OAR},{Si:9,T:OAR},{Si:11,T:OAR},{Si:14,T:OAR},
Ship(1314.5, 1208.3, ori=-1.22) | CP{pos=(1000.0, 1000.0)} [{Si:19,T:TURN,rotation:-0.7853981633974483},{Si:5,T:OAR},{Si:10,T:OAR},{Si:15,T:OAR},{Si:16,T:OAR},{Si:9,T:OAR},{Si:11,T:OAR},{Si:14,T:OAR},
Ship(1314.5, 1208.3, ori=-1.22) | CP{pos=(1000.0, 1000.0)} [{Si:19,T:TURN,rotation:-0.7853981633974483},{Si:5,T:OAR},{Si:10,T:OAR},{Si:15,T:OAR},{Si:16,T:OAR},{Si:9,T:OAR},{Si:11,T:OAR},{Si:14,T:OAR},
Ship(1314.5, 1208.3, ori=-1.22) | CP{pos=(1000.0, 1000.0)} [{Si:19,T:TURN,rotation:-0.7853981633974483},{Si:5,T:OAR},{Si:10,T:OAR},{Si:15,T:OAR},{Si:16,T:OAR},{Si:9,T:OAR},{Si:11,T:OAR},{Si:14,T:OAR},
Ship(1314.5, 1208.3, ori=-1.22) | CP{pos=(1000.0, 1000.0)} [{Si:19,T:TURN,rotation:-0.7853981633974483},{Si:5,T:OAR},{Si:10,T:OAR},{Si:15,T:OAR},{Si:16,T:OAR},{Si:9,T:OAR},{Si:11,T:OAR},{Si:14,T:OAR},
Ship(1314.5, 1208.3, ori=-1.22) | CP{pos=(1000.0, 1000.0)} [{Si:19,T:TURN,rotation:-0.7853981633974483},{Si:5,T:OAR},{Si:10,T:OAR},{Si:15,T:OAR},{Si:16,T:OAR},{Si:9,T:OAR},{Si:11,T:OAR},{Si:14,T:OAR},
Ship(1314.5, 1208.3, ori=-1.22) | CP{pos=(1000.0, 1000.0)} [{Si:19,T:TURN,rotation:-0.7853981633974483},{Si:5,T:OAR},{Si:10,T:OAR},{Si:15,T:OAR},{Si:16,T:OAR},{Si:9,T:OAR},{Si:11,T:OAR},{Si:14,T:OAR},
Ship(1314.5, 1208.3, ori=-1.22) | CP{pos=(1000.0, 1000.0)} [{Si:19,T:TURN,rotation:-0.7853981633974483},{Si:5,T:OAR},{Si:10,T:OAR},{Si:15,T:OAR},{Si:16,T:OAR},{Si:9,T:OAR},{Si:11,T:OAR},{Si:14,T:OAR},
Ship(1314.5, 1208.3, ori=-1.22) | CP{pos=(1000.0, 1000.0)} [{Si:19,T:TURN,rotation:-0.7853981633974483},{Si:5,T:OAR},{Si:10,T:OAR},{Si:15,T:OAR},{Si:16,T:OAR},{Si:9,T:OAR},{Si:11,T:OAR},{Si:14,T:OAR},
